L 08/29/2015 - 00:07:11: -------- Mapchange to zm_newzombie --------
L 08/29/2015 - 00:07:12: [extreme_bancfg2.amxx] addons/amxmodx/configs/cfgban/override.txt
L 08/29/2015 - 00:11:07: -------- Mapchange to zm_fear --------
L 08/29/2015 - 00:11:08: [extreme_bancfg2.amxx] addons/amxmodx/configs/cfgban/override.txt
L 08/29/2015 - 00:12:38: [admin_zm.amxx] Login: "Madalin<37><STEAM_0:0:1008911830><>" kicked due to invalid password (account "Madalin") (address "89.34.219.19")
L 08/29/2015 - 00:13:40: -------- Mapchange to zm_dwarf_ultimate --------
L 08/29/2015 - 00:13:41: [extreme_bancfg2.amxx] addons/amxmodx/configs/cfgban/override.txt
L 08/29/2015 - 00:15:43: -------- Mapchange to zm_zHell --------
L 08/29/2015 - 00:15:44: [extreme_bancfg2.amxx] addons/amxmodx/configs/cfgban/override.txt
L 08/29/2015 - 00:27:26: -------- Mapchange to zm_dust2snow_2011 --------
L 08/29/2015 - 00:27:26: [extreme_bancfg2.amxx] addons/amxmodx/configs/cfgban/override.txt
L 08/29/2015 - 00:55:38: -------- Mapchange to zm_assault_shadow --------
L 08/29/2015 - 00:55:38: [extreme_bancfg2.amxx] addons/amxmodx/configs/cfgban/override.txt
L 08/29/2015 - 01:23:49: -------- Mapchange to zm_303 --------
L 08/29/2015 - 01:23:50: [extreme_bancfg2.amxx] addons/amxmodx/configs/cfgban/override.txt
L 08/29/2015 - 01:52:01: -------- Mapchange to zm_aztec_mini --------
L 08/29/2015 - 01:52:02: [extreme_bancfg2.amxx] addons/amxmodx/configs/cfgban/override.txt
L 08/29/2015 - 01:58:42: [admin_zm.amxx] Login: "BMW_M3_GTR1<55><STEAM_0:0:1817054049><>" kicked due to invalid password (account "BMW_M3_GTR1") (address "89.43.104.78")
L 08/29/2015 - 02:32:58: -------- Mapchange to zm_zod_aztec --------
L 08/29/2015 - 02:32:59: [extreme_bancfg2.amxx] addons/amxmodx/configs/cfgban/override.txt
L 08/29/2015 - 03:01:10: -------- Mapchange to zm_3rooms --------
L 08/29/2015 - 03:01:10: [extreme_bancfg2.amxx] addons/amxmodx/configs/cfgban/override.txt
L 08/29/2015 - 03:29:22: -------- Mapchange to zm_dwarf_ultimate --------
L 08/29/2015 - 03:29:22: [extreme_bancfg2.amxx] addons/amxmodx/configs/cfgban/override.txt
L 08/29/2015 - 03:57:33: -------- Mapchange to zm_army_tn_beta3 --------
L 08/29/2015 - 03:57:34: [extreme_bancfg2.amxx] addons/amxmodx/configs/cfgban/override.txt
L 08/29/2015 - 04:25:45: -------- Mapchange to zm_infect2_click21 --------
L 08/29/2015 - 04:25:46: [extreme_bancfg2.amxx] addons/amxmodx/configs/cfgban/override.txt
L 08/29/2015 - 04:53:57: -------- Mapchange to zm_blocks --------
L 08/29/2015 - 04:53:57: [extreme_bancfg2.amxx] addons/amxmodx/configs/cfgban/override.txt
L 08/29/2015 - 05:22:08: -------- Mapchange to zm_fear --------
L 08/29/2015 - 05:22:09: [extreme_bancfg2.amxx] addons/amxmodx/configs/cfgban/override.txt
L 08/29/2015 - 05:50:20: -------- Mapchange to zm_assault_attack --------
L 08/29/2015 - 05:50:21: [extreme_bancfg2.amxx] addons/amxmodx/configs/cfgban/override.txt
L 08/29/2015 - 06:18:32: -------- Mapchange to zm_toxic_house2 --------
L 08/29/2015 - 06:18:33: [extreme_bancfg2.amxx] addons/amxmodx/configs/cfgban/override.txt
L 08/29/2015 - 06:46:44: -------- Mapchange to zm_electro_winter --------
L 08/29/2015 - 06:46:45: [extreme_bancfg2.amxx] addons/amxmodx/configs/cfgban/override.txt
L 08/29/2015 - 07:14:57: -------- Mapchange to zm_snowbase3 --------
L 08/29/2015 - 07:14:58: [extreme_bancfg2.amxx] addons/amxmodx/configs/cfgban/override.txt
L 08/29/2015 - 07:43:14: -------- Mapchange to zm_grand_hotel --------
L 08/29/2015 - 07:43:27: [extreme_bancfg2.amxx] addons/amxmodx/configs/cfgban/override.txt
L 08/29/2015 - 08:11:39: -------- Mapchange to zm_mansion_mba --------
L 08/29/2015 - 08:11:40: [extreme_bancfg2.amxx] addons/amxmodx/configs/cfgban/override.txt
L 08/29/2015 - 08:39:51: -------- Mapchange to zm_3rooms --------
L 08/29/2015 - 08:39:52: [extreme_bancfg2.amxx] addons/amxmodx/configs/cfgban/override.txt
L 08/29/2015 - 09:08:03: -------- Mapchange to zm_death_alley --------
L 08/29/2015 - 09:08:04: [extreme_bancfg2.amxx] addons/amxmodx/configs/cfgban/override.txt
L 08/29/2015 - 09:36:15: -------- Mapchange to zm_winter_invasion --------
L 08/29/2015 - 09:36:15: [extreme_bancfg2.amxx] addons/amxmodx/configs/cfgban/override.txt
L 08/29/2015 - 10:04:27: -------- Mapchange to zm_vendetta --------
L 08/29/2015 - 10:04:27: [extreme_bancfg2.amxx] addons/amxmodx/configs/cfgban/override.txt
L 08/29/2015 - 10:32:39: -------- Mapchange to zm_brambor --------
L 08/29/2015 - 10:32:39: [extreme_bancfg2.amxx] addons/amxmodx/configs/cfgban/override.txt
L 08/29/2015 - 11:00:50: -------- Mapchange to zm_dwarf --------
L 08/29/2015 - 11:00:51: [extreme_bancfg2.amxx] addons/amxmodx/configs/cfgban/override.txt
L 08/29/2015 - 11:14:43: [admin_zm.amxx] Login: "SM-Player<69><STEAM_0:0:512180253><>" kicked due to invalid password (account "Sm-Player") (address "92.80.112.55")
L 08/29/2015 - 11:14:49: [admin_zm.amxx] Login: "SM-Player<70><STEAM_0:0:512180253><>" kicked due to invalid password (account "Sm-Player") (address "92.80.112.55")
L 08/29/2015 - 11:29:02: -------- Mapchange to zm_lost_place --------
L 08/29/2015 - 11:29:03: [extreme_bancfg2.amxx] addons/amxmodx/configs/cfgban/override.txt
L 08/29/2015 - 11:33:09: -------- Mapchange to zm_assault_shadow --------
L 08/29/2015 - 11:33:10: [extreme_bancfg2.amxx] addons/amxmodx/configs/cfgban/override.txt
L 08/29/2015 - 11:34:41: -------- Mapchange to zm_restart_v3 --------
L 08/29/2015 - 11:34:42: [extreme_bancfg2.amxx] addons/amxmodx/configs/cfgban/override.txt
L 08/29/2015 - 11:37:08: -------- Mapchange to zm_blocks --------
L 08/29/2015 - 11:37:08: [extreme_bancfg2.amxx] addons/amxmodx/configs/cfgban/override.txt
L 08/29/2015 - 11:41:43: -------- Mapchange to zm_inferno --------
L 08/29/2015 - 11:41:44: [extreme_bancfg2.amxx] addons/amxmodx/configs/cfgban/override.txt
L 08/29/2015 - 11:52:21: -------- Mapchange to zm_ceronUA --------
L 08/29/2015 - 11:52:21: [extreme_bancfg2.amxx] addons/amxmodx/configs/cfgban/override.txt
L 08/29/2015 - 11:54:08: -------- Mapchange to zm_newzombie --------
L 08/29/2015 - 11:54:08: [extreme_bancfg2.amxx] addons/amxmodx/configs/cfgban/override.txt
L 08/29/2015 - 11:56:43: -------- Mapchange to zm_ice_attack --------
L 08/29/2015 - 11:56:44: [extreme_bancfg2.amxx] addons/amxmodx/configs/cfgban/override.txt
L 08/29/2015 - 12:15:03: [admin_zm.amxx] Login: "CeE?<91><STEAM_0:0:1817054049><>" kicked due to invalid password (account "CeE?") (address "89.47.206.33")
L 08/29/2015 - 12:15:19: [admin_zm.amxx] Login: "CeE?<92><STEAM_0:0:1817054049><>" kicked due to invalid password (account "CeE?") (address "89.47.206.33")
L 08/29/2015 - 12:15:22: [admin_zm.amxx] Login: "CeE?<93><STEAM_0:0:1817054049><>" kicked due to invalid password (account "CeE?") (address "89.47.206.33")
L 08/29/2015 - 12:17:44: [admincmd.amxx] Cmd: "BMW_M3_GTR1<94><STEAM_0:0:1817054049><>" changelevel "zm_ice_attack3"
L 08/29/2015 - 12:17:56: -------- Mapchange to zm_dust_world --------
L 08/29/2015 - 12:17:58: [extreme_bancfg2.amxx] addons/amxmodx/configs/cfgban/override.txt
L 08/29/2015 - 12:18:04: -------- Mapchange to zm_ice_attack --------
L 08/29/2015 - 12:18:05: [extreme_bancfg2.amxx] addons/amxmodx/configs/cfgban/override.txt
L 08/29/2015 - 12:18:11: [admincmd.amxx] Cmd: "BMW_M3_GTR1<3><STEAM_0:0:1817054049><>" changelevel "zm_ice_attack3"
L 08/29/2015 - 12:18:13: -------- Mapchange to zm_ice_attack3 --------
L 08/29/2015 - 12:18:14: [extreme_bancfg2.amxx] addons/amxmodx/configs/cfgban/override.txt
L 08/29/2015 - 12:29:08: [admin_zm.amxx] Login: "SwisS<12><STEAM_0:1:100837872><>" kicked due to invalid password (account "SwiSS") (address "109.100.131.170")
L 08/29/2015 - 12:48:58: -------- Mapchange to zm_assault_shadow --------
L 08/29/2015 - 12:48:58: [extreme_bancfg2.amxx] addons/amxmodx/configs/cfgban/override.txt
L 08/29/2015 - 13:04:36: -------- Mapchange to zm_666_brick --------
L 08/29/2015 - 13:04:36: [extreme_bancfg2.amxx] addons/amxmodx/configs/cfgban/override.txt
L 08/29/2015 - 13:34:50: -------- Mapchange to zm_lorencia --------
L 08/29/2015 - 13:34:51: [extreme_bancfg2.amxx] addons/amxmodx/configs/cfgban/override.txt
L 08/29/2015 - 14:04:36: [admincmd.amxx] Cmd: "BMW_M3_GTR1<55><STEAM_0:0:1817054049><>" changelevel "zm_aztec_defense"
L 08/29/2015 - 14:04:39: -------- Mapchange to zm_aztec_defense --------
L 08/29/2015 - 14:04:39: [extreme_bancfg2.amxx] addons/amxmodx/configs/cfgban/override.txt
L 08/29/2015 - 14:16:45: [plmenu.amxx] Cmd: "BMW_M3_GTR1<55><STEAM_0:0:1817054049><>" transfer "GaNNicus<56><STEAM_0:1:100837872><>" (team "TERRORIST")
L 08/29/2015 - 14:16:48: [plmenu.amxx] Cmd: "BMW_M3_GTR1<55><STEAM_0:0:1817054049><>" transfer "GaNNicus<56><STEAM_0:1:100837872><>" (team "TERRORIST")
L 08/29/2015 - 14:16:49: [plmenu.amxx] Cmd: "BMW_M3_GTR1<55><STEAM_0:0:1817054049><>" transfer "GaNNicus<56><STEAM_0:1:100837872><>" (team "TERRORIST")
L 08/29/2015 - 14:16:49: [plmenu.amxx] Cmd: "BMW_M3_GTR1<55><STEAM_0:0:1817054049><>" transfer "GaNNicus<56><STEAM_0:1:100837872><>" (team "TERRORIST")
L 08/29/2015 - 14:16:49: [plmenu.amxx] Cmd: "BMW_M3_GTR1<55><STEAM_0:0:1817054049><>" transfer "GaNNicus<56><STEAM_0:1:100837872><>" (team "TERRORIST")
L 08/29/2015 - 14:16:49: [plmenu.amxx] Cmd: "BMW_M3_GTR1<55><STEAM_0:0:1817054049><>" transfer "GaNNicus<56><STEAM_0:1:100837872><>" (team "TERRORIST")
L 08/29/2015 - 15:10:23: [admin_zm.amxx] Login: "BMW_M3_GTR1<73><STEAM_0:0:1817054049><>" kicked due to invalid password (account "BMW_M3_GTR1") (address "89.47.206.33")
L 08/29/2015 - 15:19:05: [adminchat.amxx] Chat: "BMW_M3_GTR1<74><STEAM_0:0:1817054049><>" tsay "a?"
L 08/29/2015 - 15:24:00: [adminchat.amxx] Chat: "BMW_M3_GTR1<74><STEAM_0:0:1817054049><>" tsay "MOD ASASIN vs"
L 08/29/2015 - 15:26:29: -------- Mapchange to zm_dust_world --------
L 08/29/2015 - 15:26:31: [extreme_bancfg2.amxx] addons/amxmodx/configs/cfgban/override.txt
L 08/29/2015 - 15:26:37: -------- Mapchange to zm_heal_dust2 --------
L 08/29/2015 - 15:26:38: [extreme_bancfg2.amxx] addons/amxmodx/configs/cfgban/override.txt
L 08/29/2015 - 15:45:10: [admin_zm.amxx] Login: "Florin<21><STEAM_0:0:1648129287><>" kicked due to invalid password (account "florin") (address "94.176.0.44")
L 08/29/2015 - 15:55:04: -------- Mapchange to zm_Snowbase --------
L 08/29/2015 - 15:55:04: [extreme_bancfg2.amxx] addons/amxmodx/configs/cfgban/override.txt
L 08/29/2015 - 16:02:28: [admin_zm.amxx] Login: "PRO-Player-FL<32><STEAM_0:0:1960140050><>" kicked due to invalid password (account "PRO-Player-Fl") (address "188.208.133.106")
L 08/29/2015 - 16:02:39: -------- Mapchange to zm_ice_attack --------
L 08/29/2015 - 16:02:40: [extreme_bancfg2.amxx] addons/amxmodx/configs/cfgban/override.txt
L 08/29/2015 - 16:03:52: [admin_zm.amxx] Login: "Omega<33><VALVE_0:4:343333234><>" kicked due to invalid password (account "Omega") (address "92.80.177.129")
L 08/29/2015 - 16:04:43: [admin_zm.amxx] Login: "Uzzy<27><STEAM_0:0:383404615><>" kicked due to invalid password (account "Uzzy") (address "109.98.161.107")
L 08/29/2015 - 16:18:07: -------- Mapchange to zm_castle_siege2 --------
L 08/29/2015 - 16:18:08: [extreme_bancfg2.amxx] addons/amxmodx/configs/cfgban/override.txt
L 08/29/2015 - 16:23:24: [admin_zm.amxx] Login: "SwisS<43><STEAM_0:1:100837872><>" kicked due to invalid password (account "SwiSS") (address "109.100.131.170")
L 08/29/2015 - 16:58:50: -------- Mapchange to zm_assault_shadow --------
L 08/29/2015 - 16:58:53: [extreme_bancfg2.amxx] addons/amxmodx/configs/cfgban/override.txt
L 08/29/2015 - 17:28:07: [admin_zm.amxx] Login: "Uzzy<65><VALVE_0:4:1134674410><>" kicked due to invalid password (account "Uzzy") (address "109.97.31.46")
L 08/29/2015 - 17:31:04: -------- Mapchange to zm_3rooms --------
L 08/29/2015 - 17:31:05: [extreme_bancfg2.amxx] addons/amxmodx/configs/cfgban/override.txt
L 08/29/2015 - 17:33:58: [admin_zm.amxx] Login: "BMW_M3_GTR1<79><STEAM_0:0:1817054049><>" kicked due to invalid password (account "BMW_M3_GTR1") (address "89.47.206.33")
L 08/29/2015 - 17:34:28: [admincmd.amxx] Kick: "BMW_M3_GTR1<81><STEAM_0:0:1817054049><>" kick "GaNNicus<72><STEAM_0:1:100837872><>" (reason "")
L 08/29/2015 - 17:45:15: [zm_vip_extra_buy_survnem.amxx] BMW_M3_GTR1 a cumparat nemesis
L 08/29/2015 - 17:47:31: [admin_zm.amxx] Login: "GRr3<90><STEAM_0:0:1034167257><>" kicked due to invalid password (account "GRr3") (address "86.125.236.15")
L 08/29/2015 - 17:50:23: [admincmd.amxx] Cmd: "BMW_M3_GTR1<82><STEAM_0:0:1817054049><>" ask for players list
L 08/29/2015 - 18:01:50: -------- Mapchange to zm_city_final --------
L 08/29/2015 - 18:01:50: [extreme_bancfg2.amxx] addons/amxmodx/configs/cfgban/override.txt
L 08/29/2015 - 18:31:45: -------- Mapchange to zm_blocks --------
L 08/29/2015 - 18:31:45: [extreme_bancfg2.amxx] addons/amxmodx/configs/cfgban/override.txt
L 08/29/2015 - 19:01:26: [admin_zm.amxx] Login: "no slay<109><STEAM_0:0:1985894293><>" kicked due to invalid password (account "no slay") (address "92.80.28.239")
L 08/29/2015 - 19:02:07: [adminchat.amxx] Chat: "no slay<111><STEAM_0:0:1985894293><>" tsay "sall"
L 08/29/2015 - 19:02:20: [adminchat.amxx] Chat: "no slay<111><STEAM_0:0:1985894293><>" tsay "vreti nemesis"
L 08/29/2015 - 19:34:22: [admin_zm.amxx] Login: "KinG^Of^Legend<122><STEAM_0:0:343639874><>" kicked due to invalid password (account "KinG^Of^Legend") (address "91.90.121.78")
L 08/29/2015 - 19:37:07: -------- Mapchange to zm_dust_world --------
L 08/29/2015 - 19:37:07: [extreme_bancfg2.amxx] addons/amxmodx/configs/cfgban/override.txt
L 08/29/2015 - 19:37:13: -------- Mapchange to zm_house_2011 --------
L 08/29/2015 - 19:37:13: [extreme_bancfg2.amxx] addons/amxmodx/configs/cfgban/override.txt
L 08/29/2015 - 19:57:54: [admin_zm.amxx] Login: "SM-Player<1><STEAM_0:0:1774604339><>" kicked due to invalid password (account "Sm-Player") (address "92.85.56.78")
L 08/29/2015 - 19:57:58: [admin_zm.amxx] Login: "SM-Player<2><STEAM_0:0:1774604339><>" kicked due to invalid password (account "Sm-Player") (address "92.85.56.78")
L 08/29/2015 - 20:05:25: -------- Mapchange to zm_dust2009 --------
L 08/29/2015 - 20:05:25: [extreme_bancfg2.amxx] addons/amxmodx/configs/cfgban/override.txt
L 08/29/2015 - 20:26:03: [admin_zm.amxx] Login: "Sprint<3><STEAM_0:0:110796921><>" kicked due to invalid password (account "Sprint") (address "5.13.157.60")
L 08/29/2015 - 20:33:36: -------- Mapchange to zm_ice_attack3 --------
L 08/29/2015 - 20:33:37: [extreme_bancfg2.amxx] addons/amxmodx/configs/cfgban/override.txt
L 08/29/2015 - 20:44:10: -------- Mapchange to zm_army_tn_beta3 --------
L 08/29/2015 - 20:44:11: [extreme_bancfg2.amxx] addons/amxmodx/configs/cfgban/override.txt
L 08/29/2015 - 21:16:08: -------- Mapchange to zm_303 --------
L 08/29/2015 - 21:16:09: [extreme_bancfg2.amxx] addons/amxmodx/configs/cfgban/override.txt
L 08/29/2015 - 21:20:40: [admin_zm.amxx] Login: "Player[www.resursecs.com]<25><VALVE_0:4:149347314><>" kicked due to invalid password (account "Player[www.resursecs.com]") (address "92.85.145.184")
L 08/29/2015 - 21:20:43: [admin_zm.amxx] Login: "Player[www.resursecs.com]<26><VALVE_0:4:149347314><>" kicked due to invalid password (account "Player[www.resursecs.com]") (address "92.85.145.184")
L 08/29/2015 - 21:23:12: [admin_zm.amxx] Login: "Cristian<29><VALVE_0:4:149347314><>" kicked due to invalid password (account "Cristian") (address "92.85.145.184")
L 08/29/2015 - 21:23:12: [admin_zm.amxx] Login: "Cristian<29><VALVE_0:4:149347314><>" kicked due to invalid password (account "Cristian") (address "92.85.145.184")
L 08/29/2015 - 21:32:24: [admin_zm.amxx] Login: "Alex_YT<32><STEAM_0:0:1008911830><>" kicked due to invalid password (account "Alex_YT") (address "89.34.219.19")
L 08/29/2015 - 21:32:40: [admin_zm.amxx] Login: "Alex_YT<33><STEAM_0:0:1008911830><>" kicked due to invalid password (account "Alex_YT") (address "89.34.219.19")
L 08/29/2015 - 21:32:52: [admin_zm.amxx] Login: "Ady ^^<35><STEAM_0:0:1008911830><>" kicked due to invalid password (account "Ady ^^") (address "89.34.219.19")
L 08/29/2015 - 21:47:03: -------- Mapchange to zm_ilc_resident_evil2 --------
L 08/29/2015 - 21:47:04: [extreme_bancfg2.amxx] addons/amxmodx/configs/cfgban/override.txt
L 08/29/2015 - 22:05:48: [admin_zm.amxx] Login: "SM-Player<70><STEAM_0:0:512180253><>" kicked due to invalid password (account "Sm-Player") (address "92.80.112.55")
L 08/29/2015 - 22:15:39: [admin_zm.amxx] Login: "Uzzy<80><VALVE_0:4:937515890><>" kicked due to invalid password (account "Uzzy") (address "92.84.158.198")
L 08/29/2015 - 22:19:25: -------- Mapchange to zm_castle_siege2 --------
L 08/29/2015 - 22:19:25: [extreme_bancfg2.amxx] addons/amxmodx/configs/cfgban/override.txt
L 08/29/2015 - 22:23:18: [admin_zm.amxx] Login: "SM-Player<88><STEAM_0:0:512180253><>" kicked due to invalid password (account "Sm-Player") (address "92.80.112.55")
L 08/29/2015 - 22:49:57: -------- Mapchange to zm_666_brick --------
L 08/29/2015 - 22:49:58: [extreme_bancfg2.amxx] addons/amxmodx/configs/cfgban/override.txt
L 08/29/2015 - 23:04:50: [admin_zm.amxx] Login: "SM-Player<117><STEAM_0:0:512180253><>" kicked due to invalid password (account "Sm-Player") (address "92.80.112.55")
L 08/29/2015 - 23:35:29: -------- Mapchange to zm_city_final --------
L 08/29/2015 - 23:35:30: [extreme_bancfg2.amxx] addons/amxmodx/configs/cfgban/override.txt
