L 09/04/2015 - 00:08:30: -------- Mapchange to zm_army_tn_beta3 --------
L 09/04/2015 - 00:08:31: [extreme_bancfg2.amxx] addons/amxmodx/configs/cfgban/override.txt
L 09/04/2015 - 00:36:42: -------- Mapchange to zm_winter_invasion --------
L 09/04/2015 - 00:36:43: [extreme_bancfg2.amxx] addons/amxmodx/configs/cfgban/override.txt
L 09/04/2015 - 01:04:54: -------- Mapchange to zm_fear --------
L 09/04/2015 - 01:04:54: [extreme_bancfg2.amxx] addons/amxmodx/configs/cfgban/override.txt
L 09/04/2015 - 01:33:06: -------- Mapchange to zm_newzombie --------
L 09/04/2015 - 01:33:06: [extreme_bancfg2.amxx] addons/amxmodx/configs/cfgban/override.txt
L 09/04/2015 - 02:01:17: -------- Mapchange to zm_chatoyant --------
L 09/04/2015 - 02:01:18: [extreme_bancfg2.amxx] addons/amxmodx/configs/cfgban/override.txt
L 09/04/2015 - 02:29:29: -------- Mapchange to zm_house_2011 --------
L 09/04/2015 - 02:29:30: [extreme_bancfg2.amxx] addons/amxmodx/configs/cfgban/override.txt
L 09/04/2015 - 02:57:41: -------- Mapchange to zm_666_brick --------
L 09/04/2015 - 02:57:42: [extreme_bancfg2.amxx] addons/amxmodx/configs/cfgban/override.txt
L 09/04/2015 - 03:25:53: -------- Mapchange to zm_zod_aztec --------
L 09/04/2015 - 03:25:53: [extreme_bancfg2.amxx] addons/amxmodx/configs/cfgban/override.txt
L 09/04/2015 - 03:54:04: -------- Mapchange to zm_westwood_click21 --------
L 09/04/2015 - 03:54:05: [extreme_bancfg2.amxx] addons/amxmodx/configs/cfgban/override.txt
L 09/04/2015 - 04:22:16: -------- Mapchange to zm_infect2_click21 --------
L 09/04/2015 - 04:22:17: [extreme_bancfg2.amxx] addons/amxmodx/configs/cfgban/override.txt
L 09/04/2015 - 04:50:28: -------- Mapchange to zm_fortuna --------
L 09/04/2015 - 04:50:28: [extreme_bancfg2.amxx] addons/amxmodx/configs/cfgban/override.txt
L 09/04/2015 - 05:18:40: -------- Mapchange to zm_assault_shadow --------
L 09/04/2015 - 05:18:40: [extreme_bancfg2.amxx] addons/amxmodx/configs/cfgban/override.txt
L 09/04/2015 - 05:46:52: -------- Mapchange to zm_grand_hotel --------
L 09/04/2015 - 05:46:52: [extreme_bancfg2.amxx] addons/amxmodx/configs/cfgban/override.txt
L 09/04/2015 - 06:15:03: -------- Mapchange to zm_ojro_dwa --------
L 09/04/2015 - 06:15:04: [extreme_bancfg2.amxx] addons/amxmodx/configs/cfgban/override.txt
L 09/04/2015 - 06:43:15: -------- Mapchange to zm_aztec_defense --------
L 09/04/2015 - 06:43:15: [extreme_bancfg2.amxx] addons/amxmodx/configs/cfgban/override.txt
L 09/04/2015 - 07:11:29: -------- Mapchange to zm_newzombie --------
L 09/04/2015 - 07:11:36: [extreme_bancfg2.amxx] addons/amxmodx/configs/cfgban/override.txt
L 09/04/2015 - 07:39:52: -------- Mapchange to zm_toxic_house2 --------
L 09/04/2015 - 07:39:54: [extreme_bancfg2.amxx] addons/amxmodx/configs/cfgban/override.txt
L 09/04/2015 - 08:08:06: -------- Mapchange to zm_dwarf --------
L 09/04/2015 - 08:08:07: [extreme_bancfg2.amxx] addons/amxmodx/configs/cfgban/override.txt
L 09/04/2015 - 08:36:18: -------- Mapchange to zm_dwarf_ultimate --------
L 09/04/2015 - 08:36:19: [extreme_bancfg2.amxx] addons/amxmodx/configs/cfgban/override.txt
L 09/04/2015 - 09:04:31: -------- Mapchange to zm_dust_jasionka --------
L 09/04/2015 - 09:04:31: [extreme_bancfg2.amxx] addons/amxmodx/configs/cfgban/override.txt
L 09/04/2015 - 09:32:43: -------- Mapchange to zm_pis2 --------
L 09/04/2015 - 09:32:43: [extreme_bancfg2.amxx] addons/amxmodx/configs/cfgban/override.txt
L 09/04/2015 - 10:00:55: -------- Mapchange to zm_fortuna --------
L 09/04/2015 - 10:00:55: [extreme_bancfg2.amxx] addons/amxmodx/configs/cfgban/override.txt
L 09/04/2015 - 10:29:06: -------- Mapchange to zm_restart_v3 --------
L 09/04/2015 - 10:29:07: [extreme_bancfg2.amxx] addons/amxmodx/configs/cfgban/override.txt
L 09/04/2015 - 10:57:19: -------- Mapchange to zm_brambor --------
L 09/04/2015 - 10:57:19: [extreme_bancfg2.amxx] addons/amxmodx/configs/cfgban/override.txt
L 09/04/2015 - 11:18:23: -------- Mapchange to zm_grand_hotel --------
L 09/04/2015 - 11:18:24: [extreme_bancfg2.amxx] addons/amxmodx/configs/cfgban/override.txt
L 09/04/2015 - 11:27:08: -------- Mapchange to zm_toxic_house2 --------
L 09/04/2015 - 11:27:09: [extreme_bancfg2.amxx] addons/amxmodx/configs/cfgban/override.txt
L 09/04/2015 - 11:29:11: -------- Mapchange to zm_city_final --------
L 09/04/2015 - 11:29:12: [extreme_bancfg2.amxx] addons/amxmodx/configs/cfgban/override.txt
L 09/04/2015 - 11:30:41: -------- Mapchange to zm_death_alley --------
L 09/04/2015 - 11:30:42: [extreme_bancfg2.amxx] addons/amxmodx/configs/cfgban/override.txt
L 09/04/2015 - 11:32:21: -------- Mapchange to zm_chatoyant --------
L 09/04/2015 - 11:32:21: [extreme_bancfg2.amxx] addons/amxmodx/configs/cfgban/override.txt
L 09/04/2015 - 11:35:23: -------- Mapchange to zm_Snowbase --------
L 09/04/2015 - 11:35:24: [extreme_bancfg2.amxx] addons/amxmodx/configs/cfgban/override.txt
L 09/04/2015 - 11:37:02: -------- Mapchange to zm_electro_winter --------
L 09/04/2015 - 11:37:03: [extreme_bancfg2.amxx] addons/amxmodx/configs/cfgban/override.txt
L 09/04/2015 - 11:40:00: -------- Mapchange to zm_reveille --------
L 09/04/2015 - 11:40:01: [extreme_bancfg2.amxx] addons/amxmodx/configs/cfgban/override.txt
L 09/04/2015 - 11:42:10: -------- Mapchange to zm_house_2011 --------
L 09/04/2015 - 11:42:11: [extreme_bancfg2.amxx] addons/amxmodx/configs/cfgban/override.txt
L 09/04/2015 - 11:43:45: -------- Mapchange to zm_blocks --------
L 09/04/2015 - 11:43:45: [extreme_bancfg2.amxx] addons/amxmodx/configs/cfgban/override.txt
L 09/04/2015 - 11:47:15: -------- Mapchange to zm_assault_attack --------
L 09/04/2015 - 11:47:15: [extreme_bancfg2.amxx] addons/amxmodx/configs/cfgban/override.txt
L 09/04/2015 - 11:48:49: -------- Mapchange to zm_zHell --------
L 09/04/2015 - 11:48:50: [extreme_bancfg2.amxx] addons/amxmodx/configs/cfgban/override.txt
L 09/04/2015 - 11:50:23: -------- Mapchange to zm_brambor --------
L 09/04/2015 - 11:50:24: [extreme_bancfg2.amxx] addons/amxmodx/configs/cfgban/override.txt
L 09/04/2015 - 11:51:56: -------- Mapchange to zm_aztec_mini --------
L 09/04/2015 - 11:51:56: [extreme_bancfg2.amxx] addons/amxmodx/configs/cfgban/override.txt
L 09/04/2015 - 11:54:12: -------- Mapchange to zm_pis2 --------
L 09/04/2015 - 11:54:13: [extreme_bancfg2.amxx] addons/amxmodx/configs/cfgban/override.txt
L 09/04/2015 - 11:56:19: -------- Mapchange to zm_winter_invasion --------
L 09/04/2015 - 11:56:20: [extreme_bancfg2.amxx] addons/amxmodx/configs/cfgban/override.txt
L 09/04/2015 - 11:58:55: -------- Mapchange to zm_office --------
L 09/04/2015 - 11:58:56: [extreme_bancfg2.amxx] addons/amxmodx/configs/cfgban/override.txt
L 09/04/2015 - 12:00:49: -------- Mapchange to zm_run_while_u_can --------
L 09/04/2015 - 12:00:49: [extreme_bancfg2.amxx] addons/amxmodx/configs/cfgban/override.txt
L 09/04/2015 - 12:05:23: -------- Mapchange to zm_hewitt_house --------
L 09/04/2015 - 12:05:25: [extreme_bancfg2.amxx] addons/amxmodx/configs/cfgban/override.txt
L 09/04/2015 - 12:07:12: -------- Mapchange to zm_house_2011 --------
L 09/04/2015 - 12:07:12: [extreme_bancfg2.amxx] addons/amxmodx/configs/cfgban/override.txt
L 09/04/2015 - 12:22:37: -------- Mapchange to zm_aztec_defense --------
L 09/04/2015 - 12:22:39: [extreme_bancfg2.amxx] addons/amxmodx/configs/cfgban/override.txt
L 09/04/2015 - 12:24:55: -------- Mapchange to zm_aztec_mini --------
L 09/04/2015 - 12:24:56: [extreme_bancfg2.amxx] addons/amxmodx/configs/cfgban/override.txt
L 09/04/2015 - 12:33:11: -------- Mapchange to zm_ilc_resident_evil2 --------
L 09/04/2015 - 12:33:12: [extreme_bancfg2.amxx] addons/amxmodx/configs/cfgban/override.txt
L 09/04/2015 - 12:44:05: -------- Mapchange to zm_city_final --------
L 09/04/2015 - 12:44:06: [extreme_bancfg2.amxx] addons/amxmodx/configs/cfgban/override.txt
L 09/04/2015 - 12:47:58: -------- Mapchange to zm_assault_attack --------
L 09/04/2015 - 12:47:59: [extreme_bancfg2.amxx] addons/amxmodx/configs/cfgban/override.txt
L 09/04/2015 - 12:55:48: -------- Mapchange to zm_dust_jasionka --------
L 09/04/2015 - 12:55:49: [extreme_bancfg2.amxx] addons/amxmodx/configs/cfgban/override.txt
L 09/04/2015 - 14:02:50: -------- Mapchange to zm_dust_world --------
L 09/04/2015 - 14:02:51: [extreme_bancfg2.amxx] addons/amxmodx/configs/cfgban/override.txt
L 09/04/2015 - 14:02:58: -------- Mapchange to zm_heal_dust2 --------
L 09/04/2015 - 14:02:58: [extreme_bancfg2.amxx] addons/amxmodx/configs/cfgban/override.txt
L 09/04/2015 - 14:30:56: [admin_zm.amxx] Login: "SwisS<19><STEAM_0:1:100837872><>" kicked due to invalid password (account "SwiSS") (address "109.100.131.170")
L 09/04/2015 - 14:34:17: [admin_zm.amxx] Login: "uNicuL<23><STEAM_0:0:575450316><>" kicked due to invalid password (account "uNicuL") (address "81.196.209.21")
L 09/04/2015 - 14:35:27: -------- Mapchange to zm_assault_shadow --------
L 09/04/2015 - 14:35:27: [extreme_bancfg2.amxx] addons/amxmodx/configs/cfgban/override.txt
L 09/04/2015 - 15:02:49: [admin_zm.amxx] Login: "cristi<35><STEAM_0:1:101830782><>" kicked due to invalid password (account "cristi") (address "79.112.228.165")
L 09/04/2015 - 15:05:45: -------- Mapchange to zm_3rooms --------
L 09/04/2015 - 15:05:45: [extreme_bancfg2.amxx] addons/amxmodx/configs/cfgban/override.txt
L 09/04/2015 - 15:38:25: -------- Mapchange to zm_dwarf --------
L 09/04/2015 - 15:38:26: [extreme_bancfg2.amxx] addons/amxmodx/configs/cfgban/override.txt
L 09/04/2015 - 15:44:01: -------- Mapchange to zm_666_brick --------
L 09/04/2015 - 15:44:01: [extreme_bancfg2.amxx] addons/amxmodx/configs/cfgban/override.txt
L 09/04/2015 - 15:47:00: -------- Mapchange to zm_Snowbase --------
L 09/04/2015 - 15:47:00: [extreme_bancfg2.amxx] addons/amxmodx/configs/cfgban/override.txt
L 09/04/2015 - 15:49:31: -------- Mapchange to zm_lost_place --------
L 09/04/2015 - 15:49:32: [extreme_bancfg2.amxx] addons/amxmodx/configs/cfgban/override.txt
L 09/04/2015 - 15:51:56: -------- Mapchange to zm_zod_fortuna --------
L 09/04/2015 - 15:51:56: [extreme_bancfg2.amxx] addons/amxmodx/configs/cfgban/override.txt
L 09/04/2015 - 15:54:07: -------- Mapchange to zm_dwarf_ultimate --------
L 09/04/2015 - 15:54:07: [extreme_bancfg2.amxx] addons/amxmodx/configs/cfgban/override.txt
L 09/04/2015 - 15:57:11: -------- Mapchange to zm_vendetta --------
L 09/04/2015 - 15:57:12: [extreme_bancfg2.amxx] addons/amxmodx/configs/cfgban/override.txt
L 09/04/2015 - 15:59:22: -------- Mapchange to zm_death_alley --------
L 09/04/2015 - 15:59:22: [extreme_bancfg2.amxx] addons/amxmodx/configs/cfgban/override.txt
L 09/04/2015 - 16:01:12: -------- Mapchange to zm_3rooms --------
L 09/04/2015 - 16:01:13: [extreme_bancfg2.amxx] addons/amxmodx/configs/cfgban/override.txt
L 09/04/2015 - 16:03:21: -------- Mapchange to zm_five --------
L 09/04/2015 - 16:03:21: [extreme_bancfg2.amxx] addons/amxmodx/configs/cfgban/override.txt
L 09/04/2015 - 16:05:08: -------- Mapchange to zm_dust_jasionka --------
L 09/04/2015 - 16:05:08: [extreme_bancfg2.amxx] addons/amxmodx/configs/cfgban/override.txt
L 09/04/2015 - 16:07:05: -------- Mapchange to zm_brambor --------
L 09/04/2015 - 16:07:06: [extreme_bancfg2.amxx] addons/amxmodx/configs/cfgban/override.txt
L 09/04/2015 - 16:35:17: -------- Mapchange to zm_restart_v3 --------
L 09/04/2015 - 16:35:18: [extreme_bancfg2.amxx] addons/amxmodx/configs/cfgban/override.txt
L 09/04/2015 - 17:03:29: -------- Mapchange to zm_army_tn_beta3 --------
L 09/04/2015 - 17:03:30: [extreme_bancfg2.amxx] addons/amxmodx/configs/cfgban/override.txt
L 09/04/2015 - 17:05:32: [admin_zm.amxx] Login: "Sprint<57><STEAM_0:0:110796921><>" kicked due to invalid password (account "Sprint") (address "5.13.157.60")
L 09/04/2015 - 17:31:44: -------- Mapchange to zm_aztec_defense --------
L 09/04/2015 - 17:31:45: [extreme_bancfg2.amxx] addons/amxmodx/configs/cfgban/override.txt
L 09/04/2015 - 17:59:56: -------- Mapchange to zm_house_2011 --------
L 09/04/2015 - 17:59:57: [extreme_bancfg2.amxx] addons/amxmodx/configs/cfgban/override.txt
L 09/04/2015 - 18:28:09: -------- Mapchange to zm_aztec_temple --------
L 09/04/2015 - 18:28:10: [extreme_bancfg2.amxx] addons/amxmodx/configs/cfgban/override.txt
L 09/04/2015 - 18:56:21: -------- Mapchange to zm_chatoyant --------
L 09/04/2015 - 18:56:22: [extreme_bancfg2.amxx] addons/amxmodx/configs/cfgban/override.txt
L 09/04/2015 - 19:32:33: -------- Mapchange to zm_winter_invasion --------
L 09/04/2015 - 19:32:34: [extreme_bancfg2.amxx] addons/amxmodx/configs/cfgban/override.txt
L 09/04/2015 - 19:55:04: -------- Mapchange to zm_dust2009 --------
L 09/04/2015 - 19:55:04: [extreme_bancfg2.amxx] addons/amxmodx/configs/cfgban/override.txt
L 09/04/2015 - 20:23:16: -------- Mapchange to zm_westwood_click21 --------
L 09/04/2015 - 20:23:16: [extreme_bancfg2.amxx] addons/amxmodx/configs/cfgban/override.txt
L 09/04/2015 - 20:51:28: -------- Mapchange to zm_zod_aztec --------
L 09/04/2015 - 20:51:29: [extreme_bancfg2.amxx] addons/amxmodx/configs/cfgban/override.txt
L 09/04/2015 - 21:19:40: -------- Mapchange to zm_snow_mix --------
L 09/04/2015 - 21:19:41: [extreme_bancfg2.amxx] addons/amxmodx/configs/cfgban/override.txt
L 09/04/2015 - 21:47:53: -------- Mapchange to zm_dwarf --------
L 09/04/2015 - 21:47:53: [extreme_bancfg2.amxx] addons/amxmodx/configs/cfgban/override.txt
L 09/04/2015 - 22:30:29: -------- Mapchange to zm_dust_world --------
L 09/04/2015 - 22:30:31: [extreme_bancfg2.amxx] addons/amxmodx/configs/cfgban/override.txt
L 09/04/2015 - 22:30:37: -------- Mapchange to zm_city_final --------
L 09/04/2015 - 22:30:37: [extreme_bancfg2.amxx] addons/amxmodx/configs/cfgban/override.txt
L 09/04/2015 - 22:58:49: -------- Mapchange to zm_castle_siege2 --------
L 09/04/2015 - 22:58:49: [extreme_bancfg2.amxx] addons/amxmodx/configs/cfgban/override.txt
L 09/04/2015 - 23:27:00: -------- Mapchange to zm_army --------
L 09/04/2015 - 23:27:01: [extreme_bancfg2.amxx] addons/amxmodx/configs/cfgban/override.txt
L 09/04/2015 - 23:55:12: -------- Mapchange to zm_mansion_mba --------
L 09/04/2015 - 23:55:13: [extreme_bancfg2.amxx] addons/amxmodx/configs/cfgban/override.txt
