L 08/24/2015 - 00:20:18: -------- Mapchange to zm_dust_world --------
L 08/24/2015 - 00:20:19: [extreme_bancfg2.amxx] addons/amxmodx/configs/cfgban/override.txt
L 08/24/2015 - 00:20:25: -------- Mapchange to zm_humans --------
L 08/24/2015 - 00:20:25: [extreme_bancfg2.amxx] addons/amxmodx/configs/cfgban/override.txt
L 08/24/2015 - 00:48:36: -------- Mapchange to zm_3rooms --------
L 08/24/2015 - 00:48:37: [extreme_bancfg2.amxx] addons/amxmodx/configs/cfgban/override.txt
L 08/24/2015 - 01:16:48: -------- Mapchange to zm_city_final --------
L 08/24/2015 - 01:16:49: [extreme_bancfg2.amxx] addons/amxmodx/configs/cfgban/override.txt
L 08/24/2015 - 01:45:00: -------- Mapchange to zm_inferno --------
L 08/24/2015 - 01:45:01: [extreme_bancfg2.amxx] addons/amxmodx/configs/cfgban/override.txt
L 08/24/2015 - 02:13:12: -------- Mapchange to zm_hewitt_house --------
L 08/24/2015 - 02:13:13: [extreme_bancfg2.amxx] addons/amxmodx/configs/cfgban/override.txt
L 08/24/2015 - 02:41:24: -------- Mapchange to zm_westwood_click21 --------
L 08/24/2015 - 02:41:25: [extreme_bancfg2.amxx] addons/amxmodx/configs/cfgban/override.txt
L 08/24/2015 - 03:09:36: -------- Mapchange to zm_assault_shadow --------
L 08/24/2015 - 03:09:38: [extreme_bancfg2.amxx] addons/amxmodx/configs/cfgban/override.txt
L 08/24/2015 - 03:37:49: -------- Mapchange to zm_fear --------
L 08/24/2015 - 03:37:50: [extreme_bancfg2.amxx] addons/amxmodx/configs/cfgban/override.txt
L 08/24/2015 - 04:06:01: -------- Mapchange to zm_snow_mix --------
L 08/24/2015 - 04:06:02: [extreme_bancfg2.amxx] addons/amxmodx/configs/cfgban/override.txt
L 08/24/2015 - 04:34:13: -------- Mapchange to zm_house_2011 --------
L 08/24/2015 - 04:34:13: [extreme_bancfg2.amxx] addons/amxmodx/configs/cfgban/override.txt
L 08/24/2015 - 05:02:25: -------- Mapchange to zm_death_alley --------
L 08/24/2015 - 05:02:25: [extreme_bancfg2.amxx] addons/amxmodx/configs/cfgban/override.txt
L 08/24/2015 - 05:30:37: -------- Mapchange to zm_vendetta --------
L 08/24/2015 - 05:30:37: [extreme_bancfg2.amxx] addons/amxmodx/configs/cfgban/override.txt
L 08/24/2015 - 05:58:48: -------- Mapchange to zm_army --------
L 08/24/2015 - 05:58:49: [extreme_bancfg2.amxx] addons/amxmodx/configs/cfgban/override.txt
L 08/24/2015 - 06:27:00: -------- Mapchange to zm_dwarf --------
L 08/24/2015 - 06:27:01: [extreme_bancfg2.amxx] addons/amxmodx/configs/cfgban/override.txt
L 08/24/2015 - 06:55:12: -------- Mapchange to zm_reveille --------
L 08/24/2015 - 06:55:13: [extreme_bancfg2.amxx] addons/amxmodx/configs/cfgban/override.txt
L 08/24/2015 - 07:23:30: -------- Mapchange to zm_hewitt_house --------
L 08/24/2015 - 07:23:31: [extreme_bancfg2.amxx] addons/amxmodx/configs/cfgban/override.txt
L 08/24/2015 - 07:51:44: -------- Mapchange to zm_army_tn_beta3 --------
L 08/24/2015 - 07:51:45: [extreme_bancfg2.amxx] addons/amxmodx/configs/cfgban/override.txt
L 08/24/2015 - 08:19:56: -------- Mapchange to zm_dust2009 --------
L 08/24/2015 - 08:19:57: [extreme_bancfg2.amxx] addons/amxmodx/configs/cfgban/override.txt
L 08/24/2015 - 08:48:08: -------- Mapchange to zm_run_while_u_can --------
L 08/24/2015 - 08:48:09: [extreme_bancfg2.amxx] addons/amxmodx/configs/cfgban/override.txt
L 08/24/2015 - 09:16:20: -------- Mapchange to zm_assault_attack --------
L 08/24/2015 - 09:16:21: [extreme_bancfg2.amxx] addons/amxmodx/configs/cfgban/override.txt
L 08/24/2015 - 09:44:32: -------- Mapchange to zm_restart_v3 --------
L 08/24/2015 - 09:44:33: [extreme_bancfg2.amxx] addons/amxmodx/configs/cfgban/override.txt
L 08/24/2015 - 10:12:44: -------- Mapchange to zm_westwood --------
L 08/24/2015 - 10:12:45: [extreme_bancfg2.amxx] addons/amxmodx/configs/cfgban/override.txt
L 08/24/2015 - 10:40:56: -------- Mapchange to zm_666_brick --------
L 08/24/2015 - 10:40:57: [extreme_bancfg2.amxx] addons/amxmodx/configs/cfgban/override.txt
L 08/24/2015 - 11:09:09: -------- Mapchange to zm_zod_fortuna --------
L 08/24/2015 - 11:09:09: [extreme_bancfg2.amxx] addons/amxmodx/configs/cfgban/override.txt
L 08/24/2015 - 11:10:59: [admin_zm.amxx] Login: "SwisS<8><STEAM_0:1:100837872><>" kicked due to invalid password (account "SwiSS") (address "109.100.131.170")
L 08/24/2015 - 11:28:23: [admin_zm.amxx] Login: "Uzzy<20><STEAM_0:0:1836222935><>" kicked due to invalid password (account "Uzzy") (address "92.84.185.228")
L 08/24/2015 - 11:28:32: [admin_zm.amxx] Login: "Uzzy<21><STEAM_0:0:1836222935><>" kicked due to invalid password (account "Uzzy") (address "92.84.185.228")
L 08/24/2015 - 11:33:39: [admin_zm.amxx] Login: "btn^andrey<24><STEAM_0:0:383404615><>" kicked due to invalid password (account "btn^andrey") (address "109.98.161.129")
L 08/24/2015 - 11:39:36: -------- Mapchange to zm_toxic_house2 --------
L 08/24/2015 - 11:39:36: [extreme_bancfg2.amxx] addons/amxmodx/configs/cfgban/override.txt
L 08/24/2015 - 12:14:53: -------- Mapchange to zm_grand_hotel --------
L 08/24/2015 - 12:14:54: [extreme_bancfg2.amxx] addons/amxmodx/configs/cfgban/override.txt
L 08/24/2015 - 13:10:21: -------- Mapchange to zm_aztec_temple --------
L 08/24/2015 - 13:10:22: [extreme_bancfg2.amxx] addons/amxmodx/configs/cfgban/override.txt
L 08/24/2015 - 13:38:34: -------- Mapchange to zm_dust2009 --------
L 08/24/2015 - 13:38:35: [extreme_bancfg2.amxx] addons/amxmodx/configs/cfgban/override.txt
L 08/24/2015 - 13:51:19: [admin_zm.amxx] Login: "Player[www.resursecs.com]<71><VALVE_0:4:283203954><>" kicked due to invalid password (account "Player[www.resursecs.com]") (address "92.80.158.136")
L 08/24/2015 - 14:00:28: -------- Mapchange to zm_fortuna --------
L 08/24/2015 - 14:00:29: [extreme_bancfg2.amxx] addons/amxmodx/configs/cfgban/override.txt
L 08/24/2015 - 14:08:33: [admin_zm.amxx] Login: "btn^andrey<86><STEAM_0:0:383404615><>" kicked due to invalid password (account "btn^andrey") (address "109.98.160.232")
L 08/24/2015 - 14:08:58: [admin_zm.amxx] Login: "btn^andrey<87><STEAM_0:0:383404615><>" kicked due to invalid password (account "btn^andrey") (address "109.98.160.232")
L 08/24/2015 - 14:25:39: [admin_zm.amxx] Login: "Protector<97><STEAM_0:0:1814466119><>" kicked due to invalid password (account "Protector") (address "85.121.123.237")
L 08/24/2015 - 14:29:04: -------- Mapchange to zm_dust_world --------
L 08/24/2015 - 14:29:05: [extreme_bancfg2.amxx] addons/amxmodx/configs/cfgban/override.txt
L 08/24/2015 - 14:29:12: -------- Mapchange to zm_brambor --------
L 08/24/2015 - 14:29:13: [extreme_bancfg2.amxx] addons/amxmodx/configs/cfgban/override.txt
L 08/24/2015 - 14:36:28: -------- Mapchange to zm_run_while_u_can --------
L 08/24/2015 - 14:36:29: [extreme_bancfg2.amxx] addons/amxmodx/configs/cfgban/override.txt
L 08/24/2015 - 14:45:33: [admin_zm.amxx] Login: "PlayeR<14><STEAM_0:0:383404615><>" kicked due to invalid password (account "Player") (address "109.98.160.232")
L 08/24/2015 - 14:53:50: [admin_zm.amxx] Login: "RCPlayer<22><STEAM_0:0:1194896727><>" kicked due to invalid password (account "RCPlayer") (address "86.123.219.222")
L 08/24/2015 - 14:54:22: [admin_zm.amxx] Login: "RCPlayer<23><STEAM_0:0:1194896727><>" kicked due to invalid password (account "RCPlayer") (address "86.123.219.222")
L 08/24/2015 - 15:07:46: -------- Mapchange to zm_dwarf_ultimate --------
L 08/24/2015 - 15:07:47: [extreme_bancfg2.amxx] addons/amxmodx/configs/cfgban/override.txt
L 08/24/2015 - 15:21:18: [admin_zm.amxx] Login: "PRO-Player-FL<51><STEAM_0:0:588457507><>" kicked due to invalid password (account "PRO-Player-Fl") (address "5.14.5.4")
L 08/24/2015 - 15:21:35: [admin_zm.amxx] Login: "PRO-Player-FL<52><STEAM_0:0:588457507><>" kicked due to invalid password (account "PRO-Player-Fl") (address "5.14.5.4")
L 08/24/2015 - 15:21:39: [admin_zm.amxx] Login: "PRO-Player-FL<53><STEAM_0:0:588457507><>" kicked due to invalid password (account "PRO-Player-Fl") (address "5.14.5.4")
L 08/24/2015 - 15:22:21: [admin_zm.amxx] Login: "PRO-Player-FL<54><STEAM_0:0:588457507><>" kicked due to invalid password (account "PRO-Player-Fl") (address "5.14.5.4")
L 08/24/2015 - 15:29:59: [admin_zm.amxx] Login: "SM-Player<67><STEAM_0:0:488447872><>" kicked due to invalid password (account "Sm-Player") (address "77.81.136.43")
L 08/24/2015 - 15:42:07: -------- Mapchange to zm_aztec_defense --------
L 08/24/2015 - 15:42:08: [extreme_bancfg2.amxx] addons/amxmodx/configs/cfgban/override.txt
L 08/24/2015 - 15:42:10: [admin_zm.amxx] Login: "PRO-Player-FL<75><STEAM_0:0:588457507><>" kicked due to invalid password (account "PRO-Player-Fl") (address "5.14.5.4")
L 08/24/2015 - 15:42:21: [admin_zm.amxx] Login: "PRO-Player-FL<81><STEAM_0:0:588457507><>" kicked due to invalid password (account "PRO-Player-Fl") (address "5.14.5.4")
L 08/24/2015 - 16:10:03: -------- Mapchange to zm_assault_shadow --------
L 08/24/2015 - 16:10:04: [extreme_bancfg2.amxx] addons/amxmodx/configs/cfgban/override.txt
L 08/24/2015 - 16:21:37: -------- Mapchange to zm_pis2 --------
L 08/24/2015 - 16:21:38: [extreme_bancfg2.amxx] addons/amxmodx/configs/cfgban/override.txt
L 08/24/2015 - 16:38:33: -------- Mapchange to zm_dust_world --------
L 08/24/2015 - 16:38:34: [extreme_bancfg2.amxx] addons/amxmodx/configs/cfgban/override.txt
L 08/24/2015 - 16:38:40: -------- Mapchange to zm_humans --------
L 08/24/2015 - 16:38:41: [extreme_bancfg2.amxx] addons/amxmodx/configs/cfgban/override.txt
L 08/24/2015 - 16:47:21: -------- Mapchange to zm_dust2009 --------
L 08/24/2015 - 16:47:22: [extreme_bancfg2.amxx] addons/amxmodx/configs/cfgban/override.txt
L 08/24/2015 - 16:57:25: -------- Mapchange to zm_snow_mix --------
L 08/24/2015 - 16:57:26: [extreme_bancfg2.amxx] addons/amxmodx/configs/cfgban/override.txt
L 08/24/2015 - 17:57:23: -------- Mapchange to zm_dust_jasionka --------
L 08/24/2015 - 17:57:24: [extreme_bancfg2.amxx] addons/amxmodx/configs/cfgban/override.txt
L 08/24/2015 - 18:43:20: [adminchat.amxx] Chat: "uNicuL<41><STEAM_0:0:575450316><>" tsay "ce faci ma de unu singur?"
L 08/24/2015 - 18:44:28: [adminchat.amxx] Chat: "uNicuL<41><STEAM_0:0:575450316><>" tsay "te omor si dupa schimba mapa ok?"
L 08/24/2015 - 18:44:39: [adminchat.amxx] Chat: "uNicuL<41><STEAM_0:0:575450316><>" tsay "e mare"
L 08/24/2015 - 18:44:57: [adminchat.amxx] Chat: "uNicuL<41><STEAM_0:0:575450316><>" tsay "mapa"
L 08/24/2015 - 18:45:10: [admincmd.amxx] Cmd: "uNicuL<41><STEAM_0:0:575450316><>" changelevel "zm_foda"
L 08/24/2015 - 18:45:12: -------- Mapchange to zm_foda --------
L 08/24/2015 - 18:45:14: [extreme_bancfg2.amxx] addons/amxmodx/configs/cfgban/override.txt
L 08/24/2015 - 18:47:19: [admincmd.amxx] Cmd: "uNicuL<41><STEAM_0:0:575450316><>" slay "xBroken<43><STEAM_0:0:2136790268><>"
L 08/24/2015 - 18:47:33: [admincmd.amxx] Kick: "uNicuL<41><STEAM_0:0:575450316><>" kick "xBroken<43><STEAM_0:0:2136790268><>" (reason "")
L 08/24/2015 - 18:49:12: [adminchat.amxx] Chat: "uNicuL<41><STEAM_0:0:575450316><>" tsay "dana iubire ce faci"
L 08/24/2015 - 18:49:31: [adminchat.amxx] Chat: "uNicuL<41><STEAM_0:0:575450316><>" tsay "tocmai ai vorbit"
L 08/24/2015 - 18:50:24: [adminchat.amxx] Chat: "uNicuL<41><STEAM_0:0:575450316><>" tsay "dc iubire?"
L 08/24/2015 - 18:50:30: [adminchat.amxx] Chat: "uNicuL<41><STEAM_0:0:575450316><>" tsay "dc?"
L 08/24/2015 - 18:51:15: [adminchat.amxx] Chat: "uNicuL<41><STEAM_0:0:575450316><>" tsay "IA SZI IUBIRE"
L 08/24/2015 - 18:52:14: [adminchat.amxx] Chat: "uNicuL<41><STEAM_0:0:575450316><>" tsay "dana dormi?"
L 08/24/2015 - 18:53:07: [adminchat.amxx] Chat: "uNicuL<41><STEAM_0:0:575450316><>" tsay "ia zi iubire?"
L 08/24/2015 - 18:53:52: [adminchat.amxx] Chat: "uNicuL<41><STEAM_0:0:575450316><>" tsay "iubi"
L 08/24/2015 - 18:54:04: [adminchat.amxx] Chat: "uNicuL<41><STEAM_0:0:575450316><>" tsay "doi copii"
L 08/24/2015 - 18:54:38: [adminchat.amxx] Chat: "uNicuL<41><STEAM_0:0:575450316><>" tsay "hai draga... vezi ca se poate"
L 08/24/2015 - 18:55:42: [adminchat.amxx] Chat: "uNicuL<41><STEAM_0:0:575450316><>" tsay "dc iubi"
L 08/24/2015 - 18:56:14: [adminchat.amxx] Chat: "uNicuL<41><STEAM_0:0:575450316><>" tsay "hai ma"
L 08/24/2015 - 18:56:49: [adminchat.amxx] Chat: "uNicuL<41><STEAM_0:0:575450316><>" tsay ":))"
L 08/24/2015 - 18:57:04: [adminchat.amxx] Chat: "uNicuL<41><STEAM_0:0:575450316><>" tsay "NEXT MOD"
L 08/24/2015 - 18:58:27: [adminchat.amxx] Chat: "uNicuL<41><STEAM_0:0:575450316><>" tsay ":))))"
L 08/24/2015 - 18:58:31: [zm_vip_extra_buy_survnem.amxx] uNicuL a cumparat nemesis
L 08/24/2015 - 18:59:00: [adminchat.amxx] Chat: "uNicuL<41><STEAM_0:0:575450316><>" tsay "ce dadeai ma asa din cap :))"
L 08/24/2015 - 19:00:20: [admincmd.amxx] Cmd: "uNicuL<41><STEAM_0:0:575450316><>" slay "Popy<47><STEAM_0:0:691510475><>"
L 08/24/2015 - 19:01:52: [adminchat.amxx] Chat: "uNicuL<41><STEAM_0:0:575450316><>" tsay "iub vrei un jet?"
L 08/24/2015 - 19:02:53: [admincmd.amxx] Cmd: "uNicuL<41><STEAM_0:0:575450316><>" slay "Dana<44><STEAM_0:0:1256617457><>"
L 08/24/2015 - 19:03:59: [admincmd.amxx] Kick: "uNicuL<41><STEAM_0:0:575450316><>" kick "Dana<44><STEAM_0:0:1256617457><>" (reason "")
L 08/24/2015 - 19:04:39: [adminchat.amxx] Chat: "uNicuL<41><STEAM_0:0:575450316><>" tsay "zm ATACA"
L 08/24/2015 - 19:04:43: [admincmd.amxx] Cmd: "uNicuL<41><STEAM_0:0:575450316><>" slay "Dana<48><STEAM_0:0:1256617457><>"
L 08/24/2015 - 19:04:53: [adminchat.amxx] Chat: "uNicuL<41><STEAM_0:0:575450316><>" tsay "nu stau dupa tine"
L 08/24/2015 - 19:05:30: [adminchat.amxx] Chat: "uNicuL<41><STEAM_0:0:575450316><>" tsay "vaco"
L 08/24/2015 - 19:05:44: [adminchat.amxx] Chat: "uNicuL<41><STEAM_0:0:575450316><>" tsay ":))"
L 08/24/2015 - 19:06:21: [admin_zm.amxx] Login: "GRr3<50><STEAM_0:0:1034167257><>" kicked due to invalid password (account "GRr3") (address "86.125.236.15")
L 08/24/2015 - 19:07:54: [admincmd.amxx] Cmd: "uNicuL<41><STEAM_0:0:575450316><>" slay "Dana<48><STEAM_0:0:1256617457><>"
L 08/24/2015 - 19:08:06: [admincmd.amxx] Cmd: "uNicuL<41><STEAM_0:0:575450316><>" slay "Dana<48><STEAM_0:0:1256617457><>"
L 08/24/2015 - 19:08:13: [admincmd.amxx] Kick: "uNicuL<41><STEAM_0:0:575450316><>" kick "Dana<48><STEAM_0:0:1256617457><>" (reason "")
L 08/24/2015 - 19:08:32: [adminchat.amxx] Chat: "uNicuL<41><STEAM_0:0:575450316><>" tsay "mai iate dupa ala"
L 08/24/2015 - 19:09:29: [zm_vip_extra_buy_survnem.amxx] Madalin a cumparat nemesis
L 08/24/2015 - 19:10:04: [adminchat.amxx] Chat: "Madalin<49><STEAM_0:0:270376980><>" chat " scoate gagu "
L 08/24/2015 - 19:10:07: [adminchat.amxx] Chat: "Madalin<49><STEAM_0:0:270376980><>" chat " fa muie"
L 08/24/2015 - 19:10:19: [adminchat.amxx] Chat: "Madalin<49><STEAM_0:0:270376980><>" chat " faci o muiea"
L 08/24/2015 - 19:12:21: [adminchat.amxx] Chat: "uNicuL<53><STEAM_0:0:575450316><>" tsay "zm ataca sau slay"
L 08/24/2015 - 19:12:27: [admincmd.amxx] Cmd: "uNicuL<53><STEAM_0:0:575450316><>" slay "Madalin<49><STEAM_0:0:270376980><>"
L 08/24/2015 - 19:14:08: [admincmd.amxx] Cmd: "uNicuL<53><STEAM_0:0:575450316><>" slay "Madalin<49><STEAM_0:0:270376980><>"
L 08/24/2015 - 19:14:57: [adminchat.amxx] Chat: "Madalin<49><STEAM_0:0:270376980><>" chat " daca dau gag ca prostu"
L 08/24/2015 - 19:14:59: [admincmd.amxx] Kick: "uNicuL<53><STEAM_0:0:575450316><>" kick "VIP ADRIAN      .<56><STEAM_0:0:917614895><>" (reason "")
L 08/24/2015 - 19:15:16: [admincmd.amxx] Kick: "uNicuL<53><STEAM_0:0:575450316><>" kick "VIP ADRIAN      .<57><STEAM_0:0:917614895><>" (reason "")
L 08/24/2015 - 19:15:55: [adminchat.amxx] Chat: "uNicuL<53><STEAM_0:0:575450316><>" tsay "xbo nu sufar"
L 08/24/2015 - 19:15:56: [adminchat.amxx] Chat: "Madalin<49><STEAM_0:0:270376980><>" chat " baaa"
L 08/24/2015 - 19:17:39: -------- Mapchange to zm_ilc_resident_evil2 --------
L 08/24/2015 - 19:17:42: [extreme_bancfg2.amxx] addons/amxmodx/configs/cfgban/override.txt
L 08/24/2015 - 19:18:00: [admincmd.amxx] Cmd: "uNicuL<53><STEAM_0:0:575450316><>" changelevel "zm_five"
L 08/24/2015 - 19:18:02: -------- Mapchange to zm_five --------
L 08/24/2015 - 19:18:03: [extreme_bancfg2.amxx] addons/amxmodx/configs/cfgban/override.txt
L 08/24/2015 - 19:18:51: [admincmd.amxx] Cmd: "uNicuL<53><STEAM_0:0:575450316><>" slay "Madalin<49><STEAM_0:0:270376980><>"
L 08/24/2015 - 19:18:59: [adminchat.amxx] Chat: "uNicuL<53><STEAM_0:0:575450316><>" tsay "nu se ia din prima"
L 08/24/2015 - 19:19:07: [adminchat.amxx] Chat: "uNicuL<53><STEAM_0:0:575450316><>" tsay "nu se ia din prima"
L 08/24/2015 - 19:19:19: [adminchat.amxx] Chat: "uNicuL<53><STEAM_0:0:575450316><>" tsay "next 2 mod"
L 08/24/2015 - 19:19:27: [adminchat.amxx] Chat: "uNicuL<53><STEAM_0:0:575450316><>" tsay "next 2 mod"
L 08/24/2015 - 19:28:17: [zm_vip_extra_buy_survnem.amxx] Madalin a cumparat nemesis
L 08/24/2015 - 19:50:12: -------- Mapchange to zm_heal_dust2 --------
L 08/24/2015 - 19:50:13: [extreme_bancfg2.amxx] addons/amxmodx/configs/cfgban/override.txt
L 08/24/2015 - 20:18:24: -------- Mapchange to zm_ceronUA --------
L 08/24/2015 - 20:18:25: [extreme_bancfg2.amxx] addons/amxmodx/configs/cfgban/override.txt
L 08/24/2015 - 20:47:23: [admin_zm.amxx] Login: "@lex<81><STEAM_0:0:1245423730><>" kicked due to invalid password (account "@leX") (address "5.14.199.57")
L 08/24/2015 - 20:47:37: [admin_zm.amxx] Login: "@lex<82><STEAM_0:0:1245423730><>" kicked due to invalid password (account "@leX") (address "5.14.199.57")
L 08/24/2015 - 21:04:56: -------- Mapchange to zm_dust_world --------
L 08/24/2015 - 21:04:57: [extreme_bancfg2.amxx] addons/amxmodx/configs/cfgban/override.txt
L 08/24/2015 - 21:05:03: -------- Mapchange to zm_blocks --------
L 08/24/2015 - 21:05:04: [extreme_bancfg2.amxx] addons/amxmodx/configs/cfgban/override.txt
L 08/24/2015 - 21:32:10: [admin_zm.amxx] Login: "King Rob3rt<16><STEAM_0:0:1603953691><>" kicked due to invalid password (account "King Rob3rt") (address "86.124.218.34")
L 08/24/2015 - 21:32:16: [admin_zm.amxx] Login: "King Rob3rt<17><STEAM_0:0:1603953691><>" kicked due to invalid password (account "King Rob3rt") (address "86.124.218.34")
L 08/24/2015 - 21:33:31: -------- Mapchange to zm_office --------
L 08/24/2015 - 21:33:32: [extreme_bancfg2.amxx] addons/amxmodx/configs/cfgban/override.txt
L 08/24/2015 - 21:54:51: [admin_zm.amxx] Login: "vlad<25><STEAM_0:0:262665940><>" kicked due to invalid password (account "Vlad") (address "79.118.53.59")
L 08/24/2015 - 22:03:14: -------- Mapchange to zm_grand_hotel --------
L 08/24/2015 - 22:03:15: [extreme_bancfg2.amxx] addons/amxmodx/configs/cfgban/override.txt
L 08/24/2015 - 22:31:26: -------- Mapchange to zm_ice_attack --------
L 08/24/2015 - 22:31:28: [extreme_bancfg2.amxx] addons/amxmodx/configs/cfgban/override.txt
L 08/24/2015 - 22:59:39: -------- Mapchange to zm_army --------
L 08/24/2015 - 22:59:40: [extreme_bancfg2.amxx] addons/amxmodx/configs/cfgban/override.txt
L 08/24/2015 - 23:27:52: -------- Mapchange to zm_zod_fortuna --------
L 08/24/2015 - 23:27:53: [extreme_bancfg2.amxx] addons/amxmodx/configs/cfgban/override.txt
L 08/24/2015 - 23:56:04: -------- Mapchange to zm_winter_invasion --------
L 08/24/2015 - 23:56:05: [extreme_bancfg2.amxx] addons/amxmodx/configs/cfgban/override.txt
