L 09/10/2015 - 00:27:01: -------- Mapchange to zm_office --------
L 09/10/2015 - 00:27:01: [extreme_bancfg2.amxx] addons/amxmodx/configs/cfgban/override.txt
L 09/10/2015 - 00:55:13: -------- Mapchange to zm_hewitt_house --------
L 09/10/2015 - 00:55:13: [extreme_bancfg2.amxx] addons/amxmodx/configs/cfgban/override.txt
L 09/10/2015 - 01:23:24: -------- Mapchange to zm_westwood --------
L 09/10/2015 - 01:23:25: [extreme_bancfg2.amxx] addons/amxmodx/configs/cfgban/override.txt
L 09/10/2015 - 01:51:36: -------- Mapchange to zm_dwarf_ultimate --------
L 09/10/2015 - 01:51:36: [extreme_bancfg2.amxx] addons/amxmodx/configs/cfgban/override.txt
L 09/10/2015 - 02:19:47: -------- Mapchange to zm_house_2011 --------
L 09/10/2015 - 02:19:48: [extreme_bancfg2.amxx] addons/amxmodx/configs/cfgban/override.txt
L 09/10/2015 - 02:47:59: -------- Mapchange to zm_666_brick --------
L 09/10/2015 - 02:47:59: [extreme_bancfg2.amxx] addons/amxmodx/configs/cfgban/override.txt
L 09/10/2015 - 03:16:10: -------- Mapchange to zm_303 --------
L 09/10/2015 - 03:16:11: [extreme_bancfg2.amxx] addons/amxmodx/configs/cfgban/override.txt
L 09/10/2015 - 03:44:22: -------- Mapchange to zm_dwarf --------
L 09/10/2015 - 03:44:23: [extreme_bancfg2.amxx] addons/amxmodx/configs/cfgban/override.txt
L 09/10/2015 - 04:12:34: -------- Mapchange to zm_snowbase3 --------
L 09/10/2015 - 04:12:34: [extreme_bancfg2.amxx] addons/amxmodx/configs/cfgban/override.txt
L 09/10/2015 - 04:40:45: -------- Mapchange to zm_westwood_click21 --------
L 09/10/2015 - 04:40:46: [extreme_bancfg2.amxx] addons/amxmodx/configs/cfgban/override.txt
L 09/10/2015 - 05:08:57: -------- Mapchange to zm_grand_hotel --------
L 09/10/2015 - 05:08:58: [extreme_bancfg2.amxx] addons/amxmodx/configs/cfgban/override.txt
L 09/10/2015 - 05:37:09: -------- Mapchange to zm_infect2_click21 --------
L 09/10/2015 - 05:37:09: [extreme_bancfg2.amxx] addons/amxmodx/configs/cfgban/override.txt
L 09/10/2015 - 06:05:20: -------- Mapchange to zm_dust2-final_click21 --------
L 09/10/2015 - 06:05:21: [extreme_bancfg2.amxx] addons/amxmodx/configs/cfgban/override.txt
L 09/10/2015 - 06:33:32: -------- Mapchange to zm_ojro_dwa --------
L 09/10/2015 - 06:33:32: [extreme_bancfg2.amxx] addons/amxmodx/configs/cfgban/override.txt
L 09/10/2015 - 07:01:43: -------- Mapchange to zm_dust2009 --------
L 09/10/2015 - 07:01:44: [extreme_bancfg2.amxx] addons/amxmodx/configs/cfgban/override.txt
L 09/10/2015 - 07:29:55: -------- Mapchange to zm_army_tn_beta3 --------
L 09/10/2015 - 07:29:58: [extreme_bancfg2.amxx] addons/amxmodx/configs/cfgban/override.txt
L 09/10/2015 - 07:58:10: -------- Mapchange to zm_ice_attack3 --------
L 09/10/2015 - 07:58:11: [extreme_bancfg2.amxx] addons/amxmodx/configs/cfgban/override.txt
L 09/10/2015 - 08:26:22: -------- Mapchange to zm_castle_siege2 --------
L 09/10/2015 - 08:26:23: [extreme_bancfg2.amxx] addons/amxmodx/configs/cfgban/override.txt
L 09/10/2015 - 08:54:34: -------- Mapchange to zm_zod_aztec --------
L 09/10/2015 - 08:54:34: [extreme_bancfg2.amxx] addons/amxmodx/configs/cfgban/override.txt
L 09/10/2015 - 09:22:46: -------- Mapchange to zm_brambor --------
L 09/10/2015 - 09:22:46: [extreme_bancfg2.amxx] addons/amxmodx/configs/cfgban/override.txt
L 09/10/2015 - 09:50:57: -------- Mapchange to zm_winter_invasion --------
L 09/10/2015 - 09:50:58: [extreme_bancfg2.amxx] addons/amxmodx/configs/cfgban/override.txt
L 09/10/2015 - 10:19:10: -------- Mapchange to zm_westwood_click21 --------
L 09/10/2015 - 10:19:10: [extreme_bancfg2.amxx] addons/amxmodx/configs/cfgban/override.txt
L 09/10/2015 - 10:47:22: -------- Mapchange to zm_restart_v3 --------
L 09/10/2015 - 10:47:22: [extreme_bancfg2.amxx] addons/amxmodx/configs/cfgban/override.txt
L 09/10/2015 - 11:09:54: -------- Mapchange to zm_assault_attack --------
L 09/10/2015 - 11:09:55: [extreme_bancfg2.amxx] addons/amxmodx/configs/cfgban/override.txt
L 09/10/2015 - 11:35:45: -------- Mapchange to zm_dust_world --------
L 09/10/2015 - 11:35:46: [extreme_bancfg2.amxx] addons/amxmodx/configs/cfgban/override.txt
L 09/10/2015 - 11:35:53: -------- Mapchange to zm_666_brick --------
L 09/10/2015 - 11:35:53: [extreme_bancfg2.amxx] addons/amxmodx/configs/cfgban/override.txt
L 09/10/2015 - 11:55:38: [zm_vip_extra_buy_survnem.amxx] Dragos^^ a cumparat nemesis
L 09/10/2015 - 11:56:33: [admincmd.amxx] Cmd: "Dragos^^<7><STEAM_0:0:2145337884><>" changelevel "zm_foda"
L 09/10/2015 - 11:56:35: -------- Mapchange to zm_foda --------
L 09/10/2015 - 11:56:36: [extreme_bancfg2.amxx] addons/amxmodx/configs/cfgban/override.txt
L 09/10/2015 - 12:03:19: [adminchat.amxx] Chat: "Dragos^^<9><STEAM_0:0:2145337884><>" tsay "ataka sau slay"
L 09/10/2015 - 12:15:21: -------- Mapchange to zm_lost_place --------
L 09/10/2015 - 12:15:22: [extreme_bancfg2.amxx] addons/amxmodx/configs/cfgban/override.txt
L 09/10/2015 - 12:35:58: -------- Mapchange to zm_army --------
L 09/10/2015 - 12:35:59: [extreme_bancfg2.amxx] addons/amxmodx/configs/cfgban/override.txt
L 09/10/2015 - 13:00:25: [adminchat.amxx] Chat: "*sNK^^Z0MBI*cL*<26><VALVE_0:4:1969857980><>" chat "dati rtv"
L 09/10/2015 - 13:08:30: -------- Mapchange to zm_dwarf_ultimate --------
L 09/10/2015 - 13:08:30: [extreme_bancfg2.amxx] addons/amxmodx/configs/cfgban/override.txt
L 09/10/2015 - 13:40:12: -------- Mapchange to zm_assault_shadow --------
L 09/10/2015 - 13:40:12: [extreme_bancfg2.amxx] addons/amxmodx/configs/cfgban/override.txt
L 09/10/2015 - 13:45:49: [admincmd.amxx] Cmd: "Dragos^^<64><STEAM_0:0:2145337884><>" changelevel "zm_aztec_defense"
L 09/10/2015 - 13:45:52: -------- Mapchange to zm_aztec_defense --------
L 09/10/2015 - 13:45:52: [extreme_bancfg2.amxx] addons/amxmodx/configs/cfgban/override.txt
L 09/10/2015 - 13:47:47: [adminchat.amxx] Chat: "Dragos^^<67><STEAM_0:0:2145337884><>" tsay "next mod by red.targent"
L 09/10/2015 - 13:48:11: [adminchat.amxx] Chat: "Dragos^^<67><STEAM_0:0:2145337884><>" tsay "mod"
L 09/10/2015 - 14:15:04: -------- Mapchange to zm_fear --------
L 09/10/2015 - 14:15:05: [extreme_bancfg2.amxx] addons/amxmodx/configs/cfgban/override.txt
L 09/10/2015 - 14:22:09: [adminchat.amxx] Chat: "Dragos^^<79><STEAM_0:0:2145337884><>" tsay "sunt ravan"
L 09/10/2015 - 14:22:21: [adminchat.amxx] Chat: "Dragos^^<79><STEAM_0:0:2145337884><>" tsay "sunal pe dragos"
L 09/10/2015 - 14:22:49: [adminchat.amxx] Chat: "Dragos^^<79><STEAM_0:0:2145337884><>" tsay "zice nu dacal suni poate"
L 09/10/2015 - 14:27:00: [admin_zm.amxx] Login: "btn^andrey<82><STEAM_0:0:383404615><>" kicked due to invalid password (account "btn^andrey") (address "109.98.161.83")
L 09/10/2015 - 14:27:21: [admin_zm.amxx] Login: "Razvan$$$<79><STEAM_0:0:2145337884><>" kicked due to invalid password (account "Razvan$$$") (address "79.114.83.101")
L 09/10/2015 - 14:29:30: -------- Mapchange to zm_westwood_click21 --------
L 09/10/2015 - 14:29:30: [extreme_bancfg2.amxx] addons/amxmodx/configs/cfgban/override.txt
L 09/10/2015 - 14:41:54: -------- Mapchange to zm_dust_world --------
L 09/10/2015 - 14:41:55: [extreme_bancfg2.amxx] addons/amxmodx/configs/cfgban/override.txt
L 09/10/2015 - 14:42:00: -------- Mapchange to zm_castle_siege2 --------
L 09/10/2015 - 14:42:01: [extreme_bancfg2.amxx] addons/amxmodx/configs/cfgban/override.txt
L 09/10/2015 - 14:42:22: [admin_zm.amxx] Login: "Protector<8><STEAM_0:0:1579328814><>" kicked due to invalid password (account "Protector") (address "5.15.142.251")
L 09/10/2015 - 14:57:28: -------- Mapchange to zm_pis2 --------
L 09/10/2015 - 14:57:29: [extreme_bancfg2.amxx] addons/amxmodx/configs/cfgban/override.txt
L 09/10/2015 - 15:33:57: [admin_zm.amxx] Login: "Dragos^^<29><STEAM_0:0:2145337884><>" kicked due to invalid password (account "Dragos^^") (address "79.113.93.250")
L 09/10/2015 - 15:34:18: [admin_zm.amxx] Login: "swiss<22><STEAM_0:1:100837872><>" kicked due to invalid password (account "SwiSS") (address "109.100.131.170")
L 09/10/2015 - 15:36:20: [admincmd.amxx] Cmd: "Dragos^^<31><STEAM_0:0:2145337884><>" changelevel "zm_aztec_defense"
L 09/10/2015 - 15:36:22: -------- Mapchange to zm_aztec_defense --------
L 09/10/2015 - 15:36:23: [extreme_bancfg2.amxx] addons/amxmodx/configs/cfgban/override.txt
L 09/10/2015 - 15:44:48: [adminchat.amxx] Chat: "Dragos^^<39><STEAM_0:0:2145337884><>" tsay "gata aruncati jeturile"
L 09/10/2015 - 15:53:31: [admin_zm.amxx] Login: "ALEXANDRU<44><VALVE_0:4:2126856554><>" kicked due to invalid password (account "alexandru") (address "109.96.214.84")
L 09/10/2015 - 15:55:09: [admin_zm.amxx] Login: "NEXT<39><STEAM_0:0:2145337884><>" kicked due to invalid password (account "Next") (address "79.113.93.250")
L 09/10/2015 - 15:55:09: [admin_zm.amxx] Login: "NEXT<39><STEAM_0:0:2145337884><>" kicked due to invalid password (account "Next") (address "79.113.93.250")
L 09/10/2015 - 15:56:33: [adminchat.amxx] Chat: "GRr3<47><STEAM_0:0:2145337884><>" tsay "salut"
L 09/10/2015 - 15:56:50: [adminchat.amxx] Chat: "GRr3<47><STEAM_0:0:2145337884><>" tsay "sunt Dragos"
L 09/10/2015 - 15:57:32: [adminchat.amxx] Chat: "GRr3<48><STEAM_0:0:2145337884><>" tsay "salut"
L 09/10/2015 - 15:58:28: [adminchat.amxx] Chat: "GRr3<48><STEAM_0:0:2145337884><>" chat "@ ba taci"
L 09/10/2015 - 15:58:38: [adminchat.amxx] Chat: "GRr3<48><STEAM_0:0:2145337884><>" chat " nu mai zice nimic"
L 09/10/2015 - 15:59:04: [adminchat.amxx] Chat: "GRr3<48><STEAM_0:0:2145337884><>" chat "@ sa nu stie playeri ca e alt cneva pe contu meu ok?"
L 09/10/2015 - 16:02:03: [admin_zm.amxx] Login: "GRr3<48><STEAM_0:0:2145337884><>" kicked due to invalid password (account "GRr3") (address "79.113.93.250")
L 09/10/2015 - 16:02:07: [admin_zm.amxx] Login: "GRr3<50><STEAM_0:0:2145337884><>" kicked due to invalid password (account "GRr3") (address "79.113.93.250")
L 09/10/2015 - 16:02:32: [admin_zm.amxx] Login: "GRr3<53><STEAM_0:0:2145337884><>" kicked due to invalid password (account "GRr3") (address "79.113.93.250")
L 09/10/2015 - 16:04:04: [admin_zm.amxx] Login: "GRr3<55><STEAM_0:0:2145337884><>" kicked due to invalid password (account "GRr3") (address "79.113.93.250")
L 09/10/2015 - 16:07:07: -------- Mapchange to zm_fortuna --------
L 09/10/2015 - 16:07:08: [extreme_bancfg2.amxx] addons/amxmodx/configs/cfgban/override.txt
L 09/10/2015 - 16:13:58: [adminchat.amxx] Chat: "GRr3<71><STEAM_0:0:1034167257><>" tsay "lume"
L 09/10/2015 - 16:15:16: [adminchat.amxx] Chat: "GRr3<71><STEAM_0:0:1034167257><>" tsay "zm ataca"
L 09/10/2015 - 16:16:07: [admin_zm.amxx] Login: "Dragos<63><STEAM_0:0:2145337884><>" kicked due to invalid password (account "Dragos") (address "79.113.93.250")
L 09/10/2015 - 16:21:21: [adminchat.amxx] Chat: "GRr3<71><STEAM_0:0:1034167257><>" tsay "fot face fraguri pe voi si va dau euro\?"
L 09/10/2015 - 16:35:18: [admincmd.amxx] Cmd: "Dragos^^<73><STEAM_0:0:2145337884><>" changelevel "zm_aztec_defense"
L 09/10/2015 - 16:35:21: -------- Mapchange to zm_aztec_defense --------
L 09/10/2015 - 16:35:22: [extreme_bancfg2.amxx] addons/amxmodx/configs/cfgban/override.txt
L 09/10/2015 - 16:47:07: [adminchat.amxx] Chat: "Fredic<77><STEAM_0:0:1408034688><>" chat "bv ca mi-ai dat gag dar mie dc nu imi dai jetpac cand ti-am cerut?"
L 09/10/2015 - 16:47:09: [adminchat.amxx] Chat: "Dragos^^<73><STEAM_0:0:2145337884><>" tsay "grre"
L 09/10/2015 - 16:47:54: [adminchat.amxx] Chat: "Fredic<77><STEAM_0:0:1408034688><>" chat " ce pot sa zic bv sa ma pis pe tn si pe servaru tau de jeg f.m.m de sclac"
L 09/10/2015 - 16:56:16: [adminvote.amxx] Vote: "Dragos^^<73><STEAM_0:0:2145337884><>" vote custom (question "Cine.este.cel.mai.tare.vip?") (option#1 "Dragos^^") (option#2 "GRr3")
L 09/10/2015 - 16:56:38: [adminvote.amxx] Vote: Votarea a avut loc cu succes (got "4") (needed "1") (result "Cine.este.cel.mai.tare.vip? - Dragos^^")
L 09/10/2015 - 16:56:51: [adminchat.amxx] Chat: "Dragos^^<73><STEAM_0:0:2145337884><>" tsay "normal ca eu ?"
L 09/10/2015 - 16:57:02: [adminchat.amxx] Chat: "Dragos^^<73><STEAM_0:0:2145337884><>" tsay "sunt cumva rau eu?"
L 09/10/2015 - 16:58:15: [admin_zm.amxx] Login: "Sprint<98><STEAM_0:0:110796921><>" kicked due to invalid password (account "Sprint") (address "5.13.157.60")
L 09/10/2015 - 16:59:56: [adminvote.amxx] Vote: "Dragos^^<73><STEAM_0:0:2145337884><>" vote custom (question "Schimb.mapa?") (option#1 "Da") (option#2 "Nu")
L 09/10/2015 - 17:00:18: [adminvote.amxx] Vote: Votarea a avut loc cu succes (got "6") (needed "1") (result "Schimb.mapa? - Da")
L 09/10/2015 - 17:01:13: [adminvote.amxx] Vote: "Dragos^^<73><STEAM_0:0:2145337884><>" vote custom (question "Ce.mapa.vreti?") (option#1 "zm_foda") (option#2 "zm_ice_attack3")
L 09/10/2015 - 17:01:35: [adminvote.amxx] Vote: Votarea a avut loc cu succes (got "3") (needed "1") (result "Ce.mapa.vreti? - zm_foda")
L 09/10/2015 - 17:01:47: [admincmd.amxx] Cmd: "Dragos^^<73><STEAM_0:0:2145337884><>" changelevel "zm_foda"
L 09/10/2015 - 17:01:50: -------- Mapchange to zm_foda --------
L 09/10/2015 - 17:01:51: [extreme_bancfg2.amxx] addons/amxmodx/configs/cfgban/override.txt
L 09/10/2015 - 17:06:50: [admin_zm.amxx] Login: "PRO-Player-FL<105><STEAM_0:0:840365229><>" kicked due to invalid password (account "PRO-Player-Fl") (address "5.14.55.152")
L 09/10/2015 - 17:07:14: [adminchat.amxx] Chat: "GRr3<71><STEAM_0:0:1034167257><>" tsay "illuminati is watching"
L 09/10/2015 - 17:07:28: [adminchat.amxx] Chat: "GRr3<71><STEAM_0:0:1034167257><>" tsay "illuminati"
L 09/10/2015 - 17:08:53: [adminchat.amxx] Chat: "GRr3<71><STEAM_0:0:1034167257><>" tsay "illuminati is everywere"
L 09/10/2015 - 17:09:38: [adminchat.amxx] Chat: "GRr3<71><STEAM_0:0:1034167257><>" tsay "s "
L 09/10/2015 - 17:09:49: [adminchat.amxx] Chat: "GRr3<71><STEAM_0:0:1034167257><>" tsay "sm-sarmale is illuminati"
L 09/10/2015 - 17:28:57: [admin_zm.amxx] Login: "Dragos^^<73><STEAM_0:0:2145337884><>" kicked due to invalid password (account "Dragos^^") (address "79.113.93.250")
L 09/10/2015 - 17:30:22: [admincmd.amxx] Cmd: "Dragos^^<111><STEAM_0:0:2145337884><>" changelevel "zm_ice_attack3"
L 09/10/2015 - 17:30:32: -------- Mapchange to zm_dust_world --------
L 09/10/2015 - 17:30:33: [extreme_bancfg2.amxx] addons/amxmodx/configs/cfgban/override.txt
L 09/10/2015 - 17:30:39: -------- Mapchange to zm_snowbase3 --------
L 09/10/2015 - 17:30:40: [extreme_bancfg2.amxx] addons/amxmodx/configs/cfgban/override.txt
L 09/10/2015 - 17:32:33: [admincmd.amxx] Cmd: "Dragos^^<5><STEAM_0:0:2145337884><>" changelevel "zm_aztec_defense"
L 09/10/2015 - 17:32:35: -------- Mapchange to zm_aztec_defense --------
L 09/10/2015 - 17:32:36: [extreme_bancfg2.amxx] addons/amxmodx/configs/cfgban/override.txt
L 09/10/2015 - 17:33:22: [adminchat.amxx] Chat: "Dragos^^<5><STEAM_0:0:2145337884><>" tsay "ba ma gandesc sa vand contu meu"
L 09/10/2015 - 17:41:09: [plmenu.amxx] Cmd: "Dragos^^<5><STEAM_0:0:2145337884><>" slay "Dragos^^<5><STEAM_0:0:2145337884><>"
L 09/10/2015 - 17:48:06: [adminchat.amxx] Chat: "GRr3<13><STEAM_0:0:1034167257><>" tsay "illuminati"
L 09/10/2015 - 17:48:13: [adminchat.amxx] Chat: "GRr3<13><STEAM_0:0:1034167257><>" tsay "illuminati"
L 09/10/2015 - 17:48:15: [adminchat.amxx] Chat: "Dragos^^<5><STEAM_0:0:2145337884><>" chat " ba"
L 09/10/2015 - 17:48:17: [adminchat.amxx] Chat: "GRr3<13><STEAM_0:0:1034167257><>" tsay "illuminati"
L 09/10/2015 - 17:48:22: [adminchat.amxx] Chat: "GRr3<13><STEAM_0:0:1034167257><>" tsay "illuminati"
L 09/10/2015 - 17:48:25: [adminchat.amxx] Chat: "Dragos^^<5><STEAM_0:0:2145337884><>" chat " vorbin in chatul adminilor"
L 09/10/2015 - 17:48:34: [adminchat.amxx] Chat: "GRr3<13><STEAM_0:0:1034167257><>" tsay "illuminati"
L 09/10/2015 - 17:48:37: [plmenu.amxx] Cmd: "Dragos^^<5><STEAM_0:0:2145337884><>" transfer "btn^andrey<3><STEAM_0:0:383404615><>" (team "SPECTATOR")
L 09/10/2015 - 17:48:47: [adminchat.amxx] Chat: "GRr3<13><STEAM_0:0:1034167257><>" tsay "illuminati own this computer"
L 09/10/2015 - 17:49:05: [adminchat.amxx] Chat: "Dragos^^<5><STEAM_0:0:2145337884><>" chat "grr3"
L 09/10/2015 - 17:49:34: [adminchat.amxx] Chat: "GRr3<13><STEAM_0:0:1034167257><>" tsay "grr3 is o more"
L 09/10/2015 - 17:52:58: [adminchat.amxx] Chat: "GRr3<13><STEAM_0:0:1034167257><>" tsay "illuminati confirmed"
L 09/10/2015 - 17:53:13: [adminchat.amxx] Chat: "Dragos^^<5><STEAM_0:0:2145337884><>" tsay "yes"
L 09/10/2015 - 17:53:21: [adminchat.amxx] Chat: "Dragos^^<5><STEAM_0:0:2145337884><>" tsay "GRr3"
L 09/10/2015 - 17:53:25: [adminchat.amxx] Chat: "GRr3<13><STEAM_0:0:1034167257><>" tsay "illuminati confirmed"
L 09/10/2015 - 17:54:24: [adminchat.amxx] Chat: "GRr3<13><STEAM_0:0:1034167257><>" chat "@ "{}\"
L 09/10/2015 - 17:55:41: [zm_vip_extra_buy_survnem.amxx] GRr3 a cumparat nemesis
L 09/10/2015 - 17:57:17: [adminchat.amxx] Chat: "GRr3<13><STEAM_0:0:1034167257><>" tsay "\'[,][,lpl,,'(&^%%%^&%$$&&^*&^())__++++""
L 09/10/2015 - 17:57:39: [adminchat.amxx] Chat: "GRr3<13><STEAM_0:0:1034167257><>" tsay ""|REG}"D"""""|~~~~~~~~||}}||||~~~|~|~|~|~|~|~"
L 09/10/2015 - 18:00:02: [adminchat.amxx] Chat: "Dragos^^<5><STEAM_0:0:2145337884><>" tsay "grr3"
L 09/10/2015 - 18:03:43: -------- Mapchange to zm_winter_invasion --------
L 09/10/2015 - 18:03:44: [extreme_bancfg2.amxx] addons/amxmodx/configs/cfgban/override.txt
L 09/10/2015 - 18:05:57: [adminchat.amxx] Chat: "GRr3<21><STEAM_0:0:1034167257><>" tsay "wf"
L 09/10/2015 - 18:06:01: [adminchat.amxx] Chat: "GRr3<21><STEAM_0:0:1034167257><>" tsay "wtf"
L 09/10/2015 - 18:06:09: [adminchat.amxx] Chat: "GRr3<21><STEAM_0:0:1034167257><>" tsay "cine  erea pe contu meu"
L 09/10/2015 - 18:10:15: [adminchat.amxx] Chat: "GRr3<21><STEAM_0:0:1034167257><>" tsay "2 illuminati"
L 09/10/2015 - 18:12:00: [adminchat.amxx] Chat: "GRr3<21><STEAM_0:0:1034167257><>" tsay "d?? "D"
L 09/10/2015 - 18:19:11: [admin_zm.amxx] Login: "SM-Player<25><STEAM_0:0:1034167257><>" kicked due to invalid password (account "Sm-Player") (address "86.125.236.15")
L 09/10/2015 - 18:26:12: [zm_vip_extra_buy_survnem.amxx] GRr3 a cumparat nemesis
L 09/10/2015 - 18:47:37: [adminchat.amxx] Chat: "GRr3<34><STEAM_0:0:1034167257><>" tsay "hai toti dupa mine"
L 09/10/2015 - 18:47:59: [adminchat.amxx] Chat: "GRr3<34><STEAM_0:0:1034167257><>" tsay "tooti dupa mine"
L 09/10/2015 - 18:49:26: [adminchat.amxx] Chat: "GRr3<34><STEAM_0:0:1034167257><>" tsay "tata lumea dupa mien"
L 09/10/2015 - 18:49:32: [adminchat.amxx] Chat: "GRr3<34><STEAM_0:0:1034167257><>" tsay "hai dupa mine"
L 09/10/2015 - 18:49:37: [adminchat.amxx] Chat: "GRr3<34><STEAM_0:0:1034167257><>" tsay "nu mai dati!!"
L 09/10/2015 - 18:49:46: [adminchat.amxx] Chat: "GRr3<34><STEAM_0:0:1034167257><>" tsay "jos"
L 09/10/2015 - 18:50:01: [adminchat.amxx] Chat: "GRr3<34><STEAM_0:0:1034167257><>" tsay "hai jos"
L 09/10/2015 - 18:50:55: [adminchat.amxx] Chat: "GRr3<34><STEAM_0:0:1034167257><>" tsay "hai cu mine"
L 09/10/2015 - 18:51:03: [adminchat.amxx] Chat: "GRr3<34><STEAM_0:0:1034167257><>" tsay "am bomboane"
L 09/10/2015 - 18:52:03: [adminchat.amxx] Chat: "GRr3<34><STEAM_0:0:1034167257><>" tsay "am bomboane"
L 09/10/2015 - 18:52:24: [adminchat.amxx] Chat: "GRr3<34><STEAM_0:0:1034167257><>" tsay "n copii haidati"
L 09/10/2015 - 18:52:50: [admincmd.amxx] ExtendMap: "Dragos^^<29><STEAM_0:0:2145337884><>" extended map "zm_winter_invasion" for 283783 minutes.
L 09/10/2015 - 18:52:59: -------- Mapchange to zm_ice_attack --------
L 09/10/2015 - 18:53:00: [extreme_bancfg2.amxx] addons/amxmodx/configs/cfgban/override.txt
L 09/10/2015 - 18:53:13: [adminchat.amxx] Chat: "GRr3<34><STEAM_0:0:1034167257><>" tsay "toata lumea"
L 09/10/2015 - 18:53:20: [adminchat.amxx] Chat: "GRr3<34><STEAM_0:0:1034167257><>" tsay "alineate la perete"
L 09/10/2015 - 18:53:24: [adminchat.amxx] Chat: "GRr3<34><STEAM_0:0:1034167257><>" tsay "acuma"
L 09/10/2015 - 18:53:29: [adminchat.amxx] Chat: "GRr3<34><STEAM_0:0:1034167257><>" tsay "facem concurs"
L 09/10/2015 - 18:53:37: [adminchat.amxx] Chat: "GRr3<34><STEAM_0:0:1034167257><>" tsay "nu tragti"
L 09/10/2015 - 18:53:44: [adminchat.amxx] Chat: "GRr3<34><STEAM_0:0:1034167257><>" tsay "nu dati"
L 09/10/2015 - 18:53:48: [adminchat.amxx] Chat: "GRr3<34><STEAM_0:0:1034167257><>" chat "@ nu dati"
L 09/10/2015 - 18:53:53: [adminchat.amxx] Chat: "GRr3<34><STEAM_0:0:1034167257><>" tsay "la perete"
L 09/10/2015 - 18:54:05: [adminchat.amxx] Chat: "GRr3<34><STEAM_0:0:1034167257><>" tsay "la perete premiu 5000 euro"
L 09/10/2015 - 18:54:20: [adminchat.amxx] Chat: "GRr3<34><STEAM_0:0:1034167257><>" tsay "vom juca simon spune"
L 09/10/2015 - 18:54:31: [adminchat.amxx] Chat: "GRr3<34><STEAM_0:0:1034167257><>" tsay "hai la perete"
L 09/10/2015 - 18:54:46: [adminchat.amxx] Chat: "GRr3<34><STEAM_0:0:1034167257><>" tsay "cine nu vine la perete pierde 5000 euro"
L 09/10/2015 - 18:55:08: [adminchat.amxx] Chat: "GRr3<34><STEAM_0:0:1034167257><>" tsay "la perete sa jucam"
L 09/10/2015 - 18:55:15: [adminchat.amxx] Chat: "GRr3<34><STEAM_0:0:1034167257><>" tsay "nei"
L 09/10/2015 - 18:55:34: [adminchat.amxx] Chat: "GRr3<34><STEAM_0:0:1034167257><>" tsay "nu dati"
L 09/10/2015 - 18:55:39: [adminchat.amxx] Chat: "GRr3<34><STEAM_0:0:1034167257><>" tsay "hai la perete"
L 09/10/2015 - 18:55:48: [adminchat.amxx] Chat: "GRr3<34><STEAM_0:0:1034167257><>" tsay "hai la   erete"
L 09/10/2015 - 18:55:53: [adminchat.amxx] Chat: "GRr3<34><STEAM_0:0:1034167257><>" tsay "perete"
L 09/10/2015 - 18:56:26: [adminchat.amxx] Chat: "GRr3<34><STEAM_0:0:1034167257><>" tsay "nu trageti sau slay"
L 09/10/2015 - 18:56:50: [adminchat.amxx] Chat: "GRr3<34><STEAM_0:0:1034167257><>" tsay "acuma"
L 09/10/2015 - 18:56:54: [adminchat.amxx] Chat: "GRr3<34><STEAM_0:0:1034167257><>" tsay "acuma !"
L 09/10/2015 - 18:57:00: [adminchat.amxx] Chat: "GRr3<34><STEAM_0:0:1034167257><>" tsay "la perete !!!1"
L 09/10/2015 - 18:57:07: [adminchat.amxx] Chat: "GRr3<34><STEAM_0:0:1034167257><>" tsay "jucam simon spune"
L 09/10/2015 - 18:57:15: [adminchat.amxx] Chat: "GRr3<34><STEAM_0:0:1034167257><>" tsay "saly"
L 09/10/2015 - 18:57:53: [adminchat.amxx] Chat: "GRr3<34><STEAM_0:0:1034167257><>" tsay "aata"
L 09/10/2015 - 18:57:57: [adminchat.amxx] Chat: "GRr3<34><STEAM_0:0:1034167257><>" tsay "gata!!!!!!"
L 09/10/2015 - 18:58:02: [adminchat.amxx] Chat: "GRr3<34><STEAM_0:0:1034167257><>" tsay "cine nu asculta moare"
L 09/10/2015 - 18:58:12: [adminchat.amxx] Chat: "GRr3<34><STEAM_0:0:1034167257><>" chat "@ cine da  = moare"
L 09/10/2015 - 18:58:20: [adminchat.amxx] Chat: "GRr3<34><STEAM_0:0:1034167257><>" tsay "cine da = moarte"
L 09/10/2015 - 18:58:28: [adminchat.amxx] Chat: "GRr3<34><STEAM_0:0:1034167257><>" tsay "la perete"
L 09/10/2015 - 18:58:52: [adminchat.amxx] Chat: "GRr3<34><STEAM_0:0:1034167257><>" tsay "simon sa contiunui"
L 09/10/2015 - 18:59:05: [adminchat.amxx] Chat: "GRr3<34><STEAM_0:0:1034167257><>" tsay "simon spune sa te pupi cu peretele"
L 09/10/2015 - 18:59:13: [adminchat.amxx] Chat: "GRr3<34><STEAM_0:0:1034167257><>" tsay "lolol"
L 09/10/2015 - 18:59:21: [adminchat.amxx] Chat: "GRr3<34><STEAM_0:0:1034167257><>" tsay "simon spune sa dansezi"
L 09/10/2015 - 18:59:31: [adminchat.amxx] Chat: "GRr3<34><STEAM_0:0:1034167257><>" tsay "asa "
L 09/10/2015 - 18:59:41: [adminchat.amxx] Chat: "Dragos^^<44><STEAM_0:0:2145337884><>" tsay "simon spune suge pula la nemesis"
L 09/10/2015 - 18:59:51: [adminchat.amxx] Chat: "GRr3<34><STEAM_0:0:1034167257><>" tsay "simon spune cat e 10 + 9 ="
L 09/10/2015 - 19:00:02: [adminchat.amxx] Chat: "GRr3<34><STEAM_0:0:1034167257><>" chat "@ 21"
L 09/10/2015 - 19:00:04: [adminchat.amxx] Chat: "GRr3<34><STEAM_0:0:1034167257><>" tsay "21"
L 09/10/2015 - 19:00:22: [adminchat.amxx] Chat: "GRr3<34><STEAM_0:0:1034167257><>" tsay "mai jucam?"
L 09/10/2015 - 19:00:40: [adminchat.amxx] Chat: "GRr3<34><STEAM_0:0:1034167257><>" tsay "hai la perte"
L 09/10/2015 - 19:00:48: [adminchat.amxx] Chat: "GRr3<34><STEAM_0:0:1034167257><>" tsay "care trage in neme moare"
L 09/10/2015 - 19:01:03: [adminchat.amxx] Chat: "GRr3<34><STEAM_0:0:1034167257><>" tsay "la perete 10"
L 09/10/2015 - 19:01:06: [adminchat.amxx] Chat: "GRr3<34><STEAM_0:0:1034167257><>" tsay "9"
L 09/10/2015 - 19:01:10: [adminchat.amxx] Chat: "GRr3<34><STEAM_0:0:1034167257><>" tsay "8"
L 09/10/2015 - 19:01:14: [adminchat.amxx] Chat: "GRr3<34><STEAM_0:0:1034167257><>" tsay "7"
L 09/10/2015 - 19:01:20: [adminchat.amxx] Chat: "GRr3<34><STEAM_0:0:1034167257><>" tsay "6"
L 09/10/2015 - 19:01:23: [adminchat.amxx] Chat: "GRr3<34><STEAM_0:0:1034167257><>" tsay "5"
L 09/10/2015 - 19:01:26: [adminchat.amxx] Chat: "GRr3<34><STEAM_0:0:1034167257><>" tsay "4"
L 09/10/2015 - 19:01:29: [adminchat.amxx] Chat: "GRr3<34><STEAM_0:0:1034167257><>" tsay "3"
L 09/10/2015 - 19:01:32: [adminchat.amxx] Chat: "GRr3<34><STEAM_0:0:1034167257><>" tsay ""
L 09/10/2015 - 19:01:37: [adminchat.amxx] Chat: "GRr3<34><STEAM_0:0:1034167257><>" tsay "2"
L 09/10/2015 - 19:01:40: [adminchat.amxx] Chat: "GRr3<34><STEAM_0:0:1034167257><>" tsay "1"
L 09/10/2015 - 19:01:50: [adminchat.amxx] Chat: "GRr3<34><STEAM_0:0:1034167257><>" tsay "la perete acuma"
L 09/10/2015 - 19:02:04: [adminchat.amxx] Chat: "GRr3<34><STEAM_0:0:1034167257><>" tsay "imon spune sa va puneti duck"
L 09/10/2015 - 19:02:22: [adminchat.amxx] Chat: "GRr3<34><STEAM_0:0:1034167257><>" tsay "simon spune sa stai duck"
L 09/10/2015 - 19:02:33: [adminchat.amxx] Chat: "GRr3<34><STEAM_0:0:1034167257><>" tsay "simon spune sa sari si sa stai duck"
L 09/10/2015 - 19:02:48: [adminchat.amxx] Chat: "GRr3<34><STEAM_0:0:1034167257><>" tsay "forentin foci?"
L 09/10/2015 - 19:02:52: [adminchat.amxx] Chat: "GRr3<34><STEAM_0:0:1034167257><>" tsay "joci"
L 09/10/2015 - 19:02:59: [adminchat.amxx] Chat: "GRr3<34><STEAM_0:0:1034167257><>" chat "@ joci?"
L 09/10/2015 - 19:03:26: [adminchat.amxx] Chat: "GRr3<34><STEAM_0:0:1034167257><>" tsay "nu mai da"
L 09/10/2015 - 19:04:47: [adminchat.amxx] Chat: "Dragos^^<44><STEAM_0:0:2145337884><>" tsay "simon spune la  perete"
L 09/10/2015 - 19:05:11: [adminchat.amxx] Chat: "Dragos^^<44><STEAM_0:0:2145337884><>" tsay "simon spune sari in continu"
L 09/10/2015 - 19:05:37: [adminchat.amxx] Chat: "Dragos^^<44><STEAM_0:0:2145337884><>" tsay "simon spune uitate la mn si fa ce fac si eu"
L 09/10/2015 - 19:05:40: [adminchat.amxx] Chat: "GRr3<34><STEAM_0:0:1034167257><>" tsay "vine si niki"
L 09/10/2015 - 19:06:11: [adminchat.amxx] Chat: "Dragos^^<44><STEAM_0:0:2145337884><>" tsay "simon spune stai "
L 09/10/2015 - 19:06:46: [adminchat.amxx] Chat: "Dragos^^<44><STEAM_0:0:2145337884><>" tsay "grr3"
L 09/10/2015 - 19:06:48: [adminchat.amxx] Chat: "GRr3<34><STEAM_0:0:1034167257><>" tsay "mai zile"
L 09/10/2015 - 19:07:07: [adminchat.amxx] Chat: "Dragos^^<44><STEAM_0:0:2145337884><>" tsay "simon spune faceti ce fac si eu"
L 09/10/2015 - 19:08:07: [adminchat.amxx] Chat: "Dragos^^<44><STEAM_0:0:2145337884><>" tsay "hai zile"
L 09/10/2015 - 19:08:20: [adminchat.amxx] Chat: "GRr3<34><STEAM_0:0:1034167257><>" tsay "toata lume  la perete"
L 09/10/2015 - 19:08:26: [adminchat.amxx] Chat: "Dragos^^<44><STEAM_0:0:2145337884><>" tsay "care trage in neme moare"
L 09/10/2015 - 19:08:33: [adminchat.amxx] Chat: "GRr3<34><STEAM_0:0:1034167257><>" tsay "la perete"
L 09/10/2015 - 19:08:39: [adminchat.amxx] Chat: "GRr3<34><STEAM_0:0:1034167257><>" tsay "e"
L 09/10/2015 - 19:08:43: [adminchat.amxx] Chat: "GRr3<34><STEAM_0:0:1034167257><>" tsay "e"
L 09/10/2015 - 19:08:50: [adminchat.amxx] Chat: "GRr3<34><STEAM_0:0:1034167257><>" tsay "sa dus"
L 09/10/2015 - 19:09:04: [adminchat.amxx] Chat: "GRr3<34><STEAM_0:0:1034167257><>" tsay "zile tu"
L 09/10/2015 - 19:09:16: [adminchat.amxx] Chat: "Dragos^^<44><STEAM_0:0:2145337884><>" tsay "la colt"
L 09/10/2015 - 19:09:18: [adminchat.amxx] Chat: "GRr3<34><STEAM_0:0:1034167257><>" tsay "sall"
L 09/10/2015 - 19:09:59: [adminchat.amxx] Chat: "Dragos^^<44><STEAM_0:0:2145337884><>" tsay "imital pe grr3"
L 09/10/2015 - 19:12:38: [adminchat.amxx] Chat: "Dragos^^<44><STEAM_0:0:2145337884><>" tsay "sariti"
L 09/10/2015 - 19:12:52: [adminchat.amxx] Chat: "Dragos^^<44><STEAM_0:0:2145337884><>" tsay "nu am spus simon"
L 09/10/2015 - 19:13:03: [adminchat.amxx] Chat: "Dragos^^<44><STEAM_0:0:2145337884><>" tsay "simon spune sari"
L 09/10/2015 - 19:13:15: [adminchat.amxx] Chat: "Dragos^^<44><STEAM_0:0:2145337884><>" tsay "simon spune sari"
L 09/10/2015 - 19:13:19: [adminchat.amxx] Chat: "Dragos^^<44><STEAM_0:0:2145337884><>" tsay "3"
L 09/10/2015 - 19:13:21: [adminchat.amxx] Chat: "Dragos^^<44><STEAM_0:0:2145337884><>" tsay "2"
L 09/10/2015 - 19:13:23: [adminchat.amxx] Chat: "GRr3<34><STEAM_0:0:1034167257><>" tsay "yay"
L 09/10/2015 - 19:14:56: [adminchat.amxx] Chat: "GRr3<34><STEAM_0:0:1034167257><>" tsay "eu es"
L 09/10/2015 - 19:18:52: [adminchat.amxx] Chat: "GRr3<34><STEAM_0:0:1034167257><>" tsay "eu es :E"
L 09/10/2015 - 19:19:00: [adminvote.amxx] Vote: "Dragos^^<44><STEAM_0:0:2145337884><>" vote custom (question "VRETI.SA.VA.JUCATI.SIMON.SPUNE?") (option#1 "DA") (option#2 "NU")
L 09/10/2015 - 19:19:22: [adminvote.amxx] Vote: Votarea a avut loc cu succes (got "3") (needed "1") (result "VRETI.SA.VA.JUCATI.SIMON.SPUNE? - DA")
L 09/10/2015 - 19:20:41: [adminvote.amxx] Vote: "Dragos^^<44><STEAM_0:0:2145337884><>" vote map (map "zm_aztec_defense")
L 09/10/2015 - 19:21:03: [adminvote.amxx] Vote: Votarea a avut loc cu succes (got "2") (needed "2") (result "changelevel zm_aztec_defense")
L 09/10/2015 - 19:21:07: [adminvote.amxx] Vote: Rezultat acceptat
L 09/10/2015 - 19:21:09: -------- Mapchange to zm_aztec_defense --------
L 09/10/2015 - 19:21:10: [extreme_bancfg2.amxx] addons/amxmodx/configs/cfgban/override.txt
L 09/10/2015 - 19:32:23: [zm_vip_extra_buy_survnem.amxx] d a cumparat nemesis
L 09/10/2015 - 19:49:37: -------- Mapchange to zm_aztec_mini --------
L 09/10/2015 - 19:49:37: [extreme_bancfg2.amxx] addons/amxmodx/configs/cfgban/override.txt
L 09/10/2015 - 19:49:39: [admin_zm.amxx] Login: "alex<63><VALVE_0:4:535569002><>" kicked due to invalid password (account "Alex") (address "109.166.132.150")
L 09/10/2015 - 19:52:52: [admincmd.amxx] Cmd: "Dragos^^<66><STEAM_0:0:383404615><>" changelevel "zm_foda"
L 09/10/2015 - 19:52:54: -------- Mapchange to zm_foda --------
L 09/10/2015 - 19:52:55: [extreme_bancfg2.amxx] addons/amxmodx/configs/cfgban/override.txt
L 09/10/2015 - 19:53:14: [admin_zm.amxx] Login: "Dana<68><STEAM_0:0:2145337884><>" kicked due to invalid password (account "Dana") (address "79.113.93.250")
L 09/10/2015 - 19:53:35: [admin_zm.amxx] Login: "Dana<69><STEAM_0:0:2145337884><>" kicked due to invalid password (account "Dana") (address "79.113.93.250")
L 09/10/2015 - 20:14:54: [admin_zm.amxx] Login: "Dragos^^<78><STEAM_0:0:383404615><>" kicked due to invalid password (account "Dragos^^") (address "109.98.161.110")
L 09/10/2015 - 20:15:16: [admin_zm.amxx] Login: "Dragos^^<79><STEAM_0:0:383404615><>" kicked due to invalid password (account "Dragos^^") (address "109.98.161.110")
L 09/10/2015 - 20:15:33: [admin_zm.amxx] Login: "Dragos^^<80><STEAM_0:0:383404615><>" kicked due to invalid password (account "Dragos^^") (address "109.98.161.110")
L 09/10/2015 - 20:15:54: [admin_zm.amxx] Login: "btn^andrey<81><STEAM_0:0:383404615><>" kicked due to invalid password (account "btn^andrey") (address "109.98.161.110")
L 09/10/2015 - 20:19:29: [admin_zm.amxx] Login: "Dragos^^<82><STEAM_0:0:383404615><>" kicked due to invalid password (account "Dragos^^") (address "109.98.161.110")
L 09/10/2015 - 20:23:51: -------- Mapchange to zm_dust_world --------
L 09/10/2015 - 20:23:52: [extreme_bancfg2.amxx] addons/amxmodx/configs/cfgban/override.txt
L 09/10/2015 - 20:23:57: -------- Mapchange to zm_hewitt_house --------
L 09/10/2015 - 20:23:58: [extreme_bancfg2.amxx] addons/amxmodx/configs/cfgban/override.txt
L 09/10/2015 - 20:25:11: [admin_zm.amxx] Login: "Dragos^^<2><STEAM_0:0:383404615><>" kicked due to invalid password (account "Dragos^^") (address "109.98.161.110")
L 09/10/2015 - 20:25:34: [admin_zm.amxx] Login: "Dragos^^<3><STEAM_0:0:383404615><>" kicked due to invalid password (account "Dragos^^") (address "109.98.161.110")
L 09/10/2015 - 20:25:54: [admin_zm.amxx] Login: "Dragos^^<4><STEAM_0:0:383404615><>" kicked due to invalid password (account "Dragos^^") (address "109.98.161.110")
L 09/10/2015 - 20:52:10: -------- Mapchange to zm_army_tn_beta3 --------
L 09/10/2015 - 20:52:10: [extreme_bancfg2.amxx] addons/amxmodx/configs/cfgban/override.txt
L 09/10/2015 - 21:04:02: [admin_zm.amxx] Login: "A_L_E_X<12><STEAM_0:0:1245423730><>" kicked due to invalid password (account "A_L_E_X") (address "5.14.10.83")
L 09/10/2015 - 21:04:05: [admin_zm.amxx] Login: "A_L_E_X<13><STEAM_0:0:1245423730><>" kicked due to invalid password (account "A_L_E_X") (address "5.14.10.83")
L 09/10/2015 - 21:04:22: [admin_zm.amxx] Login: "A_L_E_X<14><STEAM_0:0:1245423730><>" kicked due to invalid password (account "A_L_E_X") (address "5.14.10.83")
L 09/10/2015 - 21:04:32: [admin_zm.amxx] Login: "A_L_E_X<15><STEAM_0:0:1245423730><>" kicked due to invalid password (account "A_L_E_X") (address "5.14.10.83")
L 09/10/2015 - 21:04:41: [admin_zm.amxx] Login: "A_L_E_X<16><STEAM_0:0:1245423730><>" kicked due to invalid password (account "A_L_E_X") (address "5.14.10.83")
L 09/10/2015 - 21:06:04: [admin_zm.amxx] Login: "A_L_E_X<17><STEAM_0:0:1245423730><>" kicked due to invalid password (account "A_L_E_X") (address "5.14.10.83")
L 09/10/2015 - 21:23:09: -------- Mapchange to zm_grand_hotel --------
L 09/10/2015 - 21:23:10: [extreme_bancfg2.amxx] addons/amxmodx/configs/cfgban/override.txt
L 09/10/2015 - 21:24:53: [adminchat.amxx] Chat: "Dragos^^<24><STEAM_0:0:2145337884><>" tsay "vreti sa jucam simon spune?"
L 09/10/2015 - 21:26:06: [admincmd.amxx] Cmd: "Dragos^^<24><STEAM_0:0:2145337884><>" changelevel "zm_aztec_defense"
L 09/10/2015 - 21:26:08: -------- Mapchange to zm_aztec_defense --------
L 09/10/2015 - 21:26:09: [extreme_bancfg2.amxx] addons/amxmodx/configs/cfgban/override.txt
L 09/10/2015 - 21:26:47: [adminchat.amxx] Chat: "Dragos^^<24><STEAM_0:0:2145337884><>" tsay "cine trage moare"
L 09/10/2015 - 21:26:57: [adminchat.amxx] Chat: "Dragos^^<24><STEAM_0:0:2145337884><>" tsay "cine misca moare"
L 09/10/2015 - 21:27:10: [adminchat.amxx] Chat: "Dragos^^<24><STEAM_0:0:2145337884><>" tsay "ducetiva la perete"
L 09/10/2015 - 21:27:32: [adminchat.amxx] Chat: "Dragos^^<24><STEAM_0:0:2145337884><>" tsay "ultimu jos moare"
L 09/10/2015 - 21:28:24: [admin_zm.amxx] Login: "Killer<27><STEAM_0:0:778757652><>" kicked due to invalid password (account "killer") (address "5.13.118.76")
L 09/10/2015 - 21:34:25: [admin_zm.amxx] Login: "RCPlayer<28><STEAM_0:0:787896888><>" kicked due to invalid password (account "RCPlayer") (address "89.43.106.34")
L 09/10/2015 - 21:34:51: [plmenu.amxx] Cmd: "Dragos^^<24><STEAM_0:0:2145337884><>" slay "Dragos^^<24><STEAM_0:0:2145337884><>"
L 09/10/2015 - 21:35:06: [adminchat.amxx] Chat: "Dragos^^<24><STEAM_0:0:2145337884><>" tsay "alex este simon"
L 09/10/2015 - 21:36:11: [plmenu.amxx] Cmd: "Dragos^^<24><STEAM_0:0:2145337884><>" slay "Dragos^^<24><STEAM_0:0:2145337884><>"
L 09/10/2015 - 21:40:34: [plmenu.amxx] Cmd: "Dragos^^<24><STEAM_0:0:2145337884><>" slay "Dragos^^<24><STEAM_0:0:2145337884><>"
L 09/10/2015 - 21:41:50: [plmenu.amxx] Cmd: "Dragos^^<24><STEAM_0:0:2145337884><>" slay "The Best Gamer<26><STEAM_0:0:1256617457><>"
L 09/10/2015 - 21:44:29: [plmenu.amxx] Cmd: "Dragos^^<24><STEAM_0:0:2145337884><>" slap with 0 damage "A_L_E_X<25><STEAM_0:0:1245423730><>"
L 09/10/2015 - 21:44:29: [plmenu.amxx] Cmd: "Dragos^^<24><STEAM_0:0:2145337884><>" slap with 0 damage "Dragos^^<24><STEAM_0:0:2145337884><>"
L 09/10/2015 - 21:44:29: [plmenu.amxx] Cmd: "Dragos^^<24><STEAM_0:0:2145337884><>" slap with 0 damage "A_L_E_X<25><STEAM_0:0:1245423730><>"
L 09/10/2015 - 21:44:30: [plmenu.amxx] Cmd: "Dragos^^<24><STEAM_0:0:2145337884><>" slap with 0 damage "Dragos^^<24><STEAM_0:0:2145337884><>"
L 09/10/2015 - 21:45:07: [plmenu.amxx] Cmd: "Dragos^^<24><STEAM_0:0:2145337884><>" slay "The Best Gamer<26><STEAM_0:0:1256617457><>"
L 09/10/2015 - 22:40:23: [admin_zm.amxx] Login: "RCPlayer<47><STEAM_0:0:554851718><>" kicked due to invalid password (account "RCPlayer") (address "92.81.171.53")
L 09/10/2015 - 22:42:00: [admin_zm.amxx] Login: "RCPlayer<49><STEAM_0:0:554851718><>" kicked due to invalid password (account "RCPlayer") (address "92.81.171.53")
L 09/10/2015 - 22:51:18: -------- Mapchange to zm_dust2009 --------
L 09/10/2015 - 22:51:19: [extreme_bancfg2.amxx] addons/amxmodx/configs/cfgban/override.txt
L 09/10/2015 - 23:19:30: -------- Mapchange to zm_castle_siege2 --------
L 09/10/2015 - 23:19:31: [extreme_bancfg2.amxx] addons/amxmodx/configs/cfgban/override.txt
L 09/10/2015 - 23:47:42: -------- Mapchange to zm_reveille --------
L 09/10/2015 - 23:47:42: [extreme_bancfg2.amxx] addons/amxmodx/configs/cfgban/override.txt
