L 09/11/2015 - 00:31:39: -------- Mapchange to zm_dust_jasionka --------
L 09/11/2015 - 00:31:39: [extreme_bancfg2.amxx] addons/amxmodx/configs/cfgban/override.txt
L 09/11/2015 - 00:59:51: -------- Mapchange to zm_heal_dust2 --------
L 09/11/2015 - 00:59:51: [extreme_bancfg2.amxx] addons/amxmodx/configs/cfgban/override.txt
L 09/11/2015 - 01:28:03: -------- Mapchange to zm_ojro_dwa --------
L 09/11/2015 - 01:28:03: [extreme_bancfg2.amxx] addons/amxmodx/configs/cfgban/override.txt
L 09/11/2015 - 01:56:14: -------- Mapchange to zm_brambor --------
L 09/11/2015 - 01:56:15: [extreme_bancfg2.amxx] addons/amxmodx/configs/cfgban/override.txt
L 09/11/2015 - 02:24:26: -------- Mapchange to zm_vendetta --------
L 09/11/2015 - 02:24:26: [extreme_bancfg2.amxx] addons/amxmodx/configs/cfgban/override.txt
L 09/11/2015 - 02:52:38: -------- Mapchange to zm_city_final --------
L 09/11/2015 - 02:52:38: [extreme_bancfg2.amxx] addons/amxmodx/configs/cfgban/override.txt
L 09/11/2015 - 03:20:50: -------- Mapchange to zm_dust2-final_click21 --------
L 09/11/2015 - 03:20:50: [extreme_bancfg2.amxx] addons/amxmodx/configs/cfgban/override.txt
L 09/11/2015 - 03:49:01: -------- Mapchange to zm_fortuna --------
L 09/11/2015 - 03:49:02: [extreme_bancfg2.amxx] addons/amxmodx/configs/cfgban/override.txt
L 09/11/2015 - 04:17:13: -------- Mapchange to zm_dust2009 --------
L 09/11/2015 - 04:17:13: [extreme_bancfg2.amxx] addons/amxmodx/configs/cfgban/override.txt
L 09/11/2015 - 04:45:24: -------- Mapchange to zm_reveille --------
L 09/11/2015 - 04:45:25: [extreme_bancfg2.amxx] addons/amxmodx/configs/cfgban/override.txt
L 09/11/2015 - 05:13:36: -------- Mapchange to zm_pis2 --------
L 09/11/2015 - 05:13:37: [extreme_bancfg2.amxx] addons/amxmodx/configs/cfgban/override.txt
L 09/11/2015 - 05:41:48: -------- Mapchange to zm_office --------
L 09/11/2015 - 05:41:48: [extreme_bancfg2.amxx] addons/amxmodx/configs/cfgban/override.txt
L 09/11/2015 - 06:10:00: -------- Mapchange to zm_newzombie --------
L 09/11/2015 - 06:10:00: [extreme_bancfg2.amxx] addons/amxmodx/configs/cfgban/override.txt
L 09/11/2015 - 06:38:11: -------- Mapchange to zm_chatoyant --------
L 09/11/2015 - 06:38:12: [extreme_bancfg2.amxx] addons/amxmodx/configs/cfgban/override.txt
L 09/11/2015 - 07:06:25: -------- Mapchange to zm_toxic_house2 --------
L 09/11/2015 - 07:06:29: [extreme_bancfg2.amxx] addons/amxmodx/configs/cfgban/override.txt
L 09/11/2015 - 07:34:46: -------- Mapchange to zm_snow_mix --------
L 09/11/2015 - 07:34:46: [extreme_bancfg2.amxx] addons/amxmodx/configs/cfgban/override.txt
L 09/11/2015 - 08:02:58: -------- Mapchange to zm_inferno --------
L 09/11/2015 - 08:02:58: [extreme_bancfg2.amxx] addons/amxmodx/configs/cfgban/override.txt
L 09/11/2015 - 08:22:25: -------- Mapchange to zm_lost_place --------
L 09/11/2015 - 08:22:25: [extreme_bancfg2.amxx] addons/amxmodx/configs/cfgban/override.txt
L 09/11/2015 - 08:37:48: -------- Mapchange to zm_foda --------
L 09/11/2015 - 08:37:48: [extreme_bancfg2.amxx] addons/amxmodx/configs/cfgban/override.txt
L 09/11/2015 - 08:39:26: -------- Mapchange to zm_mansion_mba --------
L 09/11/2015 - 08:39:27: [extreme_bancfg2.amxx] addons/amxmodx/configs/cfgban/override.txt
L 09/11/2015 - 08:49:31: -------- Mapchange to zm_vendetta --------
L 09/11/2015 - 08:49:32: [extreme_bancfg2.amxx] addons/amxmodx/configs/cfgban/override.txt
L 09/11/2015 - 09:00:25: -------- Mapchange to zm_ceronUA --------
L 09/11/2015 - 09:00:26: [extreme_bancfg2.amxx] addons/amxmodx/configs/cfgban/override.txt
L 09/11/2015 - 09:05:37: -------- Mapchange to zm_death_alley --------
L 09/11/2015 - 09:05:37: [extreme_bancfg2.amxx] addons/amxmodx/configs/cfgban/override.txt
L 09/11/2015 - 09:09:20: -------- Mapchange to zm_heal_dust2 --------
L 09/11/2015 - 09:09:20: [extreme_bancfg2.amxx] addons/amxmodx/configs/cfgban/override.txt
L 09/11/2015 - 09:12:44: [admin_zm.amxx] Login: "Dragos^^<64><STEAM_0:0:383404615><>" kicked due to invalid password (account "Dragos^^") (address "109.98.160.200")
L 09/11/2015 - 09:17:15: -------- Mapchange to zm_snowbase3 --------
L 09/11/2015 - 09:17:15: [extreme_bancfg2.amxx] addons/amxmodx/configs/cfgban/override.txt
L 09/11/2015 - 09:21:48: [adminchat.amxx] Chat: "Dragos^^<77><STEAM_0:0:2145337884><>" tsay "copii mei ce faceti?"
L 09/11/2015 - 09:24:32: [admin_zm.amxx] Login: "VIP CATALIN<73><VALVE_0:4:1090214258><>" kicked due to invalid password (account "VIP CATALIN") (address "92.80.170.40")
L 09/11/2015 - 09:24:33: [admin_zm.amxx] Login: "VIP CATALIN<73><VALVE_0:4:1090214258><>" kicked due to invalid password (account "VIP CATALIN") (address "92.80.170.40")
L 09/11/2015 - 09:25:22: [admin_zm.amxx] Login: "VIP CATALIN<78><VALVE_0:4:1090214258><>" kicked due to invalid password (account "VIP CATALIN") (address "92.80.170.40")
L 09/11/2015 - 09:26:06: [admin_zm.amxx] Login: "VIP CATALIN<79><VALVE_0:4:1090214258><>" kicked due to invalid password (account "VIP CATALIN") (address "92.80.170.40")
L 09/11/2015 - 09:38:49: [adminchat.amxx] Chat: "Dragos^^<77><STEAM_0:0:2145337884><>" tsay "next mod the assasin vs sniper"
L 09/11/2015 - 09:46:19: [admincmd.amxx] Cmd: "Dragos^^<77><STEAM_0:0:2145337884><>" changelevel "zm_aztec_defense"
L 09/11/2015 - 09:46:21: -------- Mapchange to zm_aztec_defense --------
L 09/11/2015 - 09:46:22: [extreme_bancfg2.amxx] addons/amxmodx/configs/cfgban/override.txt
L 09/11/2015 - 10:00:49: [plmenu.amxx] Cmd: "Dragos^^<77><STEAM_0:0:2145337884><>" slay "Dragos^^<77><STEAM_0:0:2145337884><>"
L 09/11/2015 - 10:04:42: [adminchat.amxx] Chat: "Dragos^^<77><STEAM_0:0:2145337884><>" tsay ""
L 09/11/2015 - 10:09:18: [admincmd.amxx] Cmd: "Dragos^^<77><STEAM_0:0:2145337884><>" changelevel "zm_five"
L 09/11/2015 - 10:09:20: -------- Mapchange to zm_five --------
L 09/11/2015 - 10:09:22: [extreme_bancfg2.amxx] addons/amxmodx/configs/cfgban/override.txt
L 09/11/2015 - 10:28:53: -------- Mapchange to zm_dust_world --------
L 09/11/2015 - 10:28:55: [extreme_bancfg2.amxx] addons/amxmodx/configs/cfgban/override.txt
L 09/11/2015 - 10:29:02: -------- Mapchange to zm_grand_hotel --------
L 09/11/2015 - 10:29:02: [extreme_bancfg2.amxx] addons/amxmodx/configs/cfgban/override.txt
L 09/11/2015 - 10:31:11: -------- Mapchange to zm_army --------
L 09/11/2015 - 10:31:11: [extreme_bancfg2.amxx] addons/amxmodx/configs/cfgban/override.txt
L 09/11/2015 - 10:44:25: -------- Mapchange to zm_toxic_house2 --------
L 09/11/2015 - 10:44:25: [extreme_bancfg2.amxx] addons/amxmodx/configs/cfgban/override.txt
L 09/11/2015 - 11:35:47: [admin_zm.amxx] Login: "btn^andrey<22><STEAM_0:0:383404615><>" kicked due to invalid password (account "btn^andrey") (address "109.98.160.200")
L 09/11/2015 - 11:36:01: -------- Mapchange to zm_brambor --------
L 09/11/2015 - 11:36:02: [extreme_bancfg2.amxx] addons/amxmodx/configs/cfgban/override.txt
L 09/11/2015 - 11:36:03: [admin_zm.amxx] Login: "Dragos^^<23><STEAM_0:0:383404615><>" kicked due to invalid password (account "Dragos^^") (address "109.98.160.200")
L 09/11/2015 - 12:04:29: [admin_zm.amxx] Login: "aaaa<36><STEAM_0:0:917614895><>" kicked due to invalid password (account "aaaa") (address "92.80.170.40")
L 09/11/2015 - 12:04:54: [admin_zm.amxx] Login: "Nebunule<37><STEAM_0:0:917614895><>" kicked due to invalid password (account "Nebunule") (address "92.80.170.40")
L 09/11/2015 - 12:17:58: -------- Mapchange to zm_lorencia --------
L 09/11/2015 - 12:17:59: [extreme_bancfg2.amxx] addons/amxmodx/configs/cfgban/override.txt
L 09/11/2015 - 12:45:30: -------- Mapchange to zm_dust_world --------
L 09/11/2015 - 12:45:31: [extreme_bancfg2.amxx] addons/amxmodx/configs/cfgban/override.txt
L 09/11/2015 - 12:45:37: -------- Mapchange to zm_army_tn_beta3 --------
L 09/11/2015 - 12:45:38: [extreme_bancfg2.amxx] addons/amxmodx/configs/cfgban/override.txt
L 09/11/2015 - 13:13:49: -------- Mapchange to zm_fear --------
L 09/11/2015 - 13:13:49: [extreme_bancfg2.amxx] addons/amxmodx/configs/cfgban/override.txt
L 09/11/2015 - 14:12:25: -------- Mapchange to zm_dwarf_ultimate --------
L 09/11/2015 - 14:12:26: [extreme_bancfg2.amxx] addons/amxmodx/configs/cfgban/override.txt
L 09/11/2015 - 14:31:33: -------- Mapchange to zm_303 --------
L 09/11/2015 - 14:31:34: [extreme_bancfg2.amxx] addons/amxmodx/configs/cfgban/override.txt
L 09/11/2015 - 15:31:42: -------- Mapchange to zm_assault_attack --------
L 09/11/2015 - 15:31:43: [extreme_bancfg2.amxx] addons/amxmodx/configs/cfgban/override.txt
L 09/11/2015 - 15:36:54: [admin_zm.amxx] Login: "SM-Player<107><STEAM_0:0:2033897910><>" kicked due to invalid password (account "Sm-Player") (address "89.40.166.109")
L 09/11/2015 - 16:03:36: -------- Mapchange to zm_dust2snow_2011 --------
L 09/11/2015 - 16:03:37: [extreme_bancfg2.amxx] addons/amxmodx/configs/cfgban/override.txt
L 09/11/2015 - 16:34:43: -------- Mapchange to zm_dust_jasionka --------
L 09/11/2015 - 16:34:45: [extreme_bancfg2.amxx] addons/amxmodx/configs/cfgban/override.txt
L 09/11/2015 - 17:03:48: -------- Mapchange to zm_dust_world --------
L 09/11/2015 - 17:03:49: [extreme_bancfg2.amxx] addons/amxmodx/configs/cfgban/override.txt
L 09/11/2015 - 17:03:55: -------- Mapchange to zm_restart_v3 --------
L 09/11/2015 - 17:03:55: [extreme_bancfg2.amxx] addons/amxmodx/configs/cfgban/override.txt
L 09/11/2015 - 17:34:59: -------- Mapchange to zm_3rooms --------
L 09/11/2015 - 17:35:00: [extreme_bancfg2.amxx] addons/amxmodx/configs/cfgban/override.txt
L 09/11/2015 - 17:54:24: [admin_zm.amxx] Login: "PRO-Player-FL<35><STEAM_0:0:588457507><>" kicked due to invalid password (account "PRO-Player-Fl") (address "5.14.55.152")
L 09/11/2015 - 17:57:44: -------- Mapchange to zm_humans --------
L 09/11/2015 - 17:57:45: [extreme_bancfg2.amxx] addons/amxmodx/configs/cfgban/override.txt
L 09/11/2015 - 17:58:16: [admincmd.amxx] Cmd: "BMW_M3_GTR1<34><VALVE_0:4:1725614706><>" ask for players list
L 09/11/2015 - 18:01:26: -------- Mapchange to zm_aztec_mini --------
L 09/11/2015 - 18:01:27: [extreme_bancfg2.amxx] addons/amxmodx/configs/cfgban/override.txt
L 09/11/2015 - 18:02:07: [adminchat.amxx] Chat: "BMW_M3_GTR1<48><VALVE_0:4:1725614706><>" tsay "Gata miam bagat ownerul!"
L 09/11/2015 - 18:02:15: [adminchat.amxx] Chat: "BMW_M3_GTR1<48><VALVE_0:4:1725614706><>" tsay "Ownerul!"
L 09/11/2015 - 18:03:26: [admin_zm.amxx] Login: "Dragos^^<49><STEAM_0:0:2145337884><>" kicked due to invalid password (account "Dragos^^") (address "79.113.81.53")
L 09/11/2015 - 18:07:20: [adminvote.amxx] Vote: "BMW_M3_GTR1<48><VALVE_0:4:1725614706><>" vote maps (map#1 "zm_666_brick") (map#2 "zm_army") (map#3 "zm_ice_attack3") (map#4 "")
L 09/11/2015 - 18:07:42: [adminvote.amxx] Vote: Votarea a avut loc cu succes (got "3") (needed "2") (result "changelevel zm_army")
L 09/11/2015 - 18:07:44: [adminvote.amxx] Vote: Rezultat acceptat
L 09/11/2015 - 18:07:46: -------- Mapchange to zm_army --------
L 09/11/2015 - 18:07:47: [extreme_bancfg2.amxx] addons/amxmodx/configs/cfgban/override.txt
L 09/11/2015 - 18:13:32: [admin_zm.amxx] Login: "SM-Player<57><STEAM_0:0:805947115><>" kicked due to invalid password (account "Sm-Player") (address "79.114.16.62")
L 09/11/2015 - 18:13:34: [admin_zm.amxx] Login: "SM-Player<58><STEAM_0:0:805947115><>" kicked due to invalid password (account "Sm-Player") (address "79.114.16.62")
L 09/11/2015 - 18:15:14: -------- Mapchange to zm_newzombie --------
L 09/11/2015 - 18:15:14: [extreme_bancfg2.amxx] addons/amxmodx/configs/cfgban/override.txt
L 09/11/2015 - 18:21:21: [admin_zm.amxx] Login: "PRO-Player-FL<59><STEAM_0:0:1124797185><>" kicked due to invalid password (account "PRO-Player-Fl") (address "176.223.18.160")
L 09/11/2015 - 18:21:26: [admin_zm.amxx] Login: "PRO-Player-FL<60><STEAM_0:0:1124797185><>" kicked due to invalid password (account "PRO-Player-Fl") (address "176.223.18.160")
L 09/11/2015 - 18:21:27: -------- Mapchange to zm_castle_siege2 --------
L 09/11/2015 - 18:21:27: [extreme_bancfg2.amxx] addons/amxmodx/configs/cfgban/override.txt
L 09/11/2015 - 18:22:33: [admin_zm.amxx] Login: "PRO-Player-FL<61><STEAM_0:0:1124797185><>" kicked due to invalid password (account "PRO-Player-Fl") (address "176.223.18.160")
L 09/11/2015 - 18:23:50: -------- Mapchange to zm_mansion_mba --------
L 09/11/2015 - 18:23:51: [extreme_bancfg2.amxx] addons/amxmodx/configs/cfgban/override.txt
L 09/11/2015 - 18:28:11: [admin_zm.amxx] Login: "SM-Player<67><STEAM_0:0:805947115><>" kicked due to invalid password (account "Sm-Player") (address "79.114.16.62")
L 09/11/2015 - 18:29:58: [admin_zm.amxx] Login: "PRO-Player-FL<69><STEAM_0:0:840365229><>" kicked due to invalid password (account "PRO-Player-Fl") (address "5.14.55.152")
L 09/11/2015 - 18:36:41: [admincmd.amxx] Cmd: "BMW_M3_GTR1<75><VALVE_0:4:1725614706><>" ask for players list
L 09/11/2015 - 18:38:18: [admincmd.amxx] Cmd: "BMW_M3_GTR1<75><VALVE_0:4:1725614706><>" changelevel "zm_aztec_defense"
L 09/11/2015 - 18:38:20: -------- Mapchange to zm_aztec_defense --------
L 09/11/2015 - 18:38:20: [extreme_bancfg2.amxx] addons/amxmodx/configs/cfgban/override.txt
L 09/11/2015 - 18:47:46: [admin_zm.amxx] Login: "aaaa<79><STEAM_0:0:512180253><>" kicked due to invalid password (account "aaaa") (address "92.80.74.133")
L 09/11/2015 - 18:47:52: [admin_zm.amxx] Login: "aaaa<81><STEAM_0:0:512180253><>" kicked due to invalid password (account "aaaa") (address "92.80.74.133")
L 09/11/2015 - 18:52:53: [zm_vip_extra_buy_survnem.amxx] BMW_M3_GTR1 a cumparat supravietuitor
L 09/11/2015 - 19:09:48: -------- Mapchange to zm_dust_world --------
L 09/11/2015 - 19:09:49: [extreme_bancfg2.amxx] addons/amxmodx/configs/cfgban/override.txt
L 09/11/2015 - 19:09:54: -------- Mapchange to zm_Snowbase --------
L 09/11/2015 - 19:09:55: [extreme_bancfg2.amxx] addons/amxmodx/configs/cfgban/override.txt
L 09/11/2015 - 19:19:32: [plmenu.amxx] Cmd: "Dragos^^<3><STEAM_0:0:2145337884><>" slay "Andrushka<4><STEAM_0:0:1373426510><>"
L 09/11/2015 - 19:25:03: [admincmd.amxx] Cmd: "Dragos^^<3><STEAM_0:0:2145337884><>" changelevel "zm_aztec_defense"
L 09/11/2015 - 19:25:06: -------- Mapchange to zm_aztec_defense --------
L 09/11/2015 - 19:25:06: [extreme_bancfg2.amxx] addons/amxmodx/configs/cfgban/override.txt
L 09/11/2015 - 19:35:43: [plmenu.amxx] Cmd: "Dragos^^<3><STEAM_0:0:2145337884><>" slay "Dragos^^<3><STEAM_0:0:2145337884><>"
L 09/11/2015 - 19:35:43: [plmenu.amxx] Cmd: "Dragos^^<3><STEAM_0:0:2145337884><>" slay "NikiSmecheru123<9><STEAM_0:0:534211541><>"
L 09/11/2015 - 19:35:44: [plmenu.amxx] Cmd: "Dragos^^<3><STEAM_0:0:2145337884><>" slay "GaNNicus<10><STEAM_0:1:100837872><>"
L 09/11/2015 - 19:38:25: [plmenu.amxx] Cmd: "Dragos^^<3><STEAM_0:0:2145337884><>" transfer "NikiSmecheru123<9><STEAM_0:0:534211541><>" (team "SPECTATOR")
L 09/11/2015 - 19:38:27: [plmenu.amxx] Cmd: "Dragos^^<3><STEAM_0:0:2145337884><>" transfer "GaNNicus<10><STEAM_0:1:100837872><>" (team "SPECTATOR")
L 09/11/2015 - 19:38:28: [plmenu.amxx] Cmd: "Dragos^^<3><STEAM_0:0:2145337884><>" transfer "Dragos^^<3><STEAM_0:0:2145337884><>" (team "SPECTATOR")
L 09/11/2015 - 19:38:59: [plmenu.amxx] Cmd: "Dragos^^<3><STEAM_0:0:2145337884><>" transfer "Dragos^^<3><STEAM_0:0:2145337884><>" (team "TERRORIST")
L 09/11/2015 - 19:51:45: [admincmd.amxx] Ban: "Dragos^^<14><STEAM_0:0:2145337884><>" ban and kick "NikiSmecheru123<9><STEAM_0:0:534211541><>" (minutes "1") (reason "Prost")
L 09/11/2015 - 19:52:05: [admincmd.amxx] Cmd: "Dragos^^<14><STEAM_0:0:2145337884><>" unban "NikiSmecheru123"
L 09/11/2015 - 20:02:43: [admin_zm.amxx] Login: "SM-Player<23><STEAM_0:0:805947115><>" kicked due to invalid password (account "Sm-Player") (address "79.114.16.62")
L 09/11/2015 - 20:09:55: -------- Mapchange to zm_grand_hotel --------
L 09/11/2015 - 20:09:56: [extreme_bancfg2.amxx] addons/amxmodx/configs/cfgban/override.txt
L 09/11/2015 - 20:42:42: -------- Mapchange to zm_heal_dust2 --------
L 09/11/2015 - 20:42:44: [extreme_bancfg2.amxx] addons/amxmodx/configs/cfgban/override.txt
L 09/11/2015 - 21:00:27: [admincmd.amxx] Cmd: "BMW_M3_GTR1<33><VALVE_0:4:836160114><>" changelevel "zm_ice_attack3"
L 09/11/2015 - 21:00:30: -------- Mapchange to zm_ice_attack3 --------
L 09/11/2015 - 21:00:30: [extreme_bancfg2.amxx] addons/amxmodx/configs/cfgban/override.txt
L 09/11/2015 - 21:20:00: [adminchat.amxx] Chat: "BMW_M3_GTR1<33><VALVE_0:4:836160114><>" tsay "Eu am Owner+VIP"
L 09/11/2015 - 21:20:13: [adminchat.amxx] Chat: "BMW_M3_GTR1<33><VALVE_0:4:836160114><>" tsay "AM comanda de euro"
L 09/11/2015 - 21:20:17: [adminchat.amxx] Chat: "BMW_M3_GTR1<33><VALVE_0:4:836160114><>" tsay "asa tiam dat"
L 09/11/2015 - 21:21:23: [plmenu.amxx] Cmd: "BMW_M3_GTR1<33><VALVE_0:4:836160114><>" transfer "SpeedyRoGamer<37><STEAM_0:0:712108407><>" (team "TERRORIST")
L 09/11/2015 - 21:21:24: [plmenu.amxx] Cmd: "BMW_M3_GTR1<33><VALVE_0:4:836160114><>" transfer "SpeedyRoGamer<37><STEAM_0:0:712108407><>" (team "TERRORIST")
L 09/11/2015 - 21:21:24: [plmenu.amxx] Cmd: "BMW_M3_GTR1<33><VALVE_0:4:836160114><>" transfer "SpeedyRoGamer<37><STEAM_0:0:712108407><>" (team "TERRORIST")
L 09/11/2015 - 21:21:25: [plmenu.amxx] Cmd: "BMW_M3_GTR1<33><VALVE_0:4:836160114><>" transfer "SpeedyRoGamer<37><STEAM_0:0:712108407><>" (team "TERRORIST")
L 09/11/2015 - 21:21:25: [plmenu.amxx] Cmd: "BMW_M3_GTR1<33><VALVE_0:4:836160114><>" transfer "SpeedyRoGamer<37><STEAM_0:0:712108407><>" (team "TERRORIST")
L 09/11/2015 - 21:21:25: [plmenu.amxx] Cmd: "BMW_M3_GTR1<33><VALVE_0:4:836160114><>" transfer "SpeedyRoGamer<37><STEAM_0:0:712108407><>" (team "TERRORIST")
L 09/11/2015 - 21:21:26: [plmenu.amxx] Cmd: "BMW_M3_GTR1<33><VALVE_0:4:836160114><>" transfer "SpeedyRoGamer<37><STEAM_0:0:712108407><>" (team "TERRORIST")
L 09/11/2015 - 21:21:27: [plmenu.amxx] Cmd: "BMW_M3_GTR1<33><VALVE_0:4:836160114><>" transfer "SpeedyRoGamer<37><STEAM_0:0:712108407><>" (team "TERRORIST")
L 09/11/2015 - 21:21:27: [plmenu.amxx] Cmd: "BMW_M3_GTR1<33><VALVE_0:4:836160114><>" transfer "SpeedyRoGamer<37><STEAM_0:0:712108407><>" (team "TERRORIST")
L 09/11/2015 - 21:32:09: -------- Mapchange to zm_snow_mix --------
L 09/11/2015 - 21:32:10: [extreme_bancfg2.amxx] addons/amxmodx/configs/cfgban/override.txt
L 09/11/2015 - 21:34:01: [adminchat.amxx] Chat: "BMW_M3_GTR1<41><VALVE_0:4:836160114><>" tsay "Stai vreau sa vad ceva"
L 09/11/2015 - 21:40:36: [admincmd.amxx] Cmd: "BMW_M3_GTR1<41><VALVE_0:4:836160114><>" slap with 0 damage "[KeNt]*ViDcanNN<42><STEAM_0:0:2145337884><>"
L 09/11/2015 - 21:40:37: [admincmd.amxx] Cmd: "BMW_M3_GTR1<41><VALVE_0:4:836160114><>" slap with 0 damage "[KeNt]*ViDcanNN<42><STEAM_0:0:2145337884><>"
L 09/11/2015 - 21:40:37: [admincmd.amxx] Cmd: "BMW_M3_GTR1<41><VALVE_0:4:836160114><>" slap with 0 damage "[KeNt]*ViDcanNN<42><STEAM_0:0:2145337884><>"
L 09/11/2015 - 21:40:37: [admincmd.amxx] Cmd: "BMW_M3_GTR1<41><VALVE_0:4:836160114><>" slap with 0 damage "[KeNt]*ViDcanNN<42><STEAM_0:0:2145337884><>"
L 09/11/2015 - 21:40:37: [admincmd.amxx] Cmd: "BMW_M3_GTR1<41><VALVE_0:4:836160114><>" slap with 0 damage "[KeNt]*ViDcanNN<42><STEAM_0:0:2145337884><>"
L 09/11/2015 - 21:40:37: [admincmd.amxx] Cmd: "BMW_M3_GTR1<41><VALVE_0:4:836160114><>" slap with 0 damage "[KeNt]*ViDcanNN<42><STEAM_0:0:2145337884><>"
L 09/11/2015 - 21:40:38: [admincmd.amxx] Cmd: "BMW_M3_GTR1<41><VALVE_0:4:836160114><>" slap with 0 damage "[KeNt]*ViDcanNN<42><STEAM_0:0:2145337884><>"
L 09/11/2015 - 21:40:38: [admincmd.amxx] Cmd: "BMW_M3_GTR1<41><VALVE_0:4:836160114><>" slap with 0 damage "[KeNt]*ViDcanNN<42><STEAM_0:0:2145337884><>"
L 09/11/2015 - 21:40:38: [admincmd.amxx] Cmd: "BMW_M3_GTR1<41><VALVE_0:4:836160114><>" slap with 0 damage "[KeNt]*ViDcanNN<42><STEAM_0:0:2145337884><>"
L 09/11/2015 - 21:40:38: [admincmd.amxx] Cmd: "BMW_M3_GTR1<41><VALVE_0:4:836160114><>" slap with 0 damage "[KeNt]*ViDcanNN<42><STEAM_0:0:2145337884><>"
L 09/11/2015 - 21:40:39: [admincmd.amxx] Cmd: "BMW_M3_GTR1<41><VALVE_0:4:836160114><>" slap with 0 damage "[KeNt]*ViDcanNN<42><STEAM_0:0:2145337884><>"
L 09/11/2015 - 21:41:52: [admincmd.amxx] Cmd: "BMW_M3_GTR1<41><VALVE_0:4:836160114><>" changelevel "zm_aztec_mini"
L 09/11/2015 - 21:41:54: -------- Mapchange to zm_aztec_mini --------
L 09/11/2015 - 21:41:55: [extreme_bancfg2.amxx] addons/amxmodx/configs/cfgban/override.txt
L 09/11/2015 - 21:42:22: [admincmd.amxx] Cmd: "BMW_M3_GTR1<41><VALVE_0:4:836160114><>" changelevel "zm_aztec_defense"
L 09/11/2015 - 21:42:25: -------- Mapchange to zm_aztec_defense --------
L 09/11/2015 - 21:42:25: [extreme_bancfg2.amxx] addons/amxmodx/configs/cfgban/override.txt
L 09/11/2015 - 21:45:15: [plmenu.amxx] Cmd: "BMW_M3_GTR1<41><VALVE_0:4:836160114><>" transfer "The Best Gamer<49><STEAM_0:0:1256617457><>" (team "CT")
L 09/11/2015 - 21:47:03: [plmenu.amxx] Cmd: "BMW_M3_GTR1<41><VALVE_0:4:836160114><>" transfer "The Best Gamer<49><STEAM_0:0:1256617457><>" (team "TERRORIST")
L 09/11/2015 - 21:47:04: [plmenu.amxx] Cmd: "BMW_M3_GTR1<41><VALVE_0:4:836160114><>" transfer "The Best Gamer<49><STEAM_0:0:1256617457><>" (team "TERRORIST")
L 09/11/2015 - 21:47:04: [plmenu.amxx] Cmd: "BMW_M3_GTR1<41><VALVE_0:4:836160114><>" transfer "The Best Gamer<49><STEAM_0:0:1256617457><>" (team "TERRORIST")
L 09/11/2015 - 21:47:04: [plmenu.amxx] Cmd: "BMW_M3_GTR1<41><VALVE_0:4:836160114><>" transfer "The Best Gamer<49><STEAM_0:0:1256617457><>" (team "TERRORIST")
L 09/11/2015 - 21:47:05: [plmenu.amxx] Cmd: "BMW_M3_GTR1<41><VALVE_0:4:836160114><>" transfer "The Best Gamer<49><STEAM_0:0:1256617457><>" (team "TERRORIST")
L 09/11/2015 - 21:47:05: [plmenu.amxx] Cmd: "BMW_M3_GTR1<41><VALVE_0:4:836160114><>" transfer "The Best Gamer<49><STEAM_0:0:1256617457><>" (team "TERRORIST")
L 09/11/2015 - 21:47:05: [plmenu.amxx] Cmd: "BMW_M3_GTR1<41><VALVE_0:4:836160114><>" transfer "The Best Gamer<49><STEAM_0:0:1256617457><>" (team "TERRORIST")
L 09/11/2015 - 21:47:05: [plmenu.amxx] Cmd: "BMW_M3_GTR1<41><VALVE_0:4:836160114><>" transfer "The Best Gamer<49><STEAM_0:0:1256617457><>" (team "TERRORIST")
L 09/11/2015 - 21:47:05: [plmenu.amxx] Cmd: "BMW_M3_GTR1<41><VALVE_0:4:836160114><>" transfer "The Best Gamer<49><STEAM_0:0:1256617457><>" (team "TERRORIST")
L 09/11/2015 - 21:47:06: [plmenu.amxx] Cmd: "BMW_M3_GTR1<41><VALVE_0:4:836160114><>" transfer "The Best Gamer<49><STEAM_0:0:1256617457><>" (team "TERRORIST")
L 09/11/2015 - 21:47:06: [plmenu.amxx] Cmd: "BMW_M3_GTR1<41><VALVE_0:4:836160114><>" transfer "The Best Gamer<49><STEAM_0:0:1256617457><>" (team "TERRORIST")
L 09/11/2015 - 21:47:06: [plmenu.amxx] Cmd: "BMW_M3_GTR1<41><VALVE_0:4:836160114><>" transfer "The Best Gamer<49><STEAM_0:0:1256617457><>" (team "TERRORIST")
L 09/11/2015 - 21:47:06: [plmenu.amxx] Cmd: "BMW_M3_GTR1<41><VALVE_0:4:836160114><>" transfer "The Best Gamer<49><STEAM_0:0:1256617457><>" (team "TERRORIST")
L 09/11/2015 - 21:47:06: [plmenu.amxx] Cmd: "BMW_M3_GTR1<41><VALVE_0:4:836160114><>" transfer "The Best Gamer<49><STEAM_0:0:1256617457><>" (team "TERRORIST")
L 09/11/2015 - 21:47:07: [plmenu.amxx] Cmd: "BMW_M3_GTR1<41><VALVE_0:4:836160114><>" transfer "The Best Gamer<49><STEAM_0:0:1256617457><>" (team "TERRORIST")
L 09/11/2015 - 21:47:08: [plmenu.amxx] Cmd: "BMW_M3_GTR1<41><VALVE_0:4:836160114><>" transfer "The Best Gamer<49><STEAM_0:0:1256617457><>" (team "TERRORIST")
L 09/11/2015 - 21:47:09: [plmenu.amxx] Cmd: "BMW_M3_GTR1<41><VALVE_0:4:836160114><>" transfer "The Best Gamer<49><STEAM_0:0:1256617457><>" (team "TERRORIST")
L 09/11/2015 - 21:47:09: [plmenu.amxx] Cmd: "BMW_M3_GTR1<41><VALVE_0:4:836160114><>" transfer "The Best Gamer<49><STEAM_0:0:1256617457><>" (team "TERRORIST")
L 09/11/2015 - 21:47:09: [plmenu.amxx] Cmd: "BMW_M3_GTR1<41><VALVE_0:4:836160114><>" transfer "The Best Gamer<49><STEAM_0:0:1256617457><>" (team "TERRORIST")
L 09/11/2015 - 21:47:09: [plmenu.amxx] Cmd: "BMW_M3_GTR1<41><VALVE_0:4:836160114><>" transfer "The Best Gamer<49><STEAM_0:0:1256617457><>" (team "TERRORIST")
L 09/11/2015 - 21:47:10: [plmenu.amxx] Cmd: "BMW_M3_GTR1<41><VALVE_0:4:836160114><>" transfer "The Best Gamer<49><STEAM_0:0:1256617457><>" (team "TERRORIST")
L 09/11/2015 - 21:48:12: [admincmd.amxx] Cmd: "Dragos^^<52><STEAM_0:0:2145337884><>" changelevel "zm_3rooms"
L 09/11/2015 - 21:48:15: -------- Mapchange to zm_3rooms --------
L 09/11/2015 - 21:48:15: [extreme_bancfg2.amxx] addons/amxmodx/configs/cfgban/override.txt
L 09/11/2015 - 21:50:11: [admincmd.amxx] Cmd: "BMW_M3_GTR1<54><VALVE_0:4:836160114><>" changelevel "zm_army"
L 09/11/2015 - 21:50:13: -------- Mapchange to zm_army --------
L 09/11/2015 - 21:50:14: [extreme_bancfg2.amxx] addons/amxmodx/configs/cfgban/override.txt
L 09/11/2015 - 21:51:47: [admincmd.amxx] Cmd: "Dragos^^<52><STEAM_0:0:2145337884><>" changelevel "zm_pis2"
L 09/11/2015 - 21:51:49: -------- Mapchange to zm_pis2 --------
L 09/11/2015 - 21:51:50: [extreme_bancfg2.amxx] addons/amxmodx/configs/cfgban/override.txt
L 09/11/2015 - 21:52:18: [admincmd.amxx] Cmd: "BMW_M3_GTR1<56><VALVE_0:4:836160114><>" changelevel "zm_restart_v3"
L 09/11/2015 - 21:52:21: -------- Mapchange to zm_restart_v3 --------
L 09/11/2015 - 21:52:21: [extreme_bancfg2.amxx] addons/amxmodx/configs/cfgban/override.txt
L 09/11/2015 - 21:53:42: [admincmd.amxx] Cmd: "Dragos^^<57><STEAM_0:0:2145337884><>" changelevel "zm_army_tn_beta3"
L 09/11/2015 - 21:53:44: -------- Mapchange to zm_army_tn_beta3 --------
L 09/11/2015 - 21:53:45: [extreme_bancfg2.amxx] addons/amxmodx/configs/cfgban/override.txt
L 09/11/2015 - 21:54:10: [admincmd.amxx] Cmd: "BMW_M3_GTR1<58><VALVE_0:4:836160114><>" changelevel "zm_ice_attack3"
L 09/11/2015 - 21:54:12: -------- Mapchange to zm_ice_attack3 --------
L 09/11/2015 - 21:54:13: [extreme_bancfg2.amxx] addons/amxmodx/configs/cfgban/override.txt
L 09/11/2015 - 21:55:07: [admincmd.amxx] Cmd: "BMW_M3_GTR1<58><VALVE_0:4:836160114><>" changelevel "zm_infect2_click21"
L 09/11/2015 - 21:55:10: -------- Mapchange to zm_infect2_click21 --------
L 09/11/2015 - 21:55:10: [extreme_bancfg2.amxx] addons/amxmodx/configs/cfgban/override.txt
L 09/11/2015 - 21:55:50: [adminchat.amxx] Chat: "BMW_M3_GTR1<60><VALVE_0:4:836160114><>" tsay "Asta imi place mult mapa "
L 09/11/2015 - 22:57:08: -------- Mapchange to zm_dust_world --------
L 09/11/2015 - 22:57:10: [extreme_bancfg2.amxx] addons/amxmodx/configs/cfgban/override.txt
L 09/11/2015 - 22:57:15: -------- Mapchange to zm_infect2_click21 --------
L 09/11/2015 - 22:57:16: [extreme_bancfg2.amxx] addons/amxmodx/configs/cfgban/override.txt
L 09/11/2015 - 23:31:46: [admin_zm.amxx] Login: "SM-Player<6><STEAM_0:0:1034167257><>" kicked due to invalid password (account "Sm-Player") (address "86.125.236.15")
L 09/11/2015 - 23:42:13: -------- Mapchange to zm_five --------
L 09/11/2015 - 23:42:14: [extreme_bancfg2.amxx] addons/amxmodx/configs/cfgban/override.txt
