L 09/01/2015 - 00:01:25: -------- Mapchange to zm_castle_siege2 --------
L 09/01/2015 - 00:01:25: [extreme_bancfg2.amxx] addons/amxmodx/configs/cfgban/override.txt
L 09/01/2015 - 00:29:36: -------- Mapchange to zm_3rooms --------
L 09/01/2015 - 00:29:37: [extreme_bancfg2.amxx] addons/amxmodx/configs/cfgban/override.txt
L 09/01/2015 - 00:57:48: -------- Mapchange to zm_ice_attack --------
L 09/01/2015 - 00:57:49: [extreme_bancfg2.amxx] addons/amxmodx/configs/cfgban/override.txt
L 09/01/2015 - 01:26:01: -------- Mapchange to zm_fortuna --------
L 09/01/2015 - 01:26:01: [extreme_bancfg2.amxx] addons/amxmodx/configs/cfgban/override.txt
L 09/01/2015 - 01:54:13: -------- Mapchange to zm_ceronUA --------
L 09/01/2015 - 01:54:14: [extreme_bancfg2.amxx] addons/amxmodx/configs/cfgban/override.txt
L 09/01/2015 - 02:22:25: -------- Mapchange to zm_humans --------
L 09/01/2015 - 02:22:25: [extreme_bancfg2.amxx] addons/amxmodx/configs/cfgban/override.txt
L 09/01/2015 - 02:50:36: -------- Mapchange to zm_electro_winter --------
L 09/01/2015 - 02:50:37: [extreme_bancfg2.amxx] addons/amxmodx/configs/cfgban/override.txt
L 09/01/2015 - 03:18:48: -------- Mapchange to zm_army_tn_beta3 --------
L 09/01/2015 - 03:18:49: [extreme_bancfg2.amxx] addons/amxmodx/configs/cfgban/override.txt
L 09/01/2015 - 03:47:02: -------- Mapchange to zm_grand_hotel --------
L 09/01/2015 - 03:47:02: [extreme_bancfg2.amxx] addons/amxmodx/configs/cfgban/override.txt
L 09/01/2015 - 04:15:13: -------- Mapchange to zm_zod_aztec --------
L 09/01/2015 - 04:15:14: [extreme_bancfg2.amxx] addons/amxmodx/configs/cfgban/override.txt
L 09/01/2015 - 04:43:25: -------- Mapchange to zm_office --------
L 09/01/2015 - 04:43:26: [extreme_bancfg2.amxx] addons/amxmodx/configs/cfgban/override.txt
L 09/01/2015 - 05:11:37: -------- Mapchange to zm_death_alley --------
L 09/01/2015 - 05:11:37: [extreme_bancfg2.amxx] addons/amxmodx/configs/cfgban/override.txt
L 09/01/2015 - 05:39:48: -------- Mapchange to zm_aztec_defense --------
L 09/01/2015 - 05:39:49: [extreme_bancfg2.amxx] addons/amxmodx/configs/cfgban/override.txt
L 09/01/2015 - 06:08:00: -------- Mapchange to zm_lost_place --------
L 09/01/2015 - 06:08:01: [extreme_bancfg2.amxx] addons/amxmodx/configs/cfgban/override.txt
L 09/01/2015 - 06:36:12: -------- Mapchange to zm_westwood_click21 --------
L 09/01/2015 - 06:36:12: [extreme_bancfg2.amxx] addons/amxmodx/configs/cfgban/override.txt
L 09/01/2015 - 07:04:24: -------- Mapchange to zm_assault_shadow --------
L 09/01/2015 - 07:04:25: [extreme_bancfg2.amxx] addons/amxmodx/configs/cfgban/override.txt
L 09/01/2015 - 07:32:37: -------- Mapchange to zm_westwood --------
L 09/01/2015 - 07:32:38: [extreme_bancfg2.amxx] addons/amxmodx/configs/cfgban/override.txt
L 09/01/2015 - 07:41:43: -------- Mapchange to zm_infect2_click21 --------
L 09/01/2015 - 07:41:44: [extreme_bancfg2.amxx] addons/amxmodx/configs/cfgban/override.txt
L 09/01/2015 - 07:45:45: -------- Mapchange to zm_ceronUA --------
L 09/01/2015 - 07:45:46: [extreme_bancfg2.amxx] addons/amxmodx/configs/cfgban/override.txt
L 09/01/2015 - 08:09:56: -------- Mapchange to zm_aztec_temple --------
L 09/01/2015 - 08:09:57: [extreme_bancfg2.amxx] addons/amxmodx/configs/cfgban/override.txt
L 09/01/2015 - 08:38:09: -------- Mapchange to zm_fear --------
L 09/01/2015 - 08:38:10: [extreme_bancfg2.amxx] addons/amxmodx/configs/cfgban/override.txt
L 09/01/2015 - 09:06:21: -------- Mapchange to zm_dwarf_ultimate --------
L 09/01/2015 - 09:06:22: [extreme_bancfg2.amxx] addons/amxmodx/configs/cfgban/override.txt
L 09/01/2015 - 09:34:34: -------- Mapchange to zm_assault_attack --------
L 09/01/2015 - 09:34:34: [extreme_bancfg2.amxx] addons/amxmodx/configs/cfgban/override.txt
L 09/01/2015 - 10:02:46: -------- Mapchange to zm_dust2snow_2011 --------
L 09/01/2015 - 10:02:47: [extreme_bancfg2.amxx] addons/amxmodx/configs/cfgban/override.txt
L 09/01/2015 - 10:30:58: -------- Mapchange to zm_aztec_mini --------
L 09/01/2015 - 10:30:59: [extreme_bancfg2.amxx] addons/amxmodx/configs/cfgban/override.txt
L 09/01/2015 - 10:59:11: -------- Mapchange to zm_run_while_u_can --------
L 09/01/2015 - 10:59:11: [extreme_bancfg2.amxx] addons/amxmodx/configs/cfgban/override.txt
L 09/01/2015 - 11:14:27: [admin_zm.amxx] Login: "SM-Player<65><STEAM_0:0:1824876981><>" kicked due to invalid password (account "Sm-Player") (address "109.100.176.8")
L 09/01/2015 - 11:36:38: -------- Mapchange to zm_newzombie --------
L 09/01/2015 - 11:36:39: [extreme_bancfg2.amxx] addons/amxmodx/configs/cfgban/override.txt
L 09/01/2015 - 11:42:09: [admin_zm.amxx] Login: "SwisS<70><STEAM_0:1:100837872><>" kicked due to invalid password (account "SwiSS") (address "109.100.131.170")
L 09/01/2015 - 12:11:21: -------- Mapchange to zm_office --------
L 09/01/2015 - 12:11:22: [extreme_bancfg2.amxx] addons/amxmodx/configs/cfgban/override.txt
L 09/01/2015 - 12:47:59: -------- Mapchange to zm_ice_attack3 --------
L 09/01/2015 - 12:48:00: [extreme_bancfg2.amxx] addons/amxmodx/configs/cfgban/override.txt
L 09/01/2015 - 13:02:47: [admin_zm.amxx] Login: "SwiSS<80><STEAM_0:1:100837872><>" kicked due to invalid password (account "SwiSS") (address "109.100.131.170")
L 09/01/2015 - 13:03:03: [admin_zm.amxx] Login: "SwiSS<95><STEAM_0:1:100837872><>" kicked due to invalid password (account "SwiSS") (address "109.100.131.170")
L 09/01/2015 - 13:04:41: [admin_zm.amxx] Login: "xxIONUTxx<98><STEAM_0:0:1742797036><>" kicked due to invalid password (account "xxIONUTxx") (address "188.26.196.17")
L 09/01/2015 - 13:18:20: -------- Mapchange to zm_dust_world --------
L 09/01/2015 - 13:18:21: [extreme_bancfg2.amxx] addons/amxmodx/configs/cfgban/override.txt
L 09/01/2015 - 13:18:28: -------- Mapchange to zm_inferno --------
L 09/01/2015 - 13:18:29: [extreme_bancfg2.amxx] addons/amxmodx/configs/cfgban/override.txt
L 09/01/2015 - 13:30:43: [admin_zm.amxx] Login: "GRr3<12><STEAM_0:0:1034167257><>" kicked due to invalid password (account "GRr3") (address "86.125.236.15")
L 09/01/2015 - 13:52:13: -------- Mapchange to zm_3rooms --------
L 09/01/2015 - 13:52:13: [extreme_bancfg2.amxx] addons/amxmodx/configs/cfgban/override.txt
L 09/01/2015 - 14:23:19: -------- Mapchange to zm_assault_attack --------
L 09/01/2015 - 14:23:20: [extreme_bancfg2.amxx] addons/amxmodx/configs/cfgban/override.txt
L 09/01/2015 - 14:51:47: -------- Mapchange to zm_grand_hotel --------
L 09/01/2015 - 14:51:48: [extreme_bancfg2.amxx] addons/amxmodx/configs/cfgban/override.txt
L 09/01/2015 - 14:57:03: [admin_zm.amxx] Login: "PRO-Player-FL<59><STEAM_0:0:840365229><>" kicked due to invalid password (account "PRO-Player-Fl") (address "5.14.29.220")
L 09/01/2015 - 15:02:01: -------- Mapchange to zm_five --------
L 09/01/2015 - 15:02:02: [extreme_bancfg2.amxx] addons/amxmodx/configs/cfgban/override.txt
L 09/01/2015 - 15:25:42: [admin_zm.amxx] Login: "PRO-Player-FL<81><STEAM_0:0:840365229><>" kicked due to invalid password (account "PRO-Player-Fl") (address "5.14.29.220")
L 09/01/2015 - 15:26:12: -------- Mapchange to zm_dust_world --------
L 09/01/2015 - 15:26:13: [extreme_bancfg2.amxx] addons/amxmodx/configs/cfgban/override.txt
L 09/01/2015 - 15:26:19: -------- Mapchange to zm_house_2011 --------
L 09/01/2015 - 15:26:19: [extreme_bancfg2.amxx] addons/amxmodx/configs/cfgban/override.txt
L 09/01/2015 - 15:57:27: -------- Mapchange to zm_army --------
L 09/01/2015 - 15:57:28: [extreme_bancfg2.amxx] addons/amxmodx/configs/cfgban/override.txt
L 09/01/2015 - 16:16:51: [admin_zm.amxx] Login: "PRO-Player-FL<29><STEAM_0:0:840365229><>" kicked due to invalid password (account "PRO-Player-Fl") (address "5.14.17.145")
L 09/01/2015 - 16:20:04: [admin_zm.amxx] Login: "PRO-Player-FL<33><STEAM_0:0:579120580><>" kicked due to invalid password (account "PRO-Player-Fl") (address "5.12.78.88")
L 09/01/2015 - 16:24:37: [admin_zm.amxx] Login: "PRO-Player-FL<37><STEAM_0:0:579120580><>" kicked due to invalid password (account "PRO-Player-Fl") (address "5.12.78.88")
L 09/01/2015 - 16:26:06: [admin_zm.amxx] Login: "PRO-Player-FL<38><STEAM_0:0:579120580><>" kicked due to invalid password (account "PRO-Player-Fl") (address "5.12.78.88")
L 09/01/2015 - 16:26:13: [admin_zm.amxx] Login: "Cristian<39><VALVE_0:4:1315527666><>" kicked due to invalid password (account "Cristian") (address "92.85.142.53")
L 09/01/2015 - 16:33:57: -------- Mapchange to zm_dwarf --------
L 09/01/2015 - 16:33:58: [extreme_bancfg2.amxx] addons/amxmodx/configs/cfgban/override.txt
L 09/01/2015 - 17:03:38: -------- Mapchange to zm_ice_attack --------
L 09/01/2015 - 17:03:39: [extreme_bancfg2.amxx] addons/amxmodx/configs/cfgban/override.txt
L 09/01/2015 - 17:13:30: [admin_zm.amxx] Login: "PRO-Player-FL<79><STEAM_0:0:579120580><>" kicked due to invalid password (account "PRO-Player-Fl") (address "5.12.78.88")
L 09/01/2015 - 17:40:24: -------- Mapchange to zm_snowbase3 --------
L 09/01/2015 - 17:40:29: [extreme_bancfg2.amxx] addons/amxmodx/configs/cfgban/override.txt
L 09/01/2015 - 17:46:35: [admin_zm.amxx] Login: "GRr3<98><STEAM_0:0:1034167257><>" kicked due to invalid password (account "GRr3") (address "86.125.236.15")
L 09/01/2015 - 18:11:49: -------- Mapchange to zm_666_brick --------
L 09/01/2015 - 18:11:50: [extreme_bancfg2.amxx] addons/amxmodx/configs/cfgban/override.txt
L 09/01/2015 - 18:42:41: -------- Mapchange to zm_aztec_mini --------
L 09/01/2015 - 18:42:42: [extreme_bancfg2.amxx] addons/amxmodx/configs/cfgban/override.txt
L 09/01/2015 - 18:44:07: [admincmd.amxx] Cmd: "BMW_M3_GTR1<117><VALVE_0:4:467658352><>" changelevel "zm_ice_attack3"
L 09/01/2015 - 18:44:09: -------- Mapchange to zm_ice_attack3 --------
L 09/01/2015 - 18:44:10: [extreme_bancfg2.amxx] addons/amxmodx/configs/cfgban/override.txt
L 09/01/2015 - 18:45:47: [admincmd.amxx] Cmd: "BMW_M3_GTR1<119><VALVE_0:4:467658352><>" change nick to "os" "Zombie.Siders.Ro<114><STEAM_0:0:579120580><>"
L 09/01/2015 - 18:54:12: [adminchat.amxx] Chat: "BMW_M3_GTR1<119><VALVE_0:4:467658352><>" tsay "Ce nume vrei la icp?"
L 09/01/2015 - 19:03:01: [adminchat.amxx] Chat: "BMW_M3_GTR1<126><VALVE_0:4:467658352><>" tsay "C Iti pun numele carel ai acum si pe icp?"
L 09/01/2015 - 19:03:15: [adminchat.amxx] Chat: "BMW_M3_GTR1<126><VALVE_0:4:467658352><>" tsay "iti pun numele carel ai acum si pe icp?"
L 09/01/2015 - 19:03:28: [adminchat.amxx] Chat: "BMW_M3_GTR1<126><VALVE_0:4:467658352><>" tsay "Doar cata?"
L 09/01/2015 - 19:03:48: [adminchat.amxx] Chat: "BMW_M3_GTR1<126><VALVE_0:4:467658352><>" tsay "Uitativa in top 4000 =DDDD"
L 09/01/2015 - 19:04:25: [adminchat.amxx] Chat: "BMW_M3_GTR1<126><VALVE_0:4:467658352><>" tsay "/top15"
L 09/01/2015 - 19:07:08: [adminchat.amxx] Chat: "BMW_M3_GTR1<126><VALVE_0:4:467658352><>" psay ".::Catalin::.<118><VALVE_0:4:1787344368><>" "Fi atent ai numele Cata si parola cataboss ce tiam scris acum e pe privat"
L 09/01/2015 - 19:07:09: [adminchat.amxx] Chat: "BMW_M3_GTR1<126><VALVE_0:4:467658352><>" psay ".::Catalin::.<118><VALVE_0:4:1787344368><>" "Fi atent ai numele Cata si parola cataboss ce tiam scris acum e pe privat "
L 09/01/2015 - 19:07:09: [adminchat.amxx] Chat: "BMW_M3_GTR1<126><VALVE_0:4:467658352><>" psay ".::Catalin::.<118><VALVE_0:4:1787344368><>" "Fi atent ai numele Cata si parola cataboss ce tiam scris acum e pe privat "
L 09/01/2015 - 19:07:09: [adminchat.amxx] Chat: "BMW_M3_GTR1<126><VALVE_0:4:467658352><>" psay ".::Catalin::.<118><VALVE_0:4:1787344368><>" "Fi atent ai numele Cata si parola cataboss ce tiam scris acum e pe privat "
L 09/01/2015 - 19:07:09: [adminchat.amxx] Chat: "BMW_M3_GTR1<126><VALVE_0:4:467658352><>" psay ".::Catalin::.<118><VALVE_0:4:1787344368><>" "Fi atent ai numele Cata si parola cataboss ce tiam scris acum e pe privat "
L 09/01/2015 - 19:07:10: [adminchat.amxx] Chat: "BMW_M3_GTR1<126><VALVE_0:4:467658352><>" psay ".::Catalin::.<118><VALVE_0:4:1787344368><>" "Fi atent ai numele Cata si parola cataboss ce tiam scris acum e pe privat "
L 09/01/2015 - 19:07:10: [adminchat.amxx] Chat: "BMW_M3_GTR1<126><VALVE_0:4:467658352><>" psay ".::Catalin::.<118><VALVE_0:4:1787344368><>" "Fi atent ai numele Cata si parola cataboss ce tiam scris acum e pe privat "
L 09/01/2015 - 19:07:10: [adminchat.amxx] Chat: "BMW_M3_GTR1<126><VALVE_0:4:467658352><>" psay ".::Catalin::.<118><VALVE_0:4:1787344368><>" "Fi atent ai numele Cata si parola cataboss ce tiam scris acum e pe privat "
L 09/01/2015 - 19:07:10: [adminchat.amxx] Chat: "BMW_M3_GTR1<126><VALVE_0:4:467658352><>" psay ".::Catalin::.<118><VALVE_0:4:1787344368><>" "Fi atent ai numele Cata si parola cataboss ce tiam scris acum e pe privat "
L 09/01/2015 - 19:07:10: [adminchat.amxx] Chat: "BMW_M3_GTR1<126><VALVE_0:4:467658352><>" psay ".::Catalin::.<118><VALVE_0:4:1787344368><>" "Fi atent ai numele Cata si parola cataboss ce tiam scris acum e pe privat "
L 09/01/2015 - 19:07:11: [adminchat.amxx] Chat: "BMW_M3_GTR1<126><VALVE_0:4:467658352><>" psay ".::Catalin::.<118><VALVE_0:4:1787344368><>" "Fi atent ai numele Cata si parola cataboss ce tiam scris acum e pe privat "
L 09/01/2015 - 19:07:11: [adminchat.amxx] Chat: "BMW_M3_GTR1<126><VALVE_0:4:467658352><>" psay ".::Catalin::.<118><VALVE_0:4:1787344368><>" "Fi atent ai numele Cata si parola cataboss ce tiam scris acum e pe privat "
L 09/01/2015 - 19:07:11: [adminchat.amxx] Chat: "BMW_M3_GTR1<126><VALVE_0:4:467658352><>" psay ".::Catalin::.<118><VALVE_0:4:1787344368><>" "Fi atent ai numele Cata si parola cataboss ce tiam scris acum e pe privat "
L 09/01/2015 - 19:07:11: [adminchat.amxx] Chat: "BMW_M3_GTR1<126><VALVE_0:4:467658352><>" psay ".::Catalin::.<118><VALVE_0:4:1787344368><>" "Fi atent ai numele Cata si parola cataboss ce tiam scris acum e pe privat "
L 09/01/2015 - 19:07:12: [adminchat.amxx] Chat: "BMW_M3_GTR1<126><VALVE_0:4:467658352><>" psay ".::Catalin::.<118><VALVE_0:4:1787344368><>" "Fi atent ai numele Cata si parola cataboss ce tiam scris acum e pe privat "
L 09/01/2015 - 19:07:12: [adminchat.amxx] Chat: "BMW_M3_GTR1<126><VALVE_0:4:467658352><>" psay ".::Catalin::.<118><VALVE_0:4:1787344368><>" "Fi atent ai numele Cata si parola cataboss ce tiam scris acum e pe privat "
L 09/01/2015 - 19:07:12: [adminchat.amxx] Chat: "BMW_M3_GTR1<126><VALVE_0:4:467658352><>" psay ".::Catalin::.<118><VALVE_0:4:1787344368><>" "Fi atent ai numele Cata si parola cataboss ce tiam scris acum e pe privat "
L 09/01/2015 - 19:07:12: [adminchat.amxx] Chat: "BMW_M3_GTR1<126><VALVE_0:4:467658352><>" psay ".::Catalin::.<118><VALVE_0:4:1787344368><>" "Fi atent ai numele Cata si parola cataboss ce tiam scris acum e pe privat "
L 09/01/2015 - 19:07:13: [adminchat.amxx] Chat: "BMW_M3_GTR1<126><VALVE_0:4:467658352><>" psay ".::Catalin::.<118><VALVE_0:4:1787344368><>" "Fi atent ai numele Cata si parola cataboss ce tiam scris acum e pe privat "
L 09/01/2015 - 19:07:28: [adminchat.amxx] Chat: "BMW_M3_GTR1<126><VALVE_0:4:467658352><>" psay ".::Catalin::.<118><VALVE_0:4:1787344368><>" "Fi atent ai numele Cata si parola cataboss ce tiam scris acum e pe privat "
L 09/01/2015 - 19:07:28: [adminchat.amxx] Chat: "BMW_M3_GTR1<126><VALVE_0:4:467658352><>" psay ".::Catalin::.<118><VALVE_0:4:1787344368><>" "Fi atent ai numele Cata si parola cataboss ce tiam scris acum e pe privat "
L 09/01/2015 - 19:07:28: [adminchat.amxx] Chat: "BMW_M3_GTR1<126><VALVE_0:4:467658352><>" psay ".::Catalin::.<118><VALVE_0:4:1787344368><>" "Fi atent ai numele Cata si parola cataboss ce tiam scris acum e pe privat "
L 09/01/2015 - 19:07:29: [adminchat.amxx] Chat: "BMW_M3_GTR1<126><VALVE_0:4:467658352><>" psay ".::Catalin::.<118><VALVE_0:4:1787344368><>" "Fi atent ai numele Cata si parola cataboss ce tiam scris acum e pe privat "
L 09/01/2015 - 19:07:29: [adminchat.amxx] Chat: "BMW_M3_GTR1<126><VALVE_0:4:467658352><>" psay ".::Catalin::.<118><VALVE_0:4:1787344368><>" "Fi atent ai numele Cata si parola cataboss ce tiam scris acum e pe privat "
L 09/01/2015 - 19:07:29: [adminchat.amxx] Chat: "BMW_M3_GTR1<126><VALVE_0:4:467658352><>" psay ".::Catalin::.<118><VALVE_0:4:1787344368><>" "Fi atent ai numele Cata si parola cataboss ce tiam scris acum e pe privat "
L 09/01/2015 - 19:07:29: [adminchat.amxx] Chat: "BMW_M3_GTR1<126><VALVE_0:4:467658352><>" psay ".::Catalin::.<118><VALVE_0:4:1787344368><>" "Fi atent ai numele Cata si parola cataboss ce tiam scris acum e pe privat "
L 09/01/2015 - 19:07:30: [adminchat.amxx] Chat: "BMW_M3_GTR1<126><VALVE_0:4:467658352><>" psay ".::Catalin::.<118><VALVE_0:4:1787344368><>" "Fi atent ai numele Cata si parola cataboss ce tiam scris acum e pe privat "
L 09/01/2015 - 19:07:30: [adminchat.amxx] Chat: "BMW_M3_GTR1<126><VALVE_0:4:467658352><>" psay ".::Catalin::.<118><VALVE_0:4:1787344368><>" "Fi atent ai numele Cata si parola cataboss ce tiam scris acum e pe privat "
L 09/01/2015 - 19:07:30: [adminchat.amxx] Chat: "BMW_M3_GTR1<126><VALVE_0:4:467658352><>" psay ".::Catalin::.<118><VALVE_0:4:1787344368><>" "Fi atent ai numele Cata si parola cataboss ce tiam scris acum e pe privat "
L 09/01/2015 - 19:07:30: [adminchat.amxx] Chat: "BMW_M3_GTR1<126><VALVE_0:4:467658352><>" psay ".::Catalin::.<118><VALVE_0:4:1787344368><>" "Fi atent ai numele Cata si parola cataboss ce tiam scris acum e pe privat "
L 09/01/2015 - 19:07:30: [adminchat.amxx] Chat: "BMW_M3_GTR1<126><VALVE_0:4:467658352><>" psay ".::Catalin::.<118><VALVE_0:4:1787344368><>" "Fi atent ai numele Cata si parola cataboss ce tiam scris acum e pe privat "
L 09/01/2015 - 19:07:31: [adminchat.amxx] Chat: "BMW_M3_GTR1<126><VALVE_0:4:467658352><>" psay ".::Catalin::.<118><VALVE_0:4:1787344368><>" "Fi atent ai numele Cata si parola cataboss ce tiam scris acum e pe privat "
L 09/01/2015 - 19:07:31: [adminchat.amxx] Chat: "BMW_M3_GTR1<126><VALVE_0:4:467658352><>" psay ".::Catalin::.<118><VALVE_0:4:1787344368><>" "Fi atent ai numele Cata si parola cataboss ce tiam scris acum e pe privat "
L 09/01/2015 - 19:07:31: [adminchat.amxx] Chat: "BMW_M3_GTR1<126><VALVE_0:4:467658352><>" psay ".::Catalin::.<118><VALVE_0:4:1787344368><>" "Fi atent ai numele Cata si parola cataboss ce tiam scris acum e pe privat "
L 09/01/2015 - 19:07:31: [adminchat.amxx] Chat: "BMW_M3_GTR1<126><VALVE_0:4:467658352><>" psay ".::Catalin::.<118><VALVE_0:4:1787344368><>" "Fi atent ai numele Cata si parola cataboss ce tiam scris acum e pe privat "
L 09/01/2015 - 19:07:47: [adminchat.amxx] Chat: "BMW_M3_GTR1<126><VALVE_0:4:467658352><>" tsay "Ai inteles?"
L 09/01/2015 - 19:07:53: [adminchat.amxx] Chat: "BMW_M3_GTR1<126><VALVE_0:4:467658352><>" tsay "Ai inteles?"
L 09/01/2015 - 19:08:02: [adminchat.amxx] Chat: "BMW_M3_GTR1<126><VALVE_0:4:467658352><>" psay ".::Catalin::.<118><VALVE_0:4:1787344368><>" "Fi atent ai numele Cata si parola cataboss ce tiam scris acum e pe privat "
L 09/01/2015 - 19:08:02: [adminchat.amxx] Chat: "BMW_M3_GTR1<126><VALVE_0:4:467658352><>" psay ".::Catalin::.<118><VALVE_0:4:1787344368><>" "Fi atent ai numele Cata si parola cataboss ce tiam scris acum e pe privat "
L 09/01/2015 - 19:08:03: [adminchat.amxx] Chat: "BMW_M3_GTR1<126><VALVE_0:4:467658352><>" psay ".::Catalin::.<118><VALVE_0:4:1787344368><>" "Fi atent ai numele Cata si parola cataboss ce tiam scris acum e pe privat "
L 09/01/2015 - 19:08:03: [adminchat.amxx] Chat: "BMW_M3_GTR1<126><VALVE_0:4:467658352><>" psay ".::Catalin::.<118><VALVE_0:4:1787344368><>" "Fi atent ai numele Cata si parola cataboss ce tiam scris acum e pe privat "
L 09/01/2015 - 19:08:03: [adminchat.amxx] Chat: "BMW_M3_GTR1<126><VALVE_0:4:467658352><>" psay ".::Catalin::.<118><VALVE_0:4:1787344368><>" "Fi atent ai numele Cata si parola cataboss ce tiam scris acum e pe privat "
L 09/01/2015 - 19:08:03: [adminchat.amxx] Chat: "BMW_M3_GTR1<126><VALVE_0:4:467658352><>" psay ".::Catalin::.<118><VALVE_0:4:1787344368><>" "Fi atent ai numele Cata si parola cataboss ce tiam scris acum e pe privat "
L 09/01/2015 - 19:08:04: [adminchat.amxx] Chat: "BMW_M3_GTR1<126><VALVE_0:4:467658352><>" psay ".::Catalin::.<118><VALVE_0:4:1787344368><>" "Fi atent ai numele Cata si parola cataboss ce tiam scris acum e pe privat "
L 09/01/2015 - 19:08:04: [adminchat.amxx] Chat: "BMW_M3_GTR1<126><VALVE_0:4:467658352><>" psay ".::Catalin::.<118><VALVE_0:4:1787344368><>" "Fi atent ai numele Cata si parola cataboss ce tiam scris acum e pe privat "
L 09/01/2015 - 19:08:04: [adminchat.amxx] Chat: "BMW_M3_GTR1<126><VALVE_0:4:467658352><>" psay ".::Catalin::.<118><VALVE_0:4:1787344368><>" "Fi atent ai numele Cata si parola cataboss ce tiam scris acum e pe privat "
L 09/01/2015 - 19:08:04: [adminchat.amxx] Chat: "BMW_M3_GTR1<126><VALVE_0:4:467658352><>" psay ".::Catalin::.<118><VALVE_0:4:1787344368><>" "Fi atent ai numele Cata si parola cataboss ce tiam scris acum e pe privat "
L 09/01/2015 - 19:08:05: [adminchat.amxx] Chat: "BMW_M3_GTR1<126><VALVE_0:4:467658352><>" psay ".::Catalin::.<118><VALVE_0:4:1787344368><>" "Fi atent ai numele Cata si parola cataboss ce tiam scris acum e pe privat "
L 09/01/2015 - 19:08:05: [adminchat.amxx] Chat: "BMW_M3_GTR1<126><VALVE_0:4:467658352><>" psay ".::Catalin::.<118><VALVE_0:4:1787344368><>" "Fi atent ai numele Cata si parola cataboss ce tiam scris acum e pe privat "
L 09/01/2015 - 19:08:07: [adminchat.amxx] Chat: "BMW_M3_GTR1<126><VALVE_0:4:467658352><>" psay ".::Catalin::.<118><VALVE_0:4:1787344368><>" "Fi atent ai numele Cata si parola cataboss ce tiam scris acum e pe privat "
L 09/01/2015 - 19:08:08: [adminchat.amxx] Chat: "BMW_M3_GTR1<126><VALVE_0:4:467658352><>" psay ".::Catalin::.<118><VALVE_0:4:1787344368><>" "Fi atent ai numele Cata si parola cataboss ce tiam scris acum e pe privat "
L 09/01/2015 - 19:08:08: [adminchat.amxx] Chat: "BMW_M3_GTR1<126><VALVE_0:4:467658352><>" psay ".::Catalin::.<118><VALVE_0:4:1787344368><>" "Fi atent ai numele Cata si parola cataboss ce tiam scris acum e pe privat "
L 09/01/2015 - 19:08:08: [adminchat.amxx] Chat: "BMW_M3_GTR1<126><VALVE_0:4:467658352><>" psay ".::Catalin::.<118><VALVE_0:4:1787344368><>" "Fi atent ai numele Cata si parola cataboss ce tiam scris acum e pe privat "
L 09/01/2015 - 19:08:08: [adminchat.amxx] Chat: "BMW_M3_GTR1<126><VALVE_0:4:467658352><>" psay ".::Catalin::.<118><VALVE_0:4:1787344368><>" "Fi atent ai numele Cata si parola cataboss ce tiam scris acum e pe privat "
L 09/01/2015 - 19:08:09: [adminchat.amxx] Chat: "BMW_M3_GTR1<126><VALVE_0:4:467658352><>" psay ".::Catalin::.<118><VALVE_0:4:1787344368><>" "Fi atent ai numele Cata si parola cataboss ce tiam scris acum e pe privat "
L 09/01/2015 - 19:08:09: [adminchat.amxx] Chat: "BMW_M3_GTR1<126><VALVE_0:4:467658352><>" psay ".::Catalin::.<118><VALVE_0:4:1787344368><>" "Fi atent ai numele Cata si parola cataboss ce tiam scris acum e pe privat "
L 09/01/2015 - 19:08:09: [adminchat.amxx] Chat: "BMW_M3_GTR1<126><VALVE_0:4:467658352><>" psay ".::Catalin::.<118><VALVE_0:4:1787344368><>" "Fi atent ai numele Cata si parola cataboss ce tiam scris acum e pe privat "
L 09/01/2015 - 19:08:09: [adminchat.amxx] Chat: "BMW_M3_GTR1<126><VALVE_0:4:467658352><>" psay ".::Catalin::.<118><VALVE_0:4:1787344368><>" "Fi atent ai numele Cata si parola cataboss ce tiam scris acum e pe privat "
L 09/01/2015 - 19:08:10: [adminchat.amxx] Chat: "BMW_M3_GTR1<126><VALVE_0:4:467658352><>" psay ".::Catalin::.<118><VALVE_0:4:1787344368><>" "Fi atent ai numele Cata si parola cataboss ce tiam scris acum e pe privat "
L 09/01/2015 - 19:08:26: [adminchat.amxx] Chat: "BMW_M3_GTR1<126><VALVE_0:4:467658352><>" psay ".::Catalin::.<118><VALVE_0:4:1787344368><>" "Fi atent ai numele Cata si parola cataboss ce tiam scris acum e pe privat "
L 09/01/2015 - 19:08:26: [adminchat.amxx] Chat: "BMW_M3_GTR1<126><VALVE_0:4:467658352><>" psay ".::Catalin::.<118><VALVE_0:4:1787344368><>" "Fi atent ai numele Cata si parola cataboss ce tiam scris acum e pe privat "
L 09/01/2015 - 19:08:27: [adminchat.amxx] Chat: "BMW_M3_GTR1<126><VALVE_0:4:467658352><>" psay ".::Catalin::.<118><VALVE_0:4:1787344368><>" "Fi atent ai numele Cata si parola cataboss ce tiam scris acum e pe privat "
L 09/01/2015 - 19:08:27: [adminchat.amxx] Chat: "BMW_M3_GTR1<126><VALVE_0:4:467658352><>" psay ".::Catalin::.<118><VALVE_0:4:1787344368><>" "Fi atent ai numele Cata si parola cataboss ce tiam scris acum e pe privat "
L 09/01/2015 - 19:08:27: [adminchat.amxx] Chat: "BMW_M3_GTR1<126><VALVE_0:4:467658352><>" psay ".::Catalin::.<118><VALVE_0:4:1787344368><>" "Fi atent ai numele Cata si parola cataboss ce tiam scris acum e pe privat "
L 09/01/2015 - 19:08:27: [adminchat.amxx] Chat: "BMW_M3_GTR1<126><VALVE_0:4:467658352><>" psay ".::Catalin::.<118><VALVE_0:4:1787344368><>" "Fi atent ai numele Cata si parola cataboss ce tiam scris acum e pe privat "
L 09/01/2015 - 19:08:28: [adminchat.amxx] Chat: "BMW_M3_GTR1<126><VALVE_0:4:467658352><>" psay ".::Catalin::.<118><VALVE_0:4:1787344368><>" "Fi atent ai numele Cata si parola cataboss ce tiam scris acum e pe privat "
L 09/01/2015 - 19:08:28: [adminchat.amxx] Chat: "BMW_M3_GTR1<126><VALVE_0:4:467658352><>" psay ".::Catalin::.<118><VALVE_0:4:1787344368><>" "Fi atent ai numele Cata si parola cataboss ce tiam scris acum e pe privat "
L 09/01/2015 - 19:08:28: [adminchat.amxx] Chat: "BMW_M3_GTR1<126><VALVE_0:4:467658352><>" psay ".::Catalin::.<118><VALVE_0:4:1787344368><>" "Fi atent ai numele Cata si parola cataboss ce tiam scris acum e pe privat "
L 09/01/2015 - 19:08:28: [adminchat.amxx] Chat: "BMW_M3_GTR1<126><VALVE_0:4:467658352><>" psay ".::Catalin::.<118><VALVE_0:4:1787344368><>" "Fi atent ai numele Cata si parola cataboss ce tiam scris acum e pe privat "
L 09/01/2015 - 19:08:29: [adminchat.amxx] Chat: "BMW_M3_GTR1<126><VALVE_0:4:467658352><>" psay ".::Catalin::.<118><VALVE_0:4:1787344368><>" "Fi atent ai numele Cata si parola cataboss ce tiam scris acum e pe privat "
L 09/01/2015 - 19:08:29: [adminchat.amxx] Chat: "BMW_M3_GTR1<126><VALVE_0:4:467658352><>" psay ".::Catalin::.<118><VALVE_0:4:1787344368><>" "Fi atent ai numele Cata si parola cataboss ce tiam scris acum e pe privat "
L 09/01/2015 - 19:14:29: -------- Mapchange to zm_dust_world --------
L 09/01/2015 - 19:14:29: [extreme_bancfg2.amxx] addons/amxmodx/configs/cfgban/override.txt
L 09/01/2015 - 19:14:35: -------- Mapchange to zm_Snowbase --------
L 09/01/2015 - 19:14:35: [extreme_bancfg2.amxx] addons/amxmodx/configs/cfgban/override.txt
L 09/01/2015 - 19:36:58: [admin_zm.amxx] Login: "PRO-Player-FL<10><STEAM_0:0:840365229><>" kicked due to invalid password (account "PRO-Player-Fl") (address "5.14.17.145")
L 09/01/2015 - 19:43:49: [admin_zm.amxx] Login: "PRO-Player-FL<14><STEAM_0:0:588457507><>" kicked due to invalid password (account "PRO-Player-Fl") (address "5.14.17.145")
L 09/01/2015 - 19:45:41: -------- Mapchange to zm_blocks --------
L 09/01/2015 - 19:45:41: [extreme_bancfg2.amxx] addons/amxmodx/configs/cfgban/override.txt
L 09/01/2015 - 20:41:58: [admin_zm.amxx] Login: "SwisS<36><STEAM_0:1:100837872><>" kicked due to invalid password (account "SwiSS") (address "109.100.131.170")
L 09/01/2015 - 20:43:02: [admin_zm.amxx] Login: "PRO-Player-FL<37><STEAM_0:0:840365229><>" kicked due to invalid password (account "PRO-Player-Fl") (address "5.14.17.145")
L 09/01/2015 - 20:43:36: -------- Mapchange to zm_3rooms --------
L 09/01/2015 - 20:43:36: [extreme_bancfg2.amxx] addons/amxmodx/configs/cfgban/override.txt
L 09/01/2015 - 21:04:22: [admin_zm.amxx] Login: "Claudiu<45><VALVE_0:4:1787344368><>" kicked due to invalid password (account "claudiu") (address "89.137.77.124")
L 09/01/2015 - 21:43:03: -------- Mapchange to zm_ilc_resident_evil2 --------
L 09/01/2015 - 21:43:03: [extreme_bancfg2.amxx] addons/amxmodx/configs/cfgban/override.txt
L 09/01/2015 - 22:28:15: -------- Mapchange to zm_zod_fortuna --------
L 09/01/2015 - 22:28:16: [extreme_bancfg2.amxx] addons/amxmodx/configs/cfgban/override.txt
L 09/01/2015 - 22:56:27: -------- Mapchange to zm_army_tn_beta3 --------
L 09/01/2015 - 22:56:28: [extreme_bancfg2.amxx] addons/amxmodx/configs/cfgban/override.txt
L 09/01/2015 - 23:24:40: -------- Mapchange to zm_heal_dust2 --------
L 09/01/2015 - 23:24:40: [extreme_bancfg2.amxx] addons/amxmodx/configs/cfgban/override.txt
L 09/01/2015 - 23:52:51: -------- Mapchange to zm_aztec_mini --------
L 09/01/2015 - 23:52:52: [extreme_bancfg2.amxx] addons/amxmodx/configs/cfgban/override.txt
