L 08/30/2015 - 00:07:40: -------- Mapchange to zm_dwarf_ultimate --------
L 08/30/2015 - 00:07:41: [extreme_bancfg2.amxx] addons/amxmodx/configs/cfgban/override.txt
L 08/30/2015 - 00:35:52: -------- Mapchange to zm_snow_mix --------
L 08/30/2015 - 00:35:53: [extreme_bancfg2.amxx] addons/amxmodx/configs/cfgban/override.txt
L 08/30/2015 - 01:04:04: -------- Mapchange to zm_brambor --------
L 08/30/2015 - 01:04:04: [extreme_bancfg2.amxx] addons/amxmodx/configs/cfgban/override.txt
L 08/30/2015 - 01:32:16: -------- Mapchange to zm_inferno --------
L 08/30/2015 - 01:32:16: [extreme_bancfg2.amxx] addons/amxmodx/configs/cfgban/override.txt
L 08/30/2015 - 02:00:27: -------- Mapchange to zm_office --------
L 08/30/2015 - 02:00:28: [extreme_bancfg2.amxx] addons/amxmodx/configs/cfgban/override.txt
L 08/30/2015 - 02:28:39: -------- Mapchange to zm_fortuna --------
L 08/30/2015 - 02:28:40: [extreme_bancfg2.amxx] addons/amxmodx/configs/cfgban/override.txt
L 08/30/2015 - 02:56:51: -------- Mapchange to zm_heal_dust2 --------
L 08/30/2015 - 02:56:52: [extreme_bancfg2.amxx] addons/amxmodx/configs/cfgban/override.txt
L 08/30/2015 - 03:25:03: -------- Mapchange to zm_3rooms --------
L 08/30/2015 - 03:25:03: [extreme_bancfg2.amxx] addons/amxmodx/configs/cfgban/override.txt
L 08/30/2015 - 03:53:14: -------- Mapchange to zm_westwood --------
L 08/30/2015 - 03:53:15: [extreme_bancfg2.amxx] addons/amxmodx/configs/cfgban/override.txt
L 08/30/2015 - 04:21:27: -------- Mapchange to zm_toxic_house2 --------
L 08/30/2015 - 04:21:27: [extreme_bancfg2.amxx] addons/amxmodx/configs/cfgban/override.txt
L 08/30/2015 - 04:49:38: -------- Mapchange to zm_infect2_click21 --------
L 08/30/2015 - 04:49:39: [extreme_bancfg2.amxx] addons/amxmodx/configs/cfgban/override.txt
L 08/30/2015 - 05:17:50: -------- Mapchange to zm_aztec_temple --------
L 08/30/2015 - 05:17:50: [extreme_bancfg2.amxx] addons/amxmodx/configs/cfgban/override.txt
L 08/30/2015 - 05:46:02: -------- Mapchange to zm_chatoyant --------
L 08/30/2015 - 05:46:02: [extreme_bancfg2.amxx] addons/amxmodx/configs/cfgban/override.txt
L 08/30/2015 - 06:14:13: -------- Mapchange to zm_army --------
L 08/30/2015 - 06:14:14: [extreme_bancfg2.amxx] addons/amxmodx/configs/cfgban/override.txt
L 08/30/2015 - 06:42:25: -------- Mapchange to zm_snowbase3 --------
L 08/30/2015 - 06:42:25: [extreme_bancfg2.amxx] addons/amxmodx/configs/cfgban/override.txt
L 08/30/2015 - 07:10:37: -------- Mapchange to zm_reveille --------
L 08/30/2015 - 07:10:38: [extreme_bancfg2.amxx] addons/amxmodx/configs/cfgban/override.txt
L 08/30/2015 - 07:38:50: -------- Mapchange to zm_666_brick --------
L 08/30/2015 - 07:39:02: [extreme_bancfg2.amxx] addons/amxmodx/configs/cfgban/override.txt
L 08/30/2015 - 08:07:15: -------- Mapchange to zm_city_final --------
L 08/30/2015 - 08:07:16: [extreme_bancfg2.amxx] addons/amxmodx/configs/cfgban/override.txt
L 08/30/2015 - 08:35:27: -------- Mapchange to zm_dust2009 --------
L 08/30/2015 - 08:35:27: [extreme_bancfg2.amxx] addons/amxmodx/configs/cfgban/override.txt
L 08/30/2015 - 09:03:39: -------- Mapchange to zm_five --------
L 08/30/2015 - 09:03:39: [extreme_bancfg2.amxx] addons/amxmodx/configs/cfgban/override.txt
L 08/30/2015 - 09:31:51: -------- Mapchange to zm_ojro_dwa --------
L 08/30/2015 - 09:31:52: [extreme_bancfg2.amxx] addons/amxmodx/configs/cfgban/override.txt
L 08/30/2015 - 10:00:03: -------- Mapchange to zm_assault_shadow --------
L 08/30/2015 - 10:00:04: [extreme_bancfg2.amxx] addons/amxmodx/configs/cfgban/override.txt
L 08/30/2015 - 10:27:31: [admin_zm.amxx] Login: "dorinboss002<142><STEAM_0:0:1760708989><>" kicked due to invalid password (account "dorinboss002") (address "188.241.59.157")
L 08/30/2015 - 11:00:04: -------- Mapchange to zm_dust_world --------
L 08/30/2015 - 11:00:05: [extreme_bancfg2.amxx] addons/amxmodx/configs/cfgban/override.txt
L 08/30/2015 - 11:00:12: -------- Mapchange to zm_castle_siege2 --------
L 08/30/2015 - 11:00:13: [extreme_bancfg2.amxx] addons/amxmodx/configs/cfgban/override.txt
L 08/30/2015 - 11:32:05: -------- Mapchange to zm_aztec_defense --------
L 08/30/2015 - 11:32:05: [extreme_bancfg2.amxx] addons/amxmodx/configs/cfgban/override.txt
L 08/30/2015 - 11:54:32: [admin_zm.amxx] Login: "uNicuL<18><STEAM_0:0:575450316><>" kicked due to invalid password (account "uNicuL") (address "86.121.206.99")
L 08/30/2015 - 11:55:05: [admin_zm.amxx] Login: "uNicuL<20><STEAM_0:0:575450316><>" kicked due to invalid password (account "uNicuL") (address "86.121.206.99")
L 08/30/2015 - 12:02:42: -------- Mapchange to zm_666_brick --------
L 08/30/2015 - 12:02:42: [extreme_bancfg2.amxx] addons/amxmodx/configs/cfgban/override.txt
L 08/30/2015 - 12:46:08: -------- Mapchange to zm_ice_attack3 --------
L 08/30/2015 - 12:46:09: [extreme_bancfg2.amxx] addons/amxmodx/configs/cfgban/override.txt
L 08/30/2015 - 13:03:48: [admin_zm.amxx] Login: "SwisS<31><STEAM_0:1:100837872><>" kicked due to invalid password (account "SwiSS") (address "109.100.131.170")
L 08/30/2015 - 13:11:43: -------- Mapchange to zm_infect2_click21 --------
L 08/30/2015 - 13:11:44: [extreme_bancfg2.amxx] addons/amxmodx/configs/cfgban/override.txt
L 08/30/2015 - 13:13:50: -------- Mapchange to zm_zHell --------
L 08/30/2015 - 13:13:51: [extreme_bancfg2.amxx] addons/amxmodx/configs/cfgban/override.txt
L 08/30/2015 - 13:16:36: -------- Mapchange to zm_dust2009 --------
L 08/30/2015 - 13:16:37: [extreme_bancfg2.amxx] addons/amxmodx/configs/cfgban/override.txt
L 08/30/2015 - 13:20:28: -------- Mapchange to zm_run_while_u_can --------
L 08/30/2015 - 13:20:28: [extreme_bancfg2.amxx] addons/amxmodx/configs/cfgban/override.txt
L 08/30/2015 - 13:50:54: -------- Mapchange to zm_westwood_click21 --------
L 08/30/2015 - 13:50:55: [extreme_bancfg2.amxx] addons/amxmodx/configs/cfgban/override.txt
L 08/30/2015 - 14:02:16: [admin_zm.amxx] Login: "Dragos<49><STEAM_0:0:859874799><>" kicked due to invalid password (account "Dragos") (address "46.102.27.4")
L 08/30/2015 - 14:03:50: [admin_zm.amxx] Login: "Cristian<55><VALVE_0:4:149347314><>" kicked due to invalid password (account "Cristian") (address "92.85.145.184")
L 08/30/2015 - 14:34:44: -------- Mapchange to zm_dust_world --------
L 08/30/2015 - 14:34:45: [extreme_bancfg2.amxx] addons/amxmodx/configs/cfgban/override.txt
L 08/30/2015 - 14:34:50: -------- Mapchange to zm_blocks --------
L 08/30/2015 - 14:34:51: [extreme_bancfg2.amxx] addons/amxmodx/configs/cfgban/override.txt
L 08/30/2015 - 14:41:49: [admin_zm.amxx] Login: "SwiSS<5><STEAM_0:1:100837872><>" kicked due to invalid password (account "SwiSS") (address "109.100.131.170")
L 08/30/2015 - 14:41:50: [admin_zm.amxx] Login: "SwiSS<5><STEAM_0:1:100837872><>" kicked due to invalid password (account "SwiSS") (address "109.100.131.170")
L 08/30/2015 - 14:44:14: [admin_zm.amxx] Login: "Uzzy<10><VALVE_0:4:1151746538><>" kicked due to invalid password (account "Uzzy") (address "109.97.16.32")
L 08/30/2015 - 14:52:54: [adminchat.amxx] Chat: "BMW_M3_GTR1<14><STEAM_0:0:1817054049><>" tsay "Salut"
L 08/30/2015 - 14:53:44: [admin_zm.amxx] Login: "Sprint<18><STEAM_0:0:110796921><>" kicked due to invalid password (account "Sprint") (address "5.13.157.60")
L 08/30/2015 - 14:53:50: [admin_zm.amxx] Login: "Sprint<19><STEAM_0:0:110796921><>" kicked due to invalid password (account "Sprint") (address "5.13.157.60")
L 08/30/2015 - 14:54:36: [admincmd.amxx] Cmd: "BMW_M3_GTR1<14><STEAM_0:0:1817054049><>" changelevel "zm_666_brick"
L 08/30/2015 - 14:54:39: -------- Mapchange to zm_666_brick --------
L 08/30/2015 - 14:54:39: [extreme_bancfg2.amxx] addons/amxmodx/configs/cfgban/override.txt
L 08/30/2015 - 15:01:05: [adminchat.amxx] Chat: "BMW_M3_GTR1<21><STEAM_0:0:1817054049><>" tsay "Next mod armaghedon!"
L 08/30/2015 - 15:25:06: -------- Mapchange to zm_fortuna --------
L 08/30/2015 - 15:25:06: [extreme_bancfg2.amxx] addons/amxmodx/configs/cfgban/override.txt
L 08/30/2015 - 15:53:32: -------- Mapchange to zm_303 --------
L 08/30/2015 - 15:53:33: [extreme_bancfg2.amxx] addons/amxmodx/configs/cfgban/override.txt
L 08/30/2015 - 16:02:09: [admin_zm.amxx] Login: "SM-Player<34><STEAM_0:0:1980334166><>" kicked due to invalid password (account "Sm-Player") (address "79.118.213.46")
L 08/30/2015 - 16:17:21: [admin_zm.amxx] Login: "Protector<35><STEAM_0:0:81645453><>" kicked due to invalid password (account "Protector") (address "92.85.241.3")
L 08/30/2015 - 16:21:44: -------- Mapchange to zm_fear --------
L 08/30/2015 - 16:21:45: [extreme_bancfg2.amxx] addons/amxmodx/configs/cfgban/override.txt
L 08/30/2015 - 16:49:56: -------- Mapchange to zm_chatoyant --------
L 08/30/2015 - 16:49:57: [extreme_bancfg2.amxx] addons/amxmodx/configs/cfgban/override.txt
L 08/30/2015 - 17:21:32: [admin_zm.amxx] Login: "PRO-Player-FL<45><STEAM_0:0:1191895172><>" kicked due to invalid password (account "PRO-Player-Fl") (address "37.228.253.5")
L 08/30/2015 - 17:34:10: -------- Mapchange to zm_snowbase3 --------
L 08/30/2015 - 17:34:11: [extreme_bancfg2.amxx] addons/amxmodx/configs/cfgban/override.txt
L 08/30/2015 - 18:23:36: [admin_zm.amxx] Login: "Sprint<60><STEAM_0:0:110796921><>" kicked due to invalid password (account "Sprint") (address "5.13.157.60")
L 08/30/2015 - 18:44:32: -------- Mapchange to zm_dust_world --------
L 08/30/2015 - 18:44:33: [extreme_bancfg2.amxx] addons/amxmodx/configs/cfgban/override.txt
L 08/30/2015 - 18:44:38: -------- Mapchange to zm_infect2_click21 --------
L 08/30/2015 - 18:44:39: [extreme_bancfg2.amxx] addons/amxmodx/configs/cfgban/override.txt
L 08/30/2015 - 19:21:05: [admin_zm.amxx] Login: "Experience<13><STEAM_0:0:1373426510><>" kicked due to invalid password (account "Experience") (address "89.41.97.142")
L 08/30/2015 - 19:21:28: [admin_zm.amxx] Login: "Experience<14><STEAM_0:0:1373426510><>" kicked due to invalid password (account "Experience") (address "89.41.97.142")
L 08/30/2015 - 19:21:55: [admin_zm.amxx] Login: "Experience<15><STEAM_0:0:1373426510><>" kicked due to invalid password (account "Experience") (address "89.41.97.142")
L 08/30/2015 - 19:22:11: [admin_zm.amxx] Login: "Experience<16><STEAM_0:0:1373426510><>" kicked due to invalid password (account "Experience") (address "89.41.97.142")
L 08/30/2015 - 19:22:40: [admin_zm.amxx] Login: "Experience<17><STEAM_0:0:1373426510><>" kicked due to invalid password (account "Experience") (address "89.41.97.142")
L 08/30/2015 - 19:23:03: [admin_zm.amxx] Login: "Experience<18><STEAM_0:0:1373426510><>" kicked due to invalid password (account "Experience") (address "89.41.97.142")
L 08/30/2015 - 19:45:35: -------- Mapchange to zm_assault_shadow --------
L 08/30/2015 - 19:45:36: [extreme_bancfg2.amxx] addons/amxmodx/configs/cfgban/override.txt
L 08/30/2015 - 20:13:47: -------- Mapchange to zm_run_while_u_can --------
L 08/30/2015 - 20:13:48: [extreme_bancfg2.amxx] addons/amxmodx/configs/cfgban/override.txt
L 08/30/2015 - 20:42:00: -------- Mapchange to zm_lorencia --------
L 08/30/2015 - 20:42:00: [extreme_bancfg2.amxx] addons/amxmodx/configs/cfgban/override.txt
L 08/30/2015 - 21:05:42: [admin_zm.amxx] Login: "SwiSS<44><STEAM_0:1:100837872><>" kicked due to invalid password (account "SwiSS") (address "109.100.131.170")
L 08/30/2015 - 21:05:42: [admin_zm.amxx] Login: "SwiSS<44><STEAM_0:1:100837872><>" kicked due to invalid password (account "SwiSS") (address "109.100.131.170")
L 08/30/2015 - 21:27:41: -------- Mapchange to zm_city_final --------
L 08/30/2015 - 21:27:42: [extreme_bancfg2.amxx] addons/amxmodx/configs/cfgban/override.txt
L 08/30/2015 - 21:58:29: -------- Mapchange to zm_assault_attack --------
L 08/30/2015 - 21:58:29: [extreme_bancfg2.amxx] addons/amxmodx/configs/cfgban/override.txt
L 08/30/2015 - 22:06:15: [admin_zm.amxx] Login: "Experience<68><STEAM_0:0:1373426510><>" kicked due to invalid password (account "Experience") (address "89.41.97.142")
L 08/30/2015 - 22:06:28: [admin_zm.amxx] Login: "Omega<69><STEAM_0:0:1373426510><>" kicked due to invalid password (account "Omega") (address "89.41.97.142")
L 08/30/2015 - 22:30:46: -------- Mapchange to zm_dust_world --------
L 08/30/2015 - 22:30:47: [extreme_bancfg2.amxx] addons/amxmodx/configs/cfgban/override.txt
L 08/30/2015 - 22:30:53: -------- Mapchange to zm_666_brick --------
L 08/30/2015 - 22:30:53: [extreme_bancfg2.amxx] addons/amxmodx/configs/cfgban/override.txt
L 08/30/2015 - 23:01:24: -------- Mapchange to zm_fear --------
L 08/30/2015 - 23:01:24: [extreme_bancfg2.amxx] addons/amxmodx/configs/cfgban/override.txt
L 08/30/2015 - 23:01:41: [admincmd.amxx] Cmd: "BMW_M3_GTR1<17><STEAM_0:0:1817054049><>" changelevel "zm_aztec_defense"
L 08/30/2015 - 23:01:44: -------- Mapchange to zm_aztec_defense --------
L 08/30/2015 - 23:01:45: [extreme_bancfg2.amxx] addons/amxmodx/configs/cfgban/override.txt
L 08/30/2015 - 23:10:29: [adminchat.amxx] Chat: "BMW_M3_GTR1<19><STEAM_0:0:1817054049><>" tsay "C Next mod by BMW"
L 08/30/2015 - 23:49:26: -------- Mapchange to zm_inferno --------
L 08/30/2015 - 23:49:27: [extreme_bancfg2.amxx] addons/amxmodx/configs/cfgban/override.txt
