L 09/06/2015 - 00:01:58: -------- Mapchange to zm_zod_fortuna --------
L 09/06/2015 - 00:01:58: [extreme_bancfg2.amxx] addons/amxmodx/configs/cfgban/override.txt
L 09/06/2015 - 00:30:10: -------- Mapchange to zm_snowbase3 --------
L 09/06/2015 - 00:30:10: [extreme_bancfg2.amxx] addons/amxmodx/configs/cfgban/override.txt
L 09/06/2015 - 00:58:21: -------- Mapchange to zm_snow_mix --------
L 09/06/2015 - 00:58:22: [extreme_bancfg2.amxx] addons/amxmodx/configs/cfgban/override.txt
L 09/06/2015 - 01:26:33: -------- Mapchange to zm_five --------
L 09/06/2015 - 01:26:33: [extreme_bancfg2.amxx] addons/amxmodx/configs/cfgban/override.txt
L 09/06/2015 - 01:54:44: -------- Mapchange to zm_assault_attack --------
L 09/06/2015 - 01:54:45: [extreme_bancfg2.amxx] addons/amxmodx/configs/cfgban/override.txt
L 09/06/2015 - 02:22:56: -------- Mapchange to zm_ojro_dwa --------
L 09/06/2015 - 02:22:57: [extreme_bancfg2.amxx] addons/amxmodx/configs/cfgban/override.txt
L 09/06/2015 - 02:51:08: -------- Mapchange to zm_aztec_defense --------
L 09/06/2015 - 02:51:08: [extreme_bancfg2.amxx] addons/amxmodx/configs/cfgban/override.txt
L 09/06/2015 - 03:19:19: -------- Mapchange to zm_ilc_resident_evil2 --------
L 09/06/2015 - 03:19:20: [extreme_bancfg2.amxx] addons/amxmodx/configs/cfgban/override.txt
L 09/06/2015 - 03:47:31: -------- Mapchange to zm_hewitt_house --------
L 09/06/2015 - 03:47:32: [extreme_bancfg2.amxx] addons/amxmodx/configs/cfgban/override.txt
L 09/06/2015 - 04:15:43: -------- Mapchange to zm_666_brick --------
L 09/06/2015 - 04:15:43: [extreme_bancfg2.amxx] addons/amxmodx/configs/cfgban/override.txt
L 09/06/2015 - 04:43:54: -------- Mapchange to zm_castle_siege2 --------
L 09/06/2015 - 04:43:55: [extreme_bancfg2.amxx] addons/amxmodx/configs/cfgban/override.txt
L 09/06/2015 - 05:12:06: -------- Mapchange to zm_lost_place --------
L 09/06/2015 - 05:12:07: [extreme_bancfg2.amxx] addons/amxmodx/configs/cfgban/override.txt
L 09/06/2015 - 05:40:18: -------- Mapchange to zm_lorencia --------
L 09/06/2015 - 05:40:19: [extreme_bancfg2.amxx] addons/amxmodx/configs/cfgban/override.txt
L 09/06/2015 - 06:08:31: -------- Mapchange to zm_mansion_mba --------
L 09/06/2015 - 06:08:31: [extreme_bancfg2.amxx] addons/amxmodx/configs/cfgban/override.txt
L 09/06/2015 - 06:36:42: -------- Mapchange to zm_zod_aztec --------
L 09/06/2015 - 06:36:43: [extreme_bancfg2.amxx] addons/amxmodx/configs/cfgban/override.txt
L 09/06/2015 - 07:04:54: -------- Mapchange to zm_infect2_click21 --------
L 09/06/2015 - 07:04:54: [extreme_bancfg2.amxx] addons/amxmodx/configs/cfgban/override.txt
L 09/06/2015 - 07:33:06: -------- Mapchange to zm_snowbase3 --------
L 09/06/2015 - 07:33:08: [extreme_bancfg2.amxx] addons/amxmodx/configs/cfgban/override.txt
L 09/06/2015 - 08:01:20: -------- Mapchange to zm_army_tn_beta3 --------
L 09/06/2015 - 08:01:26: [extreme_bancfg2.amxx] addons/amxmodx/configs/cfgban/override.txt
L 09/06/2015 - 08:29:38: -------- Mapchange to zm_assault_attack --------
L 09/06/2015 - 08:29:38: [extreme_bancfg2.amxx] addons/amxmodx/configs/cfgban/override.txt
L 09/06/2015 - 08:57:50: -------- Mapchange to zm_ice_attack3 --------
L 09/06/2015 - 08:57:50: [extreme_bancfg2.amxx] addons/amxmodx/configs/cfgban/override.txt
L 09/06/2015 - 09:26:01: -------- Mapchange to zm_zod_fortuna --------
L 09/06/2015 - 09:26:02: [extreme_bancfg2.amxx] addons/amxmodx/configs/cfgban/override.txt
L 09/06/2015 - 09:34:04: [admin_zm.amxx] Login: "RCPlayer-Lant<36><VALVE_0:4:540328170><>" kicked due to invalid password (account "RCPlayer-Lant") (address "109.99.53.233")
L 09/06/2015 - 09:34:33: [admin_zm.amxx] Login: "iPhoNee.<37><VALVE_0:4:540328170><>" kicked due to invalid password (account "iPhoNee.") (address "109.99.53.233")
L 09/06/2015 - 10:19:27: -------- Mapchange to zm_ilc_resident_evil2 --------
L 09/06/2015 - 10:19:27: [extreme_bancfg2.amxx] addons/amxmodx/configs/cfgban/override.txt
L 09/06/2015 - 10:34:02: [admin_zm.amxx] Login: "Cristian<66><STEAM_0:0:1745867482><>" kicked due to invalid password (account "Cristian") (address "92.80.159.157")
L 09/06/2015 - 10:40:19: [admin_zm.amxx] Login: "PRO-Player-FL<70><STEAM_0:0:2031180871><>" kicked due to invalid password (account "PRO-Player-Fl") (address "109.97.22.53")
L 09/06/2015 - 10:47:54: -------- Mapchange to zm_city_final --------
L 09/06/2015 - 10:47:54: [extreme_bancfg2.amxx] addons/amxmodx/configs/cfgban/override.txt
L 09/06/2015 - 10:57:25: -------- Mapchange to zm_office --------
L 09/06/2015 - 10:57:25: [extreme_bancfg2.amxx] addons/amxmodx/configs/cfgban/override.txt
L 09/06/2015 - 11:04:32: -------- Mapchange to zm_toxic_house2 --------
L 09/06/2015 - 11:04:33: [extreme_bancfg2.amxx] addons/amxmodx/configs/cfgban/override.txt
L 09/06/2015 - 11:32:44: -------- Mapchange to zm_snow_mix --------
L 09/06/2015 - 11:32:45: [extreme_bancfg2.amxx] addons/amxmodx/configs/cfgban/override.txt
L 09/06/2015 - 12:31:57: [adminchat.amxx] Chat: "Dragos^^<98><STEAM_0:0:2145337884><>" tsay "wtf"
L 09/06/2015 - 12:40:21: [zm_vip_extra_buy_survnem.amxx] Dragos^^ a cumparat nemesis
L 09/06/2015 - 12:56:41: -------- Mapchange to zm_lost_place --------
L 09/06/2015 - 12:56:42: [extreme_bancfg2.amxx] addons/amxmodx/configs/cfgban/override.txt
L 09/06/2015 - 13:00:28: [admin_zm.amxx] Login: "CRISTI<106><STEAM_0:0:1528585556><>" kicked due to invalid password (account "cristi") (address "109.97.98.164")
L 09/06/2015 - 13:00:36: [admin_zm.amxx] Login: "CRISTI<107><STEAM_0:0:1528585556><>" kicked due to invalid password (account "cristi") (address "109.97.98.164")
L 09/06/2015 - 13:00:38: [admin_zm.amxx] Login: "Razvan$$$<108><STEAM_0:0:2145337884><>" kicked due to invalid password (account "Razvan$$$") (address "79.114.61.36")
L 09/06/2015 - 13:12:06: [admin_zm.amxx] Login: "PRO-Player-FL<118><STEAM_0:0:840365229><>" kicked due to invalid password (account "PRO-Player-Fl") (address "5.14.134.242")
L 09/06/2015 - 13:17:46: [admin_zm.amxx] Login: "Player<123><STEAM_0:0:105991001><>" kicked due to invalid password (account "Player") (address "89.123.230.105")
L 09/06/2015 - 13:27:35: [admin_zm.amxx] Login: "SM-Player<125><STEAM_0:0:1741869571><>" kicked due to invalid password (account "Sm-Player") (address "89.36.249.133")
L 09/06/2015 - 13:35:11: [admin_zm.amxx] Login: "PRO-Player-FL<129><STEAM_0:0:588457507><>" kicked due to invalid password (account "PRO-Player-Fl") (address "5.14.134.242")
L 09/06/2015 - 13:40:20: -------- Mapchange to zm_death_alley --------
L 09/06/2015 - 13:40:21: [extreme_bancfg2.amxx] addons/amxmodx/configs/cfgban/override.txt
L 09/06/2015 - 14:00:31: [adminchat.amxx] Chat: "no slay<146><STEAM_0:0:1985894293><>" tsay "salll all"
L 09/06/2015 - 14:10:25: [adminvote.amxx] Vote: "no slay<146><STEAM_0:0:1985894293><>" vote custom (question "zm_aztec_defense") (option#1 "zm_foda") (option#2 "zm_humans")
L 09/06/2015 - 14:10:47: [adminvote.amxx] Vote: Votarea a avut loc cu succes (got "1") (needed "1") (result "zm_aztec_defense - zm_humans")
L 09/06/2015 - 14:10:48: [admincmd.amxx] Cmd: "no slay<146><STEAM_0:0:1985894293><>" changelevel "zm_aztec_defense"
L 09/06/2015 - 14:10:51: -------- Mapchange to zm_aztec_defense --------
L 09/06/2015 - 14:10:52: [extreme_bancfg2.amxx] addons/amxmodx/configs/cfgban/override.txt
L 09/06/2015 - 14:58:45: [admin_zm.amxx] Login: "no slay<174><STEAM_0:0:1985894293><>" kicked due to invalid password (account "no slay") (address "92.80.235.145")
L 09/06/2015 - 14:59:44: [admin_zm.amxx] Login: "Player<176><STEAM_0:1:17521987><>" kicked due to invalid password (account "Player") (address "31.14.16.20")
L 09/06/2015 - 15:00:33: [admin_zm.amxx] Login: "Dragos#<177><STEAM_0:1:17521987><>" kicked due to invalid password (account "Dragos#") (address "31.14.16.20")
L 09/06/2015 - 15:09:47: [adminchat.amxx] Chat: "no slay<175><STEAM_0:0:1985894293><>" chat " ba scoatetu marirea la banca puneo la 1000 ca am vazut ca o am la 2500 ca am uitat parola"
L 09/06/2015 - 15:10:48: [adminchat.amxx] Chat: "no slay<175><STEAM_0:0:1985894293><>" chat " mio faci ca am uitat parola"
L 09/06/2015 - 15:18:08: [plmenu.amxx] Cmd: "no slay<175><STEAM_0:0:1985894293><>" slap with 0 damage "no slay<175><STEAM_0:0:1985894293><>"
L 09/06/2015 - 15:18:10: [plmenu.amxx] Cmd: "no slay<175><STEAM_0:0:1985894293><>" slap with 0 damage "The Best Gamer<179><STEAM_0:0:1256617457><>"
L 09/06/2015 - 15:18:11: [plmenu.amxx] Cmd: "no slay<175><STEAM_0:0:1985894293><>" slap with 0 damage "The Best Gamer<179><STEAM_0:0:1256617457><>"
L 09/06/2015 - 15:18:11: [plmenu.amxx] Cmd: "no slay<175><STEAM_0:0:1985894293><>" slap with 0 damage "The Best Gamer<179><STEAM_0:0:1256617457><>"
L 09/06/2015 - 15:18:11: [plmenu.amxx] Cmd: "no slay<175><STEAM_0:0:1985894293><>" slap with 0 damage "The Best Gamer<179><STEAM_0:0:1256617457><>"
L 09/06/2015 - 15:18:11: [plmenu.amxx] Cmd: "no slay<175><STEAM_0:0:1985894293><>" slap with 0 damage "The Best Gamer<179><STEAM_0:0:1256617457><>"
L 09/06/2015 - 15:18:12: [plmenu.amxx] Cmd: "no slay<175><STEAM_0:0:1985894293><>" slap with 0 damage "The Best Gamer<179><STEAM_0:0:1256617457><>"
L 09/06/2015 - 15:18:12: [plmenu.amxx] Cmd: "no slay<175><STEAM_0:0:1985894293><>" slap with 0 damage "The Best Gamer<179><STEAM_0:0:1256617457><>"
L 09/06/2015 - 15:18:12: [plmenu.amxx] Cmd: "no slay<175><STEAM_0:0:1985894293><>" slap with 0 damage "The Best Gamer<179><STEAM_0:0:1256617457><>"
L 09/06/2015 - 15:18:12: [plmenu.amxx] Cmd: "no slay<175><STEAM_0:0:1985894293><>" slap with 0 damage "The Best Gamer<179><STEAM_0:0:1256617457><>"
L 09/06/2015 - 15:18:13: [plmenu.amxx] Cmd: "no slay<175><STEAM_0:0:1985894293><>" slap with 0 damage "The Best Gamer<179><STEAM_0:0:1256617457><>"
L 09/06/2015 - 15:18:13: [plmenu.amxx] Cmd: "no slay<175><STEAM_0:0:1985894293><>" slap with 0 damage "The Best Gamer<179><STEAM_0:0:1256617457><>"
L 09/06/2015 - 15:18:13: [plmenu.amxx] Cmd: "no slay<175><STEAM_0:0:1985894293><>" slap with 0 damage "The Best Gamer<179><STEAM_0:0:1256617457><>"
L 09/06/2015 - 15:18:13: [plmenu.amxx] Cmd: "no slay<175><STEAM_0:0:1985894293><>" slap with 0 damage "The Best Gamer<179><STEAM_0:0:1256617457><>"
L 09/06/2015 - 15:18:13: [plmenu.amxx] Cmd: "no slay<175><STEAM_0:0:1985894293><>" slap with 0 damage "The Best Gamer<179><STEAM_0:0:1256617457><>"
L 09/06/2015 - 15:18:13: [plmenu.amxx] Cmd: "no slay<175><STEAM_0:0:1985894293><>" slap with 0 damage "The Best Gamer<179><STEAM_0:0:1256617457><>"
L 09/06/2015 - 15:18:14: [plmenu.amxx] Cmd: "no slay<175><STEAM_0:0:1985894293><>" slap with 0 damage "The Best Gamer<179><STEAM_0:0:1256617457><>"
L 09/06/2015 - 15:18:14: [plmenu.amxx] Cmd: "no slay<175><STEAM_0:0:1985894293><>" slap with 0 damage "The Best Gamer<179><STEAM_0:0:1256617457><>"
L 09/06/2015 - 15:18:14: [plmenu.amxx] Cmd: "no slay<175><STEAM_0:0:1985894293><>" slap with 0 damage "The Best Gamer<179><STEAM_0:0:1256617457><>"
L 09/06/2015 - 15:18:14: [plmenu.amxx] Cmd: "no slay<175><STEAM_0:0:1985894293><>" slap with 0 damage "The Best Gamer<179><STEAM_0:0:1256617457><>"
L 09/06/2015 - 15:18:15: [plmenu.amxx] Cmd: "no slay<175><STEAM_0:0:1985894293><>" slap with 0 damage "The Best Gamer<179><STEAM_0:0:1256617457><>"
L 09/06/2015 - 15:18:15: [plmenu.amxx] Cmd: "no slay<175><STEAM_0:0:1985894293><>" slap with 0 damage "The Best Gamer<179><STEAM_0:0:1256617457><>"
L 09/06/2015 - 15:18:15: [plmenu.amxx] Cmd: "no slay<175><STEAM_0:0:1985894293><>" slap with 0 damage "The Best Gamer<179><STEAM_0:0:1256617457><>"
L 09/06/2015 - 15:18:15: [plmenu.amxx] Cmd: "no slay<175><STEAM_0:0:1985894293><>" slap with 0 damage "The Best Gamer<179><STEAM_0:0:1256617457><>"
L 09/06/2015 - 15:18:15: [plmenu.amxx] Cmd: "no slay<175><STEAM_0:0:1985894293><>" slap with 0 damage "The Best Gamer<179><STEAM_0:0:1256617457><>"
L 09/06/2015 - 15:18:16: [plmenu.amxx] Cmd: "no slay<175><STEAM_0:0:1985894293><>" slap with 0 damage "The Best Gamer<179><STEAM_0:0:1256617457><>"
L 09/06/2015 - 15:18:16: [plmenu.amxx] Cmd: "no slay<175><STEAM_0:0:1985894293><>" slap with 0 damage "The Best Gamer<179><STEAM_0:0:1256617457><>"
L 09/06/2015 - 15:18:16: [plmenu.amxx] Cmd: "no slay<175><STEAM_0:0:1985894293><>" slap with 0 damage "The Best Gamer<179><STEAM_0:0:1256617457><>"
L 09/06/2015 - 15:18:16: [plmenu.amxx] Cmd: "no slay<175><STEAM_0:0:1985894293><>" slap with 0 damage "The Best Gamer<179><STEAM_0:0:1256617457><>"
L 09/06/2015 - 15:18:16: [plmenu.amxx] Cmd: "no slay<175><STEAM_0:0:1985894293><>" slap with 0 damage "The Best Gamer<179><STEAM_0:0:1256617457><>"
L 09/06/2015 - 15:18:17: [plmenu.amxx] Cmd: "no slay<175><STEAM_0:0:1985894293><>" slap with 0 damage "The Best Gamer<179><STEAM_0:0:1256617457><>"
L 09/06/2015 - 15:18:17: [plmenu.amxx] Cmd: "no slay<175><STEAM_0:0:1985894293><>" slap with 0 damage "The Best Gamer<179><STEAM_0:0:1256617457><>"
L 09/06/2015 - 15:18:17: [plmenu.amxx] Cmd: "no slay<175><STEAM_0:0:1985894293><>" slap with 0 damage "The Best Gamer<179><STEAM_0:0:1256617457><>"
L 09/06/2015 - 15:18:17: [plmenu.amxx] Cmd: "no slay<175><STEAM_0:0:1985894293><>" slap with 0 damage "The Best Gamer<179><STEAM_0:0:1256617457><>"
L 09/06/2015 - 15:18:18: [plmenu.amxx] Cmd: "no slay<175><STEAM_0:0:1985894293><>" slap with 0 damage "The Best Gamer<179><STEAM_0:0:1256617457><>"
L 09/06/2015 - 15:18:18: [plmenu.amxx] Cmd: "no slay<175><STEAM_0:0:1985894293><>" slap with 0 damage "The Best Gamer<179><STEAM_0:0:1256617457><>"
L 09/06/2015 - 15:18:18: [plmenu.amxx] Cmd: "no slay<175><STEAM_0:0:1985894293><>" slap with 0 damage "The Best Gamer<179><STEAM_0:0:1256617457><>"
L 09/06/2015 - 15:18:18: [plmenu.amxx] Cmd: "no slay<175><STEAM_0:0:1985894293><>" slap with 0 damage "The Best Gamer<179><STEAM_0:0:1256617457><>"
L 09/06/2015 - 15:18:18: [plmenu.amxx] Cmd: "no slay<175><STEAM_0:0:1985894293><>" slap with 0 damage "The Best Gamer<179><STEAM_0:0:1256617457><>"
L 09/06/2015 - 15:18:19: [plmenu.amxx] Cmd: "no slay<175><STEAM_0:0:1985894293><>" slap with 0 damage "The Best Gamer<179><STEAM_0:0:1256617457><>"
L 09/06/2015 - 15:18:19: [plmenu.amxx] Cmd: "no slay<175><STEAM_0:0:1985894293><>" slap with 0 damage "The Best Gamer<179><STEAM_0:0:1256617457><>"
L 09/06/2015 - 15:18:19: [plmenu.amxx] Cmd: "no slay<175><STEAM_0:0:1985894293><>" slap with 0 damage "The Best Gamer<179><STEAM_0:0:1256617457><>"
L 09/06/2015 - 15:18:19: [plmenu.amxx] Cmd: "no slay<175><STEAM_0:0:1985894293><>" slap with 0 damage "The Best Gamer<179><STEAM_0:0:1256617457><>"
L 09/06/2015 - 15:18:20: [plmenu.amxx] Cmd: "no slay<175><STEAM_0:0:1985894293><>" slap with 0 damage "The Best Gamer<179><STEAM_0:0:1256617457><>"
L 09/06/2015 - 15:18:20: [plmenu.amxx] Cmd: "no slay<175><STEAM_0:0:1985894293><>" slap with 0 damage "The Best Gamer<179><STEAM_0:0:1256617457><>"
L 09/06/2015 - 15:18:20: [plmenu.amxx] Cmd: "no slay<175><STEAM_0:0:1985894293><>" slap with 0 damage "The Best Gamer<179><STEAM_0:0:1256617457><>"
L 09/06/2015 - 15:18:22: [plmenu.amxx] Cmd: "no slay<175><STEAM_0:0:1985894293><>" slap with 0 damage "no slay<175><STEAM_0:0:1985894293><>"
L 09/06/2015 - 15:18:22: [plmenu.amxx] Cmd: "no slay<175><STEAM_0:0:1985894293><>" slap with 0 damage "no slay<175><STEAM_0:0:1985894293><>"
L 09/06/2015 - 15:18:22: [plmenu.amxx] Cmd: "no slay<175><STEAM_0:0:1985894293><>" slap with 0 damage "no slay<175><STEAM_0:0:1985894293><>"
L 09/06/2015 - 15:18:22: [plmenu.amxx] Cmd: "no slay<175><STEAM_0:0:1985894293><>" slap with 0 damage "no slay<175><STEAM_0:0:1985894293><>"
L 09/06/2015 - 15:18:22: [plmenu.amxx] Cmd: "no slay<175><STEAM_0:0:1985894293><>" slap with 0 damage "no slay<175><STEAM_0:0:1985894293><>"
L 09/06/2015 - 15:18:23: [plmenu.amxx] Cmd: "no slay<175><STEAM_0:0:1985894293><>" slap with 0 damage "no slay<175><STEAM_0:0:1985894293><>"
L 09/06/2015 - 15:18:23: [plmenu.amxx] Cmd: "no slay<175><STEAM_0:0:1985894293><>" slap with 0 damage "no slay<175><STEAM_0:0:1985894293><>"
L 09/06/2015 - 15:18:23: [plmenu.amxx] Cmd: "no slay<175><STEAM_0:0:1985894293><>" slap with 0 damage "no slay<175><STEAM_0:0:1985894293><>"
L 09/06/2015 - 15:18:23: [plmenu.amxx] Cmd: "no slay<175><STEAM_0:0:1985894293><>" slap with 0 damage "no slay<175><STEAM_0:0:1985894293><>"
L 09/06/2015 - 15:18:24: [plmenu.amxx] Cmd: "no slay<175><STEAM_0:0:1985894293><>" slap with 0 damage "no slay<175><STEAM_0:0:1985894293><>"
L 09/06/2015 - 15:18:24: [plmenu.amxx] Cmd: "no slay<175><STEAM_0:0:1985894293><>" slap with 0 damage "no slay<175><STEAM_0:0:1985894293><>"
L 09/06/2015 - 15:18:24: [plmenu.amxx] Cmd: "no slay<175><STEAM_0:0:1985894293><>" slap with 0 damage "no slay<175><STEAM_0:0:1985894293><>"
L 09/06/2015 - 15:18:24: [plmenu.amxx] Cmd: "no slay<175><STEAM_0:0:1985894293><>" slap with 0 damage "no slay<175><STEAM_0:0:1985894293><>"
L 09/06/2015 - 15:18:25: [plmenu.amxx] Cmd: "no slay<175><STEAM_0:0:1985894293><>" slap with 0 damage "no slay<175><STEAM_0:0:1985894293><>"
L 09/06/2015 - 15:18:25: [plmenu.amxx] Cmd: "no slay<175><STEAM_0:0:1985894293><>" slap with 0 damage "no slay<175><STEAM_0:0:1985894293><>"
L 09/06/2015 - 15:18:25: [plmenu.amxx] Cmd: "no slay<175><STEAM_0:0:1985894293><>" slap with 0 damage "no slay<175><STEAM_0:0:1985894293><>"
L 09/06/2015 - 15:18:26: [plmenu.amxx] Cmd: "no slay<175><STEAM_0:0:1985894293><>" slap with 0 damage "no slay<175><STEAM_0:0:1985894293><>"
L 09/06/2015 - 15:18:26: [plmenu.amxx] Cmd: "no slay<175><STEAM_0:0:1985894293><>" slap with 0 damage "no slay<175><STEAM_0:0:1985894293><>"
L 09/06/2015 - 15:18:26: [plmenu.amxx] Cmd: "no slay<175><STEAM_0:0:1985894293><>" slap with 0 damage "no slay<175><STEAM_0:0:1985894293><>"
L 09/06/2015 - 15:18:27: [plmenu.amxx] Cmd: "no slay<175><STEAM_0:0:1985894293><>" slap with 0 damage "no slay<175><STEAM_0:0:1985894293><>"
L 09/06/2015 - 15:18:27: [plmenu.amxx] Cmd: "no slay<175><STEAM_0:0:1985894293><>" slap with 0 damage "no slay<175><STEAM_0:0:1985894293><>"
L 09/06/2015 - 15:18:36: [plmenu.amxx] Cmd: "no slay<175><STEAM_0:0:1985894293><>" slap with 0 damage "The Best Gamer<179><STEAM_0:0:1256617457><>"
L 09/06/2015 - 15:18:36: [plmenu.amxx] Cmd: "no slay<175><STEAM_0:0:1985894293><>" slap with 0 damage "The Best Gamer<179><STEAM_0:0:1256617457><>"
L 09/06/2015 - 15:18:36: [plmenu.amxx] Cmd: "no slay<175><STEAM_0:0:1985894293><>" slap with 0 damage "The Best Gamer<179><STEAM_0:0:1256617457><>"
L 09/06/2015 - 15:18:37: [plmenu.amxx] Cmd: "no slay<175><STEAM_0:0:1985894293><>" slap with 0 damage "The Best Gamer<179><STEAM_0:0:1256617457><>"
L 09/06/2015 - 15:18:37: [plmenu.amxx] Cmd: "no slay<175><STEAM_0:0:1985894293><>" slap with 0 damage "The Best Gamer<179><STEAM_0:0:1256617457><>"
L 09/06/2015 - 15:18:37: [plmenu.amxx] Cmd: "no slay<175><STEAM_0:0:1985894293><>" slap with 0 damage "The Best Gamer<179><STEAM_0:0:1256617457><>"
L 09/06/2015 - 15:18:37: [plmenu.amxx] Cmd: "no slay<175><STEAM_0:0:1985894293><>" slap with 0 damage "The Best Gamer<179><STEAM_0:0:1256617457><>"
L 09/06/2015 - 15:18:38: [plmenu.amxx] Cmd: "no slay<175><STEAM_0:0:1985894293><>" slap with 0 damage "The Best Gamer<179><STEAM_0:0:1256617457><>"
L 09/06/2015 - 15:18:38: [plmenu.amxx] Cmd: "no slay<175><STEAM_0:0:1985894293><>" slap with 0 damage "The Best Gamer<179><STEAM_0:0:1256617457><>"
L 09/06/2015 - 15:18:38: [plmenu.amxx] Cmd: "no slay<175><STEAM_0:0:1985894293><>" slap with 0 damage "The Best Gamer<179><STEAM_0:0:1256617457><>"
L 09/06/2015 - 15:18:38: [plmenu.amxx] Cmd: "no slay<175><STEAM_0:0:1985894293><>" slap with 0 damage "The Best Gamer<179><STEAM_0:0:1256617457><>"
L 09/06/2015 - 15:18:39: [plmenu.amxx] Cmd: "no slay<175><STEAM_0:0:1985894293><>" slap with 0 damage "The Best Gamer<179><STEAM_0:0:1256617457><>"
L 09/06/2015 - 15:26:38: -------- Mapchange to zm_lorencia --------
L 09/06/2015 - 15:26:39: [extreme_bancfg2.amxx] addons/amxmodx/configs/cfgban/override.txt
L 09/06/2015 - 15:32:19: -------- Mapchange to zm_3rooms --------
L 09/06/2015 - 15:32:20: [extreme_bancfg2.amxx] addons/amxmodx/configs/cfgban/override.txt
L 09/06/2015 - 15:48:30: [adminchat.amxx] Chat: "Dragos^^<197><STEAM_0:1:17522032><>" tsay "2 d"
L 09/06/2015 - 16:01:34: [admincmd.amxx] Cmd: "Dragos^^<197><STEAM_0:1:17522032><>" changelevel "zm_foda"
L 09/06/2015 - 16:01:37: -------- Mapchange to zm_foda --------
L 09/06/2015 - 16:01:37: [extreme_bancfg2.amxx] addons/amxmodx/configs/cfgban/override.txt
L 09/06/2015 - 16:11:59: [admincmd.amxx] Cmd: "Dragos^^<199><STEAM_0:1:17522032><>" changelevel "zm_ice_attack3"
L 09/06/2015 - 16:12:01: -------- Mapchange to zm_ice_attack3 --------
L 09/06/2015 - 16:12:02: [extreme_bancfg2.amxx] addons/amxmodx/configs/cfgban/override.txt
L 09/06/2015 - 16:17:48: [adminchat.amxx] Chat: "GRr3<213><STEAM_0:1:17522014><>" tsay "fara jet sau slay"
L 09/06/2015 - 16:18:38: [admin_zm.amxx] Login: "SM-Player<217><STEAM_0:0:1285488321><>" kicked due to invalid password (account "Sm-Player") (address "89.123.186.191")
L 09/06/2015 - 16:18:58: [admin_zm.amxx] Login: "SM-Player<218><STEAM_0:0:1285488321><>" kicked due to invalid password (account "Sm-Player") (address "89.123.186.191")
L 09/06/2015 - 16:19:04: [admin_zm.amxx] Login: "iPhoNee.<219><VALVE_0:4:540328170><>" kicked due to invalid password (account "iPhoNee.") (address "109.99.53.233")
L 09/06/2015 - 16:21:25: [adminchat.amxx] Chat: "GRr3<213><STEAM_0:1:17522014><>" tsay "gata cu modurile"
L 09/06/2015 - 16:23:29: [admincmd.amxx] Cmd: "Dragos^^<211><STEAM_0:1:17522032><>" changelevel "zm_aztec_defense"
L 09/06/2015 - 16:23:43: -------- Mapchange to zm_dust_world --------
L 09/06/2015 - 16:23:44: [extreme_bancfg2.amxx] addons/amxmodx/configs/cfgban/override.txt
L 09/06/2015 - 16:23:50: -------- Mapchange to zm_ice_attack3 --------
L 09/06/2015 - 16:23:51: [extreme_bancfg2.amxx] addons/amxmodx/configs/cfgban/override.txt
L 09/06/2015 - 16:25:55: [adminvote.amxx] Vote: "Dragos^^<5><STEAM_0:1:17522032><>" vote map (map "zm_aztec_defense")
L 09/06/2015 - 16:26:17: [adminvote.amxx] Vote: Votarea a avut loc cu succes (got "3") (needed "2") (result "changelevel zm_aztec_defense")
L 09/06/2015 - 16:26:22: [adminvote.amxx] Vote: Rezultat acceptat
L 09/06/2015 - 16:26:24: -------- Mapchange to zm_aztec_defense --------
L 09/06/2015 - 16:26:25: [extreme_bancfg2.amxx] addons/amxmodx/configs/cfgban/override.txt
L 09/06/2015 - 16:30:15: [adminchat.amxx] Chat: "Dragos^^<5><STEAM_0:1:17522032><>" tsay "Bind v +setlaser"
L 09/06/2015 - 16:30:27: [adminchat.amxx] Chat: "GRr3<7><STEAM_0:1:17522014><>" tsay "nex mod"
L 09/06/2015 - 16:32:38: [adminchat.amxx] Chat: "GRr3<7><STEAM_0:1:17522014><>" tsay "next mod"
L 09/06/2015 - 16:33:07: [adminchat.amxx] Chat: "Dragos^^<5><STEAM_0:1:17522032><>" tsay "bind v +setlaser"
L 09/06/2015 - 16:54:36: -------- Mapchange to zm_vendetta --------
L 09/06/2015 - 16:54:37: [extreme_bancfg2.amxx] addons/amxmodx/configs/cfgban/override.txt
L 09/06/2015 - 17:22:48: -------- Mapchange to zm_dust_jasionka --------
L 09/06/2015 - 17:22:49: [extreme_bancfg2.amxx] addons/amxmodx/configs/cfgban/override.txt
L 09/06/2015 - 17:45:30: [adminvote.amxx] Vote: "Razvan$$$<22><STEAM_0:1:20935949><>" vote custom (question "cine") (option#1 "vrea") (option#2 "sa")
L 09/06/2015 - 17:45:52: [adminvote.amxx] Vote: Votare esuata (got "0") (needed "1")
L 09/06/2015 - 17:48:09: [plmenu.amxx] Cmd: "Razvan$$$<22><STEAM_0:1:20935949><>" slap with 0 damage "PlaneShift1231<20><STEAM_0:0:2044995936><>"
L 09/06/2015 - 17:48:10: [plmenu.amxx] Cmd: "Razvan$$$<22><STEAM_0:1:20935949><>" slap with 0 damage "PlaneShift1231<20><STEAM_0:0:2044995936><>"
L 09/06/2015 - 17:48:10: [plmenu.amxx] Cmd: "Razvan$$$<22><STEAM_0:1:20935949><>" slap with 0 damage "PlaneShift1231<20><STEAM_0:0:2044995936><>"
L 09/06/2015 - 17:48:10: [plmenu.amxx] Cmd: "Razvan$$$<22><STEAM_0:1:20935949><>" slap with 0 damage "PlaneShift1231<20><STEAM_0:0:2044995936><>"
L 09/06/2015 - 17:48:10: [plmenu.amxx] Cmd: "Razvan$$$<22><STEAM_0:1:20935949><>" slap with 0 damage "PlaneShift1231<20><STEAM_0:0:2044995936><>"
L 09/06/2015 - 17:48:11: [plmenu.amxx] Cmd: "Razvan$$$<22><STEAM_0:1:20935949><>" slap with 0 damage "PlaneShift1231<20><STEAM_0:0:2044995936><>"
L 09/06/2015 - 17:48:11: [plmenu.amxx] Cmd: "Razvan$$$<22><STEAM_0:1:20935949><>" slap with 0 damage "PlaneShift1231<20><STEAM_0:0:2044995936><>"
L 09/06/2015 - 17:48:11: [plmenu.amxx] Cmd: "Razvan$$$<22><STEAM_0:1:20935949><>" slap with 0 damage "PlaneShift1231<20><STEAM_0:0:2044995936><>"
L 09/06/2015 - 17:48:11: [plmenu.amxx] Cmd: "Razvan$$$<22><STEAM_0:1:20935949><>" slap with 0 damage "PlaneShift1231<20><STEAM_0:0:2044995936><>"
L 09/06/2015 - 17:48:11: [plmenu.amxx] Cmd: "Razvan$$$<22><STEAM_0:1:20935949><>" slap with 0 damage "PlaneShift1231<20><STEAM_0:0:2044995936><>"
L 09/06/2015 - 17:48:11: [plmenu.amxx] Cmd: "Razvan$$$<22><STEAM_0:1:20935949><>" slap with 0 damage "PlaneShift1231<20><STEAM_0:0:2044995936><>"
L 09/06/2015 - 17:48:11: [plmenu.amxx] Cmd: "Razvan$$$<22><STEAM_0:1:20935949><>" slap with 0 damage "PlaneShift1231<20><STEAM_0:0:2044995936><>"
L 09/06/2015 - 17:48:12: [plmenu.amxx] Cmd: "Razvan$$$<22><STEAM_0:1:20935949><>" slap with 0 damage "PlaneShift1231<20><STEAM_0:0:2044995936><>"
L 09/06/2015 - 17:48:12: [plmenu.amxx] Cmd: "Razvan$$$<22><STEAM_0:1:20935949><>" slap with 0 damage "PlaneShift1231<20><STEAM_0:0:2044995936><>"
L 09/06/2015 - 17:48:12: [plmenu.amxx] Cmd: "Razvan$$$<22><STEAM_0:1:20935949><>" slap with 0 damage "PlaneShift1231<20><STEAM_0:0:2044995936><>"
L 09/06/2015 - 17:48:12: [plmenu.amxx] Cmd: "Razvan$$$<22><STEAM_0:1:20935949><>" slap with 0 damage "PlaneShift1231<20><STEAM_0:0:2044995936><>"
L 09/06/2015 - 17:48:12: [plmenu.amxx] Cmd: "Razvan$$$<22><STEAM_0:1:20935949><>" slap with 0 damage "PlaneShift1231<20><STEAM_0:0:2044995936><>"
L 09/06/2015 - 17:48:12: [plmenu.amxx] Cmd: "Razvan$$$<22><STEAM_0:1:20935949><>" slap with 0 damage "PlaneShift1231<20><STEAM_0:0:2044995936><>"
L 09/06/2015 - 17:48:13: [plmenu.amxx] Cmd: "Razvan$$$<22><STEAM_0:1:20935949><>" slap with 0 damage "PlaneShift1231<20><STEAM_0:0:2044995936><>"
L 09/06/2015 - 17:48:13: [plmenu.amxx] Cmd: "Razvan$$$<22><STEAM_0:1:20935949><>" slap with 0 damage "PlaneShift1231<20><STEAM_0:0:2044995936><>"
L 09/06/2015 - 17:48:13: [plmenu.amxx] Cmd: "Razvan$$$<22><STEAM_0:1:20935949><>" slap with 0 damage "PlaneShift1231<20><STEAM_0:0:2044995936><>"
L 09/06/2015 - 17:48:13: [plmenu.amxx] Cmd: "Razvan$$$<22><STEAM_0:1:20935949><>" slap with 0 damage "PlaneShift1231<20><STEAM_0:0:2044995936><>"
L 09/06/2015 - 17:48:13: [plmenu.amxx] Cmd: "Razvan$$$<22><STEAM_0:1:20935949><>" slap with 0 damage "PlaneShift1231<20><STEAM_0:0:2044995936><>"
L 09/06/2015 - 17:48:14: [plmenu.amxx] Cmd: "Razvan$$$<22><STEAM_0:1:20935949><>" slap with 0 damage "PlaneShift1231<20><STEAM_0:0:2044995936><>"
L 09/06/2015 - 17:48:16: [plmenu.amxx] Cmd: "Razvan$$$<22><STEAM_0:1:20935949><>" slap with 5 damage "PlaneShift1231<20><STEAM_0:0:2044995936><>"
L 09/06/2015 - 17:48:16: [plmenu.amxx] Cmd: "Razvan$$$<22><STEAM_0:1:20935949><>" slap with 5 damage "PlaneShift1231<20><STEAM_0:0:2044995936><>"
L 09/06/2015 - 17:48:16: [plmenu.amxx] Cmd: "Razvan$$$<22><STEAM_0:1:20935949><>" slap with 5 damage "PlaneShift1231<20><STEAM_0:0:2044995936><>"
L 09/06/2015 - 17:48:16: [plmenu.amxx] Cmd: "Razvan$$$<22><STEAM_0:1:20935949><>" slap with 5 damage "PlaneShift1231<20><STEAM_0:0:2044995936><>"
L 09/06/2015 - 17:48:16: [plmenu.amxx] Cmd: "Razvan$$$<22><STEAM_0:1:20935949><>" slap with 5 damage "PlaneShift1231<20><STEAM_0:0:2044995936><>"
L 09/06/2015 - 17:48:16: [plmenu.amxx] Cmd: "Razvan$$$<22><STEAM_0:1:20935949><>" slap with 5 damage "PlaneShift1231<20><STEAM_0:0:2044995936><>"
L 09/06/2015 - 17:48:16: [plmenu.amxx] Cmd: "Razvan$$$<22><STEAM_0:1:20935949><>" slap with 5 damage "PlaneShift1231<20><STEAM_0:0:2044995936><>"
L 09/06/2015 - 17:48:17: [plmenu.amxx] Cmd: "Razvan$$$<22><STEAM_0:1:20935949><>" slap with 5 damage "PlaneShift1231<20><STEAM_0:0:2044995936><>"
L 09/06/2015 - 17:48:17: [plmenu.amxx] Cmd: "Razvan$$$<22><STEAM_0:1:20935949><>" slap with 5 damage "PlaneShift1231<20><STEAM_0:0:2044995936><>"
L 09/06/2015 - 17:48:17: [plmenu.amxx] Cmd: "Razvan$$$<22><STEAM_0:1:20935949><>" slap with 5 damage "PlaneShift1231<20><STEAM_0:0:2044995936><>"
L 09/06/2015 - 17:48:17: [plmenu.amxx] Cmd: "Razvan$$$<22><STEAM_0:1:20935949><>" slap with 5 damage "PlaneShift1231<20><STEAM_0:0:2044995936><>"
L 09/06/2015 - 17:48:17: [plmenu.amxx] Cmd: "Razvan$$$<22><STEAM_0:1:20935949><>" slap with 5 damage "PlaneShift1231<20><STEAM_0:0:2044995936><>"
L 09/06/2015 - 17:48:17: [plmenu.amxx] Cmd: "Razvan$$$<22><STEAM_0:1:20935949><>" slap with 5 damage "PlaneShift1231<20><STEAM_0:0:2044995936><>"
L 09/06/2015 - 17:48:17: [plmenu.amxx] Cmd: "Razvan$$$<22><STEAM_0:1:20935949><>" slap with 5 damage "PlaneShift1231<20><STEAM_0:0:2044995936><>"
L 09/06/2015 - 17:48:19: [plmenu.amxx] Cmd: "Razvan$$$<22><STEAM_0:1:20935949><>" slap with 5 damage "PlaneShift1231<20><STEAM_0:0:2044995936><>"
L 09/06/2015 - 17:48:20: [plmenu.amxx] Cmd: "Razvan$$$<22><STEAM_0:1:20935949><>" slap with 5 damage "PlaneShift1231<20><STEAM_0:0:2044995936><>"
L 09/06/2015 - 17:48:26: [plmenu.amxx] Cmd: "Razvan$$$<22><STEAM_0:1:20935949><>" slap with 5 damage "PlaneShift1231<20><STEAM_0:0:2044995936><>"
L 09/06/2015 - 17:48:27: [plmenu.amxx] Cmd: "Razvan$$$<22><STEAM_0:1:20935949><>" slap with 5 damage "PlaneShift1231<20><STEAM_0:0:2044995936><>"
L 09/06/2015 - 17:48:28: [plmenu.amxx] Cmd: "Razvan$$$<22><STEAM_0:1:20935949><>" slap with 5 damage "PlaneShift1231<20><STEAM_0:0:2044995936><>"
L 09/06/2015 - 17:48:28: [plmenu.amxx] Cmd: "Razvan$$$<22><STEAM_0:1:20935949><>" slap with 5 damage "PlaneShift1231<20><STEAM_0:0:2044995936><>"
L 09/06/2015 - 17:48:28: [plmenu.amxx] Cmd: "Razvan$$$<22><STEAM_0:1:20935949><>" slap with 5 damage "PlaneShift1231<20><STEAM_0:0:2044995936><>"
L 09/06/2015 - 17:48:29: [plmenu.amxx] Cmd: "Razvan$$$<22><STEAM_0:1:20935949><>" slap with 5 damage "PlaneShift1231<20><STEAM_0:0:2044995936><>"
L 09/06/2015 - 17:48:29: [plmenu.amxx] Cmd: "Razvan$$$<22><STEAM_0:1:20935949><>" slap with 5 damage "PlaneShift1231<20><STEAM_0:0:2044995936><>"
L 09/06/2015 - 17:48:29: [plmenu.amxx] Cmd: "Razvan$$$<22><STEAM_0:1:20935949><>" slap with 5 damage "PlaneShift1231<20><STEAM_0:0:2044995936><>"
L 09/06/2015 - 17:48:33: [plmenu.amxx] Cmd: "Razvan$$$<22><STEAM_0:1:20935949><>" slap with 5 damage "PlaneShift1231<20><STEAM_0:0:2044995936><>"
L 09/06/2015 - 17:48:34: [plmenu.amxx] Cmd: "Razvan$$$<22><STEAM_0:1:20935949><>" slap with 5 damage "PlaneShift1231<20><STEAM_0:0:2044995936><>"
L 09/06/2015 - 17:48:34: [plmenu.amxx] Cmd: "Razvan$$$<22><STEAM_0:1:20935949><>" slap with 5 damage "PlaneShift1231<20><STEAM_0:0:2044995936><>"
L 09/06/2015 - 17:48:34: [plmenu.amxx] Cmd: "Razvan$$$<22><STEAM_0:1:20935949><>" slap with 5 damage "PlaneShift1231<20><STEAM_0:0:2044995936><>"
L 09/06/2015 - 17:48:34: [plmenu.amxx] Cmd: "Razvan$$$<22><STEAM_0:1:20935949><>" slap with 5 damage "PlaneShift1231<20><STEAM_0:0:2044995936><>"
L 09/06/2015 - 17:48:34: [plmenu.amxx] Cmd: "Razvan$$$<22><STEAM_0:1:20935949><>" slap with 5 damage "PlaneShift1231<20><STEAM_0:0:2044995936><>"
L 09/06/2015 - 17:48:34: [plmenu.amxx] Cmd: "Razvan$$$<22><STEAM_0:1:20935949><>" slap with 5 damage "PlaneShift1231<20><STEAM_0:0:2044995936><>"
L 09/06/2015 - 17:48:35: [plmenu.amxx] Cmd: "Razvan$$$<22><STEAM_0:1:20935949><>" slap with 5 damage "PlaneShift1231<20><STEAM_0:0:2044995936><>"
L 09/06/2015 - 17:48:35: [plmenu.amxx] Cmd: "Razvan$$$<22><STEAM_0:1:20935949><>" slap with 5 damage "PlaneShift1231<20><STEAM_0:0:2044995936><>"
L 09/06/2015 - 17:48:35: [plmenu.amxx] Cmd: "Razvan$$$<22><STEAM_0:1:20935949><>" slap with 5 damage "PlaneShift1231<20><STEAM_0:0:2044995936><>"
L 09/06/2015 - 17:48:35: [plmenu.amxx] Cmd: "Razvan$$$<22><STEAM_0:1:20935949><>" slap with 5 damage "PlaneShift1231<20><STEAM_0:0:2044995936><>"
L 09/06/2015 - 17:48:35: [plmenu.amxx] Cmd: "Razvan$$$<22><STEAM_0:1:20935949><>" slap with 5 damage "PlaneShift1231<20><STEAM_0:0:2044995936><>"
L 09/06/2015 - 17:48:35: [plmenu.amxx] Cmd: "Razvan$$$<22><STEAM_0:1:20935949><>" slap with 5 damage "PlaneShift1231<20><STEAM_0:0:2044995936><>"
L 09/06/2015 - 17:48:35: [plmenu.amxx] Cmd: "Razvan$$$<22><STEAM_0:1:20935949><>" slap with 5 damage "PlaneShift1231<20><STEAM_0:0:2044995936><>"
L 09/06/2015 - 17:48:36: [plmenu.amxx] Cmd: "Razvan$$$<22><STEAM_0:1:20935949><>" slap with 5 damage "PlaneShift1231<20><STEAM_0:0:2044995936><>"
L 09/06/2015 - 17:48:36: [plmenu.amxx] Cmd: "Razvan$$$<22><STEAM_0:1:20935949><>" slap with 5 damage "PlaneShift1231<20><STEAM_0:0:2044995936><>"
L 09/06/2015 - 17:48:36: [plmenu.amxx] Cmd: "Razvan$$$<22><STEAM_0:1:20935949><>" slap with 5 damage "PlaneShift1231<20><STEAM_0:0:2044995936><>"
L 09/06/2015 - 17:48:36: [plmenu.amxx] Cmd: "Razvan$$$<22><STEAM_0:1:20935949><>" slap with 5 damage "PlaneShift1231<20><STEAM_0:0:2044995936><>"
L 09/06/2015 - 17:48:36: [plmenu.amxx] Cmd: "Razvan$$$<22><STEAM_0:1:20935949><>" slap with 5 damage "PlaneShift1231<20><STEAM_0:0:2044995936><>"
L 09/06/2015 - 17:48:36: [plmenu.amxx] Cmd: "Razvan$$$<22><STEAM_0:1:20935949><>" slap with 5 damage "PlaneShift1231<20><STEAM_0:0:2044995936><>"
L 09/06/2015 - 17:48:36: [plmenu.amxx] Cmd: "Razvan$$$<22><STEAM_0:1:20935949><>" slap with 5 damage "PlaneShift1231<20><STEAM_0:0:2044995936><>"
L 09/06/2015 - 17:48:37: [plmenu.amxx] Cmd: "Razvan$$$<22><STEAM_0:1:20935949><>" slap with 5 damage "PlaneShift1231<20><STEAM_0:0:2044995936><>"
L 09/06/2015 - 17:48:37: [plmenu.amxx] Cmd: "Razvan$$$<22><STEAM_0:1:20935949><>" slap with 5 damage "PlaneShift1231<20><STEAM_0:0:2044995936><>"
L 09/06/2015 - 17:48:40: [plmenu.amxx] Cmd: "Razvan$$$<22><STEAM_0:1:20935949><>" slap with 5 damage "PlaneShift1231<20><STEAM_0:0:2044995936><>"
L 09/06/2015 - 17:48:41: [plmenu.amxx] Cmd: "Razvan$$$<22><STEAM_0:1:20935949><>" slap with 5 damage "PlaneShift1231<20><STEAM_0:0:2044995936><>"
L 09/06/2015 - 17:48:43: [plmenu.amxx] Cmd: "Razvan$$$<22><STEAM_0:1:20935949><>" slap with 5 damage "PlaneShift1231<20><STEAM_0:0:2044995936><>"
L 09/06/2015 - 17:48:44: [plmenu.amxx] Cmd: "Razvan$$$<22><STEAM_0:1:20935949><>" slap with 5 damage "PlaneShift1231<20><STEAM_0:0:2044995936><>"
L 09/06/2015 - 17:48:44: [plmenu.amxx] Cmd: "Razvan$$$<22><STEAM_0:1:20935949><>" slap with 5 damage "PlaneShift1231<20><STEAM_0:0:2044995936><>"
L 09/06/2015 - 17:48:44: [plmenu.amxx] Cmd: "Razvan$$$<22><STEAM_0:1:20935949><>" slap with 5 damage "PlaneShift1231<20><STEAM_0:0:2044995936><>"
L 09/06/2015 - 17:48:44: [plmenu.amxx] Cmd: "Razvan$$$<22><STEAM_0:1:20935949><>" slap with 5 damage "PlaneShift1231<20><STEAM_0:0:2044995936><>"
L 09/06/2015 - 17:48:44: [plmenu.amxx] Cmd: "Razvan$$$<22><STEAM_0:1:20935949><>" slap with 5 damage "PlaneShift1231<20><STEAM_0:0:2044995936><>"
L 09/06/2015 - 17:48:44: [plmenu.amxx] Cmd: "Razvan$$$<22><STEAM_0:1:20935949><>" slap with 5 damage "PlaneShift1231<20><STEAM_0:0:2044995936><>"
L 09/06/2015 - 17:48:44: [plmenu.amxx] Cmd: "Razvan$$$<22><STEAM_0:1:20935949><>" slap with 5 damage "PlaneShift1231<20><STEAM_0:0:2044995936><>"
L 09/06/2015 - 17:48:45: [plmenu.amxx] Cmd: "Razvan$$$<22><STEAM_0:1:20935949><>" slap with 5 damage "PlaneShift1231<20><STEAM_0:0:2044995936><>"
L 09/06/2015 - 17:48:45: [plmenu.amxx] Cmd: "Razvan$$$<22><STEAM_0:1:20935949><>" slap with 5 damage "PlaneShift1231<20><STEAM_0:0:2044995936><>"
L 09/06/2015 - 17:48:45: [plmenu.amxx] Cmd: "Razvan$$$<22><STEAM_0:1:20935949><>" slap with 5 damage "PlaneShift1231<20><STEAM_0:0:2044995936><>"
L 09/06/2015 - 17:50:44: [adminchat.amxx] Chat: "Razvan$$$<22><STEAM_0:1:20935949><>" tsay "adu"
L 09/06/2015 - 17:52:38: [admin_zm.amxx] Login: "Dani<20><STEAM_0:0:2044995936><>" kicked due to invalid password (account "dani") (address "84.171.68.198")
L 09/06/2015 - 18:05:46: -------- Mapchange to zm_assault_attack --------
L 09/06/2015 - 18:05:46: [extreme_bancfg2.amxx] addons/amxmodx/configs/cfgban/override.txt
L 09/06/2015 - 19:00:30: [admin_zm.amxx] Login: "Ady ^^<45><VALVE_0:4:1564729456><>" kicked due to invalid password (account "Ady ^^") (address "89.34.219.19")
L 09/06/2015 - 19:00:56: -------- Mapchange to zm_snow_mix --------
L 09/06/2015 - 19:00:56: [extreme_bancfg2.amxx] addons/amxmodx/configs/cfgban/override.txt
L 09/06/2015 - 19:09:51: [admin_zm.amxx] Login: "Ady ^^<51><STEAM_0:0:909168341><>" kicked due to invalid password (account "Ady ^^") (address "89.34.219.19")
L 09/06/2015 - 19:31:34: -------- Mapchange to zm_house_2011 --------
L 09/06/2015 - 19:31:35: [extreme_bancfg2.amxx] addons/amxmodx/configs/cfgban/override.txt
L 09/06/2015 - 20:08:31: [admin_zm.amxx] Login: "PRO-Player-FL<72><STEAM_0:0:840365229><>" kicked due to invalid password (account "PRO-Player-Fl") (address "5.14.134.242")
L 09/06/2015 - 20:09:21: [admin_zm.amxx] Login: "PRO-Player-FL<73><STEAM_0:0:840365229><>" kicked due to invalid password (account "PRO-Player-Fl") (address "5.14.134.242")
L 09/06/2015 - 21:02:44: [zm_vip_extra_buy_survnem.amxx] Razvan$$$ a cumparat nemesis
L 09/06/2015 - 21:03:52: -------- Mapchange to zm_heal_dust2 --------
L 09/06/2015 - 21:03:52: [extreme_bancfg2.amxx] addons/amxmodx/configs/cfgban/override.txt
L 09/06/2015 - 21:04:29: [admincmd.amxx] Cmd: "Razvan$$$<96><STEAM_0:0:2145337884><>" changelevel "zm_aztec_defense"
L 09/06/2015 - 21:04:31: -------- Mapchange to zm_aztec_defense --------
L 09/06/2015 - 21:04:31: [extreme_bancfg2.amxx] addons/amxmodx/configs/cfgban/override.txt
L 09/06/2015 - 21:45:39: -------- Mapchange to zm_army_tn_beta3 --------
L 09/06/2015 - 21:45:40: [extreme_bancfg2.amxx] addons/amxmodx/configs/cfgban/override.txt
L 09/06/2015 - 21:50:26: [admincmd.amxx] Cmd: "no slay<120><STEAM_0:0:1985894293><>" ask for players list
L 09/06/2015 - 21:50:39: [adminchat.amxx] Chat: "no slay<120><STEAM_0:0:1985894293><>" tsay "c"
L 09/06/2015 - 21:53:13: [adminchat.amxx] Chat: "no slay<120><STEAM_0:0:1985894293><>" tsay "ba dece numai am owner"
L 09/06/2015 - 21:55:16: [adminchat.amxx] Chat: "no slay<120><STEAM_0:0:1985894293><>" tsay "ba macar sa mi dea paia 500 de euro dai aveam in banca"
L 09/06/2015 - 22:05:02: [admin_zm.amxx] Login: "SM-Player<130><STEAM_0:0:1318788212><>" kicked due to invalid password (account "Sm-Player") (address "176.85.59.94")
L 09/06/2015 - 22:05:21: [admin_zm.amxx] Login: "RARES<132><STEAM_0:0:1318788212><>" kicked due to invalid password (account "rares") (address "176.85.59.94")
L 09/06/2015 - 22:11:44: [admincmd.amxx] Cmd: "no slay<120><STEAM_0:0:1985894293><>" changelevel "zm_death_alley"
L 09/06/2015 - 22:11:46: -------- Mapchange to zm_death_alley --------
L 09/06/2015 - 22:11:47: [extreme_bancfg2.amxx] addons/amxmodx/configs/cfgban/override.txt
L 09/06/2015 - 22:34:09: [admin_zm.amxx] Login: "Vlad<150><STEAM_0:0:1815008256><>" kicked due to invalid password (account "Vlad") (address "109.97.229.39")
L 09/06/2015 - 22:36:46: [admin_zm.amxx] Login: "Killer<153><STEAM_0:0:1815008256><>" kicked due to invalid password (account "killer") (address "109.97.229.39")
L 09/06/2015 - 23:05:58: -------- Mapchange to zm_dust2009 --------
L 09/06/2015 - 23:05:59: [extreme_bancfg2.amxx] addons/amxmodx/configs/cfgban/override.txt
L 09/06/2015 - 23:34:10: -------- Mapchange to zm_dwarf --------
L 09/06/2015 - 23:34:10: [extreme_bancfg2.amxx] addons/amxmodx/configs/cfgban/override.txt
