L 08/26/2015 - 00:10:05: -------- Mapchange to zm_chatoyant --------
L 08/26/2015 - 00:10:05: [extreme_bancfg2.amxx] addons/amxmodx/configs/cfgban/override.txt
L 08/26/2015 - 00:38:16: -------- Mapchange to zm_army_tn_beta3 --------
L 08/26/2015 - 00:38:19: [extreme_bancfg2.amxx] addons/amxmodx/configs/cfgban/override.txt
L 08/26/2015 - 01:06:31: -------- Mapchange to zm_army --------
L 08/26/2015 - 01:06:32: [extreme_bancfg2.amxx] addons/amxmodx/configs/cfgban/override.txt
L 08/26/2015 - 01:34:43: -------- Mapchange to zm_run_while_u_can --------
L 08/26/2015 - 01:34:44: [extreme_bancfg2.amxx] addons/amxmodx/configs/cfgban/override.txt
L 08/26/2015 - 02:02:55: -------- Mapchange to zm_death_alley --------
L 08/26/2015 - 02:02:56: [extreme_bancfg2.amxx] addons/amxmodx/configs/cfgban/override.txt
L 08/26/2015 - 02:31:07: -------- Mapchange to zm_dwarf --------
L 08/26/2015 - 02:31:08: [extreme_bancfg2.amxx] addons/amxmodx/configs/cfgban/override.txt
L 08/26/2015 - 02:59:19: -------- Mapchange to zm_electro_winter --------
L 08/26/2015 - 02:59:20: [extreme_bancfg2.amxx] addons/amxmodx/configs/cfgban/override.txt
L 08/26/2015 - 03:27:31: -------- Mapchange to zm_newzombie --------
L 08/26/2015 - 03:27:32: [extreme_bancfg2.amxx] addons/amxmodx/configs/cfgban/override.txt
L 08/26/2015 - 03:55:43: -------- Mapchange to zm_zod_fortuna --------
L 08/26/2015 - 03:55:44: [extreme_bancfg2.amxx] addons/amxmodx/configs/cfgban/override.txt
L 08/26/2015 - 04:23:55: -------- Mapchange to zm_infect2_click21 --------
L 08/26/2015 - 04:23:56: [extreme_bancfg2.amxx] addons/amxmodx/configs/cfgban/override.txt
L 08/26/2015 - 04:52:07: -------- Mapchange to zm_ceronUA --------
L 08/26/2015 - 04:52:09: [extreme_bancfg2.amxx] addons/amxmodx/configs/cfgban/override.txt
L 08/26/2015 - 05:20:21: -------- Mapchange to zm_mansion_mba --------
L 08/26/2015 - 05:20:22: [extreme_bancfg2.amxx] addons/amxmodx/configs/cfgban/override.txt
L 08/26/2015 - 05:48:33: -------- Mapchange to zm_run_while_u_can --------
L 08/26/2015 - 05:48:33: [extreme_bancfg2.amxx] addons/amxmodx/configs/cfgban/override.txt
L 08/26/2015 - 06:16:45: -------- Mapchange to zm_ice_attack --------
L 08/26/2015 - 06:16:45: [extreme_bancfg2.amxx] addons/amxmodx/configs/cfgban/override.txt
L 08/26/2015 - 06:44:56: -------- Mapchange to zm_electro_winter --------
L 08/26/2015 - 06:44:57: [extreme_bancfg2.amxx] addons/amxmodx/configs/cfgban/override.txt
L 08/26/2015 - 07:13:12: -------- Mapchange to zm_ice_attack3 --------
L 08/26/2015 - 07:13:15: [extreme_bancfg2.amxx] addons/amxmodx/configs/cfgban/override.txt
L 08/26/2015 - 07:41:27: -------- Mapchange to zm_army --------
L 08/26/2015 - 07:41:30: [extreme_bancfg2.amxx] addons/amxmodx/configs/cfgban/override.txt
L 08/26/2015 - 08:09:42: -------- Mapchange to zm_aztec_defense --------
L 08/26/2015 - 08:09:44: [extreme_bancfg2.amxx] addons/amxmodx/configs/cfgban/override.txt
L 08/26/2015 - 08:27:34: -------- Mapchange to zm_fear --------
L 08/26/2015 - 08:27:35: [extreme_bancfg2.amxx] addons/amxmodx/configs/cfgban/override.txt
L 08/26/2015 - 08:55:47: -------- Mapchange to zm_foda --------
L 08/26/2015 - 08:55:48: [extreme_bancfg2.amxx] addons/amxmodx/configs/cfgban/override.txt
L 08/26/2015 - 09:23:59: -------- Mapchange to zm_dwarf_ultimate --------
L 08/26/2015 - 09:24:00: [extreme_bancfg2.amxx] addons/amxmodx/configs/cfgban/override.txt
L 08/26/2015 - 09:31:22: -------- Mapchange to zm_inferno --------
L 08/26/2015 - 09:31:23: [extreme_bancfg2.amxx] addons/amxmodx/configs/cfgban/override.txt
L 08/26/2015 - 09:33:12: [admin_zm.amxx] Login: "adyjrr<86><STEAM_0:0:383404615><>" kicked due to invalid password (account "AdyJrr") (address "109.98.160.227")
L 08/26/2015 - 09:56:07: -------- Mapchange to zm_dust_world --------
L 08/26/2015 - 09:56:08: [extreme_bancfg2.amxx] addons/amxmodx/configs/cfgban/override.txt
L 08/26/2015 - 09:56:14: -------- Mapchange to zm_dwarf --------
L 08/26/2015 - 09:56:15: [extreme_bancfg2.amxx] addons/amxmodx/configs/cfgban/override.txt
L 08/26/2015 - 10:02:13: -------- Mapchange to zm_westwood_click21 --------
L 08/26/2015 - 10:02:14: [extreme_bancfg2.amxx] addons/amxmodx/configs/cfgban/override.txt
L 08/26/2015 - 10:15:07: -------- Mapchange to zm_death_alley --------
L 08/26/2015 - 10:15:08: [extreme_bancfg2.amxx] addons/amxmodx/configs/cfgban/override.txt
L 08/26/2015 - 10:19:21: [admin_zm.amxx] Login: "RCPlayer-Lant<10><VALVE_0:4:1464743408><>" kicked due to invalid password (account "RCPlayer-Lant") (address "89.137.192.7")
L 08/26/2015 - 10:19:27: [admin_zm.amxx] Login: "RCPlayer-Lant<11><VALVE_0:4:1464743408><>" kicked due to invalid password (account "RCPlayer-Lant") (address "89.137.192.7")
L 08/26/2015 - 10:43:19: -------- Mapchange to zm_office --------
L 08/26/2015 - 10:43:20: [extreme_bancfg2.amxx] addons/amxmodx/configs/cfgban/override.txt
L 08/26/2015 - 10:57:17: -------- Mapchange to zm_666_brick --------
L 08/26/2015 - 10:57:18: [extreme_bancfg2.amxx] addons/amxmodx/configs/cfgban/override.txt
L 08/26/2015 - 11:24:38: -------- Mapchange to zm_dust2snow_2011 --------
L 08/26/2015 - 11:24:39: [extreme_bancfg2.amxx] addons/amxmodx/configs/cfgban/override.txt
L 08/26/2015 - 11:46:29: -------- Mapchange to zm_humans --------
L 08/26/2015 - 11:46:30: [extreme_bancfg2.amxx] addons/amxmodx/configs/cfgban/override.txt
L 08/26/2015 - 11:49:28: -------- Mapchange to zm_electro_winter --------
L 08/26/2015 - 11:49:29: [extreme_bancfg2.amxx] addons/amxmodx/configs/cfgban/override.txt
L 08/26/2015 - 12:07:24: [admin_zm.amxx] Login: "SM-Player<45><STEAM_0:0:2124006777><>" kicked due to invalid password (account "Sm-Player") (address "93.114.123.139")
L 08/26/2015 - 12:07:32: [admin_zm.amxx] Login: "SM-Player<46><STEAM_0:0:2124006777><>" kicked due to invalid password (account "Sm-Player") (address "93.114.123.139")
L 08/26/2015 - 12:20:13: -------- Mapchange to zm_fortuna --------
L 08/26/2015 - 12:20:15: [extreme_bancfg2.amxx] addons/amxmodx/configs/cfgban/override.txt
L 08/26/2015 - 12:22:57: [admin_zm.amxx] Login: "SM-Player<56><STEAM_0:0:2124006777><>" kicked due to invalid password (account "Sm-Player") (address "93.114.123.139")
L 08/26/2015 - 12:33:46: [admin_zm.amxx] Login: "SM-Player<58><STEAM_0:0:2124006777><>" kicked due to invalid password (account "Sm-Player") (address "93.114.123.139")
L 08/26/2015 - 12:51:42: -------- Mapchange to zm_dust_world --------
L 08/26/2015 - 12:51:43: [extreme_bancfg2.amxx] addons/amxmodx/configs/cfgban/override.txt
L 08/26/2015 - 12:51:49: -------- Mapchange to zm_restart_v3 --------
L 08/26/2015 - 12:51:50: [extreme_bancfg2.amxx] addons/amxmodx/configs/cfgban/override.txt
L 08/26/2015 - 13:22:59: -------- Mapchange to zm_303 --------
L 08/26/2015 - 13:22:59: [extreme_bancfg2.amxx] addons/amxmodx/configs/cfgban/override.txt
L 08/26/2015 - 13:51:26: -------- Mapchange to zm_toxic_house2 --------
L 08/26/2015 - 13:51:27: [extreme_bancfg2.amxx] addons/amxmodx/configs/cfgban/override.txt
L 08/26/2015 - 13:59:55: [admin_zm.amxx] Login: "@lex<26><STEAM_0:0:1245423730><>" kicked due to invalid password (account "@leX") (address "5.14.199.57")
L 08/26/2015 - 14:19:38: -------- Mapchange to zm_dust2009 --------
L 08/26/2015 - 14:19:39: [extreme_bancfg2.amxx] addons/amxmodx/configs/cfgban/override.txt
L 08/26/2015 - 14:47:50: -------- Mapchange to zm_five --------
L 08/26/2015 - 14:47:51: [extreme_bancfg2.amxx] addons/amxmodx/configs/cfgban/override.txt
L 08/26/2015 - 15:25:54: -------- Mapchange to zm_dust_world --------
L 08/26/2015 - 15:25:55: [extreme_bancfg2.amxx] addons/amxmodx/configs/cfgban/override.txt
L 08/26/2015 - 15:26:01: -------- Mapchange to zm_chatoyant --------
L 08/26/2015 - 15:26:01: [extreme_bancfg2.amxx] addons/amxmodx/configs/cfgban/override.txt
L 08/26/2015 - 15:59:33: [admin_zm.amxx] Login: "Cristian<18><VALVE_0:4:1449712626><>" kicked due to invalid password (account "Cristian") (address "92.85.141.5")
L 08/26/2015 - 16:02:49: -------- Mapchange to zm_army --------
L 08/26/2015 - 16:02:50: [extreme_bancfg2.amxx] addons/amxmodx/configs/cfgban/override.txt
L 08/26/2015 - 16:31:01: -------- Mapchange to zm_ice_attack --------
L 08/26/2015 - 16:31:02: [extreme_bancfg2.amxx] addons/amxmodx/configs/cfgban/override.txt
L 08/26/2015 - 17:31:28: -------- Mapchange to zm_blocks --------
L 08/26/2015 - 17:31:28: [extreme_bancfg2.amxx] addons/amxmodx/configs/cfgban/override.txt
L 08/26/2015 - 17:59:40: -------- Mapchange to zm_pis2 --------
L 08/26/2015 - 17:59:41: [extreme_bancfg2.amxx] addons/amxmodx/configs/cfgban/override.txt
L 08/26/2015 - 18:34:36: -------- Mapchange to zm_assault_shadow --------
L 08/26/2015 - 18:34:36: [extreme_bancfg2.amxx] addons/amxmodx/configs/cfgban/override.txt
L 08/26/2015 - 19:13:03: [admin_zm.amxx] Login: "Player[www.resursecs.com]<63><VALVE_0:4:1449712626><>" kicked due to invalid password (account "Player[www.resursecs.com]") (address "92.85.141.5")
L 08/26/2015 - 19:26:14: -------- Mapchange to zm_house_2011 --------
L 08/26/2015 - 19:26:14: [extreme_bancfg2.amxx] addons/amxmodx/configs/cfgban/override.txt
L 08/26/2015 - 19:35:08: -------- Mapchange to zm_inferno --------
L 08/26/2015 - 19:35:08: [extreme_bancfg2.amxx] addons/amxmodx/configs/cfgban/override.txt
L 08/26/2015 - 19:41:40: -------- Mapchange to zm_dust_world --------
L 08/26/2015 - 19:41:41: [extreme_bancfg2.amxx] addons/amxmodx/configs/cfgban/override.txt
L 08/26/2015 - 19:41:46: -------- Mapchange to zm_office --------
L 08/26/2015 - 19:41:47: [extreme_bancfg2.amxx] addons/amxmodx/configs/cfgban/override.txt
L 08/26/2015 - 19:48:44: [admin_zm.amxx] Login: "n1k0N<12><STEAM_0:0:386404553><>" kicked due to invalid password (account "n1k0N") (address "81.196.69.152")
L 08/26/2015 - 20:14:42: -------- Mapchange to zm_electro_winter --------
L 08/26/2015 - 20:14:43: [extreme_bancfg2.amxx] addons/amxmodx/configs/cfgban/override.txt
L 08/26/2015 - 20:44:44: [admin_zm.amxx] Login: "@lex<22><STEAM_0:0:1245423730><>" kicked due to invalid password (account "@leX") (address "5.14.61.88")
L 08/26/2015 - 20:46:42: -------- Mapchange to zm_dust2snow_2011 --------
L 08/26/2015 - 20:46:42: [extreme_bancfg2.amxx] addons/amxmodx/configs/cfgban/override.txt
L 08/26/2015 - 21:10:11: [admin_zm.amxx] Login: "SM-Player<40><STEAM_0:0:1513725750><>" kicked due to invalid password (account "Sm-Player") (address "188.215.41.180")
L 08/26/2015 - 21:31:09: -------- Mapchange to zm_ilc_resident_evil2 --------
L 08/26/2015 - 21:31:10: [extreme_bancfg2.amxx] addons/amxmodx/configs/cfgban/override.txt
L 08/26/2015 - 21:59:21: -------- Mapchange to zm_restart_v3 --------
L 08/26/2015 - 21:59:22: [extreme_bancfg2.amxx] addons/amxmodx/configs/cfgban/override.txt
L 08/26/2015 - 22:02:03: [admin_zm.amxx] Login: "Game Over<48><STEAM_0:0:1256617457><>" kicked due to invalid password (account "Game Over") (address "92.114.246.214")
L 08/26/2015 - 22:09:24: [admin_zm.amxx] Login: "Uzzy<50><STEAM_0:0:1836222935><>" kicked due to invalid password (account "Uzzy") (address "92.84.164.24")
L 08/26/2015 - 22:45:30: -------- Mapchange to zm_brambor --------
L 08/26/2015 - 22:45:31: [extreme_bancfg2.amxx] addons/amxmodx/configs/cfgban/override.txt
L 08/26/2015 - 23:05:14: -------- Mapchange to zm_five --------
L 08/26/2015 - 23:05:15: [extreme_bancfg2.amxx] addons/amxmodx/configs/cfgban/override.txt
L 08/26/2015 - 23:33:04: -------- Mapchange to zm_dust_world --------
L 08/26/2015 - 23:33:05: [extreme_bancfg2.amxx] addons/amxmodx/configs/cfgban/override.txt
L 08/26/2015 - 23:33:11: -------- Mapchange to zm_dust2-final_click21 --------
L 08/26/2015 - 23:33:11: [extreme_bancfg2.amxx] addons/amxmodx/configs/cfgban/override.txt
