L 09/07/2015 - 00:02:22: -------- Mapchange to zm_castle_siege2 --------
L 09/07/2015 - 00:02:22: [extreme_bancfg2.amxx] addons/amxmodx/configs/cfgban/override.txt
L 09/07/2015 - 00:30:34: -------- Mapchange to zm_blocks --------
L 09/07/2015 - 00:30:34: [extreme_bancfg2.amxx] addons/amxmodx/configs/cfgban/override.txt
L 09/07/2015 - 00:58:45: -------- Mapchange to zm_mansion_mba --------
L 09/07/2015 - 00:58:46: [extreme_bancfg2.amxx] addons/amxmodx/configs/cfgban/override.txt
L 09/07/2015 - 01:26:57: -------- Mapchange to zm_ice_attack --------
L 09/07/2015 - 01:26:58: [extreme_bancfg2.amxx] addons/amxmodx/configs/cfgban/override.txt
L 09/07/2015 - 01:55:09: -------- Mapchange to zm_house_2011 --------
L 09/07/2015 - 01:55:09: [extreme_bancfg2.amxx] addons/amxmodx/configs/cfgban/override.txt
L 09/07/2015 - 02:23:20: -------- Mapchange to zm_electro_winter --------
L 09/07/2015 - 02:23:21: [extreme_bancfg2.amxx] addons/amxmodx/configs/cfgban/override.txt
L 09/07/2015 - 02:51:32: -------- Mapchange to zm_snowbase3 --------
L 09/07/2015 - 02:51:32: [extreme_bancfg2.amxx] addons/amxmodx/configs/cfgban/override.txt
L 09/07/2015 - 03:19:43: -------- Mapchange to zm_zHell --------
L 09/07/2015 - 03:19:44: [extreme_bancfg2.amxx] addons/amxmodx/configs/cfgban/override.txt
L 09/07/2015 - 03:47:55: -------- Mapchange to zm_assault_shadow --------
L 09/07/2015 - 03:47:56: [extreme_bancfg2.amxx] addons/amxmodx/configs/cfgban/override.txt
L 09/07/2015 - 04:16:07: -------- Mapchange to zm_humans --------
L 09/07/2015 - 04:16:07: [extreme_bancfg2.amxx] addons/amxmodx/configs/cfgban/override.txt
L 09/07/2015 - 04:44:19: -------- Mapchange to zm_aztec_mini --------
L 09/07/2015 - 04:44:19: [extreme_bancfg2.amxx] addons/amxmodx/configs/cfgban/override.txt
L 09/07/2015 - 05:12:30: -------- Mapchange to zm_castle_siege2 --------
L 09/07/2015 - 05:12:31: [extreme_bancfg2.amxx] addons/amxmodx/configs/cfgban/override.txt
L 09/07/2015 - 05:40:42: -------- Mapchange to zm_dust2snow_2011 --------
L 09/07/2015 - 05:40:42: [extreme_bancfg2.amxx] addons/amxmodx/configs/cfgban/override.txt
L 09/07/2015 - 06:08:54: -------- Mapchange to zm_3rooms --------
L 09/07/2015 - 06:08:54: [extreme_bancfg2.amxx] addons/amxmodx/configs/cfgban/override.txt
L 09/07/2015 - 06:37:05: -------- Mapchange to zm_inferno --------
L 09/07/2015 - 06:37:06: [extreme_bancfg2.amxx] addons/amxmodx/configs/cfgban/override.txt
L 09/07/2015 - 07:05:18: -------- Mapchange to zm_ilc_resident_evil2 --------
L 09/07/2015 - 07:05:18: [extreme_bancfg2.amxx] addons/amxmodx/configs/cfgban/override.txt
L 09/07/2015 - 07:33:35: -------- Mapchange to zm_house_2011 --------
L 09/07/2015 - 07:33:49: [extreme_bancfg2.amxx] addons/amxmodx/configs/cfgban/override.txt
L 09/07/2015 - 08:02:03: -------- Mapchange to zm_666_brick --------
L 09/07/2015 - 08:02:03: [extreme_bancfg2.amxx] addons/amxmodx/configs/cfgban/override.txt
L 09/07/2015 - 08:30:14: -------- Mapchange to zm_restart_v3 --------
L 09/07/2015 - 08:30:15: [extreme_bancfg2.amxx] addons/amxmodx/configs/cfgban/override.txt
L 09/07/2015 - 08:58:26: -------- Mapchange to zm_303 --------
L 09/07/2015 - 08:58:27: [extreme_bancfg2.amxx] addons/amxmodx/configs/cfgban/override.txt
L 09/07/2015 - 09:23:51: -------- Mapchange to zm_blocks --------
L 09/07/2015 - 09:23:52: [extreme_bancfg2.amxx] addons/amxmodx/configs/cfgban/override.txt
L 09/07/2015 - 09:40:34: [adminchat.amxx] Chat: "Sorin !<185><VALVE_0:4:376022460><>" chat " DATI RTV!"
L 09/07/2015 - 09:43:38: [adminchat.amxx] Chat: "Sorin !<185><VALVE_0:4:376022460><>" chat " DATI RTV!"
L 09/07/2015 - 09:43:39: [adminchat.amxx] Chat: "Sorin !<185><VALVE_0:4:376022460><>" chat " DATI RTV!"
L 09/07/2015 - 09:43:39: [adminchat.amxx] Chat: "Sorin !<185><VALVE_0:4:376022460><>" chat " DATI RTV!"
L 09/07/2015 - 09:47:47: [admin_zm.amxx] Login: "lARlClaudiu<198><STEAM_0:0:120361724><>" kicked due to invalid password (account "lARlClaudiu") (address "79.113.229.187")
L 09/07/2015 - 09:54:48: [admin_zm.amxx] Login: "Sprint<204><STEAM_0:0:110796921><>" kicked due to invalid password (account "Sprint") (address "5.13.157.60")
L 09/07/2015 - 10:07:52: [admincmd.amxx] Cmd: "Razvan$$$<206><STEAM_0:0:2145337884><>" changelevel "zm_aztec_defense"
L 09/07/2015 - 10:07:54: -------- Mapchange to zm_aztec_defense --------
L 09/07/2015 - 10:07:55: [extreme_bancfg2.amxx] addons/amxmodx/configs/cfgban/override.txt
L 09/07/2015 - 10:58:45: -------- Mapchange to zm_dust_world --------
L 09/07/2015 - 10:58:46: [extreme_bancfg2.amxx] addons/amxmodx/configs/cfgban/override.txt
L 09/07/2015 - 10:58:53: -------- Mapchange to zm_newzombie --------
L 09/07/2015 - 10:58:54: [extreme_bancfg2.amxx] addons/amxmodx/configs/cfgban/override.txt
L 09/07/2015 - 11:10:44: [admincmd.amxx] Cmd: "Dragos^^<4><STEAM_0:0:2145337884><>" changelevel "zm_aztec_defense"
L 09/07/2015 - 11:10:46: -------- Mapchange to zm_aztec_defense --------
L 09/07/2015 - 11:10:47: [extreme_bancfg2.amxx] addons/amxmodx/configs/cfgban/override.txt
L 09/07/2015 - 11:11:32: [plmenu.amxx] Cmd: "Dragos^^<4><STEAM_0:0:2145337884><>" slay "Dragos^^<4><STEAM_0:0:2145337884><>"
L 09/07/2015 - 11:21:58: [admin_zm.amxx] Login: "PRO-Player-FL<7><STEAM_0:0:813599774><>" kicked due to invalid password (account "PRO-Player-Fl") (address "109.96.39.185")
L 09/07/2015 - 11:23:45: [zm_vip_extra_buy_survnem.amxx] Razvan$$$ a cumparat nemesis
L 09/07/2015 - 11:25:01: [plmenu.amxx] Cmd: "Razvan$$$<8><STEAM_0:0:2145337884><>" slap with 0 damage "Razvan$$$<8><STEAM_0:0:2145337884><>"
L 09/07/2015 - 11:25:02: [plmenu.amxx] Cmd: "Razvan$$$<8><STEAM_0:0:2145337884><>" slap with 0 damage "Razvan$$$<8><STEAM_0:0:2145337884><>"
L 09/07/2015 - 11:25:02: [plmenu.amxx] Cmd: "Razvan$$$<8><STEAM_0:0:2145337884><>" slap with 0 damage "Razvan$$$<8><STEAM_0:0:2145337884><>"
L 09/07/2015 - 11:25:02: [plmenu.amxx] Cmd: "Razvan$$$<8><STEAM_0:0:2145337884><>" slap with 0 damage "Razvan$$$<8><STEAM_0:0:2145337884><>"
L 09/07/2015 - 11:25:02: [plmenu.amxx] Cmd: "Razvan$$$<8><STEAM_0:0:2145337884><>" slap with 0 damage "Razvan$$$<8><STEAM_0:0:2145337884><>"
L 09/07/2015 - 11:25:02: [plmenu.amxx] Cmd: "Razvan$$$<8><STEAM_0:0:2145337884><>" slap with 0 damage "Razvan$$$<8><STEAM_0:0:2145337884><>"
L 09/07/2015 - 11:25:02: [plmenu.amxx] Cmd: "Razvan$$$<8><STEAM_0:0:2145337884><>" slap with 0 damage "Razvan$$$<8><STEAM_0:0:2145337884><>"
L 09/07/2015 - 11:25:03: [plmenu.amxx] Cmd: "Razvan$$$<8><STEAM_0:0:2145337884><>" slap with 0 damage "Razvan$$$<8><STEAM_0:0:2145337884><>"
L 09/07/2015 - 11:25:03: [plmenu.amxx] Cmd: "Razvan$$$<8><STEAM_0:0:2145337884><>" slap with 0 damage "Razvan$$$<8><STEAM_0:0:2145337884><>"
L 09/07/2015 - 11:25:03: [plmenu.amxx] Cmd: "Razvan$$$<8><STEAM_0:0:2145337884><>" slap with 0 damage "Razvan$$$<8><STEAM_0:0:2145337884><>"
L 09/07/2015 - 11:25:03: [plmenu.amxx] Cmd: "Razvan$$$<8><STEAM_0:0:2145337884><>" slap with 0 damage "Razvan$$$<8><STEAM_0:0:2145337884><>"
L 09/07/2015 - 11:25:03: [plmenu.amxx] Cmd: "Razvan$$$<8><STEAM_0:0:2145337884><>" slap with 0 damage "Razvan$$$<8><STEAM_0:0:2145337884><>"
L 09/07/2015 - 11:25:04: [plmenu.amxx] Cmd: "Razvan$$$<8><STEAM_0:0:2145337884><>" slap with 0 damage "Razvan$$$<8><STEAM_0:0:2145337884><>"
L 09/07/2015 - 11:25:04: [plmenu.amxx] Cmd: "Razvan$$$<8><STEAM_0:0:2145337884><>" slap with 0 damage "Razvan$$$<8><STEAM_0:0:2145337884><>"
L 09/07/2015 - 11:25:04: [plmenu.amxx] Cmd: "Razvan$$$<8><STEAM_0:0:2145337884><>" slap with 0 damage "Razvan$$$<8><STEAM_0:0:2145337884><>"
L 09/07/2015 - 11:25:04: [plmenu.amxx] Cmd: "Razvan$$$<8><STEAM_0:0:2145337884><>" slap with 0 damage "Razvan$$$<8><STEAM_0:0:2145337884><>"
L 09/07/2015 - 11:25:04: [plmenu.amxx] Cmd: "Razvan$$$<8><STEAM_0:0:2145337884><>" slap with 0 damage "Razvan$$$<8><STEAM_0:0:2145337884><>"
L 09/07/2015 - 11:25:05: [plmenu.amxx] Cmd: "Razvan$$$<8><STEAM_0:0:2145337884><>" slap with 0 damage "Razvan$$$<8><STEAM_0:0:2145337884><>"
L 09/07/2015 - 11:25:05: [plmenu.amxx] Cmd: "Razvan$$$<8><STEAM_0:0:2145337884><>" slap with 0 damage "Razvan$$$<8><STEAM_0:0:2145337884><>"
L 09/07/2015 - 11:25:05: [plmenu.amxx] Cmd: "Razvan$$$<8><STEAM_0:0:2145337884><>" slap with 0 damage "Razvan$$$<8><STEAM_0:0:2145337884><>"
L 09/07/2015 - 11:25:05: [plmenu.amxx] Cmd: "Razvan$$$<8><STEAM_0:0:2145337884><>" slap with 0 damage "Razvan$$$<8><STEAM_0:0:2145337884><>"
L 09/07/2015 - 11:25:05: [plmenu.amxx] Cmd: "Razvan$$$<8><STEAM_0:0:2145337884><>" slap with 0 damage "Razvan$$$<8><STEAM_0:0:2145337884><>"
L 09/07/2015 - 11:25:05: [plmenu.amxx] Cmd: "Razvan$$$<8><STEAM_0:0:2145337884><>" slap with 0 damage "Razvan$$$<8><STEAM_0:0:2145337884><>"
L 09/07/2015 - 11:25:06: [plmenu.amxx] Cmd: "Razvan$$$<8><STEAM_0:0:2145337884><>" slap with 0 damage "Razvan$$$<8><STEAM_0:0:2145337884><>"
L 09/07/2015 - 11:25:06: [plmenu.amxx] Cmd: "Razvan$$$<8><STEAM_0:0:2145337884><>" slap with 0 damage "Razvan$$$<8><STEAM_0:0:2145337884><>"
L 09/07/2015 - 11:25:06: [plmenu.amxx] Cmd: "Razvan$$$<8><STEAM_0:0:2145337884><>" slap with 0 damage "Razvan$$$<8><STEAM_0:0:2145337884><>"
L 09/07/2015 - 11:25:06: [plmenu.amxx] Cmd: "Razvan$$$<8><STEAM_0:0:2145337884><>" slap with 0 damage "Razvan$$$<8><STEAM_0:0:2145337884><>"
L 09/07/2015 - 11:25:06: [plmenu.amxx] Cmd: "Razvan$$$<8><STEAM_0:0:2145337884><>" slap with 0 damage "Razvan$$$<8><STEAM_0:0:2145337884><>"
L 09/07/2015 - 11:25:07: [plmenu.amxx] Cmd: "Razvan$$$<8><STEAM_0:0:2145337884><>" slap with 0 damage "Razvan$$$<8><STEAM_0:0:2145337884><>"
L 09/07/2015 - 11:25:07: [plmenu.amxx] Cmd: "Razvan$$$<8><STEAM_0:0:2145337884><>" slap with 0 damage "Razvan$$$<8><STEAM_0:0:2145337884><>"
L 09/07/2015 - 11:25:07: [plmenu.amxx] Cmd: "Razvan$$$<8><STEAM_0:0:2145337884><>" slap with 0 damage "Razvan$$$<8><STEAM_0:0:2145337884><>"
L 09/07/2015 - 11:25:07: [plmenu.amxx] Cmd: "Razvan$$$<8><STEAM_0:0:2145337884><>" slap with 0 damage "Razvan$$$<8><STEAM_0:0:2145337884><>"
L 09/07/2015 - 11:25:07: [plmenu.amxx] Cmd: "Razvan$$$<8><STEAM_0:0:2145337884><>" slap with 0 damage "Razvan$$$<8><STEAM_0:0:2145337884><>"
L 09/07/2015 - 11:25:08: [plmenu.amxx] Cmd: "Razvan$$$<8><STEAM_0:0:2145337884><>" slap with 0 damage "Razvan$$$<8><STEAM_0:0:2145337884><>"
L 09/07/2015 - 11:25:08: [plmenu.amxx] Cmd: "Razvan$$$<8><STEAM_0:0:2145337884><>" slap with 0 damage "Razvan$$$<8><STEAM_0:0:2145337884><>"
L 09/07/2015 - 11:25:08: [plmenu.amxx] Cmd: "Razvan$$$<8><STEAM_0:0:2145337884><>" slap with 0 damage "Razvan$$$<8><STEAM_0:0:2145337884><>"
L 09/07/2015 - 11:25:08: [plmenu.amxx] Cmd: "Razvan$$$<8><STEAM_0:0:2145337884><>" slap with 0 damage "Razvan$$$<8><STEAM_0:0:2145337884><>"
L 09/07/2015 - 11:25:09: [plmenu.amxx] Cmd: "Razvan$$$<8><STEAM_0:0:2145337884><>" slap with 0 damage "Razvan$$$<8><STEAM_0:0:2145337884><>"
L 09/07/2015 - 11:25:09: [plmenu.amxx] Cmd: "Razvan$$$<8><STEAM_0:0:2145337884><>" slap with 0 damage "Razvan$$$<8><STEAM_0:0:2145337884><>"
L 09/07/2015 - 11:25:09: [plmenu.amxx] Cmd: "Razvan$$$<8><STEAM_0:0:2145337884><>" slap with 0 damage "Razvan$$$<8><STEAM_0:0:2145337884><>"
L 09/07/2015 - 11:25:10: [plmenu.amxx] Cmd: "Razvan$$$<8><STEAM_0:0:2145337884><>" slap with 0 damage "Razvan$$$<8><STEAM_0:0:2145337884><>"
L 09/07/2015 - 11:43:44: [plmenu.amxx] Cmd: "Razvan$$$<8><STEAM_0:0:2145337884><>" slap with 0 damage "Razvan$$$<8><STEAM_0:0:2145337884><>"
L 09/07/2015 - 11:43:44: [plmenu.amxx] Cmd: "Razvan$$$<8><STEAM_0:0:2145337884><>" slap with 0 damage "Razvan$$$<8><STEAM_0:0:2145337884><>"
L 09/07/2015 - 11:43:45: [plmenu.amxx] Cmd: "Razvan$$$<8><STEAM_0:0:2145337884><>" slap with 0 damage "Razvan$$$<8><STEAM_0:0:2145337884><>"
L 09/07/2015 - 11:43:45: [plmenu.amxx] Cmd: "Razvan$$$<8><STEAM_0:0:2145337884><>" slap with 0 damage "Razvan$$$<8><STEAM_0:0:2145337884><>"
L 09/07/2015 - 11:43:45: [plmenu.amxx] Cmd: "Razvan$$$<8><STEAM_0:0:2145337884><>" slap with 0 damage "Razvan$$$<8><STEAM_0:0:2145337884><>"
L 09/07/2015 - 11:43:45: [plmenu.amxx] Cmd: "Razvan$$$<8><STEAM_0:0:2145337884><>" slap with 0 damage "Razvan$$$<8><STEAM_0:0:2145337884><>"
L 09/07/2015 - 11:43:46: [plmenu.amxx] Cmd: "Razvan$$$<8><STEAM_0:0:2145337884><>" slap with 0 damage "Razvan$$$<8><STEAM_0:0:2145337884><>"
L 09/07/2015 - 11:43:46: [plmenu.amxx] Cmd: "Razvan$$$<8><STEAM_0:0:2145337884><>" slap with 0 damage "Razvan$$$<8><STEAM_0:0:2145337884><>"
L 09/07/2015 - 11:43:46: [plmenu.amxx] Cmd: "Razvan$$$<8><STEAM_0:0:2145337884><>" slap with 0 damage "Razvan$$$<8><STEAM_0:0:2145337884><>"
L 09/07/2015 - 11:43:47: [plmenu.amxx] Cmd: "Razvan$$$<8><STEAM_0:0:2145337884><>" slap with 0 damage "Razvan$$$<8><STEAM_0:0:2145337884><>"
L 09/07/2015 - 11:43:47: [plmenu.amxx] Cmd: "Razvan$$$<8><STEAM_0:0:2145337884><>" slap with 0 damage "Razvan$$$<8><STEAM_0:0:2145337884><>"
L 09/07/2015 - 11:43:47: [plmenu.amxx] Cmd: "Razvan$$$<8><STEAM_0:0:2145337884><>" slap with 0 damage "Razvan$$$<8><STEAM_0:0:2145337884><>"
L 09/07/2015 - 11:43:47: [plmenu.amxx] Cmd: "Razvan$$$<8><STEAM_0:0:2145337884><>" slap with 0 damage "Razvan$$$<8><STEAM_0:0:2145337884><>"
L 09/07/2015 - 11:43:48: [plmenu.amxx] Cmd: "Razvan$$$<8><STEAM_0:0:2145337884><>" slap with 0 damage "Razvan$$$<8><STEAM_0:0:2145337884><>"
L 09/07/2015 - 11:43:48: [plmenu.amxx] Cmd: "Razvan$$$<8><STEAM_0:0:2145337884><>" slap with 0 damage "Razvan$$$<8><STEAM_0:0:2145337884><>"
L 09/07/2015 - 11:43:48: [plmenu.amxx] Cmd: "Razvan$$$<8><STEAM_0:0:2145337884><>" slap with 0 damage "Razvan$$$<8><STEAM_0:0:2145337884><>"
L 09/07/2015 - 11:43:48: [plmenu.amxx] Cmd: "Razvan$$$<8><STEAM_0:0:2145337884><>" slap with 0 damage "Razvan$$$<8><STEAM_0:0:2145337884><>"
L 09/07/2015 - 11:43:49: [plmenu.amxx] Cmd: "Razvan$$$<8><STEAM_0:0:2145337884><>" slap with 0 damage "Razvan$$$<8><STEAM_0:0:2145337884><>"
L 09/07/2015 - 11:43:49: [plmenu.amxx] Cmd: "Razvan$$$<8><STEAM_0:0:2145337884><>" slap with 0 damage "Razvan$$$<8><STEAM_0:0:2145337884><>"
L 09/07/2015 - 11:43:49: [plmenu.amxx] Cmd: "Razvan$$$<8><STEAM_0:0:2145337884><>" slap with 0 damage "Razvan$$$<8><STEAM_0:0:2145337884><>"
L 09/07/2015 - 11:43:53: [plmenu.amxx] Cmd: "Razvan$$$<8><STEAM_0:0:2145337884><>" slay "Razvan$$$<8><STEAM_0:0:2145337884><>"
L 09/07/2015 - 12:04:19: [plmenu.amxx] Cmd: "Dragos^^<15><STEAM_0:0:2145337884><>" slap with 0 damage "NikiSmecheru123<9><STEAM_0:0:534211541><>"
L 09/07/2015 - 12:04:20: [plmenu.amxx] Cmd: "Dragos^^<15><STEAM_0:0:2145337884><>" slap with 0 damage "NikiSmecheru123<9><STEAM_0:0:534211541><>"
L 09/07/2015 - 12:04:20: [plmenu.amxx] Cmd: "Dragos^^<15><STEAM_0:0:2145337884><>" slap with 0 damage "NikiSmecheru123<9><STEAM_0:0:534211541><>"
L 09/07/2015 - 12:04:20: [plmenu.amxx] Cmd: "Dragos^^<15><STEAM_0:0:2145337884><>" slap with 0 damage "NikiSmecheru123<9><STEAM_0:0:534211541><>"
L 09/07/2015 - 12:04:20: [plmenu.amxx] Cmd: "Dragos^^<15><STEAM_0:0:2145337884><>" slap with 0 damage "NikiSmecheru123<9><STEAM_0:0:534211541><>"
L 09/07/2015 - 12:04:21: [plmenu.amxx] Cmd: "Dragos^^<15><STEAM_0:0:2145337884><>" slap with 0 damage "NikiSmecheru123<9><STEAM_0:0:534211541><>"
L 09/07/2015 - 12:04:34: [plmenu.amxx] Cmd: "Dragos^^<15><STEAM_0:0:2145337884><>" slay "NikiSmecheru123<9><STEAM_0:0:534211541><>"
L 09/07/2015 - 12:06:59: [admin_zm.amxx] Login: "Sprint<16><STEAM_0:0:110796921><>" kicked due to invalid password (account "Sprint") (address "5.13.157.60")
L 09/07/2015 - 12:08:01: [adminchat.amxx] Chat: "Dragos^^<15><STEAM_0:0:2145337884><>" tsay "ba javro nu te fac eu zm"
L 09/07/2015 - 12:30:28: -------- Mapchange to zm_ilc_resident_evil2 --------
L 09/07/2015 - 12:30:29: [extreme_bancfg2.amxx] addons/amxmodx/configs/cfgban/override.txt
L 09/07/2015 - 12:58:41: -------- Mapchange to zm_electro_winter --------
L 09/07/2015 - 12:58:41: [extreme_bancfg2.amxx] addons/amxmodx/configs/cfgban/override.txt
L 09/07/2015 - 13:16:49: [admin_zm.amxx] Login: "RCPlayer-Lant<26><VALVE_0:4:1844028860><>" kicked due to invalid password (account "RCPlayer-Lant") (address "193.169.143.114")
L 09/07/2015 - 13:26:53: -------- Mapchange to zm_army --------
L 09/07/2015 - 13:26:53: [extreme_bancfg2.amxx] addons/amxmodx/configs/cfgban/override.txt
L 09/07/2015 - 14:10:41: [admin_zm.amxx] Login: "Dragos<48><STEAM_0:0:2145337884><>" kicked due to invalid password (account "Dragos") (address "79.114.19.179")
L 09/07/2015 - 14:10:50: [admin_zm.amxx] Login: "protector<49><STEAM_0:0:2145337884><>" kicked due to invalid password (account "Protector") (address "79.114.19.179")
L 09/07/2015 - 14:19:11: -------- Mapchange to zm_dwarf --------
L 09/07/2015 - 14:19:12: [extreme_bancfg2.amxx] addons/amxmodx/configs/cfgban/override.txt
L 09/07/2015 - 14:51:04: [admin_zm.amxx] Login: "PRO-Player-FL<69><STEAM_0:0:208500326><>" kicked due to invalid password (account "PRO-Player-Fl") (address "188.26.104.140")
L 09/07/2015 - 14:59:20: [admin_zm.amxx] Login: "Andrei<75><STEAM_0:0:539373382><>" kicked due to invalid password (account "andrei") (address "109.96.72.2")
L 09/07/2015 - 15:18:04: -------- Mapchange to zm_ice_attack3 --------
L 09/07/2015 - 15:18:05: [extreme_bancfg2.amxx] addons/amxmodx/configs/cfgban/override.txt
L 09/07/2015 - 15:47:18: [admin_zm.amxx] Login: "SM-Player<82><STEAM_0:0:1203417961><>" kicked due to invalid password (account "Sm-Player") (address "86.125.201.100")
L 09/07/2015 - 15:55:47: -------- Mapchange to zm_castle_siege2 --------
L 09/07/2015 - 15:55:48: [extreme_bancfg2.amxx] addons/amxmodx/configs/cfgban/override.txt
L 09/07/2015 - 16:39:44: -------- Mapchange to zm_dust2snow_2011 --------
L 09/07/2015 - 16:39:45: [extreme_bancfg2.amxx] addons/amxmodx/configs/cfgban/override.txt
L 09/07/2015 - 17:02:06: [admin_zm.amxx] Login: "Player<91><STEAM_0:0:17544201><>" kicked due to invalid password (account "Player") (address "31.14.16.9")
L 09/07/2015 - 17:02:28: [admin_zm.amxx] Login: "Player<92><STEAM_0:0:17544201><>" kicked due to invalid password (account "Player") (address "31.14.16.9")
L 09/07/2015 - 17:07:56: -------- Mapchange to zm_dust2-final_click21 --------
L 09/07/2015 - 17:07:57: [extreme_bancfg2.amxx] addons/amxmodx/configs/cfgban/override.txt
L 09/07/2015 - 17:36:09: -------- Mapchange to zm_house_2011 --------
L 09/07/2015 - 17:36:09: [extreme_bancfg2.amxx] addons/amxmodx/configs/cfgban/override.txt
L 09/07/2015 - 17:41:24: -------- Mapchange to zm_ice_attack --------
L 09/07/2015 - 17:41:24: [extreme_bancfg2.amxx] addons/amxmodx/configs/cfgban/override.txt
L 09/07/2015 - 17:44:50: -------- Mapchange to zm_ilc_resident_evil2 --------
L 09/07/2015 - 17:44:50: [extreme_bancfg2.amxx] addons/amxmodx/configs/cfgban/override.txt
L 09/07/2015 - 18:13:02: -------- Mapchange to zm_pis2 --------
L 09/07/2015 - 18:13:02: [extreme_bancfg2.amxx] addons/amxmodx/configs/cfgban/override.txt
L 09/07/2015 - 18:41:14: -------- Mapchange to zm_run_while_u_can --------
L 09/07/2015 - 18:41:15: [extreme_bancfg2.amxx] addons/amxmodx/configs/cfgban/override.txt
L 09/07/2015 - 18:49:46: -------- Mapchange to zm_mansion_mba --------
L 09/07/2015 - 18:49:47: [extreme_bancfg2.amxx] addons/amxmodx/configs/cfgban/override.txt
L 09/07/2015 - 19:17:59: -------- Mapchange to zm_lorencia --------
L 09/07/2015 - 19:17:59: [extreme_bancfg2.amxx] addons/amxmodx/configs/cfgban/override.txt
L 09/07/2015 - 19:24:11: -------- Mapchange to zm_aztec_mini --------
L 09/07/2015 - 19:24:12: [extreme_bancfg2.amxx] addons/amxmodx/configs/cfgban/override.txt
L 09/07/2015 - 19:36:12: [admin_zm.amxx] Login: "PRO-Player-FL<116><STEAM_0:0:840365229><>" kicked due to invalid password (account "PRO-Player-Fl") (address "79.116.64.177")
L 09/07/2015 - 19:52:23: -------- Mapchange to zm_humans --------
L 09/07/2015 - 19:52:24: [extreme_bancfg2.amxx] addons/amxmodx/configs/cfgban/override.txt
L 09/07/2015 - 20:40:57: -------- Mapchange to zm_dust_world --------
L 09/07/2015 - 20:40:58: [extreme_bancfg2.amxx] addons/amxmodx/configs/cfgban/override.txt
L 09/07/2015 - 20:41:04: -------- Mapchange to zm_heal_dust2 --------
L 09/07/2015 - 20:41:05: [extreme_bancfg2.amxx] addons/amxmodx/configs/cfgban/override.txt
L 09/07/2015 - 20:48:55: [admin_zm.amxx] Login: "Killer<5><STEAM_0:0:1815008256><>" kicked due to invalid password (account "killer") (address "109.96.45.104")
L 09/07/2015 - 21:17:46: -------- Mapchange to zm_assault_attack --------
L 09/07/2015 - 21:17:47: [extreme_bancfg2.amxx] addons/amxmodx/configs/cfgban/override.txt
L 09/07/2015 - 21:45:58: -------- Mapchange to zm_lost_place --------
L 09/07/2015 - 21:45:58: [extreme_bancfg2.amxx] addons/amxmodx/configs/cfgban/override.txt
L 09/07/2015 - 22:14:09: -------- Mapchange to zm_pis2 --------
L 09/07/2015 - 22:14:10: [extreme_bancfg2.amxx] addons/amxmodx/configs/cfgban/override.txt
L 09/07/2015 - 22:42:21: -------- Mapchange to zm_office --------
L 09/07/2015 - 22:42:22: [extreme_bancfg2.amxx] addons/amxmodx/configs/cfgban/override.txt
L 09/07/2015 - 23:10:33: -------- Mapchange to zm_lorencia --------
L 09/07/2015 - 23:10:33: [extreme_bancfg2.amxx] addons/amxmodx/configs/cfgban/override.txt
L 09/07/2015 - 23:38:45: -------- Mapchange to zm_303 --------
L 09/07/2015 - 23:38:45: [extreme_bancfg2.amxx] addons/amxmodx/configs/cfgban/override.txt
