L 09/12/2015 - 00:10:25: -------- Mapchange to zm_aztec_mini --------
L 09/12/2015 - 00:10:25: [extreme_bancfg2.amxx] addons/amxmodx/configs/cfgban/override.txt
L 09/12/2015 - 00:38:39: -------- Mapchange to zm_assault_shadow --------
L 09/12/2015 - 00:38:39: [extreme_bancfg2.amxx] addons/amxmodx/configs/cfgban/override.txt
L 09/12/2015 - 01:06:50: -------- Mapchange to zm_foda --------
L 09/12/2015 - 01:06:51: [extreme_bancfg2.amxx] addons/amxmodx/configs/cfgban/override.txt
L 09/12/2015 - 01:35:02: -------- Mapchange to zm_666_brick --------
L 09/12/2015 - 01:35:02: [extreme_bancfg2.amxx] addons/amxmodx/configs/cfgban/override.txt
L 09/12/2015 - 02:03:14: -------- Mapchange to zm_newzombie --------
L 09/12/2015 - 02:03:15: [extreme_bancfg2.amxx] addons/amxmodx/configs/cfgban/override.txt
L 09/12/2015 - 02:31:26: -------- Mapchange to zm_death_alley --------
L 09/12/2015 - 02:31:27: [extreme_bancfg2.amxx] addons/amxmodx/configs/cfgban/override.txt
L 09/12/2015 - 02:59:38: -------- Mapchange to zm_dust2009 --------
L 09/12/2015 - 02:59:38: [extreme_bancfg2.amxx] addons/amxmodx/configs/cfgban/override.txt
L 09/12/2015 - 03:27:50: -------- Mapchange to zm_ilc_resident_evil2 --------
L 09/12/2015 - 03:27:51: [extreme_bancfg2.amxx] addons/amxmodx/configs/cfgban/override.txt
L 09/12/2015 - 03:56:02: -------- Mapchange to zm_infect2_click21 --------
L 09/12/2015 - 03:56:03: [extreme_bancfg2.amxx] addons/amxmodx/configs/cfgban/override.txt
L 09/12/2015 - 04:24:14: -------- Mapchange to zm_electro_winter --------
L 09/12/2015 - 04:24:14: [extreme_bancfg2.amxx] addons/amxmodx/configs/cfgban/override.txt
L 09/12/2015 - 04:52:26: -------- Mapchange to zm_ojro_dwa --------
L 09/12/2015 - 04:52:26: [extreme_bancfg2.amxx] addons/amxmodx/configs/cfgban/override.txt
L 09/12/2015 - 05:20:38: -------- Mapchange to zm_army_tn_beta3 --------
L 09/12/2015 - 05:20:38: [extreme_bancfg2.amxx] addons/amxmodx/configs/cfgban/override.txt
L 09/12/2015 - 05:48:50: -------- Mapchange to zm_dust2snow_2011 --------
L 09/12/2015 - 05:48:50: [extreme_bancfg2.amxx] addons/amxmodx/configs/cfgban/override.txt
L 09/12/2015 - 06:17:01: -------- Mapchange to zm_666_brick --------
L 09/12/2015 - 06:17:02: [extreme_bancfg2.amxx] addons/amxmodx/configs/cfgban/override.txt
L 09/12/2015 - 06:45:13: -------- Mapchange to zm_3rooms --------
L 09/12/2015 - 06:45:13: [extreme_bancfg2.amxx] addons/amxmodx/configs/cfgban/override.txt
L 09/12/2015 - 07:13:29: -------- Mapchange to zm_foda --------
L 09/12/2015 - 07:13:46: [extreme_bancfg2.amxx] addons/amxmodx/configs/cfgban/override.txt
L 09/12/2015 - 07:42:00: -------- Mapchange to zm_reveille --------
L 09/12/2015 - 07:42:01: [extreme_bancfg2.amxx] addons/amxmodx/configs/cfgban/override.txt
L 09/12/2015 - 08:10:12: -------- Mapchange to zm_westwood_click21 --------
L 09/12/2015 - 08:10:13: [extreme_bancfg2.amxx] addons/amxmodx/configs/cfgban/override.txt
L 09/12/2015 - 08:38:24: -------- Mapchange to zm_five --------
L 09/12/2015 - 08:38:25: [extreme_bancfg2.amxx] addons/amxmodx/configs/cfgban/override.txt
L 09/12/2015 - 09:06:08: [admin_zm.amxx] Login: "Protector<12><STEAM_0:0:2063142717><>" kicked due to invalid password (account "Protector") (address "176.223.37.91")
L 09/12/2015 - 09:06:37: -------- Mapchange to zm_fear --------
L 09/12/2015 - 09:06:39: [extreme_bancfg2.amxx] addons/amxmodx/configs/cfgban/override.txt
L 09/12/2015 - 09:38:04: -------- Mapchange to zm_303 --------
L 09/12/2015 - 09:38:10: [extreme_bancfg2.amxx] addons/amxmodx/configs/cfgban/override.txt
L 09/12/2015 - 10:07:03: -------- Mapchange to zm_assault_shadow --------
L 09/12/2015 - 10:07:04: [extreme_bancfg2.amxx] addons/amxmodx/configs/cfgban/override.txt
L 09/12/2015 - 10:19:45: [admincmd.amxx] Cmd: "BMW_M3_GTR1<28><VALVE_0:4:2139972208><>" changelevel "zm_aztec_defense"
L 09/12/2015 - 10:19:59: -------- Mapchange to zm_dust_world --------
L 09/12/2015 - 10:20:03: [extreme_bancfg2.amxx] addons/amxmodx/configs/cfgban/override.txt
L 09/12/2015 - 10:20:12: -------- Mapchange to zm_assault_shadow --------
L 09/12/2015 - 10:20:12: [extreme_bancfg2.amxx] addons/amxmodx/configs/cfgban/override.txt
L 09/12/2015 - 10:20:43: [admincmd.amxx] Cmd: "BMW_M3_GTR1<1><VALVE_0:4:2139972208><>" changelevel "zm_aztec_defense"
L 09/12/2015 - 10:20:45: -------- Mapchange to zm_aztec_defense --------
L 09/12/2015 - 10:20:46: [extreme_bancfg2.amxx] addons/amxmodx/configs/cfgban/override.txt
L 09/12/2015 - 10:30:38: [zm_vip_extra_buy_survnem.amxx] BMW_M3_GTR1 a cumparat nemesis
L 09/12/2015 - 10:42:30: [admin_zm.amxx] Login: "SM-Player<5><STEAM_0:0:512180253><>" kicked due to invalid password (account "Sm-Player") (address "92.80.109.159")
L 09/12/2015 - 10:46:13: [admincmd.amxx] Cmd: "BMW_M3_GTR1<8><VALVE_0:4:2139972208><>" slay "aaaa<9><STEAM_0:0:2120018273><>"
L 09/12/2015 - 10:46:17: [admincmd.amxx] Cmd: "BMW_M3_GTR1<8><VALVE_0:4:2139972208><>" slay "SM-Sarmale<6><STEAM_0:0:512180253><>"
L 09/12/2015 - 10:48:16: [adminchat.amxx] Chat: "BMW_M3_GTR1<8><VALVE_0:4:2139972208><>" tsay "Vreti euro?"
L 09/12/2015 - 11:00:50: [adminchat.amxx] Chat: "BMW_M3_GTR1<8><VALVE_0:4:2139972208><>" tsay "Am plecat la masa bft"
L 09/12/2015 - 11:01:02: [adminvote.amxx] Vote: "BMW_M3_GTR1<8><VALVE_0:4:2139972208><>" vote maps (map#1 "zm_foda") (map#2 "zm_fortuna") (map#3 "zm_arny") (map#4 "")
L 09/12/2015 - 11:01:24: [adminvote.amxx] Vote: Votarea a avut loc cu succes (got "4") (needed "2") (result "changelevel zm_foda")
L 09/12/2015 - 11:01:29: [adminvote.amxx] Vote: Rezultat acceptat
L 09/12/2015 - 11:01:32: -------- Mapchange to zm_foda --------
L 09/12/2015 - 11:01:33: [extreme_bancfg2.amxx] addons/amxmodx/configs/cfgban/override.txt
L 09/12/2015 - 11:03:29: [adminchat.amxx] Chat: "BMW_M3_GTR1<19><VALVE_0:4:2139972208><>" tsay "C Vam dat la toti 500 euro"
L 09/12/2015 - 11:32:58: -------- Mapchange to zm_fortuna --------
L 09/12/2015 - 11:33:02: [extreme_bancfg2.amxx] addons/amxmodx/configs/cfgban/override.txt
L 09/12/2015 - 11:39:53: [admin_zm.amxx] Login: "Cristian<31><STEAM_0:0:2120018273><>" kicked due to invalid password (account "Cristian") (address "84.117.193.4")
L 09/12/2015 - 12:03:42: -------- Mapchange to zm_hewitt_house --------
L 09/12/2015 - 12:03:47: [extreme_bancfg2.amxx] addons/amxmodx/configs/cfgban/override.txt
L 09/12/2015 - 12:05:52: [admincmd.amxx] Cmd: "Dragos^^<48><STEAM_0:0:2145337884><>" changelevel "zm_aztec_defense"
L 09/12/2015 - 12:05:54: -------- Mapchange to zm_aztec_defense --------
L 09/12/2015 - 12:05:55: [extreme_bancfg2.amxx] addons/amxmodx/configs/cfgban/override.txt
L 09/12/2015 - 12:26:14: [admin_zm.amxx] Login: "mama<36><STEAM_0:0:383404615><>" kicked due to invalid password (account "mama") (address "109.98.160.207")
L 09/12/2015 - 12:35:43: [admincmd.amxx] ExtendMap: "Dragos^^<54><STEAM_0:0:2145337884><>" extended map "zm_aztec_defense" for 3000 minutes.
L 09/12/2015 - 12:56:07: [admin_zm.amxx] Login: "Dragos^^<57><VALVE_0:4:1787344368><>" kicked due to invalid password (account "Dragos^^") (address "89.137.77.124")
L 09/12/2015 - 12:56:20: [admin_zm.amxx] Login: "Dragos^^<63><VALVE_0:4:1787344368><>" kicked due to invalid password (account "Dragos^^") (address "89.137.77.124")
L 09/12/2015 - 13:40:30: -------- Mapchange to zm_dust_jasionka --------
L 09/12/2015 - 13:40:32: [extreme_bancfg2.amxx] addons/amxmodx/configs/cfgban/override.txt
L 09/12/2015 - 14:05:23: [admincmd.amxx] Cmd: "Dragos^^<89><STEAM_0:1:17521995><>" changelevel "zm_aztec_defense"
L 09/12/2015 - 14:05:26: -------- Mapchange to zm_aztec_defense --------
L 09/12/2015 - 14:05:26: [extreme_bancfg2.amxx] addons/amxmodx/configs/cfgban/override.txt
L 09/12/2015 - 14:22:05: [adminchat.amxx] Chat: "NikiSmecheru123_Mia_Supt_Pula<102><VALVE_0:4:2139972208><>" chat " SE SCRIE FUCK YO"
L 09/12/2015 - 14:22:10: [adminchat.amxx] Chat: "NikiSmecheru123_Mia_Supt_Pula<102><VALVE_0:4:2139972208><>" chat "YOU"
L 09/12/2015 - 14:23:25: [admin_zm.amxx] Login: "DRAGOS<92><STEAM_0:1:17521995><>" kicked due to invalid password (account "Dragos") (address "31.14.16.10")
L 09/12/2015 - 14:23:25: [admin_zm.amxx] Login: "DRAGOS<92><STEAM_0:1:17521995><>" kicked due to invalid password (account "Dragos") (address "31.14.16.10")
L 09/12/2015 - 14:29:10: [adminchat.amxx] Chat: "BMW_M3_GTR1<110><VALVE_0:4:2139972208><>" tsay "GRr3 cf meh?"
L 09/12/2015 - 14:29:44: [adminchat.amxx] Chat: "Dragos^^<113><STEAM_0:1:17521995><>" tsay "bmw grr3 nu mai faceti abuz"
L 09/12/2015 - 14:29:53: [adminchat.amxx] Chat: "Dragos^^<113><STEAM_0:1:17521995><>" tsay "pt ca iasa playeri"
L 09/12/2015 - 14:31:27: [adminchat.amxx] Chat: "Andu          ,          .<105><STEAM_0:0:721999534><>" chat " bmw"
L 09/12/2015 - 14:32:10: [adminchat.amxx] Chat: "GRr3<116><STEAM_0:0:1034167257><>" tsay "next mod"
L 09/12/2015 - 14:33:05: [adminchat.amxx] Chat: "GRr3<116><STEAM_0:0:1034167257><>" tsay "nu e voie sa dai"
L 09/12/2015 - 14:34:53: [adminvote.amxx] Vote: "BMW_M3_GTR1<110><VALVE_0:4:2139972208><>" vote maps (map#1 "zm_ceronUA") (map#2 "zm_infect2_click21") (map#3 "") (map#4 "")
L 09/12/2015 - 14:35:15: [adminvote.amxx] Vote: Votarea a avut loc cu succes (got "6") (needed "4") (result "changelevel zm_ceronUA")
L 09/12/2015 - 14:35:17: [adminvote.amxx] Vote: Rezultat refuzat
L 09/12/2015 - 14:35:21: [adminchat.amxx] Chat: "BMW_M3_GTR1<110><VALVE_0:4:2139972208><>" tsay "C Last"
L 09/12/2015 - 14:35:26: [adminchat.amxx] Chat: "BMW_M3_GTR1<110><VALVE_0:4:2139972208><>" tsay "L_A_S_T"
L 09/12/2015 - 14:36:10: [admincmd.amxx] Cmd: "BMW_M3_GTR1<110><VALVE_0:4:2139972208><>" changelevel "zm_ceronUA"
L 09/12/2015 - 14:36:20: -------- Mapchange to zm_dust_world --------
L 09/12/2015 - 14:36:21: [extreme_bancfg2.amxx] addons/amxmodx/configs/cfgban/override.txt
L 09/12/2015 - 14:36:27: -------- Mapchange to zm_303 --------
L 09/12/2015 - 14:36:28: [extreme_bancfg2.amxx] addons/amxmodx/configs/cfgban/override.txt
L 09/12/2015 - 14:39:38: [adminchat.amxx] Chat: "GRr3<5><STEAM_0:0:1034167257><>" tsay "andu verific"
L 09/12/2015 - 14:39:47: [adminchat.amxx] Chat: "GRr3<5><STEAM_0:0:1034167257><>" tsay "stai sa vad"
L 09/12/2015 - 14:40:03: [adminchat.amxx] Chat: "GRr3<5><STEAM_0:0:1034167257><>" tsay "probabilt tea mintit"
L 09/12/2015 - 14:42:31: [adminvote.amxx] Vote: "BMW_M3_GTR1<3><VALVE_0:4:2139972208><>" vote custom (question "Schimbam?") (option#1 "Da") (option#2 "Nu")
L 09/12/2015 - 14:42:53: [adminvote.amxx] Vote: Votarea a avut loc cu succes (got "5") (needed "1") (result "Schimbam? - Nu")
L 09/12/2015 - 14:45:52: [adminchat.amxx] Chat: "GRr3<5><STEAM_0:0:1034167257><>" tsay "net mod"
L 09/12/2015 - 14:46:01: [adminchat.amxx] Chat: "GRr3<5><STEAM_0:0:1034167257><>" tsay "net mod"
L 09/12/2015 - 14:46:05: [adminchat.amxx] Chat: "GRr3<5><STEAM_0:0:1034167257><>" tsay "next"
L 09/12/2015 - 14:48:55: [adminchat.amxx] Chat: "BMW_M3_GTR1<16><VALVE_0:4:2139972208><>" chat " Hai sa jucam doar arme d enonvip sa stea plaieri"
L 09/12/2015 - 14:51:07: [adminvote.amxx] Vote: "BMW_M3_GTR1<16><VALVE_0:4:2139972208><>" vote custom (question "Schimbam?") (option#1 "Da") (option#2 "Nu")
L 09/12/2015 - 14:51:29: [adminvote.amxx] Vote: Votarea a avut loc cu succes (got "3") (needed "1") (result "Schimbam? - Da")
L 09/12/2015 - 14:51:39: [admincmd.amxx] Cmd: "BMW_M3_GTR1<16><VALVE_0:4:2139972208><>" changelevel "zm_ceronUA"
L 09/12/2015 - 14:51:42: -------- Mapchange to zm_ceronUA --------
L 09/12/2015 - 14:51:42: [extreme_bancfg2.amxx] addons/amxmodx/configs/cfgban/override.txt
L 09/12/2015 - 14:52:33: [admin_zm.amxx] Login: "Dragos^^<24><STEAM_0:1:17521995><>" kicked due to invalid password (account "Dragos^^") (address "31.14.16.10")
L 09/12/2015 - 14:53:21: [admincmd.amxx] Cmd: "Dragos^^<29><STEAM_0:1:17521995><>" changelevel "zm_aztec_defense"
L 09/12/2015 - 14:53:24: -------- Mapchange to zm_aztec_defense --------
L 09/12/2015 - 14:53:25: [extreme_bancfg2.amxx] addons/amxmodx/configs/cfgban/override.txt
L 09/12/2015 - 14:54:11: [adminchat.amxx] Chat: "Dragos^^<29><STEAM_0:1:17521995><>" tsay "ba draq tot aud ca faceti abuz infernal"
L 09/12/2015 - 14:54:26: [adminchat.amxx] Chat: "BMW_M3_GTR1<30><VALVE_0:4:2139972208><>" tsay "Eu fac abuz?"
L 09/12/2015 - 14:54:51: [adminchat.amxx] Chat: "BMW_M3_GTR1<30><VALVE_0:4:2139972208><>" tsay "Dragos de mine zici ca fac abuz?"
L 09/12/2015 - 14:56:10: [adminchat.amxx] Chat: "BMW_M3_GTR1<30><VALVE_0:4:2139972208><>" tsay "C Nea scos la toti vpulserban acum se doneaza pt vip"
L 09/12/2015 - 14:56:17: [adminchat.amxx] Chat: "BMW_M3_GTR1<30><VALVE_0:4:2139972208><>" tsay "D a am donat 5 euro"
L 09/12/2015 - 14:56:19: [admin_zm.amxx] Login: "SM-Player<33><STEAM_0:0:805947115><>" kicked due to invalid password (account "Sm-Player") (address "79.114.118.179")
L 09/12/2015 - 15:02:43: [admin_zm.amxx] Login: "NikiSmecheru123<34><STEAM_0:0:534211541><>" kicked due to invalid password (account "NikiSmecheru123") (address "176.223.28.236")
L 09/12/2015 - 15:03:09: [admin_zm.amxx] Login: "NikiSmecheru123<35><STEAM_0:0:534211541><>" kicked due to invalid password (account "NikiSmecheru123") (address "176.223.28.236")
L 09/12/2015 - 15:10:15: [admin_zm.amxx] Login: "NikiSmecheru123<36><STEAM_0:0:534211541><>" kicked due to invalid password (account "NikiSmecheru123") (address "176.223.28.236")
L 09/12/2015 - 15:11:50: [admin_zm.amxx] Login: "NikiSmecheru123<37><STEAM_0:0:534211541><>" kicked due to invalid password (account "NikiSmecheru123") (address "176.223.28.236")
L 09/12/2015 - 15:12:12: [admin_zm.amxx] Login: "NikiSmecheru123<38><STEAM_0:0:534211541><>" kicked due to invalid password (account "NikiSmecheru123") (address "176.223.28.236")
L 09/12/2015 - 15:12:22: [admin_zm.amxx] Login: "NikiSmecheru123<39><STEAM_0:0:534211541><>" kicked due to invalid password (account "NikiSmecheru123") (address "176.223.28.236")
L 09/12/2015 - 15:12:42: [admin_zm.amxx] Login: "NikiSmecheru123<40><STEAM_0:0:534211541><>" kicked due to invalid password (account "NikiSmecheru123") (address "176.223.28.236")
L 09/12/2015 - 15:14:33: [admin_zm.amxx] Login: "NikiSmecheru123<42><STEAM_0:0:534211541><>" kicked due to invalid password (account "NikiSmecheru123") (address "176.223.28.236")
L 09/12/2015 - 15:14:59: [admin_zm.amxx] Login: "NikiSmecheru123<44><STEAM_0:0:534211541><>" kicked due to invalid password (account "NikiSmecheru123") (address "176.223.28.236")
L 09/12/2015 - 15:15:39: [admin_zm.amxx] Login: "NikiSmecheru<45><STEAM_0:0:534211541><>" kicked due to invalid password (account "NikiSmecheru") (address "176.223.28.236")
L 09/12/2015 - 15:16:11: [admin_zm.amxx] Login: "NikiSmecheru123<46><STEAM_0:0:534211541><>" kicked due to invalid password (account "NikiSmecheru123") (address "176.223.28.236")
L 09/12/2015 - 15:16:48: [admin_zm.amxx] Login: "NikiBOSS<47><STEAM_0:0:534211541><>" kicked due to invalid password (account "NikiBoss") (address "176.223.28.236")
L 09/12/2015 - 15:16:52: [admin_zm.amxx] Login: "NikiBOSS<48><STEAM_0:0:534211541><>" kicked due to invalid password (account "NikiBoss") (address "176.223.28.236")
L 09/12/2015 - 15:16:58: [admin_zm.amxx] Login: "NikiBOSS<49><STEAM_0:0:534211541><>" kicked due to invalid password (account "NikiBoss") (address "176.223.28.236")
L 09/12/2015 - 15:17:14: [admin_zm.amxx] Login: "NikiBOSS<50><STEAM_0:0:534211541><>" kicked due to invalid password (account "NikiBoss") (address "176.223.28.236")
L 09/12/2015 - 15:23:14: [admincmd.amxx] Cmd: "BMW_M3_GTR1<30><VALVE_0:4:2139972208><>" slap with 0 damage "Edy<22><STEAM_0:1:17521996><>"
L 09/12/2015 - 15:23:14: [admincmd.amxx] Cmd: "BMW_M3_GTR1<30><VALVE_0:4:2139972208><>" slap with 0 damage "Edy<22><STEAM_0:1:17521996><>"
L 09/12/2015 - 15:23:15: [admincmd.amxx] Cmd: "BMW_M3_GTR1<30><VALVE_0:4:2139972208><>" slap with 0 damage "Edy<22><STEAM_0:1:17521996><>"
L 09/12/2015 - 15:23:15: [admincmd.amxx] Cmd: "BMW_M3_GTR1<30><VALVE_0:4:2139972208><>" slap with 0 damage "Edy<22><STEAM_0:1:17521996><>"
L 09/12/2015 - 15:24:07: -------- Mapchange to zm_666_brick --------
L 09/12/2015 - 15:24:08: [extreme_bancfg2.amxx] addons/amxmodx/configs/cfgban/override.txt
L 09/12/2015 - 15:28:28: [admincmd.amxx] Cmd: "BMW_M3_GTR1<57><VALVE_0:4:2139972208><>" changelevel "zm_fortuna"
L 09/12/2015 - 15:28:31: -------- Mapchange to zm_fortuna --------
L 09/12/2015 - 15:28:32: [extreme_bancfg2.amxx] addons/amxmodx/configs/cfgban/override.txt
L 09/12/2015 - 15:35:33: [adminvote.amxx] Vote: "BMW_M3_GTR1<67><VALVE_0:4:2139972208><>" vote custom (question "Schimbam?") (option#1 "Da") (option#2 "Nu")
L 09/12/2015 - 15:35:55: [adminvote.amxx] Vote: Votarea a avut loc cu succes (got "2") (needed "1") (result "Schimbam? - Da")
L 09/12/2015 - 15:36:52: [admin_zm.amxx] Login: "PRO-Player-FL<70><STEAM_0:0:1517939612><>" kicked due to invalid password (account "PRO-Player-Fl") (address "86.34.245.3")
L 09/12/2015 - 15:59:47: -------- Mapchange to zm_dust_world --------
L 09/12/2015 - 15:59:47: [extreme_bancfg2.amxx] addons/amxmodx/configs/cfgban/override.txt
L 09/12/2015 - 15:59:53: -------- Mapchange to zm_house_2011 --------
L 09/12/2015 - 15:59:54: [extreme_bancfg2.amxx] addons/amxmodx/configs/cfgban/override.txt
L 09/12/2015 - 16:05:53: [admin_zm.amxx] Login: "MavericK<9><STEAM_0:0:3802225><>" kicked due to invalid password (account "maverick") (address "89.43.210.75")
L 09/12/2015 - 16:06:03: [admin_zm.amxx] Login: "player<10><STEAM_0:0:3802225><>" kicked due to invalid password (account "Player") (address "89.43.210.75")
L 09/12/2015 - 16:06:09: [admin_zm.amxx] Login: "Mihai<11><STEAM_0:0:3802225><>" kicked due to invalid password (account "mihai") (address "89.43.210.75")
L 09/12/2015 - 16:06:17: [admin_zm.amxx] Login: "Mihai<12><STEAM_0:0:3802225><>" kicked due to invalid password (account "mihai") (address "89.43.210.75")
L 09/12/2015 - 16:06:40: [admin_zm.amxx] Login: "MavericK<14><STEAM_0:0:3802225><>" kicked due to invalid password (account "maverick") (address "89.43.210.75")
L 09/12/2015 - 16:06:45: [admin_zm.amxx] Login: "Alex<15><STEAM_0:0:3802225><>" kicked due to invalid password (account "Alex") (address "89.43.210.75")
L 09/12/2015 - 16:07:06: [admincmd.amxx] Cmd: "BMW_M3_GTR1<7><VALVE_0:4:2139972208><>" changelevel "zm_ilc_resident_evil2"
L 09/12/2015 - 16:07:08: -------- Mapchange to zm_ilc_resident_evil2 --------
L 09/12/2015 - 16:07:09: [extreme_bancfg2.amxx] addons/amxmodx/configs/cfgban/override.txt
L 09/12/2015 - 16:10:00: [admincmd.amxx] Cmd: "BMW_M3_GTR1<23><VALVE_0:4:2139972208><>" changelevel "zm_ice_attack3"
L 09/12/2015 - 16:10:02: -------- Mapchange to zm_ice_attack3 --------
L 09/12/2015 - 16:10:03: [extreme_bancfg2.amxx] addons/amxmodx/configs/cfgban/override.txt
L 09/12/2015 - 16:49:20: [admin_zm.amxx] Login: "NikiSmecheru123<58><STEAM_0:0:534211541><>" kicked due to invalid password (account "NikiSmecheru123") (address "176.223.28.236")
L 09/12/2015 - 16:49:32: [admin_zm.amxx] Login: "NikiSmecheru123<59><STEAM_0:0:534211541><>" kicked due to invalid password (account "NikiSmecheru123") (address "176.223.28.236")
L 09/12/2015 - 16:49:42: [admin_zm.amxx] Login: "NikiSmecheru123<60><STEAM_0:0:534211541><>" kicked due to invalid password (account "NikiSmecheru123") (address "176.223.28.236")
L 09/12/2015 - 16:53:10: -------- Mapchange to zm_army --------
L 09/12/2015 - 16:53:10: [extreme_bancfg2.amxx] addons/amxmodx/configs/cfgban/override.txt
L 09/12/2015 - 17:23:36: -------- Mapchange to zm_castle_siege2 --------
L 09/12/2015 - 17:23:37: [extreme_bancfg2.amxx] addons/amxmodx/configs/cfgban/override.txt
L 09/12/2015 - 17:41:38: [adminchat.amxx] Chat: "BMW_M3_GTR1<85><VALVE_0:4:2139972208><>" tsay "Da am OWner+VIP"
L 09/12/2015 - 17:42:39: [admincmd.amxx] Cmd: "BMW_M3_GTR1<85><VALVE_0:4:2139972208><>" changelevel "zm_aztec_defense"
L 09/12/2015 - 17:42:42: -------- Mapchange to zm_aztec_defense --------
L 09/12/2015 - 17:42:42: [extreme_bancfg2.amxx] addons/amxmodx/configs/cfgban/override.txt
L 09/12/2015 - 17:43:07: [admin_zm.amxx] Login: "ViDcanNN<86><STEAM_0:1:17521995><>" kicked due to invalid password (account "ViDcanNN") (address "31.14.16.10")
L 09/12/2015 - 17:43:56: [admincmd.amxx] Cmd: "BMW_M3_GTR1<85><VALVE_0:4:2139972208><>" ask for players list
L 09/12/2015 - 17:44:24: [adminchat.amxx] Chat: "BMW_M3_GTR1<85><VALVE_0:4:2139972208><>" tsay "Scrie take all"
L 09/12/2015 - 17:44:37: [adminchat.amxx] Chat: "BMW_M3_GTR1<85><VALVE_0:4:2139972208><>" tsay "Scrie asa sa recuperezi euro /take all"
L 09/12/2015 - 17:44:46: [adminchat.amxx] Chat: "ViDcanNN<88><STEAM_0:1:17521995><>" tsay "bmw"
L 09/12/2015 - 17:45:13: [adminchat.amxx] Chat: "ViDcanNN<88><STEAM_0:1:17521995><>" tsay "sunt Dragos^^ miam schimbat numele icp-ul tot"
L 09/12/2015 - 17:46:01: [adminchat.amxx] Chat: "BMW_M3_GTR1<85><VALVE_0:4:2139972208><>" tsay "btn andrei ai dupa ce sa ma suni?"
L 09/12/2015 - 18:09:35: [adminchat.amxx] Chat: "BMW_M3_GTR1<94><VALVE_0:4:2139972208><>" tsay "daca vreti euro fac frag 1 runda si va dau cate 10000 la toti"
L 09/12/2015 - 18:10:18: [adminchat.amxx] Chat: "BMW_M3_GTR1<94><VALVE_0:4:2139972208><>" tsay "C Acum"
L 09/12/2015 - 18:13:21: -------- Mapchange to zm_dust_world --------
L 09/12/2015 - 18:13:22: [extreme_bancfg2.amxx] addons/amxmodx/configs/cfgban/override.txt
L 09/12/2015 - 18:13:27: -------- Mapchange to zm_aztec_temple --------
L 09/12/2015 - 18:13:28: [extreme_bancfg2.amxx] addons/amxmodx/configs/cfgban/override.txt
L 09/12/2015 - 18:25:55: -------- Mapchange to zm_ojro_dwa --------
L 09/12/2015 - 18:25:55: [extreme_bancfg2.amxx] addons/amxmodx/configs/cfgban/override.txt
L 09/12/2015 - 18:54:37: -------- Mapchange to zm_five --------
L 09/12/2015 - 18:54:37: [extreme_bancfg2.amxx] addons/amxmodx/configs/cfgban/override.txt
L 09/12/2015 - 19:16:05: -------- Mapchange to zm_dust2snow_2011 --------
L 09/12/2015 - 19:16:05: [extreme_bancfg2.amxx] addons/amxmodx/configs/cfgban/override.txt
L 09/12/2015 - 19:31:59: -------- Mapchange to zm_aztec_mini --------
L 09/12/2015 - 19:31:59: [extreme_bancfg2.amxx] addons/amxmodx/configs/cfgban/override.txt
L 09/12/2015 - 20:05:22: -------- Mapchange to zm_chatoyant --------
L 09/12/2015 - 20:05:23: [extreme_bancfg2.amxx] addons/amxmodx/configs/cfgban/override.txt
L 09/12/2015 - 20:16:31: [admin_zm.amxx] Login: "Player<31><STEAM_0:0:2145337884><>" kicked due to invalid password (account "Player") (address "86.125.236.194")
L 09/12/2015 - 20:35:34: -------- Mapchange to zm_zod_aztec --------
L 09/12/2015 - 20:35:35: [extreme_bancfg2.amxx] addons/amxmodx/configs/cfgban/override.txt
L 09/12/2015 - 21:03:46: -------- Mapchange to zm_winter_invasion --------
L 09/12/2015 - 21:03:47: [extreme_bancfg2.amxx] addons/amxmodx/configs/cfgban/override.txt
L 09/12/2015 - 21:29:31: [admin_zm.amxx] Login: "SM-Player<43><STEAM_0:0:1220444128><>" kicked due to invalid password (account "Sm-Player") (address "89.47.117.63")
L 09/12/2015 - 21:29:43: [admin_zm.amxx] Login: "SM-Player<44><STEAM_0:0:1220444128><>" kicked due to invalid password (account "Sm-Player") (address "89.47.117.63")
L 09/12/2015 - 21:31:58: -------- Mapchange to zm_vendetta --------
L 09/12/2015 - 21:31:59: [extreme_bancfg2.amxx] addons/amxmodx/configs/cfgban/override.txt
L 09/12/2015 - 22:00:10: -------- Mapchange to zm_lorencia --------
L 09/12/2015 - 22:00:11: [extreme_bancfg2.amxx] addons/amxmodx/configs/cfgban/override.txt
L 09/12/2015 - 22:28:22: -------- Mapchange to zm_hewitt_house --------
L 09/12/2015 - 22:28:22: [extreme_bancfg2.amxx] addons/amxmodx/configs/cfgban/override.txt
L 09/12/2015 - 22:48:32: [admin_zm.amxx] Login: "SM-Player<47><STEAM_0:0:386716550><>" kicked due to invalid password (account "Sm-Player") (address "188.27.125.87")
L 09/12/2015 - 22:56:34: -------- Mapchange to zm_dust_jasionka --------
L 09/12/2015 - 22:56:34: [extreme_bancfg2.amxx] addons/amxmodx/configs/cfgban/override.txt
L 09/12/2015 - 23:24:45: -------- Mapchange to zm_castle_siege2 --------
L 09/12/2015 - 23:24:46: [extreme_bancfg2.amxx] addons/amxmodx/configs/cfgban/override.txt
L 09/12/2015 - 23:37:24: [admincmd.amxx] Cmd: "BMW_M3_GTR1<53><VALVE_0:4:2139972208><>" changelevel "zm_blocks"
L 09/12/2015 - 23:37:26: -------- Mapchange to zm_blocks --------
L 09/12/2015 - 23:37:26: [extreme_bancfg2.amxx] addons/amxmodx/configs/cfgban/override.txt
L 09/12/2015 - 23:42:16: [admincmd.amxx] Cmd: "BMW_M3_GTR1<53><VALVE_0:4:2139972208><>" changelevel "zm_aztec_defense"
L 09/12/2015 - 23:42:25: -------- Mapchange to zm_dust_world --------
L 09/12/2015 - 23:42:26: [extreme_bancfg2.amxx] addons/amxmodx/configs/cfgban/override.txt
L 09/12/2015 - 23:42:32: -------- Mapchange to zm_blocks --------
L 09/12/2015 - 23:42:32: [extreme_bancfg2.amxx] addons/amxmodx/configs/cfgban/override.txt
L 09/12/2015 - 23:42:54: [admincmd.amxx] Cmd: "BMW_M3_GTR1<1><VALVE_0:4:2139972208><>" changelevel "zm_aztec_defense"
L 09/12/2015 - 23:42:56: -------- Mapchange to zm_aztec_defense --------
L 09/12/2015 - 23:42:57: [extreme_bancfg2.amxx] addons/amxmodx/configs/cfgban/override.txt
L 09/12/2015 - 23:56:18: [adminchat.amxx] Chat: "BMW_M3_GTR1<1><VALVE_0:4:2139972208><>" tsay "Am Owner+VIP"
