L 08/23/2015 - 00:15:31: -------- Mapchange to zm_chatoyant --------
L 08/23/2015 - 00:15:32: [extreme_bancfg2.amxx] addons/amxmodx/configs/cfgban/override.txt
L 08/23/2015 - 00:43:44: -------- Mapchange to zm_mansion_mba --------
L 08/23/2015 - 00:43:45: [extreme_bancfg2.amxx] addons/amxmodx/configs/cfgban/override.txt
L 08/23/2015 - 01:11:56: -------- Mapchange to zm_foda --------
L 08/23/2015 - 01:12:02: [extreme_bancfg2.amxx] addons/amxmodx/configs/cfgban/override.txt
L 08/23/2015 - 02:11:13: -------- Mapchange to zm_hewitt_house --------
L 08/23/2015 - 02:11:15: [extreme_bancfg2.amxx] addons/amxmodx/configs/cfgban/override.txt
L 08/23/2015 - 02:39:27: -------- Mapchange to zm_dust2-final_click21 --------
L 08/23/2015 - 02:39:28: [extreme_bancfg2.amxx] addons/amxmodx/configs/cfgban/override.txt
L 08/23/2015 - 03:07:39: -------- Mapchange to zm_five --------
L 08/23/2015 - 03:07:40: [extreme_bancfg2.amxx] addons/amxmodx/configs/cfgban/override.txt
L 08/23/2015 - 03:35:51: -------- Mapchange to zm_aztec_mini --------
L 08/23/2015 - 03:35:53: [extreme_bancfg2.amxx] addons/amxmodx/configs/cfgban/override.txt
L 08/23/2015 - 04:04:04: -------- Mapchange to zm_heal_dust2 --------
L 08/23/2015 - 04:04:05: [extreme_bancfg2.amxx] addons/amxmodx/configs/cfgban/override.txt
L 08/23/2015 - 04:32:16: -------- Mapchange to zm_ice_attack3 --------
L 08/23/2015 - 04:32:17: [extreme_bancfg2.amxx] addons/amxmodx/configs/cfgban/override.txt
L 08/23/2015 - 05:00:28: -------- Mapchange to zm_lost_place --------
L 08/23/2015 - 05:00:29: [extreme_bancfg2.amxx] addons/amxmodx/configs/cfgban/override.txt
L 08/23/2015 - 05:28:40: -------- Mapchange to zm_westwood --------
L 08/23/2015 - 05:28:41: [extreme_bancfg2.amxx] addons/amxmodx/configs/cfgban/override.txt
L 08/23/2015 - 05:56:52: -------- Mapchange to zm_army_tn_beta3 --------
L 08/23/2015 - 05:56:53: [extreme_bancfg2.amxx] addons/amxmodx/configs/cfgban/override.txt
L 08/23/2015 - 06:25:04: -------- Mapchange to zm_666_brick --------
L 08/23/2015 - 06:25:04: [extreme_bancfg2.amxx] addons/amxmodx/configs/cfgban/override.txt
L 08/23/2015 - 06:53:17: -------- Mapchange to zm_ilc_resident_evil2 --------
L 08/23/2015 - 06:53:18: [extreme_bancfg2.amxx] addons/amxmodx/configs/cfgban/override.txt
L 08/23/2015 - 07:21:36: -------- Mapchange to zm_snow_mix --------
L 08/23/2015 - 07:21:37: [extreme_bancfg2.amxx] addons/amxmodx/configs/cfgban/override.txt
L 08/23/2015 - 07:49:49: -------- Mapchange to zm_inferno --------
L 08/23/2015 - 07:49:52: [extreme_bancfg2.amxx] addons/amxmodx/configs/cfgban/override.txt
L 08/23/2015 - 08:18:04: -------- Mapchange to zm_office --------
L 08/23/2015 - 08:18:05: [extreme_bancfg2.amxx] addons/amxmodx/configs/cfgban/override.txt
L 08/23/2015 - 08:46:17: -------- Mapchange to zm_house_2011 --------
L 08/23/2015 - 08:46:26: [extreme_bancfg2.amxx] addons/amxmodx/configs/cfgban/override.txt
L 08/23/2015 - 09:14:38: -------- Mapchange to zm_city_final --------
L 08/23/2015 - 09:14:38: [extreme_bancfg2.amxx] addons/amxmodx/configs/cfgban/override.txt
L 08/23/2015 - 09:42:50: -------- Mapchange to zm_winter_invasion --------
L 08/23/2015 - 09:42:50: [extreme_bancfg2.amxx] addons/amxmodx/configs/cfgban/override.txt
L 08/23/2015 - 10:11:02: -------- Mapchange to zm_death_alley --------
L 08/23/2015 - 10:11:03: [extreme_bancfg2.amxx] addons/amxmodx/configs/cfgban/override.txt
L 08/23/2015 - 10:33:00: [zm_vip_extra_buy_survnem.amxx] uNicuL a cumparat nemesis
L 08/23/2015 - 10:45:31: [admin_zm.amxx] Login: "PRO-Player-FL<83><STEAM_0:0:1163138088><>" kicked due to invalid password (account "PRO-Player-Fl") (address "79.118.61.36")
L 08/23/2015 - 10:45:34: [admin_zm.amxx] Login: "PRO-Player-FL<84><STEAM_0:0:1163138088><>" kicked due to invalid password (account "PRO-Player-Fl") (address "79.118.61.36")
L 08/23/2015 - 10:50:43: [admin_zm.amxx] Login: "PRO-Player-FL<87><STEAM_0:0:1163138088><>" kicked due to invalid password (account "PRO-Player-Fl") (address "79.118.61.36")
L 08/23/2015 - 11:01:55: [admin_zm.amxx] Login: "PRO-Player-FL<91><STEAM_0:0:1163138088><>" kicked due to invalid password (account "PRO-Player-Fl") (address "79.118.61.36")
L 08/23/2015 - 11:09:25: [admin_zm.amxx] Login: "SM-Player<93><STEAM_0:0:1369967960><>" kicked due to invalid password (account "Sm-Player") (address "79.118.61.36")
L 08/23/2015 - 11:09:28: [admin_zm.amxx] Login: "SM-Player<94><STEAM_0:0:1369967960><>" kicked due to invalid password (account "Sm-Player") (address "79.118.61.36")
L 08/23/2015 - 11:13:36: [admin_zm.amxx] Login: "SM-Player<96><STEAM_0:0:1369967960><>" kicked due to invalid password (account "Sm-Player") (address "79.118.61.36")
L 08/23/2015 - 11:13:39: [admin_zm.amxx] Login: "PRO-Player-FL<97><STEAM_0:0:1163138088><>" kicked due to invalid password (account "PRO-Player-Fl") (address "79.118.61.36")
L 08/23/2015 - 11:13:41: [admin_zm.amxx] Login: "SM-Player<98><STEAM_0:0:1369967960><>" kicked due to invalid password (account "Sm-Player") (address "79.118.61.36")
L 08/23/2015 - 11:13:49: -------- Mapchange to zm_dust_world --------
L 08/23/2015 - 11:13:50: [extreme_bancfg2.amxx] addons/amxmodx/configs/cfgban/override.txt
L 08/23/2015 - 11:13:56: -------- Mapchange to zm_666_brick --------
L 08/23/2015 - 11:13:57: [extreme_bancfg2.amxx] addons/amxmodx/configs/cfgban/override.txt
L 08/23/2015 - 11:24:59: [zm_vip_extra_buy_survnem.amxx] uNicuL a cumparat supravietuitor
L 08/23/2015 - 11:27:36: [admin_zm.amxx] Login: "Cristian<7><VALVE_0:4:585358322><>" kicked due to invalid password (account "Cristian") (address "92.85.155.236")
L 08/23/2015 - 11:31:37: [admin_zm.amxx] Login: "SM-Player<10><STEAM_0:0:1369967960><>" kicked due to invalid password (account "Sm-Player") (address "79.118.61.36")
L 08/23/2015 - 11:31:37: [admin_zm.amxx] Login: "PRO-Player-FL<9><STEAM_0:0:1163138088><>" kicked due to invalid password (account "PRO-Player-Fl") (address "79.118.61.36")
L 08/23/2015 - 11:34:13: [admin_zm.amxx] Login: "PRO-Player-FL<12><STEAM_0:0:1163138088><>" kicked due to invalid password (account "PRO-Player-Fl") (address "79.118.61.36")
L 08/23/2015 - 11:34:24: [admin_zm.amxx] Login: "SM-Player<13><STEAM_0:0:1369967960><>" kicked due to invalid password (account "Sm-Player") (address "79.118.61.36")
L 08/23/2015 - 11:34:30: [admin_zm.amxx] Login: "PRO-Player-FL<14><STEAM_0:0:1163138088><>" kicked due to invalid password (account "PRO-Player-Fl") (address "79.118.61.36")
L 08/23/2015 - 11:34:30: [admin_zm.amxx] Login: "SM-Player<15><STEAM_0:0:1369967960><>" kicked due to invalid password (account "Sm-Player") (address "79.118.61.36")
L 08/23/2015 - 11:34:33: [admin_zm.amxx] Login: "SM-Player<16><STEAM_0:0:1369967960><>" kicked due to invalid password (account "Sm-Player") (address "79.118.61.36")
L 08/23/2015 - 11:44:19: -------- Mapchange to zm_dust2-final_click21 --------
L 08/23/2015 - 11:44:20: [extreme_bancfg2.amxx] addons/amxmodx/configs/cfgban/override.txt
L 08/23/2015 - 11:46:32: [zm_vip_extra_buy_survnem.amxx] uNicuL a cumparat nemesis
L 08/23/2015 - 12:00:22: [admin_zm.amxx] Login: "PRO-Player-FL<44><STEAM_0:0:1163138088><>" kicked due to invalid password (account "PRO-Player-Fl") (address "79.118.61.36")
L 08/23/2015 - 12:00:58: [admin_zm.amxx] Login: "david<45><STEAM_0:0:1163138088><>" kicked due to invalid password (account "david") (address "79.118.61.36")
L 08/23/2015 - 12:14:46: -------- Mapchange to zm_blocks --------
L 08/23/2015 - 12:14:47: [extreme_bancfg2.amxx] addons/amxmodx/configs/cfgban/override.txt
L 08/23/2015 - 12:19:56: [zm_vip_extra_buy_survnem.amxx] uNicuL a cumparat nemesis
L 08/23/2015 - 12:45:02: -------- Mapchange to zm_ilc_resident_evil2 --------
L 08/23/2015 - 12:45:05: [extreme_bancfg2.amxx] addons/amxmodx/configs/cfgban/override.txt
L 08/23/2015 - 12:48:04: [zm_vip_extra_buy_survnem.amxx] uNicuL a cumparat supravietuitor
L 08/23/2015 - 12:56:18: [admin_zm.amxx] Login: "SM-Player<67><STEAM_0:0:1369967960><>" kicked due to invalid password (account "Sm-Player") (address "79.118.61.36")
L 08/23/2015 - 13:49:53: [adminvote.amxx] Vote: "BMW_M3_GTR1<100><STEAM_0:0:1817054049><>" vote custom (question "schimbam?") (option#1 "da") (option#2 "nu")
L 08/23/2015 - 13:50:15: [adminvote.amxx] Vote: Votarea a avut loc cu succes (got "3") (needed "1") (result "schimbam? - da")
L 08/23/2015 - 13:50:28: [admincmd.amxx] Cmd: "BMW_M3_GTR1<100><STEAM_0:0:1817054049><>" changelevel "zm_666_brick"
L 08/23/2015 - 13:50:38: -------- Mapchange to zm_dust_world --------
L 08/23/2015 - 13:50:39: [extreme_bancfg2.amxx] addons/amxmodx/configs/cfgban/override.txt
L 08/23/2015 - 13:50:45: -------- Mapchange to zm_ilc_resident_evil2 --------
L 08/23/2015 - 13:50:47: [extreme_bancfg2.amxx] addons/amxmodx/configs/cfgban/override.txt
L 08/23/2015 - 13:50:59: [admincmd.amxx] Cmd: "BMW_M3_GTR1<1><STEAM_0:0:1817054049><>" changelevel "zm_666_brick"
L 08/23/2015 - 13:51:01: -------- Mapchange to zm_666_brick --------
L 08/23/2015 - 13:51:02: [extreme_bancfg2.amxx] addons/amxmodx/configs/cfgban/override.txt
L 08/23/2015 - 13:56:29: [adminvote.amxx] Vote: "BMW_M3_GTR1<1><STEAM_0:0:1817054049><>" vote map (map "zm_army")
L 08/23/2015 - 13:56:51: [adminvote.amxx] Vote: Votarea a avut loc cu succes (got "2") (needed "2") (result "changelevel zm_army")
L 08/23/2015 - 13:56:56: [adminvote.amxx] Vote: Rezultat refuzat
L 08/23/2015 - 13:57:04: [adminchat.amxx] Chat: "BMW_M3_GTR1<1><STEAM_0:0:1817054049><>" tsay "Next mod by uNicul"
L 08/23/2015 - 13:57:45: [adminchat.amxx] Chat: "BMW_M3_GTR1<1><STEAM_0:0:1817054049><>" tsay "C Next mod by uNicuL nemesis"
L 08/23/2015 - 13:58:42: [zm_vip_extra_buy_survnem.amxx] uNicuL a cumparat nemesis
L 08/23/2015 - 14:08:28: [adminchat.amxx] Chat: "BMW_M3_GTR1<15><STEAM_0:0:1817054049><>" tsay "Asa te referi sa anunti?"
L 08/23/2015 - 14:08:48: [adminchat.amxx] Chat: "BMW_M3_GTR1<15><STEAM_0:0:1817054049><>" tsay "C Asa te referi uNicul s aanunti?"
L 08/23/2015 - 14:09:08: [adminchat.amxx] Chat: "BMW_M3_GTR1<15><STEAM_0:0:1817054049><>" tsay "Sunama tu eu nam minute"
L 08/23/2015 - 14:15:31: [adminchat.amxx] Chat: "BMW_M3_GTR1<21><STEAM_0:0:1817054049><>" tsay "Scri asa apasa pe y si apoi scrie @@"
L 08/23/2015 - 14:16:13: [adminchat.amxx] Chat: "BMW_M3_GTR1<21><STEAM_0:0:1817054049><>" tsay ".."
L 08/23/2015 - 14:16:20: [admincmd.amxx] Cmd: "BMW_M3_GTR1<21><STEAM_0:0:1817054049><>" ask for players list
L 08/23/2015 - 14:16:37: [admincmd.amxx] Cmd: "BMW_M3_GTR1<21><STEAM_0:0:1817054049><>" ask for players list
L 08/23/2015 - 14:16:48: [admincmd.amxx] Cmd: "BMW_M3_GTR1<21><STEAM_0:0:1817054049><>" changelevel "zm_army"
L 08/23/2015 - 14:16:51: -------- Mapchange to zm_army --------
L 08/23/2015 - 14:16:52: [extreme_bancfg2.amxx] addons/amxmodx/configs/cfgban/override.txt
L 08/23/2015 - 14:17:10: [adminchat.amxx] Chat: "uNicuL<26><STEAM_0:0:575450316><>" tsay "???"
L 08/23/2015 - 14:17:29: [adminchat.amxx] Chat: "BMW_M3_GTR1<21><STEAM_0:0:1817054049><>" tsay "C poti scrie cu 1 @ cu duoa @ sau 3 @"
L 08/23/2015 - 14:17:38: [adminchat.amxx] Chat: "BMW_M3_GTR1<21><STEAM_0:0:1817054049><>" tsay "Doua*"
L 08/23/2015 - 14:17:45: [adminchat.amxx] Chat: "uNicuL<26><STEAM_0:0:575450316><>" tsay "aha"
L 08/23/2015 - 14:17:53: [adminchat.amxx] Chat: "uNicuL<26><STEAM_0:0:575450316><>" tsay "?"
L 08/23/2015 - 14:18:52: [adminchat.amxx] Chat: "uNicuL<26><STEAM_0:0:575450316><>" tsay "nect mod"
L 08/23/2015 - 14:19:00: [adminchat.amxx] Chat: "uNicuL<26><STEAM_0:0:575450316><>" tsay "next mod"
L 08/23/2015 - 14:19:06: [adminchat.amxx] Chat: "BMW_M3_GTR1<21><STEAM_0:0:1817054049><>" psay "uNicuL<26><STEAM_0:0:575450316><>" "tiam dat euro =P"
L 08/23/2015 - 14:19:06: [adminchat.amxx] Chat: "BMW_M3_GTR1<21><STEAM_0:0:1817054049><>" psay "uNicuL<26><STEAM_0:0:575450316><>" "tiam dat euro =P "
L 08/23/2015 - 14:19:06: [adminchat.amxx] Chat: "BMW_M3_GTR1<21><STEAM_0:0:1817054049><>" psay "uNicuL<26><STEAM_0:0:575450316><>" "tiam dat euro =P "
L 08/23/2015 - 14:19:06: [adminchat.amxx] Chat: "BMW_M3_GTR1<21><STEAM_0:0:1817054049><>" psay "uNicuL<26><STEAM_0:0:575450316><>" "tiam dat euro =P "
L 08/23/2015 - 14:19:50: [adminchat.amxx] Chat: "uNicuL<26><STEAM_0:0:575450316><>" tsay "nu ma omoar"
L 08/23/2015 - 14:21:23: [adminchat.amxx] Chat: "uNicuL<26><STEAM_0:0:575450316><>" tsay "ms pt euro"
L 08/23/2015 - 14:22:26: [adminchat.amxx] Chat: "BMW_M3_GTR1<21><STEAM_0:0:1817054049><>" tsay "C Next mod asasin vs"
L 08/23/2015 - 14:22:48: [adminchat.amxx] Chat: "BMW_M3_GTR1<21><STEAM_0:0:1817054049><>" tsay "C Iati tun coae"
L 08/23/2015 - 14:23:14: [adminchat.amxx] Chat: "uNicuL<26><STEAM_0:0:575450316><>" tsay "nu ma mai invia"
L 08/23/2015 - 14:23:24: [adminchat.amxx] Chat: "BMW_M3_GTR1<21><STEAM_0:0:1817054049><>" tsay "C Te invie automat"
L 08/23/2015 - 14:23:25: [adminchat.amxx] Chat: "uNicuL<26><STEAM_0:0:575450316><>" tsay "nu ma mai invia"
L 08/23/2015 - 14:28:33: [adminchat.amxx] Chat: "uNicuL<35><STEAM_0:0:575450316><>" tsay "nu pot da gag"
L 08/23/2015 - 14:28:53: [adminchat.amxx] Chat: "uNicuL<35><STEAM_0:0:575450316><>" tsay "nu pot da gag"
L 08/23/2015 - 14:30:09: [adminchat.amxx] Chat: "uNicuL<35><STEAM_0:0:575450316><>" tsay "mw daca are nume prea mare cum fac?"
L 08/23/2015 - 14:31:41: [admincmd.amxx] Kick: "uNicuL<35><STEAM_0:0:575450316><>" kick "uNicuL<35><STEAM_0:0:575450316><>" (reason "")
L 08/23/2015 - 14:32:09: [adminchat.amxx] Chat: "BMW_M3_GTR1<37><STEAM_0:0:1817054049><>" tsay "C Pe mine nu poti folosi comenzile am imunitate!"
L 08/23/2015 - 14:32:30: [adminchat.amxx] Chat: "BMW_M3_GTR1<37><STEAM_0:0:1817054049><>" tsay "Eu am imunitate nu poti folosi comenzi pe mine!"
L 08/23/2015 - 14:32:56: [admincmd.amxx] Cmd: "uNicuL<38><STEAM_0:0:575450316><>" slap with 0 damage "gayu<34><STEAM_0:0:1369967960><>"
L 08/23/2015 - 14:33:19: [admincmd.amxx] Cmd: "uNicuL<38><STEAM_0:0:575450316><>" slap with 0 damage "gayu<34><STEAM_0:0:1369967960><>"
L 08/23/2015 - 14:33:21: [admincmd.amxx] Cmd: "uNicuL<38><STEAM_0:0:575450316><>" slap with 0 damage "gayu<34><STEAM_0:0:1369967960><>"
L 08/23/2015 - 14:33:24: [admincmd.amxx] Cmd: "uNicuL<38><STEAM_0:0:575450316><>" slap with 0 damage "gayu<34><STEAM_0:0:1369967960><>"
L 08/23/2015 - 14:33:25: [admincmd.amxx] Cmd: "uNicuL<38><STEAM_0:0:575450316><>" slap with 0 damage "gayu<34><STEAM_0:0:1369967960><>"
L 08/23/2015 - 14:33:26: [admincmd.amxx] Cmd: "uNicuL<38><STEAM_0:0:575450316><>" slap with 0 damage "gayu<34><STEAM_0:0:1369967960><>"
L 08/23/2015 - 14:33:27: [admincmd.amxx] Cmd: "uNicuL<38><STEAM_0:0:575450316><>" slap with 0 damage "gayu<34><STEAM_0:0:1369967960><>"
L 08/23/2015 - 14:33:28: [admincmd.amxx] Cmd: "uNicuL<38><STEAM_0:0:575450316><>" slap with 0 damage "gayu<34><STEAM_0:0:1369967960><>"
L 08/23/2015 - 14:33:39: [adminchat.amxx] Chat: "BMW_M3_GTR1<37><STEAM_0:0:1817054049><>" tsay "C usor.."
L 08/23/2015 - 14:34:02: [adminchat.amxx] Chat: "BMW_M3_GTR1<37><STEAM_0:0:1817054049><>" tsay "C Iai dat slap pana lai aruncat in groapa=)))"
L 08/23/2015 - 14:34:10: [adminchat.amxx] Chat: "uNicuL<38><STEAM_0:0:575450316><>" tsay "NEXT MOD NEMESIS"
L 08/23/2015 - 14:34:53: [adminchat.amxx] Chat: "BMW_M3_GTR1<37><STEAM_0:0:1817054049><>" tsay "C Zm ataca sau slay*"
L 08/23/2015 - 14:36:07: [adminchat.amxx] Chat: "uNicuL<38><STEAM_0:0:575450316><>" tsay "zm ataca sau slay"
L 08/23/2015 - 14:36:47: [adminchat.amxx] Chat: "BMW_M3_GTR1<37><STEAM_0:0:1817054049><>" tsay "C Nu ai voie mai mult de 2-3 drujbe pe mapa"
L 08/23/2015 - 14:36:48: [adminchat.amxx] Chat: "uNicuL<38><STEAM_0:0:575450316><>" tsay "?????"
L 08/23/2015 - 14:37:54: [adminchat.amxx] Chat: "uNicuL<38><STEAM_0:0:575450316><>" tsay "NEXT MOD"
L 08/23/2015 - 14:38:05: [adminchat.amxx] Chat: "BMW_M3_GTR1<37><STEAM_0:0:1817054049><>" tsay "C Nu ai cum next md ca e mod acum"
L 08/23/2015 - 14:38:40: [adminchat.amxx] Chat: "uNicuL<38><STEAM_0:0:575450316><>" tsay "BMW cand iau mod ii invi ca sa fac rqank?"
L 08/23/2015 - 14:38:56: [adminchat.amxx] Chat: "uNicuL<38><STEAM_0:0:575450316><>" tsay "BMW cand iau mod ii invi sa fac rank?"
L 08/23/2015 - 14:39:09: [adminchat.amxx] Chat: "BMW_M3_GTR1<37><STEAM_0:0:1817054049><>" tsay "Vrei cam multe bosule ! ii renviu de 2-3 ori"
L 08/23/2015 - 14:40:09: [adminchat.amxx] Chat: "BMW_M3_GTR1<37><STEAM_0:0:1817054049><>" tsay "C Nu mai lua drujba"
L 08/23/2015 - 14:40:23: [adminchat.amxx] Chat: "BMW_M3_GTR1<37><STEAM_0:0:1817054049><>" tsay "Le iei prea repede ajunge!"
L 08/23/2015 - 14:41:41: [adminchat.amxx] Chat: "uNicuL<38><STEAM_0:0:575450316><>" tsay "next mod"
L 08/23/2015 - 14:41:52: [adminchat.amxx] Chat: "uNicuL<38><STEAM_0:0:575450316><>" tsay "NEXT MOD"
L 08/23/2015 - 14:41:59: [zm_vip_extra_buy_survnem.amxx] uNicuL a cumparat nemesis
L 08/23/2015 - 14:43:44: [adminchat.amxx] Chat: "BMW_M3_GTR1<37><STEAM_0:0:1817054049><>" tsay "cautai"
L 08/23/2015 - 14:45:37: [admincmd.amxx] Cmd: "BMW_M3_GTR1<37><STEAM_0:0:1817054049><>" changelevel "zm_ceronUA"
L 08/23/2015 - 14:45:40: -------- Mapchange to zm_ceronUA --------
L 08/23/2015 - 14:45:42: [extreme_bancfg2.amxx] addons/amxmodx/configs/cfgban/override.txt
L 08/23/2015 - 14:46:56: [adminchat.amxx] Chat: "uNicuL<38><STEAM_0:0:575450316><>" tsay "BMW esti dragut simi dai si mie niste euro?"
L 08/23/2015 - 14:49:44: [adminchat.amxx] Chat: "BMW_M3_GTR1<41><STEAM_0:0:1817054049><>" tsay "Nuti mai lua jet iati tun e permanent"
L 08/23/2015 - 14:50:53: [adminchat.amxx] Chat: "BMW_M3_GTR1<41><STEAM_0:0:1817054049><>" tsay "7 fraguri sa mai fac si am iesit"
L 08/23/2015 - 14:55:08: [adminchat.amxx] Chat: "BMW_M3_GTR1<41><STEAM_0:0:1817054049><>" tsay "C MOD"
L 08/23/2015 - 14:56:59: [adminchat.amxx] Chat: "BMW_M3_GTR1<45><STEAM_0:0:1817054049><>" tsay "3800 =D"
L 08/23/2015 - 14:57:18: [adminchat.amxx] Chat: "BMW_M3_GTR1<45><STEAM_0:0:1817054049><>" psay "uNicuL<38><STEAM_0:0:575450316><>" "asta e ala andu?"
L 08/23/2015 - 14:57:18: [adminchat.amxx] Chat: "BMW_M3_GTR1<45><STEAM_0:0:1817054049><>" psay "uNicuL<38><STEAM_0:0:575450316><>" "asta e ala andu? "
L 08/23/2015 - 14:57:18: [adminchat.amxx] Chat: "BMW_M3_GTR1<45><STEAM_0:0:1817054049><>" psay "uNicuL<38><STEAM_0:0:575450316><>" "asta e ala andu? "
L 08/23/2015 - 14:57:19: [adminchat.amxx] Chat: "BMW_M3_GTR1<45><STEAM_0:0:1817054049><>" psay "uNicuL<38><STEAM_0:0:575450316><>" "asta e ala andu? "
L 08/23/2015 - 14:57:19: [adminchat.amxx] Chat: "BMW_M3_GTR1<45><STEAM_0:0:1817054049><>" psay "uNicuL<38><STEAM_0:0:575450316><>" "asta e ala andu? "
L 08/23/2015 - 14:57:19: [adminchat.amxx] Chat: "BMW_M3_GTR1<45><STEAM_0:0:1817054049><>" psay "uNicuL<38><STEAM_0:0:575450316><>" "asta e ala andu? "
L 08/23/2015 - 14:57:19: [adminchat.amxx] Chat: "BMW_M3_GTR1<45><STEAM_0:0:1817054049><>" psay "uNicuL<38><STEAM_0:0:575450316><>" "asta e ala andu? "
L 08/23/2015 - 14:57:20: [adminchat.amxx] Chat: "BMW_M3_GTR1<45><STEAM_0:0:1817054049><>" psay "uNicuL<38><STEAM_0:0:575450316><>" "asta e ala andu? "
L 08/23/2015 - 14:57:24: [adminchat.amxx] Chat: "uNicuL<38><STEAM_0:0:575450316><>" tsay "da"
L 08/23/2015 - 14:57:30: [adminchat.amxx] Chat: "uNicuL<38><STEAM_0:0:575450316><>" tsay "DA"
L 08/23/2015 - 14:57:51: [adminchat.amxx] Chat: "BMW_M3_GTR1<45><STEAM_0:0:1817054049><>" tsay "da stiu are jet"
L 08/23/2015 - 14:58:00: [adminchat.amxx] Chat: "BMW_M3_GTR1<45><STEAM_0:0:1817054049><>" tsay "Da stiu are jet si nui voie"
L 08/23/2015 - 14:58:08: [adminchat.amxx] Chat: "BMW_M3_GTR1<45><STEAM_0:0:1817054049><>" tsay "C E si el admin"
L 08/23/2015 - 14:58:22: [admincmd.amxx] Cmd: "BMW_M3_GTR1<45><STEAM_0:0:1817054049><>" ask for players list
L 08/23/2015 - 14:58:34: [admincmd.amxx] Cmd: "BMW_M3_GTR1<45><STEAM_0:0:1817054049><>" ask for players list
L 08/23/2015 - 14:59:20: [adminchat.amxx] Chat: "uNicuL<38><STEAM_0:0:575450316><>" tsay "andule lasa figurile"
L 08/23/2015 - 14:59:24: [adminchat.amxx] Chat: "BMW_M3_GTR1<49><STEAM_0:0:1817054049><>" psay "uNicuL<38><STEAM_0:0:575450316><>" "normal da nui voie tun la mod dar si eu il folosesc =)))"
L 08/23/2015 - 14:59:28: [admincmd.amxx] Cmd: "BMW_M3_GTR1<49><STEAM_0:0:1817054049><>" ask for players list
L 08/23/2015 - 14:59:30: [adminchat.amxx] Chat: "BMW_M3_GTR1<49><STEAM_0:0:1817054049><>" psay "uNicuL<38><STEAM_0:0:575450316><>" "normal da nui voie tun la mod dar si eu il folosesc =))) "
L 08/23/2015 - 14:59:30: [adminchat.amxx] Chat: "BMW_M3_GTR1<49><STEAM_0:0:1817054049><>" psay "uNicuL<38><STEAM_0:0:575450316><>" "normal da nui voie tun la mod dar si eu il folosesc =))) "
L 08/23/2015 - 14:59:31: [adminchat.amxx] Chat: "BMW_M3_GTR1<49><STEAM_0:0:1817054049><>" psay "uNicuL<38><STEAM_0:0:575450316><>" "normal da nui voie tun la mod dar si eu il folosesc =))) "
L 08/23/2015 - 14:59:44: [adminchat.amxx] Chat: "BMW_M3_GTR1<49><STEAM_0:0:1817054049><>" psay "uNicuL<38><STEAM_0:0:575450316><>" "asta e pe privat ce tiam zis"
L 08/23/2015 - 14:59:44: [adminchat.amxx] Chat: "BMW_M3_GTR1<49><STEAM_0:0:1817054049><>" psay "uNicuL<38><STEAM_0:0:575450316><>" "asta e pe privat ce tiam zis "
L 08/23/2015 - 14:59:44: [adminchat.amxx] Chat: "BMW_M3_GTR1<49><STEAM_0:0:1817054049><>" psay "uNicuL<38><STEAM_0:0:575450316><>" "asta e pe privat ce tiam zis "
L 08/23/2015 - 14:59:44: [adminchat.amxx] Chat: "BMW_M3_GTR1<49><STEAM_0:0:1817054049><>" psay "uNicuL<38><STEAM_0:0:575450316><>" "asta e pe privat ce tiam zis "
L 08/23/2015 - 15:02:56: [adminchat.amxx] Chat: "uNicuL<38><STEAM_0:0:575450316><>" tsay "NEXT MOD"
L 08/23/2015 - 15:06:07: [adminchat.amxx] Chat: "BMW_M3_GTR1<49><STEAM_0:0:1817054049><>" tsay "Ramai dator sa dai 1 mod=))"
L 08/23/2015 - 15:11:41: [adminchat.amxx] Chat: "Muje<51><STEAM_0:0:1408034688><>" chat " dc am gag am scris aratate"
L 08/23/2015 - 15:12:55: [adminchat.amxx] Chat: "Muje<51><STEAM_0:0:1408034688><>" chat " server  de cacat"
L 08/23/2015 - 15:16:02: [admincmd.amxx] Cmd: "uNicuL<38><STEAM_0:0:575450316><>" changelevel "zm_fear"
L 08/23/2015 - 15:16:05: -------- Mapchange to zm_fear --------
L 08/23/2015 - 15:16:06: [extreme_bancfg2.amxx] addons/amxmodx/configs/cfgban/override.txt
L 08/23/2015 - 15:19:23: [adminchat.amxx] Chat: "uNicuL<38><STEAM_0:0:575450316><>" tsay "crezi ca sunt fraier?"
L 08/23/2015 - 15:20:06: [admincmd.amxx] Cmd: "uNicuL<38><STEAM_0:0:575450316><>" slay "NikiSmecheru123<52><STEAM_0:0:534211541><>"
L 08/23/2015 - 15:20:24: [admincmd.amxx] Cmd: "uNicuL<38><STEAM_0:0:575450316><>" slay "NikiSmecheru123<52><STEAM_0:0:534211541><>"
L 08/23/2015 - 15:20:42: [adminchat.amxx] Chat: "uNicuL<38><STEAM_0:0:575450316><>" tsay "dc mai omorat"
L 08/23/2015 - 15:20:49: [admincmd.amxx] Cmd: "uNicuL<38><STEAM_0:0:575450316><>" slay "NikiSmecheru123<52><STEAM_0:0:534211541><>"
L 08/23/2015 - 15:22:21: [adminchat.amxx] Chat: "uNicuL<38><STEAM_0:0:575450316><>" tsay "ZM ATACA SAU SLAY"
L 08/23/2015 - 15:22:28: [admincmd.amxx] Cmd: "uNicuL<38><STEAM_0:0:575450316><>" slay "NikiSmecheru123<52><STEAM_0:0:534211541><>"
L 08/23/2015 - 15:24:06: [adminchat.amxx] Chat: "uNicuL<38><STEAM_0:0:575450316><>" tsay "EU SUNT OWNAR"
L 08/23/2015 - 15:25:03: [admincmd.amxx] Cmd: "uNicuL<38><STEAM_0:0:575450316><>" slay "NikiSmecheru123<52><STEAM_0:0:534211541><>"
L 08/23/2015 - 15:26:30: [zm_vip_extra_buy_survnem.amxx] uNicuL a cumparat nemesis
L 08/23/2015 - 15:27:15: [admin_zm.amxx] Login: "Nikismecheru<58><STEAM_0:1:100837872><>" kicked due to invalid password (account "NikiSmecheru") (address "109.100.131.170")
L 08/23/2015 - 15:29:31: [admin_zm.amxx] Login: "SM-Player<61><STEAM_0:0:1369967960><>" kicked due to invalid password (account "Sm-Player") (address "79.118.61.36")
L 08/23/2015 - 15:35:43: [admin_zm.amxx] Login: "David<63><STEAM_0:0:1369967960><>" kicked due to invalid password (account "david") (address "79.118.61.36")
L 08/23/2015 - 15:35:43: [admin_zm.amxx] Login: "David<63><STEAM_0:0:1369967960><>" kicked due to invalid password (account "david") (address "79.118.61.36")
L 08/23/2015 - 15:45:32: [adminchat.amxx] Chat: "uNicuL<68><STEAM_0:0:575450316><>" tsay "ZM avaca sau slay"
L 08/23/2015 - 15:45:49: [adminchat.amxx] Chat: "uNicuL<68><STEAM_0:0:575450316><>" tsay "ZM ATACA SAU SLAY"
L 08/23/2015 - 15:46:00: [adminchat.amxx] Chat: "uNicuL<68><STEAM_0:0:575450316><>" say "nik"
L 08/23/2015 - 15:47:19: [admincmd.amxx] Cmd: "uNicuL<68><STEAM_0:0:575450316><>" changelevel "zm_fear"
L 08/23/2015 - 15:47:29: -------- Mapchange to zm_dust_world --------
L 08/23/2015 - 15:47:30: [extreme_bancfg2.amxx] addons/amxmodx/configs/cfgban/override.txt
L 08/23/2015 - 15:47:36: -------- Mapchange to zm_fear --------
L 08/23/2015 - 15:47:36: [extreme_bancfg2.amxx] addons/amxmodx/configs/cfgban/override.txt
L 08/23/2015 - 16:13:33: [zm_vip_extra_buy_survnem.amxx] uNicuL a cumparat nemesis
L 08/23/2015 - 16:20:40: [adminchat.amxx] Chat: "uNicuL<8><STEAM_0:0:575450316><>" tsay "a"
L 08/23/2015 - 16:20:44: [adminchat.amxx] Chat: "uNicuL<8><STEAM_0:0:575450316><>" tsay "so"
L 08/23/2015 - 16:20:48: [adminchat.amxx] Chat: "uNicuL<8><STEAM_0:0:575450316><>" tsay "o"
L 08/23/2015 - 16:20:52: [adminchat.amxx] Chat: "uNicuL<8><STEAM_0:0:575450316><>" tsay ""
L 08/23/2015 - 16:20:55: [adminchat.amxx] Chat: "uNicuL<8><STEAM_0:0:575450316><>" tsay ""
L 08/23/2015 - 16:20:58: [adminchat.amxx] Chat: "uNicuL<8><STEAM_0:0:575450316><>" tsay "oaafk"
L 08/23/2015 - 16:21:02: [adminchat.amxx] Chat: "uNicuL<8><STEAM_0:0:575450316><>" tsay "a"
L 08/23/2015 - 16:21:11: [adminchat.amxx] Chat: "uNicuL<8><STEAM_0:0:575450316><>" tsay "iauzi"
L 08/23/2015 - 16:21:21: [adminchat.amxx] Chat: "uNicuL<8><STEAM_0:0:575450316><>" tsay "o iauzi"
L 08/23/2015 - 16:21:29: [adminchat.amxx] Chat: "uNicuL<8><STEAM_0:0:575450316><>" tsay "O"
L 08/23/2015 - 16:21:35: [adminchat.amxx] Chat: "uNicuL<8><STEAM_0:0:575450316><>" tsay ""
L 08/23/2015 - 16:21:38: [adminchat.amxx] Chat: "uNicuL<8><STEAM_0:0:575450316><>" tsay ""
L 08/23/2015 - 16:21:48: [adminchat.amxx] Chat: "uNicuL<8><STEAM_0:0:575450316><>" tsay ""
L 08/23/2015 - 16:21:54: [adminchat.amxx] Chat: "uNicuL<8><STEAM_0:0:575450316><>" tsay "a"
L 08/23/2015 - 16:22:03: [adminchat.amxx] Chat: "uNicuL<8><STEAM_0:0:575450316><>" tsay "sunat asasin"
L 08/23/2015 - 16:26:49: [admin_zm.amxx] Login: "Game Over<10><STEAM_0:0:1256617457><>" kicked due to invalid password (account "Game Over") (address "92.114.246.214")
L 08/23/2015 - 16:34:28: [admin_zm.amxx] Login: "Game Over<13><STEAM_0:0:1256617457><>" kicked due to invalid password (account "Game Over") (address "92.114.246.214")
L 08/23/2015 - 16:59:54: [adminchat.amxx] Chat: "uNicuL<30><STEAM_0:0:575450316><>" tsay "ce"
L 08/23/2015 - 17:01:20: [adminchat.amxx] Chat: "uNicuL<30><STEAM_0:0:575450316><>" tsay "NEXT MOD"
L 08/23/2015 - 17:01:48: [zm_vip_extra_buy_survnem.amxx] uNicuL a cumparat nemesis
L 08/23/2015 - 17:04:36: [admincmd.amxx] Cmd: "uNicuL<30><STEAM_0:0:575450316><>" slay "xxIONUTxx<28><STEAM_0:0:506297953><>"
L 08/23/2015 - 17:04:57: [adminchat.amxx] Chat: "uNicuL<30><STEAM_0:0:575450316><>" tsay "NU AI VOIE HE LA ULTIMU"
L 08/23/2015 - 17:08:05: [adminchat.amxx] Chat: "uNicuL<30><STEAM_0:0:575450316><>" tsay "NU AVETI VOIE BMB LA ULTIMUL OM BMB= SLAY/BAN"
L 08/23/2015 - 17:08:40: [adminchat.amxx] Chat: "uNicuL<30><STEAM_0:0:575450316><>" tsay "ZM ATACA 20 sec ori slay"
L 08/23/2015 - 17:08:58: [adminchat.amxx] Chat: "uNicuL<30><STEAM_0:0:575450316><>" tsay "ZM ataca in 150 sec ori slay"
L 08/23/2015 - 17:09:08: [adminchat.amxx] Chat: "uNicuL<30><STEAM_0:0:575450316><>" tsay "15*"
L 08/23/2015 - 17:09:20: [admincmd.amxx] Cmd: "uNicuL<30><STEAM_0:0:575450316><>" slay "BiD<33><STEAM_0:0:1875871713><>"
L 08/23/2015 - 17:09:35: [adminchat.amxx] Chat: "uNicuL<30><STEAM_0:0:575450316><>" tsay "ai gag"
L 08/23/2015 - 17:16:03: [adminchat.amxx] Chat: "uNicuL<30><STEAM_0:0:575450316><>" tsay "zm ataca ori slay"
L 08/23/2015 - 17:16:30: [admincmd.amxx] Cmd: "uNicuL<30><STEAM_0:0:575450316><>" slay "BiD<33><STEAM_0:0:1875871713><>"
L 08/23/2015 - 17:17:33: [admincmd.amxx] Cmd: "uNicuL<30><STEAM_0:0:575450316><>" slay "snk_11<36><STEAM_0:0:1566246830><>"
L 08/23/2015 - 17:19:43: [admincmd.amxx] Cmd: "uNicuL<30><STEAM_0:0:575450316><>" slap with 0 damage "snk_11<36><STEAM_0:0:1566246830><>"
L 08/23/2015 - 17:20:06: [admincmd.amxx] Cmd: "uNicuL<30><STEAM_0:0:575450316><>" slap with 0 damage "snk_11<36><STEAM_0:0:1566246830><>"
L 08/23/2015 - 17:20:07: [admincmd.amxx] Cmd: "uNicuL<30><STEAM_0:0:575450316><>" slap with 0 damage "snk_11<36><STEAM_0:0:1566246830><>"
L 08/23/2015 - 17:20:08: [admincmd.amxx] Cmd: "uNicuL<30><STEAM_0:0:575450316><>" slap with 0 damage "snk_11<36><STEAM_0:0:1566246830><>"
L 08/23/2015 - 17:20:09: [admincmd.amxx] Cmd: "uNicuL<30><STEAM_0:0:575450316><>" slap with 0 damage "snk_11<36><STEAM_0:0:1566246830><>"
L 08/23/2015 - 17:20:11: [admincmd.amxx] Cmd: "uNicuL<30><STEAM_0:0:575450316><>" slap with 0 damage "snk_11<36><STEAM_0:0:1566246830><>"
L 08/23/2015 - 17:20:14: [admincmd.amxx] Cmd: "uNicuL<30><STEAM_0:0:575450316><>" slap with 0 damage "snk_11<36><STEAM_0:0:1566246830><>"
L 08/23/2015 - 17:20:15: [admincmd.amxx] Cmd: "uNicuL<30><STEAM_0:0:575450316><>" slap with 0 damage "snk_11<36><STEAM_0:0:1566246830><>"
L 08/23/2015 - 17:20:16: [admincmd.amxx] Cmd: "uNicuL<30><STEAM_0:0:575450316><>" slap with 0 damage "snk_11<36><STEAM_0:0:1566246830><>"
L 08/23/2015 - 17:20:17: [admincmd.amxx] Cmd: "uNicuL<30><STEAM_0:0:575450316><>" slap with 0 damage "snk_11<36><STEAM_0:0:1566246830><>"
L 08/23/2015 - 17:20:20: [admincmd.amxx] Cmd: "uNicuL<30><STEAM_0:0:575450316><>" slap with 0 damage "snk_11<36><STEAM_0:0:1566246830><>"
L 08/23/2015 - 17:20:21: [admincmd.amxx] Cmd: "uNicuL<30><STEAM_0:0:575450316><>" slap with 0 damage "snk_11<36><STEAM_0:0:1566246830><>"
L 08/23/2015 - 17:20:22: [admincmd.amxx] Cmd: "uNicuL<30><STEAM_0:0:575450316><>" slap with 0 damage "snk_11<36><STEAM_0:0:1566246830><>"
L 08/23/2015 - 17:20:34: [adminchat.amxx] Chat: "uNicuL<30><STEAM_0:0:575450316><>" tsay "zm ataca"
L 08/23/2015 - 17:20:50: [adminchat.amxx] Chat: "uNicuL<30><STEAM_0:0:575450316><>" tsay "cine vrea arme de vip???"
L 08/23/2015 - 17:20:56: [adminchat.amxx] Chat: "uNicuL<30><STEAM_0:0:575450316><>" tsay ""
L 08/23/2015 - 17:20:59: [adminchat.amxx] Chat: "uNicuL<30><STEAM_0:0:575450316><>" tsay ""
L 08/23/2015 - 17:21:09: [adminchat.amxx] Chat: "uNicuL<30><STEAM_0:0:575450316><>" tsay "cine vrea arme de vip"
L 08/23/2015 - 17:21:15: [adminchat.amxx] Chat: "uNicuL<30><STEAM_0:0:575450316><>" tsay "careva?"
L 08/23/2015 - 17:21:28: [adminchat.amxx] Chat: "uNicuL<30><STEAM_0:0:575450316><>" tsay "bid mai esti supi :))"
L 08/23/2015 - 17:21:51: [adminchat.amxx] Chat: "uNicuL<30><STEAM_0:0:575450316><>" tsay "bid ii dau slay?"
L 08/23/2015 - 17:22:01: [adminchat.amxx] Chat: "uNicuL<30><STEAM_0:0:575450316><>" tsay "BiD ii dau slay?"
L 08/23/2015 - 17:23:12: [admincmd.amxx] Cmd: "uNicuL<30><STEAM_0:0:575450316><>" slap with 0 damage "snk_11<36><STEAM_0:0:1566246830><>"
L 08/23/2015 - 17:23:13: [admincmd.amxx] Cmd: "uNicuL<30><STEAM_0:0:575450316><>" slap with 0 damage "snk_11<36><STEAM_0:0:1566246830><>"
L 08/23/2015 - 17:23:13: [admincmd.amxx] Cmd: "uNicuL<30><STEAM_0:0:575450316><>" slap with 0 damage "snk_11<36><STEAM_0:0:1566246830><>"
L 08/23/2015 - 17:23:14: [admincmd.amxx] Cmd: "uNicuL<30><STEAM_0:0:575450316><>" slap with 0 damage "snk_11<36><STEAM_0:0:1566246830><>"
L 08/23/2015 - 17:23:15: [admincmd.amxx] Cmd: "uNicuL<30><STEAM_0:0:575450316><>" slap with 0 damage "snk_11<36><STEAM_0:0:1566246830><>"
L 08/23/2015 - 17:23:30: [admincmd.amxx] Cmd: "uNicuL<30><STEAM_0:0:575450316><>" slap with 0 damage "snk_11<36><STEAM_0:0:1566246830><>"
L 08/23/2015 - 17:23:31: [admincmd.amxx] Cmd: "uNicuL<30><STEAM_0:0:575450316><>" slap with 0 damage "snk_11<36><STEAM_0:0:1566246830><>"
L 08/23/2015 - 17:23:31: [admincmd.amxx] Cmd: "uNicuL<30><STEAM_0:0:575450316><>" slap with 0 damage "snk_11<36><STEAM_0:0:1566246830><>"
L 08/23/2015 - 17:23:32: [admincmd.amxx] Cmd: "uNicuL<30><STEAM_0:0:575450316><>" slap with 0 damage "snk_11<36><STEAM_0:0:1566246830><>"
L 08/23/2015 - 17:28:39: [adminchat.amxx] Chat: "uNicuL<30><STEAM_0:0:575450316><>" tsay "hai dana"
L 08/23/2015 - 17:28:44: [adminchat.amxx] Chat: "uNicuL<30><STEAM_0:0:575450316><>" tsay "hai dana"
L 08/23/2015 - 17:29:22: -------- Mapchange to zm_aztec_mini --------
L 08/23/2015 - 17:29:23: [extreme_bancfg2.amxx] addons/amxmodx/configs/cfgban/override.txt
L 08/23/2015 - 17:36:41: [admincmd.amxx] Cmd: "uNicuL<41><STEAM_0:0:575450316><>" slay "Dana<40><STEAM_0:0:1256617457><>"
L 08/23/2015 - 17:37:15: [adminchat.amxx] Chat: "uNicuL<41><STEAM_0:0:575450316><>" tsay "cand esti zm ataci"
L 08/23/2015 - 17:37:23: [adminchat.amxx] Chat: "uNicuL<41><STEAM_0:0:575450316><>" tsay "nu ce faci tu"
L 08/23/2015 - 17:41:01: [adminchat.amxx] Chat: "uNicuL<41><STEAM_0:0:575450316><>" tsay "nu se da bmb la ultimu om = slay ban 2 zile"
L 08/23/2015 - 17:42:40: [adminchat.amxx] Chat: "uNicuL<41><STEAM_0:0:575450316><>" tsay "zm atac or slay"
L 08/23/2015 - 17:43:28: [admincmd.amxx] Cmd: "uNicuL<41><STEAM_0:0:575450316><>" slay "Dana<40><STEAM_0:0:1256617457><>"
L 08/23/2015 - 17:45:02: [admincmd.amxx] Cmd: "uNicuL<41><STEAM_0:0:575450316><>" slay "Dana<40><STEAM_0:0:1256617457><>"
L 08/23/2015 - 17:45:10: [adminchat.amxx] Chat: "uNicuL<41><STEAM_0:0:575450316><>" tsay "asa vreau"
L 08/23/2015 - 17:47:01: [adminchat.amxx] Chat: "uNicuL<41><STEAM_0:0:575450316><>" tsay "nu MA mai ataca si nu te mai omor ok?"
L 08/23/2015 - 17:51:58: [admincmd.amxx] Cmd: "uNicuL<41><STEAM_0:0:575450316><>" slay "Dana<40><STEAM_0:0:1256617457><>"
L 08/23/2015 - 17:52:10: [adminchat.amxx] Chat: "uNicuL<41><STEAM_0:0:575450316><>" tsay "mia scapat"
L 08/23/2015 - 17:59:45: [admincmd.amxx] Cmd: "uNicuL<41><STEAM_0:0:575450316><>" slay "Dana<40><STEAM_0:0:1256617457><>"
L 08/23/2015 - 18:00:01: -------- Mapchange to zm_assault_shadow --------
L 08/23/2015 - 18:00:02: [extreme_bancfg2.amxx] addons/amxmodx/configs/cfgban/override.txt
L 08/23/2015 - 18:03:02: [admincmd.amxx] Cmd: "uNicuL<49><STEAM_0:0:575450316><>" slay "Omega<47><STEAM_0:0:1373426510><>"
L 08/23/2015 - 18:07:06: [admincmd.amxx] Cmd: "uNicuL<53><STEAM_0:0:575450316><>" slay "Dana<50><STEAM_0:0:1256617457><>"
L 08/23/2015 - 18:07:12: [admincmd.amxx] Kick: "uNicuL<53><STEAM_0:0:575450316><>" kick "Dana<50><STEAM_0:0:1256617457><>" (reason "")
L 08/23/2015 - 18:07:37: [admincmd.amxx] Kick: "uNicuL<53><STEAM_0:0:575450316><>" kick "Dana<54><STEAM_0:0:1256617457><>" (reason "")
L 08/23/2015 - 18:07:46: [admincmd.amxx] Kick: "uNicuL<53><STEAM_0:0:575450316><>" kick "Dana<55><STEAM_0:0:1256617457><>" (reason "")
L 08/23/2015 - 18:07:57: [admincmd.amxx] Kick: "uNicuL<53><STEAM_0:0:575450316><>" kick "Dana<56><STEAM_0:0:1256617457><>" (reason "")
L 08/23/2015 - 18:08:55: [adminchat.amxx] Chat: "uNicuL<53><STEAM_0:0:575450316><>" tsay "nu?"
L 08/23/2015 - 18:14:23: [adminchat.amxx] Chat: "uNicuL<53><STEAM_0:0:575450316><>" tsay "r3"
L 08/23/2015 - 18:15:11: [adminchat.amxx] Chat: "uNicuL<53><STEAM_0:0:575450316><>" tsay "NEXT MOD"
L 08/23/2015 - 18:18:51: [zm_vip_extra_buy_survnem.amxx] uNicuL a cumparat nemesis
L 08/23/2015 - 18:20:46: [adminchat.amxx] Chat: "uNicuL<53><STEAM_0:0:575450316><>" tsay "schimabam?"
L 08/23/2015 - 18:21:01: [admincmd.amxx] Cmd: "uNicuL<53><STEAM_0:0:575450316><>" changelevel "zm_foda"
L 08/23/2015 - 18:21:03: -------- Mapchange to zm_foda --------
L 08/23/2015 - 18:21:04: [extreme_bancfg2.amxx] addons/amxmodx/configs/cfgban/override.txt
L 08/23/2015 - 18:22:28: [adminchat.amxx] Chat: "uNicuL<53><STEAM_0:0:575450316><>" tsay "zm ataca"
L 08/23/2015 - 18:22:33: [adminchat.amxx] Chat: "uNicuL<53><STEAM_0:0:575450316><>" tsay "slay"
L 08/23/2015 - 18:26:06: [zm_vip_extra_buy_survnem.amxx] uNicuL a cumparat nemesis
L 08/23/2015 - 18:27:42: [admincmd.amxx] Cmd: "uNicuL<53><STEAM_0:0:575450316><>" slay "Dana<57><STEAM_0:0:1256617457><>"
L 08/23/2015 - 18:30:43: [adminchat.amxx] Chat: "uNicuL<53><STEAM_0:0:575450316><>" tsay "iub teai supi?"
L 08/23/2015 - 18:31:16: [adminchat.amxx] Chat: "uNicuL<53><STEAM_0:0:575450316><>" tsay "tu iubi"
L 08/23/2015 - 18:31:26: [adminchat.amxx] Chat: "uNicuL<53><STEAM_0:0:575450316><>" tsay "vai tu"
L 08/23/2015 - 18:34:13: [admincmd.amxx] Cmd: "uNicuL<53><STEAM_0:0:575450316><>" slay "Dana<57><STEAM_0:0:1256617457><>"
L 08/23/2015 - 18:35:11: [adminchat.amxx] Chat: "uNicuL<53><STEAM_0:0:575450316><>" tsay "ia la ea julieta"
L 08/23/2015 - 18:40:23: [adminchat.amxx] Chat: "uNicuL<53><STEAM_0:0:575450316><>" tsay "pai"
L 08/23/2015 - 18:40:27: [adminchat.amxx] Chat: "uNicuL<53><STEAM_0:0:575450316><>" tsay ":))"
L 08/23/2015 - 18:49:38: -------- Mapchange to zm_dust_world --------
L 08/23/2015 - 18:49:39: [extreme_bancfg2.amxx] addons/amxmodx/configs/cfgban/override.txt
L 08/23/2015 - 18:49:45: -------- Mapchange to zm_zod_aztec --------
L 08/23/2015 - 18:49:45: [extreme_bancfg2.amxx] addons/amxmodx/configs/cfgban/override.txt
L 08/23/2015 - 18:58:09: [admin_zm.amxx] Login: "Cristi<9><VALVE_0:4:284358366><>" kicked due to invalid password (account "cristi") (address "5.15.185.136")
L 08/23/2015 - 19:17:57: -------- Mapchange to zm_aztec_temple --------
L 08/23/2015 - 19:17:58: [extreme_bancfg2.amxx] addons/amxmodx/configs/cfgban/override.txt
L 08/23/2015 - 19:42:22: -------- Mapchange to zm_3rooms --------
L 08/23/2015 - 19:42:23: [extreme_bancfg2.amxx] addons/amxmodx/configs/cfgban/override.txt
L 08/23/2015 - 19:44:18: -------- Mapchange to zm_inferno --------
L 08/23/2015 - 19:44:19: [extreme_bancfg2.amxx] addons/amxmodx/configs/cfgban/override.txt
L 08/23/2015 - 19:56:17: -------- Mapchange to zm_303 --------
L 08/23/2015 - 19:56:18: [extreme_bancfg2.amxx] addons/amxmodx/configs/cfgban/override.txt
L 08/23/2015 - 20:24:29: -------- Mapchange to zm_house_2011 --------
L 08/23/2015 - 20:24:30: [extreme_bancfg2.amxx] addons/amxmodx/configs/cfgban/override.txt
L 08/23/2015 - 20:38:02: [admin_zm.amxx] Login: "SwisS<19><STEAM_0:1:100837872><>" kicked due to invalid password (account "SwiSS") (address "109.100.131.170")
L 08/23/2015 - 20:38:31: [admin_zm.amxx] Login: "NIKISmecheru<20><STEAM_0:1:100837872><>" kicked due to invalid password (account "NikiSmecheru") (address "109.100.131.170")
L 08/23/2015 - 21:05:59: [admin_zm.amxx] Login: "NIKISmecheru<32><STEAM_0:1:100837872><>" kicked due to invalid password (account "NikiSmecheru") (address "109.100.131.170")
L 08/23/2015 - 21:08:52: [adminchat.amxx] Chat: "uNicuL<37><STEAM_0:0:575450316><>" tsay "r3"
L 08/23/2015 - 21:09:10: [adminchat.amxx] Chat: "uNicuL<37><STEAM_0:0:575450316><>" tsay "omega ce afci ma???"
L 08/23/2015 - 21:09:28: [adminchat.amxx] Chat: "uNicuL<37><STEAM_0:0:575450316><>" tsay "ZM ataca"
L 08/23/2015 - 21:09:38: [admincmd.amxx] Cmd: "uNicuL<37><STEAM_0:0:575450316><>" changelevel "zm_foda"
L 08/23/2015 - 21:09:40: -------- Mapchange to zm_foda --------
L 08/23/2015 - 21:09:41: [extreme_bancfg2.amxx] addons/amxmodx/configs/cfgban/override.txt
L 08/23/2015 - 21:45:50: [admin_zm.amxx] Login: "dorinboss002<49><STEAM_0:0:509365745><>" kicked due to invalid password (account "dorinboss002") (address "46.108.160.112")
L 08/23/2015 - 21:45:50: [admin_zm.amxx] Login: "dorinboss002<49><STEAM_0:0:509365745><>" kicked due to invalid password (account "dorinboss002") (address "46.108.160.112")
L 08/23/2015 - 21:48:33: [admin_zm.amxx] Login: "SiNNneR<51><STEAM_0:0:509365745><>" kicked due to invalid password (account "SiNNneR") (address "46.108.160.112")
L 08/23/2015 - 22:01:33: -------- Mapchange to zm_dust2-final_click21 --------
L 08/23/2015 - 22:01:33: [extreme_bancfg2.amxx] addons/amxmodx/configs/cfgban/override.txt
L 08/23/2015 - 22:49:34: -------- Mapchange to zm_assault_attack --------
L 08/23/2015 - 22:49:35: [extreme_bancfg2.amxx] addons/amxmodx/configs/cfgban/override.txt
L 08/23/2015 - 23:18:02: -------- Mapchange to zm_snow_mix --------
L 08/23/2015 - 23:18:02: [extreme_bancfg2.amxx] addons/amxmodx/configs/cfgban/override.txt
L 08/23/2015 - 23:51:59: -------- Mapchange to zm_Snowbase --------
L 08/23/2015 - 23:51:59: [extreme_bancfg2.amxx] addons/amxmodx/configs/cfgban/override.txt
