L 08/21/2015 - 00:11:01: -------- Mapchange to zm_ilc_resident_evil2 --------
L 08/21/2015 - 00:11:02: [extreme_bancfg2.amxx] addons/amxmodx/configs/cfgban/override.txt
L 08/21/2015 - 00:39:14: -------- Mapchange to zm_foda --------
L 08/21/2015 - 00:39:15: [extreme_bancfg2.amxx] addons/amxmodx/configs/cfgban/override.txt
L 08/21/2015 - 01:07:27: -------- Mapchange to zm_army --------
L 08/21/2015 - 01:07:29: [extreme_bancfg2.amxx] addons/amxmodx/configs/cfgban/override.txt
L 08/21/2015 - 01:35:41: -------- Mapchange to zm_vendetta --------
L 08/21/2015 - 01:35:42: [extreme_bancfg2.amxx] addons/amxmodx/configs/cfgban/override.txt
L 08/21/2015 - 02:03:54: -------- Mapchange to zm_fear --------
L 08/21/2015 - 02:03:55: [extreme_bancfg2.amxx] addons/amxmodx/configs/cfgban/override.txt
L 08/21/2015 - 02:32:06: -------- Mapchange to zm_zod_fortuna --------
L 08/21/2015 - 02:32:07: [extreme_bancfg2.amxx] addons/amxmodx/configs/cfgban/override.txt
L 08/21/2015 - 03:00:19: -------- Mapchange to zm_303 --------
L 08/21/2015 - 03:00:20: [extreme_bancfg2.amxx] addons/amxmodx/configs/cfgban/override.txt
L 08/21/2015 - 03:28:32: -------- Mapchange to zm_hewitt_house --------
L 08/21/2015 - 03:28:33: [extreme_bancfg2.amxx] addons/amxmodx/configs/cfgban/override.txt
L 08/21/2015 - 03:56:45: -------- Mapchange to zm_dwarf_ultimate --------
L 08/21/2015 - 03:56:46: [extreme_bancfg2.amxx] addons/amxmodx/configs/cfgban/override.txt
L 08/21/2015 - 04:24:58: -------- Mapchange to zm_city_final --------
L 08/21/2015 - 04:24:59: [extreme_bancfg2.amxx] addons/amxmodx/configs/cfgban/override.txt
L 08/21/2015 - 04:53:10: -------- Mapchange to zm_zHell --------
L 08/21/2015 - 04:53:11: [extreme_bancfg2.amxx] addons/amxmodx/configs/cfgban/override.txt
L 08/21/2015 - 05:21:22: -------- Mapchange to zm_aztec_mini --------
L 08/21/2015 - 05:21:23: [extreme_bancfg2.amxx] addons/amxmodx/configs/cfgban/override.txt
L 08/21/2015 - 05:49:35: -------- Mapchange to zm_electro_winter --------
L 08/21/2015 - 05:49:37: [extreme_bancfg2.amxx] addons/amxmodx/configs/cfgban/override.txt
L 08/21/2015 - 06:17:48: -------- Mapchange to zm_lost_place --------
L 08/21/2015 - 06:17:49: [extreme_bancfg2.amxx] addons/amxmodx/configs/cfgban/override.txt
L 08/21/2015 - 06:46:01: -------- Mapchange to zm_five --------
L 08/21/2015 - 06:46:02: [extreme_bancfg2.amxx] addons/amxmodx/configs/cfgban/override.txt
L 08/21/2015 - 07:14:18: -------- Mapchange to zm_toxic_house2 --------
L 08/21/2015 - 07:14:28: [extreme_bancfg2.amxx] addons/amxmodx/configs/cfgban/override.txt
L 08/21/2015 - 07:42:41: -------- Mapchange to zm_snowbase3 --------
L 08/21/2015 - 07:42:48: [extreme_bancfg2.amxx] addons/amxmodx/configs/cfgban/override.txt
L 08/21/2015 - 08:11:01: -------- Mapchange to zm_assault_attack --------
L 08/21/2015 - 08:11:03: [extreme_bancfg2.amxx] addons/amxmodx/configs/cfgban/override.txt
L 08/21/2015 - 08:39:14: -------- Mapchange to zm_winter_invasion --------
L 08/21/2015 - 08:39:15: [extreme_bancfg2.amxx] addons/amxmodx/configs/cfgban/override.txt
L 08/21/2015 - 09:07:27: -------- Mapchange to zm_dust2-final_click21 --------
L 08/21/2015 - 09:07:28: [extreme_bancfg2.amxx] addons/amxmodx/configs/cfgban/override.txt
L 08/21/2015 - 09:35:39: -------- Mapchange to zm_westwood --------
L 08/21/2015 - 09:35:40: [extreme_bancfg2.amxx] addons/amxmodx/configs/cfgban/override.txt
L 08/21/2015 - 09:54:55: [admin_zm.amxx] Login: "SM-Player<76><STEAM_0:0:1640738083><>" kicked due to invalid password (account "Sm-Player") (address "82.76.43.190")
L 08/21/2015 - 09:55:03: [admin_zm.amxx] Login: "SM-Player<77><STEAM_0:0:1640738083><>" kicked due to invalid password (account "Sm-Player") (address "82.76.43.190")
L 08/21/2015 - 10:03:52: -------- Mapchange to zm_dust_jasionka --------
L 08/21/2015 - 10:03:53: [extreme_bancfg2.amxx] addons/amxmodx/configs/cfgban/override.txt
L 08/21/2015 - 10:48:12: -------- Mapchange to zm_dust_world --------
L 08/21/2015 - 10:48:13: [extreme_bancfg2.amxx] addons/amxmodx/configs/cfgban/override.txt
L 08/21/2015 - 10:48:20: -------- Mapchange to zm_infect2_click21 --------
L 08/21/2015 - 10:48:20: [extreme_bancfg2.amxx] addons/amxmodx/configs/cfgban/override.txt
L 08/21/2015 - 11:29:46: -------- Mapchange to zm_blocks --------
L 08/21/2015 - 11:29:48: [extreme_bancfg2.amxx] addons/amxmodx/configs/cfgban/override.txt
L 08/21/2015 - 11:57:59: -------- Mapchange to zm_dwarf --------
L 08/21/2015 - 11:58:00: [extreme_bancfg2.amxx] addons/amxmodx/configs/cfgban/override.txt
L 08/21/2015 - 12:06:28: [admin_zm.amxx] Login: "dorinboss002<12><STEAM_0:0:1760708989><>" kicked due to invalid password (account "dorinboss002") (address "188.241.59.157")
L 08/21/2015 - 12:08:26: [zm_vip_extra_buy_survnem.amxx] uNicuL a cumparat nemesis
L 08/21/2015 - 12:20:26: -------- Mapchange to zm_army_tn_beta3 --------
L 08/21/2015 - 12:20:28: [extreme_bancfg2.amxx] addons/amxmodx/configs/cfgban/override.txt
L 08/21/2015 - 12:27:31: [zm_vip_extra_buy_survnem.amxx] uNicuL a cumparat nemesis
L 08/21/2015 - 12:50:44: -------- Mapchange to zm_303 --------
L 08/21/2015 - 12:50:46: [extreme_bancfg2.amxx] addons/amxmodx/configs/cfgban/override.txt
L 08/21/2015 - 13:08:14: [admin_zm.amxx] Login: "PROTECTOR<42><STEAM_0:0:2026327538><>" kicked due to invalid password (account "Protector") (address "46.102.27.247")
L 08/21/2015 - 13:09:25: [admin_zm.amxx] Login: "xBroken<43><STEAM_0:0:2026327538><>" kicked due to invalid password (account "xBroken") (address "46.102.27.247")
L 08/21/2015 - 13:19:59: [zm_vip_extra_buy_survnem.amxx] uNicuL a cumparat nemesis
L 08/21/2015 - 13:20:51: [admin_zm.amxx] Login: "SM-Player<49><STEAM_0:0:1481906201><>" kicked due to invalid password (account "Sm-Player") (address "79.115.133.70")
L 08/21/2015 - 13:21:06: -------- Mapchange to zm_3rooms --------
L 08/21/2015 - 13:21:07: [extreme_bancfg2.amxx] addons/amxmodx/configs/cfgban/override.txt
L 08/21/2015 - 13:28:17: [zm_vip_extra_buy_survnem.amxx] uNicuL a cumparat nemesis
L 08/21/2015 - 13:52:49: -------- Mapchange to zm_grand_hotel --------
L 08/21/2015 - 13:52:50: [extreme_bancfg2.amxx] addons/amxmodx/configs/cfgban/override.txt
L 08/21/2015 - 14:39:56: [zm_vip_extra_buy_survnem.amxx] uNicuL a cumparat nemesis
L 08/21/2015 - 15:05:53: -------- Mapchange to zm_dust_world --------
L 08/21/2015 - 15:05:56: [extreme_bancfg2.amxx] addons/amxmodx/configs/cfgban/override.txt
L 08/21/2015 - 15:06:04: -------- Mapchange to zm_ilc_resident_evil2 --------
L 08/21/2015 - 15:06:09: [extreme_bancfg2.amxx] addons/amxmodx/configs/cfgban/override.txt
L 08/21/2015 - 15:14:53: [zm_vip_extra_buy_survnem.amxx] uNicuL a cumparat nemesis
L 08/21/2015 - 15:22:48: -------- Mapchange to zm_city_final --------
L 08/21/2015 - 15:22:53: [extreme_bancfg2.amxx] addons/amxmodx/configs/cfgban/override.txt
L 08/21/2015 - 15:29:57: [admin_zm.amxx] Login: "Dani<31><STEAM_0:0:388717275><>" kicked due to invalid password (account "dani") (address "92.80.82.32")
L 08/21/2015 - 15:41:32: [zm_vip_extra_buy_survnem.amxx] uNicuL a cumparat nemesis
L 08/21/2015 - 15:44:38: [admin_zm.amxx] Login: "(ExTr3M3) N0BuLetzu<36><STEAM_0:0:512180253><>" kicked due to invalid password (account "(ExTr3M3) N0BuLetzu") (address "92.80.121.100")
L 08/21/2015 - 15:53:46: -------- Mapchange to zm_dust2-final_click21 --------
L 08/21/2015 - 15:53:47: [extreme_bancfg2.amxx] addons/amxmodx/configs/cfgban/override.txt
L 08/21/2015 - 16:00:01: [admin_zm.amxx] Login: "Protector<47><STEAM_0:0:535009880><>" kicked due to invalid password (account "Protector") (address "89.47.49.55")
L 08/21/2015 - 17:02:28: -------- Mapchange to zm_army --------
L 08/21/2015 - 17:02:29: [extreme_bancfg2.amxx] addons/amxmodx/configs/cfgban/override.txt
L 08/21/2015 - 17:32:46: -------- Mapchange to zm_heal_dust2 --------
L 08/21/2015 - 17:32:47: [extreme_bancfg2.amxx] addons/amxmodx/configs/cfgban/override.txt
L 08/21/2015 - 17:34:20: [admin_zm.amxx] Login: "PRO-Player-FL<90><STEAM_0:0:1224919371><>" kicked due to invalid password (account "PRO-Player-Fl") (address "188.208.133.106")
L 08/21/2015 - 17:43:28: -------- Mapchange to zm_infect2_click21 --------
L 08/21/2015 - 17:43:30: [extreme_bancfg2.amxx] addons/amxmodx/configs/cfgban/override.txt
L 08/21/2015 - 17:47:39: -------- Mapchange to zm_666_brick --------
L 08/21/2015 - 17:47:40: [extreme_bancfg2.amxx] addons/amxmodx/configs/cfgban/override.txt
L 08/21/2015 - 17:50:27: -------- Mapchange to zm_blocks --------
L 08/21/2015 - 17:50:28: [extreme_bancfg2.amxx] addons/amxmodx/configs/cfgban/override.txt
L 08/21/2015 - 17:54:14: -------- Mapchange to zm_ice_attack3 --------
L 08/21/2015 - 17:54:14: [extreme_bancfg2.amxx] addons/amxmodx/configs/cfgban/override.txt
L 08/21/2015 - 17:56:02: -------- Mapchange to zm_army_tn_beta3 --------
L 08/21/2015 - 17:56:03: [extreme_bancfg2.amxx] addons/amxmodx/configs/cfgban/override.txt
L 08/21/2015 - 17:58:43: -------- Mapchange to zm_aztec_defense --------
L 08/21/2015 - 17:58:44: [extreme_bancfg2.amxx] addons/amxmodx/configs/cfgban/override.txt
L 08/21/2015 - 18:29:38: -------- Mapchange to zm_dust_world --------
L 08/21/2015 - 18:29:40: [extreme_bancfg2.amxx] addons/amxmodx/configs/cfgban/override.txt
L 08/21/2015 - 18:29:46: -------- Mapchange to zm_dwarf --------
L 08/21/2015 - 18:29:47: [extreme_bancfg2.amxx] addons/amxmodx/configs/cfgban/override.txt
L 08/21/2015 - 18:47:26: [admin_zm.amxx] Login: "SwisS<15><STEAM_0:1:100837872><>" kicked due to invalid password (account "SwiSS") (address "109.100.131.170")
L 08/21/2015 - 18:51:31: [admin_zm.amxx] Login: "@lex<18><STEAM_0:0:1245423730><>" kicked due to invalid password (account "@leX") (address "5.14.199.57")
L 08/21/2015 - 18:51:37: [admin_zm.amxx] Login: "@lex<20><STEAM_0:0:1245423730><>" kicked due to invalid password (account "@leX") (address "5.14.199.57")
L 08/21/2015 - 18:53:07: [zm_vip_extra_buy_survnem.amxx] Madalin a cumparat nemesis
L 08/21/2015 - 18:58:38: [zm_vip_extra_buy_survnem.amxx] uNicuL a cumparat nemesis
L 08/21/2015 - 19:00:00: [admin_zm.amxx] Login: "SM-Player<36><STEAM_0:0:211393722><>" kicked due to invalid password (account "Sm-Player") (address "79.115.74.249")
L 08/21/2015 - 19:00:27: [admin_zm.amxx] Login: "SM-Player<38><STEAM_0:0:211393722><>" kicked due to invalid password (account "Sm-Player") (address "79.115.74.249")
L 08/21/2015 - 19:00:44: -------- Mapchange to zm_3rooms --------
L 08/21/2015 - 19:00:44: [extreme_bancfg2.amxx] addons/amxmodx/configs/cfgban/override.txt
L 08/21/2015 - 19:03:16: [zm_vip_extra_buy_survnem.amxx] uNicuL a cumparat nemesis
L 08/21/2015 - 19:06:48: [zm_vip_extra_buy_survnem.amxx] Madalin a cumparat nemesis
L 08/21/2015 - 19:32:32: -------- Mapchange to zm_assault_attack --------
L 08/21/2015 - 19:32:33: [extreme_bancfg2.amxx] addons/amxmodx/configs/cfgban/override.txt
L 08/21/2015 - 19:33:42: [admin_zm.amxx] Login: "btn^andrey<54><STEAM_0:0:383404615><>" kicked due to invalid password (account "btn^andrey") (address "109.98.161.46")
L 08/21/2015 - 19:34:23: [admin_zm.amxx] Login: "btn^andrey<55><STEAM_0:0:383404615><>" kicked due to invalid password (account "btn^andrey") (address "109.98.161.46")
L 08/21/2015 - 19:55:31: [admin_zm.amxx] Login: "SM-Player<70><STEAM_0:0:456446370><>" kicked due to invalid password (account "Sm-Player") (address "188.209.109.194")
L 08/21/2015 - 20:05:04: -------- Mapchange to zm_inferno --------
L 08/21/2015 - 20:05:06: [extreme_bancfg2.amxx] addons/amxmodx/configs/cfgban/override.txt
L 08/21/2015 - 20:37:05: -------- Mapchange to zm_dust_jasionka --------
L 08/21/2015 - 20:37:06: [extreme_bancfg2.amxx] addons/amxmodx/configs/cfgban/override.txt
L 08/21/2015 - 21:10:19: -------- Mapchange to zm_dust_world --------
L 08/21/2015 - 21:10:21: [extreme_bancfg2.amxx] addons/amxmodx/configs/cfgban/override.txt
L 08/21/2015 - 21:10:27: -------- Mapchange to zm_zod_aztec --------
L 08/21/2015 - 21:10:28: [extreme_bancfg2.amxx] addons/amxmodx/configs/cfgban/override.txt
L 08/21/2015 - 21:43:22: -------- Mapchange to zm_infect2_click21 --------
L 08/21/2015 - 21:43:25: [extreme_bancfg2.amxx] addons/amxmodx/configs/cfgban/override.txt
L 08/21/2015 - 21:57:57: -------- Mapchange to zm_303 --------
L 08/21/2015 - 21:57:58: [extreme_bancfg2.amxx] addons/amxmodx/configs/cfgban/override.txt
L 08/21/2015 - 22:17:26: -------- Mapchange to zm_five --------
L 08/21/2015 - 22:17:28: [extreme_bancfg2.amxx] addons/amxmodx/configs/cfgban/override.txt
L 08/21/2015 - 22:45:40: -------- Mapchange to zm_dwarf_ultimate --------
L 08/21/2015 - 22:45:41: [extreme_bancfg2.amxx] addons/amxmodx/configs/cfgban/override.txt
L 08/21/2015 - 23:13:53: -------- Mapchange to zm_dust2009 --------
L 08/21/2015 - 23:13:54: [extreme_bancfg2.amxx] addons/amxmodx/configs/cfgban/override.txt
L 08/21/2015 - 23:42:05: -------- Mapchange to zm_fear --------
L 08/21/2015 - 23:42:06: [extreme_bancfg2.amxx] addons/amxmodx/configs/cfgban/override.txt
