L 08/19/2015 - 00:18:40: -------- Mapchange to zm_city_final --------
L 08/19/2015 - 00:18:42: [extreme_bancfg2.amxx] addons/amxmodx/configs/cfgban/override.txt
L 08/19/2015 - 00:30:00: [admin_zm.amxx] Login: "SM-Player<22><STEAM_0:0:2085412078><>" kicked due to invalid password (account "Sm-Player") (address "86.126.218.79")
L 08/19/2015 - 00:30:13: [admin_zm.amxx] Login: "SM-Player<23><STEAM_0:0:2085412078><>" kicked due to invalid password (account "Sm-Player") (address "86.126.218.79")
L 08/19/2015 - 00:46:55: -------- Mapchange to zm_humans --------
L 08/19/2015 - 00:46:58: [extreme_bancfg2.amxx] addons/amxmodx/configs/cfgban/override.txt
L 08/19/2015 - 01:15:11: -------- Mapchange to zm_ice_attack --------
L 08/19/2015 - 01:15:12: [extreme_bancfg2.amxx] addons/amxmodx/configs/cfgban/override.txt
L 08/19/2015 - 01:43:23: -------- Mapchange to zm_Snowbase --------
L 08/19/2015 - 01:43:24: [extreme_bancfg2.amxx] addons/amxmodx/configs/cfgban/override.txt
L 08/19/2015 - 02:11:35: -------- Mapchange to zm_winter_invasion --------
L 08/19/2015 - 02:11:37: [extreme_bancfg2.amxx] addons/amxmodx/configs/cfgban/override.txt
L 08/19/2015 - 02:39:49: -------- Mapchange to zm_mansion_mba --------
L 08/19/2015 - 02:39:52: [extreme_bancfg2.amxx] addons/amxmodx/configs/cfgban/override.txt
L 08/19/2015 - 03:08:04: -------- Mapchange to zm_fortuna --------
L 08/19/2015 - 03:08:05: [extreme_bancfg2.amxx] addons/amxmodx/configs/cfgban/override.txt
L 08/19/2015 - 03:24:32: [admin_zm.amxx] Login: "ANTON<30><STEAM_0:0:1457077273><>" kicked due to invalid password (account "Anton") (address "92.80.72.127")
L 08/19/2015 - 03:53:34: [admin_zm.amxx] Login: "Protector<36><STEAM_0:0:1814466119><>" kicked due to invalid password (account "Protector") (address "85.121.123.237")
L 08/19/2015 - 03:53:53: [admin_zm.amxx] Login: "Protector<37><STEAM_0:0:1814466119><>" kicked due to invalid password (account "Protector") (address "85.121.123.237")
L 08/19/2015 - 03:53:57: [admin_zm.amxx] Login: "Protector<38><STEAM_0:0:1814466119><>" kicked due to invalid password (account "Protector") (address "85.121.123.237")
L 08/19/2015 - 04:00:59: -------- Mapchange to zm_infect2_click21 --------
L 08/19/2015 - 04:01:05: [extreme_bancfg2.amxx] addons/amxmodx/configs/cfgban/override.txt
L 08/19/2015 - 04:04:53: [adminchat.amxx] Chat: "Fp^Neo<52><STEAM_0:0:818709633><>" tsay "red ZM ATACA!"
L 08/19/2015 - 04:04:53: [adminchat.amxx] Chat: "Fp^Neo<52><STEAM_0:0:818709633><>" tsay "red ZM ATACA! "
L 08/19/2015 - 04:08:21: [adminvote.amxx] Vote: "Fp^Neo<52><STEAM_0:0:818709633><>" vote custom (question "Schimb?") (option#1 "Da") (option#2 "Nu")
L 08/19/2015 - 04:08:43: [adminvote.amxx] Vote: Votarea a avut loc cu succes (got "4") (needed "1") (result "Schimb? - Da")
L 08/19/2015 - 04:08:53: [adminchat.amxx] Chat: "Fp^Neo<52><STEAM_0:0:818709633><>" say "Last"
L 08/19/2015 - 04:08:53: [adminchat.amxx] Chat: "Fp^Neo<52><STEAM_0:0:818709633><>" say "Last "
L 08/19/2015 - 04:10:43: -------- Mapchange to zm_ojro_dwa --------
L 08/19/2015 - 04:10:44: [extreme_bancfg2.amxx] addons/amxmodx/configs/cfgban/override.txt
L 08/19/2015 - 04:42:17: -------- Mapchange to zm_dust_world --------
L 08/19/2015 - 04:42:20: [extreme_bancfg2.amxx] addons/amxmodx/configs/cfgban/override.txt
L 08/19/2015 - 04:42:27: -------- Mapchange to zm_666_brick --------
L 08/19/2015 - 04:42:28: [extreme_bancfg2.amxx] addons/amxmodx/configs/cfgban/override.txt
L 08/19/2015 - 05:22:56: -------- Mapchange to zm_ice_attack --------
L 08/19/2015 - 05:22:58: [extreme_bancfg2.amxx] addons/amxmodx/configs/cfgban/override.txt
L 08/19/2015 - 05:36:58: [zm_vip_extra_buy_survnem.amxx] uNicuL a cumparat nemesis
L 08/19/2015 - 05:45:33: [zm_vip_extra_buy_survnem.amxx] Cristian a cumparat nemesis
L 08/19/2015 - 05:59:37: -------- Mapchange to zm_assault_attack --------
L 08/19/2015 - 05:59:38: [extreme_bancfg2.amxx] addons/amxmodx/configs/cfgban/override.txt
L 08/19/2015 - 06:02:44: -------- Mapchange to zm_blocks --------
L 08/19/2015 - 06:02:45: [extreme_bancfg2.amxx] addons/amxmodx/configs/cfgban/override.txt
L 08/19/2015 - 06:15:26: [zm_vip_extra_buy_survnem.amxx] uNicuL a cumparat nemesis
L 08/19/2015 - 06:25:58: -------- Mapchange to zm_fear --------
L 08/19/2015 - 06:26:00: [extreme_bancfg2.amxx] addons/amxmodx/configs/cfgban/override.txt
L 08/19/2015 - 06:44:19: [zm_vip_extra_buy_survnem.amxx] uNicuL a cumparat nemesis
L 08/19/2015 - 06:56:58: -------- Mapchange to zm_dust2009 --------
L 08/19/2015 - 06:56:59: [extreme_bancfg2.amxx] addons/amxmodx/configs/cfgban/override.txt
L 08/19/2015 - 06:58:05: [admin_zm.amxx] Login: "Protector<65><STEAM_0:0:2063142717><>" kicked due to invalid password (account "Protector") (address "188.209.110.181")
L 08/19/2015 - 07:00:43: [zm_vip_extra_buy_survnem.amxx] uNicuL a cumparat nemesis
L 08/19/2015 - 07:10:19: -------- Mapchange to zm_city_final --------
L 08/19/2015 - 07:10:20: [extreme_bancfg2.amxx] addons/amxmodx/configs/cfgban/override.txt
L 08/19/2015 - 07:15:46: [zm_vip_extra_buy_survnem.amxx] uNicuL a cumparat nemesis
L 08/19/2015 - 07:18:07: [admin_zm.amxx] Login: "Joker<76><STEAM_0:0:2064022868><>" kicked due to invalid password (account "JoKeR") (address "78.96.236.94")
L 08/19/2015 - 07:41:50: -------- Mapchange to zm_dust_world --------
L 08/19/2015 - 07:41:51: [extreme_bancfg2.amxx] addons/amxmodx/configs/cfgban/override.txt
L 08/19/2015 - 07:41:58: -------- Mapchange to zm_aztec_defense --------
L 08/19/2015 - 07:41:59: [extreme_bancfg2.amxx] addons/amxmodx/configs/cfgban/override.txt
L 08/19/2015 - 07:43:17: [zm_vip_extra_buy_survnem.amxx] uNicuL a cumparat nemesis
L 08/19/2015 - 08:12:08: -------- Mapchange to zm_castle_siege2 --------
L 08/19/2015 - 08:12:09: [extreme_bancfg2.amxx] addons/amxmodx/configs/cfgban/override.txt
L 08/19/2015 - 08:12:35: [admin_zm.amxx] Login: "GozmiT<37><VALVE_0:4:189948784><>" kicked due to invalid password (account "GozmiT") (address "89.36.248.191")
L 08/19/2015 - 08:12:39: [admin_zm.amxx] Login: "GozmiT<38><VALVE_0:4:189948784><>" kicked due to invalid password (account "GozmiT") (address "89.36.248.191")
L 08/19/2015 - 08:18:34: [zm_vip_extra_buy_survnem.amxx] uNicuL a cumparat nemesis
L 08/19/2015 - 08:33:31: [admin_zm.amxx] Login: "SwisS<55><STEAM_0:1:100837872><>" kicked due to invalid password (account "SwiSS") (address "109.100.131.170")
L 08/19/2015 - 08:40:04: [admin_zm.amxx] Login: "Dana<61><STEAM_0:0:2026327538><>" kicked due to invalid password (account "Dana") (address "46.102.27.245")
L 08/19/2015 - 08:41:35: [admin_zm.amxx] Login: "cristian<64><STEAM_0:0:2026327538><>" kicked due to invalid password (account "Cristian") (address "46.102.27.245")
L 08/19/2015 - 08:45:04: -------- Mapchange to zm_pis2 --------
L 08/19/2015 - 08:45:06: [extreme_bancfg2.amxx] addons/amxmodx/configs/cfgban/override.txt
L 08/19/2015 - 08:50:15: [zm_vip_extra_buy_survnem.amxx] uNicuL a cumparat nemesis
L 08/19/2015 - 09:07:25: [admin_zm.amxx] Login: "Gozmit<80><STEAM_0:0:2026327538><>" kicked due to invalid password (account "GozmiT") (address "46.102.27.245")
L 08/19/2015 - 09:17:26: [admin_zm.amxx] Login: "JocKeR<89><STEAM_0:0:24557737><>" kicked due to invalid password (account "Jocker") (address "188.241.136.137")
L 08/19/2015 - 09:18:08: -------- Mapchange to zm_reveille --------
L 08/19/2015 - 09:18:09: [extreme_bancfg2.amxx] addons/amxmodx/configs/cfgban/override.txt
L 08/19/2015 - 09:20:37: [zm_vip_extra_buy_survnem.amxx] uNicuL a cumparat nemesis
L 08/19/2015 - 09:46:58: [admin_zm.amxx] Login: "GozmiT<104><VALVE_0:4:189948784><>" kicked due to invalid password (account "GozmiT") (address "89.36.248.191")
L 08/19/2015 - 09:49:55: -------- Mapchange to zm_foda --------
L 08/19/2015 - 09:49:56: [extreme_bancfg2.amxx] addons/amxmodx/configs/cfgban/override.txt
L 08/19/2015 - 09:54:23: [adminchat.amxx] Chat: "Madalin<112><STEAM_0:0:270376980><>" chat " sau da"
L 08/19/2015 - 09:56:10: [adminchat.amxx] Chat: "Taralove<109><STEAM_0:0:24557737><>" chat "dai ungag trg ?"
L 08/19/2015 - 10:01:32: [zm_vip_extra_buy_survnem.amxx] Madalin a cumparat nemesis
L 08/19/2015 - 10:19:51: -------- Mapchange to zm_dust_jasionka --------
L 08/19/2015 - 10:19:52: [extreme_bancfg2.amxx] addons/amxmodx/configs/cfgban/override.txt
L 08/19/2015 - 10:48:11: -------- Mapchange to zm_dust_world --------
L 08/19/2015 - 10:48:12: [extreme_bancfg2.amxx] addons/amxmodx/configs/cfgban/override.txt
L 08/19/2015 - 10:48:19: -------- Mapchange to zm_snowbase3 --------
L 08/19/2015 - 10:48:19: [extreme_bancfg2.amxx] addons/amxmodx/configs/cfgban/override.txt
L 08/19/2015 - 11:16:31: -------- Mapchange to zm_army_tn_beta3 --------
L 08/19/2015 - 11:16:31: [extreme_bancfg2.amxx] addons/amxmodx/configs/cfgban/override.txt
L 08/19/2015 - 11:19:58: [admin_zm.amxx] Login: "Nemesis<3><STEAM_0:0:32294921><>" kicked due to invalid password (account "Nemesis") (address "94.53.84.109")
L 08/19/2015 - 11:44:43: -------- Mapchange to zm_dust2-final_click21 --------
L 08/19/2015 - 11:44:44: [extreme_bancfg2.amxx] addons/amxmodx/configs/cfgban/override.txt
L 08/19/2015 - 12:12:55: -------- Mapchange to zm_ice_attack3 --------
L 08/19/2015 - 12:12:56: [extreme_bancfg2.amxx] addons/amxmodx/configs/cfgban/override.txt
L 08/19/2015 - 12:41:08: -------- Mapchange to zm_ojro_dwa --------
L 08/19/2015 - 12:41:09: [extreme_bancfg2.amxx] addons/amxmodx/configs/cfgban/override.txt
L 08/19/2015 - 13:39:21: [admin_zm.amxx] Login: "SM-Player<38><STEAM_0:0:1384777667><>" kicked due to invalid password (account "Sm-Player") (address "92.86.30.90")
L 08/19/2015 - 13:58:26: -------- Mapchange to zm_city_final --------
L 08/19/2015 - 13:58:26: [extreme_bancfg2.amxx] addons/amxmodx/configs/cfgban/override.txt
L 08/19/2015 - 14:27:36: [admin_zm.amxx] Login: "SM-Player<60><STEAM_0:0:1369967960><>" kicked due to invalid password (account "Sm-Player") (address "79.118.56.49")
L 08/19/2015 - 14:27:45: [admin_zm.amxx] Login: "SM-Player<61><STEAM_0:0:1369967960><>" kicked due to invalid password (account "Sm-Player") (address "79.118.56.49")
L 08/19/2015 - 14:52:52: -------- Mapchange to zm_3rooms --------
L 08/19/2015 - 14:52:52: [extreme_bancfg2.amxx] addons/amxmodx/configs/cfgban/override.txt
L 08/19/2015 - 15:25:34: -------- Mapchange to zm_restart_v3 --------
L 08/19/2015 - 15:25:35: [extreme_bancfg2.amxx] addons/amxmodx/configs/cfgban/override.txt
L 08/19/2015 - 15:49:24: [admin_zm.amxx] Login: "SM-Player<101><STEAM_0:0:512180253><>" kicked due to invalid password (account "Sm-Player") (address "92.80.121.100")
L 08/19/2015 - 15:54:02: -------- Mapchange to zm_five --------
L 08/19/2015 - 15:54:03: [extreme_bancfg2.amxx] addons/amxmodx/configs/cfgban/override.txt
L 08/19/2015 - 16:22:15: -------- Mapchange to zm_heal_dust2 --------
L 08/19/2015 - 16:22:16: [extreme_bancfg2.amxx] addons/amxmodx/configs/cfgban/override.txt
L 08/19/2015 - 16:50:28: -------- Mapchange to zm_aztec_mini --------
L 08/19/2015 - 16:50:31: [extreme_bancfg2.amxx] addons/amxmodx/configs/cfgban/override.txt
L 08/19/2015 - 17:15:53: [adminchat.amxx] Chat: "Madalin<113><STEAM_0:0:270376980><>" chat " nu\"
L 08/19/2015 - 17:38:57: -------- Mapchange to zm_chatoyant --------
L 08/19/2015 - 17:38:58: [extreme_bancfg2.amxx] addons/amxmodx/configs/cfgban/override.txt
L 08/19/2015 - 18:07:11: -------- Mapchange to zm_dwarf_ultimate --------
L 08/19/2015 - 18:07:12: [extreme_bancfg2.amxx] addons/amxmodx/configs/cfgban/override.txt
L 08/19/2015 - 18:35:24: -------- Mapchange to zm_ice_attack3 --------
L 08/19/2015 - 18:35:26: [extreme_bancfg2.amxx] addons/amxmodx/configs/cfgban/override.txt
L 08/19/2015 - 19:03:37: -------- Mapchange to zm_assault_attack --------
L 08/19/2015 - 19:03:38: [extreme_bancfg2.amxx] addons/amxmodx/configs/cfgban/override.txt
L 08/19/2015 - 19:31:50: -------- Mapchange to zm_dwarf --------
L 08/19/2015 - 19:31:51: [extreme_bancfg2.amxx] addons/amxmodx/configs/cfgban/override.txt
L 08/19/2015 - 20:00:03: -------- Mapchange to zm_lorencia --------
L 08/19/2015 - 20:00:05: [extreme_bancfg2.amxx] addons/amxmodx/configs/cfgban/override.txt
L 08/19/2015 - 20:28:16: -------- Mapchange to zm_mansion_mba --------
L 08/19/2015 - 20:28:17: [extreme_bancfg2.amxx] addons/amxmodx/configs/cfgban/override.txt
L 08/19/2015 - 20:56:28: -------- Mapchange to zm_electro_winter --------
L 08/19/2015 - 20:56:29: [extreme_bancfg2.amxx] addons/amxmodx/configs/cfgban/override.txt
L 08/19/2015 - 21:24:41: -------- Mapchange to zm_house_2011 --------
L 08/19/2015 - 21:24:42: [extreme_bancfg2.amxx] addons/amxmodx/configs/cfgban/override.txt
L 08/19/2015 - 21:52:53: -------- Mapchange to zm_lost_place --------
L 08/19/2015 - 21:52:54: [extreme_bancfg2.amxx] addons/amxmodx/configs/cfgban/override.txt
L 08/19/2015 - 22:21:06: -------- Mapchange to zm_army --------
L 08/19/2015 - 22:21:07: [extreme_bancfg2.amxx] addons/amxmodx/configs/cfgban/override.txt
L 08/19/2015 - 22:49:18: -------- Mapchange to zm_westwood_click21 --------
L 08/19/2015 - 22:49:19: [extreme_bancfg2.amxx] addons/amxmodx/configs/cfgban/override.txt
L 08/19/2015 - 23:17:31: -------- Mapchange to zm_3rooms --------
L 08/19/2015 - 23:17:32: [extreme_bancfg2.amxx] addons/amxmodx/configs/cfgban/override.txt
L 08/19/2015 - 23:45:43: -------- Mapchange to zm_303 --------
L 08/19/2015 - 23:45:44: [extreme_bancfg2.amxx] addons/amxmodx/configs/cfgban/override.txt
