L 09/13/2015 - 00:09:05: [adminchat.amxx] Chat: "BMW_M3_GTR1<12><VALVE_0:4:2139972208><>" tsay "vreti sa va dau la toti peste 10.000 euro"
L 09/13/2015 - 00:14:47: -------- Mapchange to zm_3rooms --------
L 09/13/2015 - 00:14:47: [extreme_bancfg2.amxx] addons/amxmodx/configs/cfgban/override.txt
L 09/13/2015 - 00:15:58: [adminchat.amxx] Chat: "BMW_M3_GTR1<17><VALVE_0:4:2139972208><>" tsay "Sus de tot"
L 09/13/2015 - 00:16:15: [adminchat.amxx] Chat: "BMW_M3_GTR1<17><VALVE_0:4:2139972208><>" tsay "?"
L 09/13/2015 - 00:16:17: [adminchat.amxx] Chat: "BMW_M3_GTR1<17><VALVE_0:4:2139972208><>" tsay "?"
L 09/13/2015 - 00:43:29: -------- Mapchange to zm_aztec_temple --------
L 09/13/2015 - 00:43:29: [extreme_bancfg2.amxx] addons/amxmodx/configs/cfgban/override.txt
L 09/13/2015 - 00:52:28: [admin_zm.amxx] Login: "Serban29999<25><STEAM_0:0:1810140335><>" kicked due to invalid password (account "Serban29999") (address "92.84.143.186")
L 09/13/2015 - 01:11:40: -------- Mapchange to zm_foda --------
L 09/13/2015 - 01:11:41: [extreme_bancfg2.amxx] addons/amxmodx/configs/cfgban/override.txt
L 09/13/2015 - 01:39:52: -------- Mapchange to zm_restart_v3 --------
L 09/13/2015 - 01:39:52: [extreme_bancfg2.amxx] addons/amxmodx/configs/cfgban/override.txt
L 09/13/2015 - 02:08:03: -------- Mapchange to zm_five --------
L 09/13/2015 - 02:08:04: [extreme_bancfg2.amxx] addons/amxmodx/configs/cfgban/override.txt
L 09/13/2015 - 02:36:15: -------- Mapchange to zm_ice_attack3 --------
L 09/13/2015 - 02:36:15: [extreme_bancfg2.amxx] addons/amxmodx/configs/cfgban/override.txt
L 09/13/2015 - 03:04:27: -------- Mapchange to zm_ilc_resident_evil2 --------
L 09/13/2015 - 03:04:27: [extreme_bancfg2.amxx] addons/amxmodx/configs/cfgban/override.txt
L 09/13/2015 - 03:32:38: -------- Mapchange to zm_army_tn_beta3 --------
L 09/13/2015 - 03:32:39: [extreme_bancfg2.amxx] addons/amxmodx/configs/cfgban/override.txt
L 09/13/2015 - 04:00:50: -------- Mapchange to zm_ojro_dwa --------
L 09/13/2015 - 04:00:50: [extreme_bancfg2.amxx] addons/amxmodx/configs/cfgban/override.txt
L 09/13/2015 - 04:29:02: -------- Mapchange to zm_pis2 --------
L 09/13/2015 - 04:29:02: [extreme_bancfg2.amxx] addons/amxmodx/configs/cfgban/override.txt
L 09/13/2015 - 04:57:13: -------- Mapchange to zm_aztec_defense --------
L 09/13/2015 - 04:57:14: [extreme_bancfg2.amxx] addons/amxmodx/configs/cfgban/override.txt
L 09/13/2015 - 05:25:25: -------- Mapchange to zm_army --------
L 09/13/2015 - 05:25:25: [extreme_bancfg2.amxx] addons/amxmodx/configs/cfgban/override.txt
L 09/13/2015 - 05:53:36: -------- Mapchange to zm_zod_aztec --------
L 09/13/2015 - 05:53:37: [extreme_bancfg2.amxx] addons/amxmodx/configs/cfgban/override.txt
L 09/13/2015 - 06:21:48: -------- Mapchange to zm_winter_invasion --------
L 09/13/2015 - 06:21:48: [extreme_bancfg2.amxx] addons/amxmodx/configs/cfgban/override.txt
L 09/13/2015 - 06:49:59: -------- Mapchange to zm_infect2_click21 --------
L 09/13/2015 - 06:50:00: [extreme_bancfg2.amxx] addons/amxmodx/configs/cfgban/override.txt
L 09/13/2015 - 07:18:11: -------- Mapchange to zm_3rooms --------
L 09/13/2015 - 07:18:12: [extreme_bancfg2.amxx] addons/amxmodx/configs/cfgban/override.txt
L 09/13/2015 - 07:46:25: -------- Mapchange to zm_303 --------
L 09/13/2015 - 07:46:32: [extreme_bancfg2.amxx] addons/amxmodx/configs/cfgban/override.txt
L 09/13/2015 - 08:14:43: -------- Mapchange to zm_dust_jasionka --------
L 09/13/2015 - 08:14:44: [extreme_bancfg2.amxx] addons/amxmodx/configs/cfgban/override.txt
L 09/13/2015 - 08:42:56: -------- Mapchange to zm_run_while_u_can --------
L 09/13/2015 - 08:42:56: [extreme_bancfg2.amxx] addons/amxmodx/configs/cfgban/override.txt
L 09/13/2015 - 09:11:08: -------- Mapchange to zm_ilc_resident_evil2 --------
L 09/13/2015 - 09:11:09: [extreme_bancfg2.amxx] addons/amxmodx/configs/cfgban/override.txt
L 09/13/2015 - 09:39:23: -------- Mapchange to zm_death_alley --------
L 09/13/2015 - 09:39:35: [extreme_bancfg2.amxx] addons/amxmodx/configs/cfgban/override.txt
L 09/13/2015 - 09:42:29: [admincmd.amxx] Cmd: "BMW_M3_GTR1<60><VALVE_0:4:1009893963><>" changelevel "zm_aztec_defense"
L 09/13/2015 - 09:42:40: -------- Mapchange to zm_dust_world --------
L 09/13/2015 - 09:42:44: [extreme_bancfg2.amxx] addons/amxmodx/configs/cfgban/override.txt
L 09/13/2015 - 09:42:51: -------- Mapchange to zm_death_alley --------
L 09/13/2015 - 09:42:51: [extreme_bancfg2.amxx] addons/amxmodx/configs/cfgban/override.txt
L 09/13/2015 - 09:43:18: [admincmd.amxx] Cmd: "BMW_M3_GTR1<1><VALVE_0:4:1009893963><>" changelevel "zm_aztec_defense"
L 09/13/2015 - 09:43:20: -------- Mapchange to zm_aztec_defense --------
L 09/13/2015 - 09:43:21: [extreme_bancfg2.amxx] addons/amxmodx/configs/cfgban/override.txt
L 09/13/2015 - 10:09:31: [admin_zm.amxx] Login: "Protector<7><STEAM_0:0:1814466119><>" kicked due to invalid password (account "Protector") (address "85.121.123.237")
L 09/13/2015 - 10:12:11: [admin_zm.amxx] Login: "Teodor<4><STEAM_0:0:1318033290><>" kicked due to invalid password (account "Teodor") (address "46.214.23.233")
L 09/13/2015 - 10:12:11: [admin_zm.amxx] Login: "Teodor<4><STEAM_0:0:1318033290><>" kicked due to invalid password (account "Teodor") (address "46.214.23.233")
L 09/13/2015 - 10:12:57: [admin_zm.amxx] Login: "Teodor<9><STEAM_0:0:1318033290><>" kicked due to invalid password (account "Teodor") (address "46.214.23.233")
L 09/13/2015 - 10:29:11: [admin_zm.amxx] Login: "uNicuL<15><STEAM_0:0:575450316><>" kicked due to invalid password (account "uNicuL") (address "86.121.206.132")
L 09/13/2015 - 10:45:11: -------- Mapchange to zm_fortuna --------
L 09/13/2015 - 10:45:12: [extreme_bancfg2.amxx] addons/amxmodx/configs/cfgban/override.txt
L 09/13/2015 - 11:14:40: -------- Mapchange to zm_snowbase3 --------
L 09/13/2015 - 11:14:40: [extreme_bancfg2.amxx] addons/amxmodx/configs/cfgban/override.txt
L 09/13/2015 - 11:44:47: [admincmd.amxx] Cmd: "BMW_M3_GTR1<37><VALVE_0:4:1009893963><>" changelevel "zm_aztec_defense"
L 09/13/2015 - 11:44:50: -------- Mapchange to zm_aztec_defense --------
L 09/13/2015 - 11:44:51: [extreme_bancfg2.amxx] addons/amxmodx/configs/cfgban/override.txt
L 09/13/2015 - 11:54:21: [admincmd.amxx] Cmd: "BMW_M3_GTR1<37><VALVE_0:4:1009893963><>" slap with 499 damage "Teodor<36><STEAM_0:0:1318033290><>"
L 09/13/2015 - 11:55:36: [admincmd.amxx] Cmd: "BMW_M3_GTR1<37><VALVE_0:4:1009893963><>" slap with 3684 damage "Teodor<36><STEAM_0:0:1318033290><>"
L 09/13/2015 - 11:56:03: [admincmd.amxx] Cmd: "BMW_M3_GTR1<37><VALVE_0:4:1009893963><>" slap with 299 damage "Teodor<36><STEAM_0:0:1318033290><>"
L 09/13/2015 - 11:56:05: [admincmd.amxx] Cmd: "BMW_M3_GTR1<37><VALVE_0:4:1009893963><>" slap with 299 damage "Teodor<36><STEAM_0:0:1318033290><>"
L 09/13/2015 - 11:56:05: [admincmd.amxx] Cmd: "BMW_M3_GTR1<37><VALVE_0:4:1009893963><>" slap with 299 damage "Teodor<36><STEAM_0:0:1318033290><>"
L 09/13/2015 - 11:56:06: [admincmd.amxx] Cmd: "BMW_M3_GTR1<37><VALVE_0:4:1009893963><>" slap with 299 damage "Teodor<36><STEAM_0:0:1318033290><>"
L 09/13/2015 - 11:56:06: [admincmd.amxx] Cmd: "BMW_M3_GTR1<37><VALVE_0:4:1009893963><>" slap with 299 damage "Teodor<36><STEAM_0:0:1318033290><>"
L 09/13/2015 - 12:13:17: -------- Mapchange to zm_dwarf --------
L 09/13/2015 - 12:13:18: [extreme_bancfg2.amxx] addons/amxmodx/configs/cfgban/override.txt
L 09/13/2015 - 12:53:39: -------- Mapchange to zm_brambor --------
L 09/13/2015 - 12:53:40: [extreme_bancfg2.amxx] addons/amxmodx/configs/cfgban/override.txt
L 09/13/2015 - 13:00:37: -------- Mapchange to zm_dust_world --------
L 09/13/2015 - 13:00:37: [extreme_bancfg2.amxx] addons/amxmodx/configs/cfgban/override.txt
L 09/13/2015 - 13:00:44: -------- Mapchange to zm_fear --------
L 09/13/2015 - 13:00:44: [extreme_bancfg2.amxx] addons/amxmodx/configs/cfgban/override.txt
L 09/13/2015 - 13:32:21: [admincmd.amxx] Cmd: "BMW_M3_GTR1<12><VALVE_0:4:1009893963><>" changelevel "zm_ice_attack3"
L 09/13/2015 - 13:32:24: -------- Mapchange to zm_ice_attack3 --------
L 09/13/2015 - 13:32:24: [extreme_bancfg2.amxx] addons/amxmodx/configs/cfgban/override.txt
L 09/13/2015 - 13:36:52: [adminchat.amxx] Chat: "BMW_M3_GTR1<12><VALVE_0:4:1009893963><>" tsay "Data viitoare dau bmb ca ai lm lung"
L 09/13/2015 - 13:37:09: [adminchat.amxx] Chat: "BMW_M3_GTR1<12><VALVE_0:4:1009893963><>" tsay "Data viitoare dau bmb  nam cum sa atac la lm lung altfel.."
L 09/13/2015 - 13:39:13: [adminchat.amxx] Chat: "BMW_M3_GTR1<12><VALVE_0:4:1009893963><>" tsay "WTF"
L 09/13/2015 - 13:44:33: [admincmd.amxx] Cmd: "BMW_M3_GTR1<12><VALVE_0:4:1009893963><>" changelevel "zm_aztec_defense"
L 09/13/2015 - 13:44:35: -------- Mapchange to zm_aztec_defense --------
L 09/13/2015 - 13:44:36: [extreme_bancfg2.amxx] addons/amxmodx/configs/cfgban/override.txt
L 09/13/2015 - 14:30:13: [admin_zm.amxx] Login: "SM-Player<33><STEAM_0:0:805947115><>" kicked due to invalid password (account "Sm-Player") (address "79.114.36.101")
L 09/13/2015 - 15:35:02: -------- Mapchange to zm_blocks --------
L 09/13/2015 - 15:35:03: [extreme_bancfg2.amxx] addons/amxmodx/configs/cfgban/override.txt
L 09/13/2015 - 16:10:59: -------- Mapchange to zm_dust2009 --------
L 09/13/2015 - 16:11:00: [extreme_bancfg2.amxx] addons/amxmodx/configs/cfgban/override.txt
L 09/13/2015 - 16:39:12: -------- Mapchange to zm_666_brick --------
L 09/13/2015 - 16:39:13: [extreme_bancfg2.amxx] addons/amxmodx/configs/cfgban/override.txt
L 09/13/2015 - 17:07:24: -------- Mapchange to zm_infect2_click21 --------
L 09/13/2015 - 17:07:25: [extreme_bancfg2.amxx] addons/amxmodx/configs/cfgban/override.txt
L 09/13/2015 - 17:18:07: -------- Mapchange to zm_303 --------
L 09/13/2015 - 17:18:08: [extreme_bancfg2.amxx] addons/amxmodx/configs/cfgban/override.txt
L 09/13/2015 - 17:22:24: -------- Mapchange to zm_castle_siege2 --------
L 09/13/2015 - 17:22:25: [extreme_bancfg2.amxx] addons/amxmodx/configs/cfgban/override.txt
L 09/13/2015 - 17:35:41: [admin_zm.amxx] Login: "PRO-Player-FL<104><STEAM_0:0:1517939612><>" kicked due to invalid password (account "PRO-Player-Fl") (address "86.34.245.3")
L 09/13/2015 - 17:55:21: -------- Mapchange to zm_winter_invasion --------
L 09/13/2015 - 17:55:22: [extreme_bancfg2.amxx] addons/amxmodx/configs/cfgban/override.txt
L 09/13/2015 - 18:08:11: [admin_zm.amxx] Login: "Teodor<122><STEAM_0:0:1318033290><>" kicked due to invalid password (account "Teodor") (address "46.214.23.233")
L 09/13/2015 - 18:33:25: -------- Mapchange to zm_ice_attack --------
L 09/13/2015 - 18:33:26: [extreme_bancfg2.amxx] addons/amxmodx/configs/cfgban/override.txt
L 09/13/2015 - 19:15:38: [admin_zm.amxx] Login: "MavericK<160><STEAM_0:0:3802225><>" kicked due to invalid password (account "maverick") (address "89.43.210.75")
L 09/13/2015 - 19:29:53: -------- Mapchange to zm_dust2-final_click21 --------
L 09/13/2015 - 19:29:54: [extreme_bancfg2.amxx] addons/amxmodx/configs/cfgban/override.txt
L 09/13/2015 - 19:58:06: -------- Mapchange to zm_ice_attack3 --------
L 09/13/2015 - 19:58:06: [extreme_bancfg2.amxx] addons/amxmodx/configs/cfgban/override.txt
L 09/13/2015 - 20:34:07: -------- Mapchange to zm_hewitt_house --------
L 09/13/2015 - 20:34:09: [extreme_bancfg2.amxx] addons/amxmodx/configs/cfgban/override.txt
L 09/13/2015 - 21:26:03: -------- Mapchange to zm_dust_world --------
L 09/13/2015 - 21:26:04: [extreme_bancfg2.amxx] addons/amxmodx/configs/cfgban/override.txt
L 09/13/2015 - 21:26:12: -------- Mapchange to zm_mansion_mba --------
L 09/13/2015 - 21:26:12: [extreme_bancfg2.amxx] addons/amxmodx/configs/cfgban/override.txt
L 09/13/2015 - 21:55:31: [admin_zm.amxx] Login: "Player<10><STEAM_0:0:83503561><>" kicked due to invalid password (account "Player") (address "79.116.225.193")
L 09/13/2015 - 22:13:40: [admin_zm.amxx] Login: "Razvan$$$<12><STEAM_0:0:2145337884><>" kicked due to invalid password (account "Razvan$$$") (address "79.114.88.103")
L 09/13/2015 - 22:25:43: -------- Mapchange to zm_inferno --------
L 09/13/2015 - 22:25:43: [extreme_bancfg2.amxx] addons/amxmodx/configs/cfgban/override.txt
L 09/13/2015 - 23:02:10: -------- Mapchange to zm_dwarf --------
L 09/13/2015 - 23:02:10: [extreme_bancfg2.amxx] addons/amxmodx/configs/cfgban/override.txt
L 09/13/2015 - 23:30:23: -------- Mapchange to zm_humans --------
L 09/13/2015 - 23:30:24: [extreme_bancfg2.amxx] addons/amxmodx/configs/cfgban/override.txt
L 09/13/2015 - 23:58:35: -------- Mapchange to zm_westwood --------
L 09/13/2015 - 23:58:36: [extreme_bancfg2.amxx] addons/amxmodx/configs/cfgban/override.txt
