L 08/22/2015 - 00:10:18: -------- Mapchange to zm_dust2snow_2011 --------
L 08/22/2015 - 00:10:19: [extreme_bancfg2.amxx] addons/amxmodx/configs/cfgban/override.txt
L 08/22/2015 - 00:38:30: -------- Mapchange to zm_assault_attack --------
L 08/22/2015 - 00:38:32: [extreme_bancfg2.amxx] addons/amxmodx/configs/cfgban/override.txt
L 08/22/2015 - 01:06:44: -------- Mapchange to zm_fortuna --------
L 08/22/2015 - 01:06:46: [extreme_bancfg2.amxx] addons/amxmodx/configs/cfgban/override.txt
L 08/22/2015 - 01:34:58: -------- Mapchange to zm_Snowbase --------
L 08/22/2015 - 01:34:59: [extreme_bancfg2.amxx] addons/amxmodx/configs/cfgban/override.txt
L 08/22/2015 - 02:03:12: -------- Mapchange to zm_lorencia --------
L 08/22/2015 - 02:03:14: [extreme_bancfg2.amxx] addons/amxmodx/configs/cfgban/override.txt
L 08/22/2015 - 02:31:26: -------- Mapchange to zm_zod_fortuna --------
L 08/22/2015 - 02:31:27: [extreme_bancfg2.amxx] addons/amxmodx/configs/cfgban/override.txt
L 08/22/2015 - 02:59:39: -------- Mapchange to zm_aztec_temple --------
L 08/22/2015 - 02:59:40: [extreme_bancfg2.amxx] addons/amxmodx/configs/cfgban/override.txt
L 08/22/2015 - 03:27:51: -------- Mapchange to zm_office --------
L 08/22/2015 - 03:27:52: [extreme_bancfg2.amxx] addons/amxmodx/configs/cfgban/override.txt
L 08/22/2015 - 03:56:03: -------- Mapchange to zm_army_tn_beta3 --------
L 08/22/2015 - 03:56:05: [extreme_bancfg2.amxx] addons/amxmodx/configs/cfgban/override.txt
L 08/22/2015 - 04:24:16: -------- Mapchange to zm_dwarf --------
L 08/22/2015 - 04:24:18: [extreme_bancfg2.amxx] addons/amxmodx/configs/cfgban/override.txt
L 08/22/2015 - 04:52:30: -------- Mapchange to zm_winter_invasion --------
L 08/22/2015 - 04:52:31: [extreme_bancfg2.amxx] addons/amxmodx/configs/cfgban/override.txt
L 08/22/2015 - 05:20:42: -------- Mapchange to zm_assault_attack --------
L 08/22/2015 - 05:20:43: [extreme_bancfg2.amxx] addons/amxmodx/configs/cfgban/override.txt
L 08/22/2015 - 05:48:55: -------- Mapchange to zm_snow_mix --------
L 08/22/2015 - 05:48:56: [extreme_bancfg2.amxx] addons/amxmodx/configs/cfgban/override.txt
L 08/22/2015 - 06:17:08: -------- Mapchange to zm_hewitt_house --------
L 08/22/2015 - 06:17:09: [extreme_bancfg2.amxx] addons/amxmodx/configs/cfgban/override.txt
L 08/22/2015 - 06:45:21: -------- Mapchange to zm_dust_jasionka --------
L 08/22/2015 - 06:45:22: [extreme_bancfg2.amxx] addons/amxmodx/configs/cfgban/override.txt
L 08/22/2015 - 07:13:39: -------- Mapchange to zm_3rooms --------
L 08/22/2015 - 07:13:40: [extreme_bancfg2.amxx] addons/amxmodx/configs/cfgban/override.txt
L 08/22/2015 - 07:41:58: -------- Mapchange to zm_blocks --------
L 08/22/2015 - 07:42:00: [extreme_bancfg2.amxx] addons/amxmodx/configs/cfgban/override.txt
L 08/22/2015 - 07:47:29: [admin_zm.amxx] Login: "SM-Player<46><STEAM_0:0:456446370><>" kicked due to invalid password (account "Sm-Player") (address "188.209.109.194")
L 08/22/2015 - 07:47:39: [admin_zm.amxx] Login: "SM-Player<47><STEAM_0:0:456446370><>" kicked due to invalid password (account "Sm-Player") (address "188.209.109.194")
L 08/22/2015 - 08:10:13: -------- Mapchange to zm_army_tn_beta3 --------
L 08/22/2015 - 08:10:14: [extreme_bancfg2.amxx] addons/amxmodx/configs/cfgban/override.txt
L 08/22/2015 - 08:26:03: [admin_zm.amxx] Login: "SM-Player<48><STEAM_0:0:456446370><>" kicked due to invalid password (account "Sm-Player") (address "188.209.109.194")
L 08/22/2015 - 08:38:26: -------- Mapchange to zm_ilc_resident_evil2 --------
L 08/22/2015 - 08:38:27: [extreme_bancfg2.amxx] addons/amxmodx/configs/cfgban/override.txt
L 08/22/2015 - 09:06:39: -------- Mapchange to zm_dwarf_ultimate --------
L 08/22/2015 - 09:06:40: [extreme_bancfg2.amxx] addons/amxmodx/configs/cfgban/override.txt
L 08/22/2015 - 09:34:54: -------- Mapchange to zm_toxic_house2 --------
L 08/22/2015 - 09:34:55: [extreme_bancfg2.amxx] addons/amxmodx/configs/cfgban/override.txt
L 08/22/2015 - 10:04:37: -------- Mapchange to zm_snowbase3 --------
L 08/22/2015 - 10:04:39: [extreme_bancfg2.amxx] addons/amxmodx/configs/cfgban/override.txt
L 08/22/2015 - 10:32:51: -------- Mapchange to zm_brambor --------
L 08/22/2015 - 10:32:52: [extreme_bancfg2.amxx] addons/amxmodx/configs/cfgban/override.txt
L 08/22/2015 - 10:34:09: [admin_zm.amxx] Login: "SM-Player<63><STEAM_0:0:512180253><>" kicked due to invalid password (account "Sm-Player") (address "92.80.121.100")
L 08/22/2015 - 11:01:03: -------- Mapchange to zm_winter_invasion --------
L 08/22/2015 - 11:01:04: [extreme_bancfg2.amxx] addons/amxmodx/configs/cfgban/override.txt
L 08/22/2015 - 11:13:47: [admin_zm.amxx] Login: "Serban29999<68><STEAM_0:0:1810140335><>" kicked due to invalid password (account "Serban29999") (address "109.97.2.140")
L 08/22/2015 - 11:38:47: [zm_vip_extra_buy_survnem.amxx] uNicuL a cumparat nemesis
L 08/22/2015 - 11:55:29: -------- Mapchange to zm_chatoyant --------
L 08/22/2015 - 11:55:30: [extreme_bancfg2.amxx] addons/amxmodx/configs/cfgban/override.txt
L 08/22/2015 - 12:26:29: -------- Mapchange to zm_dust_world --------
L 08/22/2015 - 12:26:32: [extreme_bancfg2.amxx] addons/amxmodx/configs/cfgban/override.txt
L 08/22/2015 - 12:26:39: -------- Mapchange to zm_city_final --------
L 08/22/2015 - 12:26:41: [extreme_bancfg2.amxx] addons/amxmodx/configs/cfgban/override.txt
L 08/22/2015 - 12:57:09: -------- Mapchange to zm_303 --------
L 08/22/2015 - 12:57:10: [extreme_bancfg2.amxx] addons/amxmodx/configs/cfgban/override.txt
L 08/22/2015 - 12:59:13: [admincmd.amxx] Cmd: "BMW_M3_GTR1<12><STEAM_0:0:1817054049><>" changelevel "zm_ice_attack3"
L 08/22/2015 - 12:59:15: -------- Mapchange to zm_ice_attack3 --------
L 08/22/2015 - 12:59:16: [extreme_bancfg2.amxx] addons/amxmodx/configs/cfgban/override.txt
L 08/22/2015 - 13:17:49: [admincmd.amxx] Cmd: "BMW_M3_GTR1<12><STEAM_0:0:1817054049><>" changelevel "zm_fortuna"
L 08/22/2015 - 13:17:52: -------- Mapchange to zm_fortuna --------
L 08/22/2015 - 13:17:53: [extreme_bancfg2.amxx] addons/amxmodx/configs/cfgban/override.txt
L 08/22/2015 - 13:28:38: [adminvote.amxx] Vote: "BMW_M3_GTR1<12><STEAM_0:0:1817054049><>" vote map (map "zm_666_brick")
L 08/22/2015 - 13:28:57: [admincmd.amxx] Cmd: "BMW_M3_GTR1<12><STEAM_0:0:1817054049><>" changelevel "zm_666_brick"
L 08/22/2015 - 13:29:08: -------- Mapchange to zm_dust_world --------
L 08/22/2015 - 13:29:09: [extreme_bancfg2.amxx] addons/amxmodx/configs/cfgban/override.txt
L 08/22/2015 - 13:29:15: -------- Mapchange to zm_fortuna --------
L 08/22/2015 - 13:29:16: [extreme_bancfg2.amxx] addons/amxmodx/configs/cfgban/override.txt
L 08/22/2015 - 13:29:21: [admincmd.amxx] Cmd: "BMW_M3_GTR1<1><STEAM_0:0:1817054049><>" changelevel "zm_666_brick"
L 08/22/2015 - 13:29:24: -------- Mapchange to zm_666_brick --------
L 08/22/2015 - 13:29:24: [extreme_bancfg2.amxx] addons/amxmodx/configs/cfgban/override.txt
L 08/22/2015 - 13:59:48: [zm_vip_extra_buy_survnem.amxx] uNicuL a cumparat nemesis
L 08/22/2015 - 14:01:33: -------- Mapchange to zm_foda --------
L 08/22/2015 - 14:01:35: [extreme_bancfg2.amxx] addons/amxmodx/configs/cfgban/override.txt
L 08/22/2015 - 14:04:16: [zm_vip_extra_buy_survnem.amxx] uNicuL a cumparat nemesis
L 08/22/2015 - 14:05:01: [admin_zm.amxx] Login: "@lex<28><STEAM_0:0:1245423730><>" kicked due to invalid password (account "@leX") (address "5.14.199.57")
L 08/22/2015 - 14:50:17: -------- Mapchange to zm_mansion_mba --------
L 08/22/2015 - 14:50:18: [extreme_bancfg2.amxx] addons/amxmodx/configs/cfgban/override.txt
L 08/22/2015 - 14:53:18: [admin_zm.amxx] Login: "BMW_M3_GTR1<46><STEAM_0:0:1817054049><>" kicked due to invalid password (account "BMW_M3_GTR1") (address "89.46.225.131")
L 08/22/2015 - 14:53:51: [admincmd.amxx] Cmd: "BMW_M3_GTR1<47><STEAM_0:0:1817054049><>" changelevel "zm_aztec_defense"
L 08/22/2015 - 14:53:53: -------- Mapchange to zm_aztec_defense --------
L 08/22/2015 - 14:53:55: [extreme_bancfg2.amxx] addons/amxmodx/configs/cfgban/override.txt
L 08/22/2015 - 14:59:04: [zm_vip_extra_buy_survnem.amxx] uNicuL a cumparat nemesis
L 08/22/2015 - 15:36:28: [admin_zm.amxx] Login: "SwisS<69><STEAM_0:1:100837872><>" kicked due to invalid password (account "SwiSS") (address "109.100.131.170")
L 08/22/2015 - 15:50:28: -------- Mapchange to zm_lost_place --------
L 08/22/2015 - 15:50:30: [extreme_bancfg2.amxx] addons/amxmodx/configs/cfgban/override.txt
L 08/22/2015 - 16:23:15: -------- Mapchange to zm_chatoyant --------
L 08/22/2015 - 16:23:16: [extreme_bancfg2.amxx] addons/amxmodx/configs/cfgban/override.txt
L 08/22/2015 - 16:27:01: [zm_vip_extra_buy_survnem.amxx] Madalin a cumparat nemesis
L 08/22/2015 - 16:54:13: -------- Mapchange to zm_dust_world --------
L 08/22/2015 - 16:54:16: [extreme_bancfg2.amxx] addons/amxmodx/configs/cfgban/override.txt
L 08/22/2015 - 16:54:22: -------- Mapchange to zm_army --------
L 08/22/2015 - 16:54:24: [extreme_bancfg2.amxx] addons/amxmodx/configs/cfgban/override.txt
L 08/22/2015 - 16:55:35: [admin_zm.amxx] Login: "@lex<11><STEAM_0:0:1245423730><>" kicked due to invalid password (account "@leX") (address "5.14.199.57")
L 08/22/2015 - 16:55:48: [admin_zm.amxx] Login: "@lex<12><STEAM_0:0:1245423730><>" kicked due to invalid password (account "@leX") (address "5.14.199.57")
L 08/22/2015 - 16:57:53: [zm_vip_extra_buy_survnem.amxx] Madalin a cumparat nemesis
L 08/22/2015 - 17:25:07: -------- Mapchange to zm_heal_dust2 --------
L 08/22/2015 - 17:25:08: [extreme_bancfg2.amxx] addons/amxmodx/configs/cfgban/override.txt
L 08/22/2015 - 17:32:45: [admincmd.amxx] Cmd: "BMW_M3_GTR1<25><STEAM_0:0:1817054049><>" changelevel "zm_aztec_defense"
L 08/22/2015 - 17:32:48: -------- Mapchange to zm_aztec_defense --------
L 08/22/2015 - 17:32:50: [extreme_bancfg2.amxx] addons/amxmodx/configs/cfgban/override.txt
L 08/22/2015 - 17:35:23: [plmenu.amxx] Cmd: "BMW_M3_GTR1<25><STEAM_0:0:1817054049><>" transfer "red.target<24><STEAM_0:0:515938423><>" (team "TERRORIST")
L 08/22/2015 - 17:35:29: [plmenu.amxx] Cmd: "BMW_M3_GTR1<25><STEAM_0:0:1817054049><>" transfer "red.target<24><STEAM_0:0:515938423><>" (team "TERRORIST")
L 08/22/2015 - 17:35:29: [plmenu.amxx] Cmd: "BMW_M3_GTR1<25><STEAM_0:0:1817054049><>" transfer "red.target<24><STEAM_0:0:515938423><>" (team "TERRORIST")
L 08/22/2015 - 17:35:30: [plmenu.amxx] Cmd: "BMW_M3_GTR1<25><STEAM_0:0:1817054049><>" transfer "red.target<24><STEAM_0:0:515938423><>" (team "TERRORIST")
L 08/22/2015 - 17:35:30: [plmenu.amxx] Cmd: "BMW_M3_GTR1<25><STEAM_0:0:1817054049><>" transfer "red.target<24><STEAM_0:0:515938423><>" (team "TERRORIST")
L 08/22/2015 - 17:35:30: [plmenu.amxx] Cmd: "BMW_M3_GTR1<25><STEAM_0:0:1817054049><>" transfer "red.target<24><STEAM_0:0:515938423><>" (team "TERRORIST")
L 08/22/2015 - 17:35:30: [plmenu.amxx] Cmd: "BMW_M3_GTR1<25><STEAM_0:0:1817054049><>" transfer "red.target<24><STEAM_0:0:515938423><>" (team "TERRORIST")
L 08/22/2015 - 17:35:30: [plmenu.amxx] Cmd: "BMW_M3_GTR1<25><STEAM_0:0:1817054049><>" transfer "red.target<24><STEAM_0:0:515938423><>" (team "TERRORIST")
L 08/22/2015 - 17:58:41: [adminchat.amxx] Chat: "BMW_M3_GTR1<31><STEAM_0:0:1817054049><>" tsay "red.target vrei euro?"
L 08/22/2015 - 18:00:57: [admincmd.amxx] Cmd: "BMW_M3_GTR1<31><STEAM_0:0:1817054049><>" changelevel "zm_snowbase3"
L 08/22/2015 - 18:01:00: -------- Mapchange to zm_snowbase3 --------
L 08/22/2015 - 18:01:01: [extreme_bancfg2.amxx] addons/amxmodx/configs/cfgban/override.txt
L 08/22/2015 - 18:02:53: [adminchat.amxx] Chat: "BMW_M3_GTR1<31><STEAM_0:0:1817054049><>" tsay "Niki vrei euro?"
L 08/22/2015 - 18:05:16: [adminchat.amxx] Chat: "BMW_M3_GTR1<31><STEAM_0:0:1817054049><>" tsay "dupa runda asta fac frag pe voi "
L 08/22/2015 - 18:05:23: [adminchat.amxx] Chat: "BMW_M3_GTR1<31><STEAM_0:0:1817054049><>" tsay "Si va mai dau euro.."
L 08/22/2015 - 18:05:48: [admincmd.amxx] Cmd: "BMW_M3_GTR1<31><STEAM_0:0:1817054049><>" changelevel "zm_aztec_defense"
L 08/22/2015 - 18:05:51: -------- Mapchange to zm_aztec_defense --------
L 08/22/2015 - 18:05:51: [extreme_bancfg2.amxx] addons/amxmodx/configs/cfgban/override.txt
L 08/22/2015 - 18:06:03: [adminchat.amxx] Chat: "BMW_M3_GTR1<31><STEAM_0:0:1817054049><>" tsay "Fac acum frag "
L 08/22/2015 - 18:06:47: [adminchat.amxx] Chat: "BMW_M3_GTR1<31><STEAM_0:0:1817054049><>" tsay "Stati afk"
L 08/22/2015 - 18:08:12: [admin_zm.amxx] Login: "Protector<37><STEAM_0:0:903539858><>" kicked due to invalid password (account "Protector") (address "46.108.124.203")
L 08/22/2015 - 18:11:04: [adminchat.amxx] Chat: "BMW_M3_GTR1<31><STEAM_0:0:1817054049><>" tsay "Ati primit toti euro?"
L 08/22/2015 - 18:36:19: -------- Mapchange to zm_dwarf_ultimate --------
L 08/22/2015 - 18:36:20: [extreme_bancfg2.amxx] addons/amxmodx/configs/cfgban/override.txt
L 08/22/2015 - 18:57:07: [admincmd.amxx] Cmd: "BMW_M3_GTR1<62><STEAM_0:0:1817054049><>" changelevel "zm_aztec_defense"
L 08/22/2015 - 18:57:17: -------- Mapchange to zm_dust_world --------
L 08/22/2015 - 18:57:18: [extreme_bancfg2.amxx] addons/amxmodx/configs/cfgban/override.txt
L 08/22/2015 - 18:57:25: -------- Mapchange to zm_dwarf_ultimate --------
L 08/22/2015 - 18:57:26: [extreme_bancfg2.amxx] addons/amxmodx/configs/cfgban/override.txt
L 08/22/2015 - 18:57:34: [admincmd.amxx] Cmd: "BMW_M3_GTR1<7><STEAM_0:0:1817054049><>" changelevel "zm_aztec_defense"
L 08/22/2015 - 18:57:36: -------- Mapchange to zm_aztec_defense --------
L 08/22/2015 - 18:57:37: [extreme_bancfg2.amxx] addons/amxmodx/configs/cfgban/override.txt
L 08/22/2015 - 19:49:37: [admin_zm.amxx] Login: "SwisS<22><STEAM_0:1:100837872><>" kicked due to invalid password (account "SwiSS") (address "109.100.131.170")
L 08/22/2015 - 19:50:27: -------- Mapchange to zm_3rooms --------
L 08/22/2015 - 19:50:31: [extreme_bancfg2.amxx] addons/amxmodx/configs/cfgban/override.txt
L 08/22/2015 - 20:18:57: -------- Mapchange to zm_army --------
L 08/22/2015 - 20:18:59: [extreme_bancfg2.amxx] addons/amxmodx/configs/cfgban/override.txt
L 08/22/2015 - 20:29:51: [admin_zm.amxx] Login: "Player[www.resursecs.com]<32><VALVE_0:4:585358322><>" kicked due to invalid password (account "Player[www.resursecs.com]") (address "92.85.155.236")
L 08/22/2015 - 20:47:10: -------- Mapchange to zm_restart_v3 --------
L 08/22/2015 - 20:47:11: [extreme_bancfg2.amxx] addons/amxmodx/configs/cfgban/override.txt
L 08/22/2015 - 21:09:32: [admin_zm.amxx] Login: "Cristian<36><VALVE_0:4:585358322><>" kicked due to invalid password (account "Cristian") (address "92.85.155.236")
L 08/22/2015 - 21:10:47: -------- Mapchange to zm_Snowbase --------
L 08/22/2015 - 21:10:48: [extreme_bancfg2.amxx] addons/amxmodx/configs/cfgban/override.txt
L 08/22/2015 - 21:14:33: -------- Mapchange to zm_newzombie --------
L 08/22/2015 - 21:14:37: [extreme_bancfg2.amxx] addons/amxmodx/configs/cfgban/override.txt
L 08/22/2015 - 21:27:16: [admincmd.amxx] Cmd: "BMW_M3_GTR1<37><STEAM_0:0:1817054049><>" changelevel "zm_aztec_defense"
L 08/22/2015 - 21:27:18: -------- Mapchange to zm_aztec_defense --------
L 08/22/2015 - 21:27:20: [extreme_bancfg2.amxx] addons/amxmodx/configs/cfgban/override.txt
L 08/22/2015 - 22:19:38: -------- Mapchange to zm_army_tn_beta3 --------
L 08/22/2015 - 22:19:39: [extreme_bancfg2.amxx] addons/amxmodx/configs/cfgban/override.txt
L 08/22/2015 - 22:50:21: -------- Mapchange to zm_five --------
L 08/22/2015 - 22:50:23: [extreme_bancfg2.amxx] addons/amxmodx/configs/cfgban/override.txt
L 08/22/2015 - 23:19:05: -------- Mapchange to zm_dwarf_ultimate --------
L 08/22/2015 - 23:19:06: [extreme_bancfg2.amxx] addons/amxmodx/configs/cfgban/override.txt
L 08/22/2015 - 23:47:17: -------- Mapchange to zm_heal_dust2 --------
L 08/22/2015 - 23:47:19: [extreme_bancfg2.amxx] addons/amxmodx/configs/cfgban/override.txt
