L 08/20/2015 - 00:14:01: -------- Mapchange to zm_ceronUA --------
L 08/20/2015 - 00:14:02: [extreme_bancfg2.amxx] addons/amxmodx/configs/cfgban/override.txt
L 08/20/2015 - 00:42:14: -------- Mapchange to zm_winter_invasion --------
L 08/20/2015 - 00:42:18: [extreme_bancfg2.amxx] addons/amxmodx/configs/cfgban/override.txt
L 08/20/2015 - 01:10:32: -------- Mapchange to zm_dust2snow_2011 --------
L 08/20/2015 - 01:10:35: [extreme_bancfg2.amxx] addons/amxmodx/configs/cfgban/override.txt
L 08/20/2015 - 01:38:47: -------- Mapchange to zm_newzombie --------
L 08/20/2015 - 01:38:49: [extreme_bancfg2.amxx] addons/amxmodx/configs/cfgban/override.txt
L 08/20/2015 - 02:07:00: -------- Mapchange to zm_dwarf --------
L 08/20/2015 - 02:07:02: [extreme_bancfg2.amxx] addons/amxmodx/configs/cfgban/override.txt
L 08/20/2015 - 02:24:08: -------- Mapchange to zm_aztec_mini --------
L 08/20/2015 - 02:24:09: [extreme_bancfg2.amxx] addons/amxmodx/configs/cfgban/override.txt
L 08/20/2015 - 02:57:52: -------- Mapchange to zm_dust_world --------
L 08/20/2015 - 02:57:54: [extreme_bancfg2.amxx] addons/amxmodx/configs/cfgban/override.txt
L 08/20/2015 - 02:58:00: -------- Mapchange to zm_foda --------
L 08/20/2015 - 02:58:01: [extreme_bancfg2.amxx] addons/amxmodx/configs/cfgban/override.txt
L 08/20/2015 - 03:13:49: [zm_vip_extra_buy_survnem.amxx] <.>Cr a cumparat supravietuitor
L 08/20/2015 - 03:26:03: [zm_vip_extra_buy_survnem.amxx] (ExTr3M3) N0BuLetzu a cumparat nemesis
L 08/20/2015 - 03:51:35: [zm_vip_extra_buy_survnem.amxx] AdyJrr a cumparat nemesis
L 08/20/2015 - 04:10:31: -------- Mapchange to zm_aztec_defense --------
L 08/20/2015 - 04:10:35: [extreme_bancfg2.amxx] addons/amxmodx/configs/cfgban/override.txt
L 08/20/2015 - 04:17:30: [zm_vip_extra_buy_survnem.amxx] (ExTr3M3) N0BuLetzu a cumparat supravietuitor
L 08/20/2015 - 04:40:57: -------- Mapchange to zm_brambor --------
L 08/20/2015 - 04:40:59: [extreme_bancfg2.amxx] addons/amxmodx/configs/cfgban/override.txt
L 08/20/2015 - 04:55:40: -------- Mapchange to zm_3rooms --------
L 08/20/2015 - 04:55:41: [extreme_bancfg2.amxx] addons/amxmodx/configs/cfgban/override.txt
L 08/20/2015 - 04:57:03: [admin_zm.amxx] Login: "rider<42><STEAM_0:0:386404553><>" kicked due to invalid password (account "rider") (address "81.196.245.124")
L 08/20/2015 - 05:06:23: -------- Mapchange to zm_death_alley --------
L 08/20/2015 - 05:06:31: [extreme_bancfg2.amxx] addons/amxmodx/configs/cfgban/override.txt
L 08/20/2015 - 05:10:19: [zm_vip_extra_buy_survnem.amxx] (ExTr3M3) N0BuLetzu a cumparat supravietuitor
L 08/20/2015 - 05:17:33: -------- Mapchange to zm_lorencia --------
L 08/20/2015 - 05:17:34: [extreme_bancfg2.amxx] addons/amxmodx/configs/cfgban/override.txt
L 08/20/2015 - 05:27:06: -------- Mapchange to zm_army_tn_beta3 --------
L 08/20/2015 - 05:27:07: [extreme_bancfg2.amxx] addons/amxmodx/configs/cfgban/override.txt
L 08/20/2015 - 14:13:27: -------- Mapchange to zm_dust_world --------
L 08/20/2015 - 14:13:29: [extreme_bancfg2.amxx] addons/amxmodx/configs/cfgban/override.txt
L 08/20/2015 - 14:13:36: -------- Mapchange to zm_666_brick --------
L 08/20/2015 - 14:13:37: [extreme_bancfg2.amxx] addons/amxmodx/configs/cfgban/override.txt
L 08/20/2015 - 14:31:43: [zm_vip_extra_buy_survnem.amxx] Madalin a cumparat nemesis
L 08/20/2015 - 14:34:15: -------- Mapchange to zm_city_final --------
L 08/20/2015 - 14:34:16: [extreme_bancfg2.amxx] addons/amxmodx/configs/cfgban/override.txt
L 08/20/2015 - 14:36:27: [zm_vip_extra_buy_survnem.amxx] uNicuL a cumparat nemesis
L 08/20/2015 - 14:39:32: [zm_vip_extra_buy_survnem.amxx] Madalin a cumparat nemesis
L 08/20/2015 - 14:40:30: [adminchat.amxx] Chat: "Madalin<21><STEAM_0:0:270376980><>" chat " pwla in mata nu ai voie jet"
L 08/20/2015 - 15:04:26: -------- Mapchange to zm_dust2-final_click21 --------
L 08/20/2015 - 15:04:27: [extreme_bancfg2.amxx] addons/amxmodx/configs/cfgban/override.txt
L 08/20/2015 - 15:05:52: [zm_vip_extra_buy_survnem.amxx] uNicuL a cumparat nemesis
L 08/20/2015 - 15:09:01: [admin_zm.amxx] Login: "Protector<46><STEAM_0:0:1814466119><>" kicked due to invalid password (account "Protector") (address "85.121.123.237")
L 08/20/2015 - 15:10:28: [zm_vip_extra_buy_survnem.amxx] Madalin a cumparat nemesis
L 08/20/2015 - 15:34:56: -------- Mapchange to zm_ceronUA --------
L 08/20/2015 - 15:34:57: [extreme_bancfg2.amxx] addons/amxmodx/configs/cfgban/override.txt
L 08/20/2015 - 15:38:51: [zm_vip_extra_buy_survnem.amxx] uNicuL a cumparat nemesis
L 08/20/2015 - 15:43:08: [zm_vip_extra_buy_survnem.amxx] Madalin a cumparat nemesis
L 08/20/2015 - 16:05:32: -------- Mapchange to zm_dust_world --------
L 08/20/2015 - 16:05:33: [extreme_bancfg2.amxx] addons/amxmodx/configs/cfgban/override.txt
L 08/20/2015 - 16:05:39: -------- Mapchange to zm_ice_attack --------
L 08/20/2015 - 16:05:41: [extreme_bancfg2.amxx] addons/amxmodx/configs/cfgban/override.txt
L 08/20/2015 - 16:07:18: [zm_vip_extra_buy_survnem.amxx] uNicuL a cumparat nemesis
L 08/20/2015 - 16:16:21: [zm_vip_extra_buy_survnem.amxx] Madalin a cumparat nemesis
L 08/20/2015 - 16:36:56: -------- Mapchange to zm_castle_siege2 --------
L 08/20/2015 - 16:36:57: [extreme_bancfg2.amxx] addons/amxmodx/configs/cfgban/override.txt
L 08/20/2015 - 16:47:36: [admin_zm.amxx] Login: "Player[www.resursecs.com]<28><VALVE_0:4:972347762><>" kicked due to invalid password (account "Player[www.resursecs.com]") (address "92.80.181.218")
L 08/20/2015 - 17:02:22: [admin_zm.amxx] Login: "ROBERT<38><STEAM_0:0:869929129><>" kicked due to invalid password (account "robert") (address "93.109.192.222")
L 08/20/2015 - 17:08:06: -------- Mapchange to zm_assault_attack --------
L 08/20/2015 - 17:08:07: [extreme_bancfg2.amxx] addons/amxmodx/configs/cfgban/override.txt
L 08/20/2015 - 17:39:45: -------- Mapchange to zm_dust2snow_2011 --------
L 08/20/2015 - 17:39:47: [extreme_bancfg2.amxx] addons/amxmodx/configs/cfgban/override.txt
L 08/20/2015 - 17:44:02: [admin_zm.amxx] Login: "madalin<63><STEAM_0:0:2026327538><>" kicked due to invalid password (account "Madalin") (address "176.223.45.143")
L 08/20/2015 - 17:44:22: [admin_zm.amxx] Login: "Dana<64><STEAM_0:0:2026327538><>" kicked due to invalid password (account "Dana") (address "176.223.45.143")
L 08/20/2015 - 17:44:48: [admin_zm.amxx] Login: "Doddy<65><STEAM_0:0:2026327538><>" kicked due to invalid password (account "Doddy") (address "176.223.45.143")
L 08/20/2015 - 17:45:24: [admin_zm.amxx] Login: "Doddy<66><STEAM_0:0:2026327538><>" kicked due to invalid password (account "Doddy") (address "176.223.45.143")
L 08/20/2015 - 17:50:53: [admin_zm.amxx] Login: "Player<68><STEAM_0:1:79432037><>" kicked due to invalid password (account "Player") (address "92.244.128.239")
L 08/20/2015 - 17:52:57: [admin_zm.amxx] Login: "Player<70><STEAM_0:1:79432037><>" kicked due to invalid password (account "Player") (address "92.244.128.239")
L 08/20/2015 - 18:05:23: [admin_zm.amxx] Login: "cristian<75><STEAM_0:0:2026327538><>" kicked due to invalid password (account "Cristian") (address "176.223.45.143")
L 08/20/2015 - 18:12:18: -------- Mapchange to zm_snowbase3 --------
L 08/20/2015 - 18:12:19: [extreme_bancfg2.amxx] addons/amxmodx/configs/cfgban/override.txt
L 08/20/2015 - 18:32:49: -------- Mapchange to zm_dust_world --------
L 08/20/2015 - 18:32:51: [extreme_bancfg2.amxx] addons/amxmodx/configs/cfgban/override.txt
L 08/20/2015 - 18:32:57: -------- Mapchange to zm_lorencia --------
L 08/20/2015 - 18:32:58: [extreme_bancfg2.amxx] addons/amxmodx/configs/cfgban/override.txt
L 08/20/2015 - 19:01:55: -------- Mapchange to zm_blocks --------
L 08/20/2015 - 19:01:57: [extreme_bancfg2.amxx] addons/amxmodx/configs/cfgban/override.txt
L 08/20/2015 - 19:49:36: -------- Mapchange to zm_aztec_temple --------
L 08/20/2015 - 19:49:38: [extreme_bancfg2.amxx] addons/amxmodx/configs/cfgban/override.txt
L 08/20/2015 - 20:21:49: -------- Mapchange to zm_hewitt_house --------
L 08/20/2015 - 20:21:51: [extreme_bancfg2.amxx] addons/amxmodx/configs/cfgban/override.txt
L 08/20/2015 - 20:48:26: -------- Mapchange to zm_vendetta --------
L 08/20/2015 - 20:48:27: [extreme_bancfg2.amxx] addons/amxmodx/configs/cfgban/override.txt
L 08/20/2015 - 21:43:42: -------- Mapchange to zm_westwood --------
L 08/20/2015 - 21:43:43: [extreme_bancfg2.amxx] addons/amxmodx/configs/cfgban/override.txt
L 08/20/2015 - 21:45:23: [admin_zm.amxx] Login: "SM-Player<39><STEAM_0:0:1384777667><>" kicked due to invalid password (account "Sm-Player") (address "92.86.30.90")
L 08/20/2015 - 21:57:57: [admin_zm.amxx] Login: "Player[www.resursecs.com]<41><VALVE_0:4:972347762><>" kicked due to invalid password (account "Player[www.resursecs.com]") (address "92.80.181.218")
L 08/20/2015 - 22:11:55: -------- Mapchange to zm_dust2009 --------
L 08/20/2015 - 22:11:56: [extreme_bancfg2.amxx] addons/amxmodx/configs/cfgban/override.txt
L 08/20/2015 - 22:23:01: [admin_zm.amxx] Login: "KinG^Of^Legend<49><STEAM_0:0:343639874><>" kicked due to invalid password (account "KinG^Of^Legend") (address "91.90.121.78")
L 08/20/2015 - 22:24:46: -------- Mapchange to zm_ceronUA --------
L 08/20/2015 - 22:24:47: [extreme_bancfg2.amxx] addons/amxmodx/configs/cfgban/override.txt
L 08/20/2015 - 22:27:15: -------- Mapchange to zm_five --------
L 08/20/2015 - 22:27:16: [extreme_bancfg2.amxx] addons/amxmodx/configs/cfgban/override.txt
L 08/20/2015 - 22:28:53: -------- Mapchange to zm_assault_shadow --------
L 08/20/2015 - 22:28:54: [extreme_bancfg2.amxx] addons/amxmodx/configs/cfgban/override.txt
L 08/20/2015 - 22:30:37: -------- Mapchange to zm_assault_attack --------
L 08/20/2015 - 22:30:38: [extreme_bancfg2.amxx] addons/amxmodx/configs/cfgban/override.txt
L 08/20/2015 - 22:56:06: [admin_zm.amxx] Login: "KinG^Of^Legend<69><STEAM_0:0:343639874><>" kicked due to invalid password (account "KinG^Of^Legend") (address "91.90.121.78")
L 08/20/2015 - 23:14:35: -------- Mapchange to zm_electro_winter --------
L 08/20/2015 - 23:14:36: [extreme_bancfg2.amxx] addons/amxmodx/configs/cfgban/override.txt
L 08/20/2015 - 23:42:47: -------- Mapchange to zm_army_tn_beta3 --------
L 08/20/2015 - 23:42:48: [extreme_bancfg2.amxx] addons/amxmodx/configs/cfgban/override.txt
