L 08/18/2015 - 15:48:05: -------- Mapchange to zm_dust_world --------
L 08/18/2015 - 15:48:06: [extreme_bancfg2.amxx] addons/amxmodx/configs/cfgban/override.txt
L 08/18/2015 - 15:48:13: -------- Mapchange to zm_office --------
L 08/18/2015 - 15:48:13: [extreme_bancfg2.amxx] addons/amxmodx/configs/cfgban/override.txt
L 08/18/2015 - 16:10:47: -------- Mapchange to zm_heal_dust2 --------
L 08/18/2015 - 16:10:50: [extreme_bancfg2.amxx] addons/amxmodx/configs/cfgban/override.txt
L 08/18/2015 - 16:13:41: -------- Mapchange to zm_dust2-final_click21 --------
L 08/18/2015 - 16:13:42: [extreme_bancfg2.amxx] addons/amxmodx/configs/cfgban/override.txt
L 08/18/2015 - 16:21:29: -------- Mapchange to zm_ilc_resident_evil2 --------
L 08/18/2015 - 16:21:30: [extreme_bancfg2.amxx] addons/amxmodx/configs/cfgban/override.txt
L 08/18/2015 - 17:15:27: -------- Mapchange to zm_army --------
L 08/18/2015 - 17:15:28: [extreme_bancfg2.amxx] addons/amxmodx/configs/cfgban/override.txt
L 08/18/2015 - 17:21:45: [admin_zm.amxx] Login: "Player<16><STEAM_0:0:2026327538><>" kicked due to invalid password (account "Player") (address "46.102.27.109")
L 08/18/2015 - 17:43:40: -------- Mapchange to zm_lorencia --------
L 08/18/2015 - 17:43:41: [extreme_bancfg2.amxx] addons/amxmodx/configs/cfgban/override.txt
L 08/18/2015 - 18:11:53: -------- Mapchange to zm_chatoyant --------
L 08/18/2015 - 18:11:55: [extreme_bancfg2.amxx] addons/amxmodx/configs/cfgban/override.txt
L 08/18/2015 - 18:40:06: -------- Mapchange to zm_mansion_mba --------
L 08/18/2015 - 18:40:08: [extreme_bancfg2.amxx] addons/amxmodx/configs/cfgban/override.txt
L 08/18/2015 - 19:08:19: -------- Mapchange to zm_hewitt_house --------
L 08/18/2015 - 19:08:20: [extreme_bancfg2.amxx] addons/amxmodx/configs/cfgban/override.txt
L 08/18/2015 - 19:36:32: -------- Mapchange to zm_infect2_click21 --------
L 08/18/2015 - 19:36:33: [extreme_bancfg2.amxx] addons/amxmodx/configs/cfgban/override.txt
L 08/18/2015 - 20:04:45: -------- Mapchange to zm_assault_attack --------
L 08/18/2015 - 20:04:46: [extreme_bancfg2.amxx] addons/amxmodx/configs/cfgban/override.txt
L 08/18/2015 - 20:32:57: -------- Mapchange to zm_restart_v3 --------
L 08/18/2015 - 20:32:59: [extreme_bancfg2.amxx] addons/amxmodx/configs/cfgban/override.txt
L 08/18/2015 - 21:01:10: -------- Mapchange to zm_death_alley --------
L 08/18/2015 - 21:01:11: [extreme_bancfg2.amxx] addons/amxmodx/configs/cfgban/override.txt
L 08/18/2015 - 21:29:23: -------- Mapchange to zm_assault_shadow --------
L 08/18/2015 - 21:29:24: [extreme_bancfg2.amxx] addons/amxmodx/configs/cfgban/override.txt
L 08/18/2015 - 21:57:35: -------- Mapchange to zm_zod_aztec --------
L 08/18/2015 - 21:57:36: [extreme_bancfg2.amxx] addons/amxmodx/configs/cfgban/override.txt
L 08/18/2015 - 22:25:48: -------- Mapchange to zm_blocks --------
L 08/18/2015 - 22:25:48: [extreme_bancfg2.amxx] addons/amxmodx/configs/cfgban/override.txt
L 08/18/2015 - 22:54:00: -------- Mapchange to zm_pis2 --------
L 08/18/2015 - 22:54:01: [extreme_bancfg2.amxx] addons/amxmodx/configs/cfgban/override.txt
L 08/18/2015 - 23:22:13: -------- Mapchange to zm_office --------
L 08/18/2015 - 23:22:14: [extreme_bancfg2.amxx] addons/amxmodx/configs/cfgban/override.txt
L 08/18/2015 - 23:50:26: -------- Mapchange to zm_aztec_temple --------
L 08/18/2015 - 23:50:26: [extreme_bancfg2.amxx] addons/amxmodx/configs/cfgban/override.txt
