L 08/31/2015 - 00:17:38: -------- Mapchange to zm_zHell --------
L 08/31/2015 - 00:17:38: [extreme_bancfg2.amxx] addons/amxmodx/configs/cfgban/override.txt
L 08/31/2015 - 00:45:49: -------- Mapchange to zm_chatoyant --------
L 08/31/2015 - 00:45:50: [extreme_bancfg2.amxx] addons/amxmodx/configs/cfgban/override.txt
L 08/31/2015 - 01:14:02: -------- Mapchange to zm_newzombie --------
L 08/31/2015 - 01:14:03: [extreme_bancfg2.amxx] addons/amxmodx/configs/cfgban/override.txt
L 08/31/2015 - 01:42:15: -------- Mapchange to zm_303 --------
L 08/31/2015 - 01:42:15: [extreme_bancfg2.amxx] addons/amxmodx/configs/cfgban/override.txt
L 08/31/2015 - 02:10:27: -------- Mapchange to zm_grand_hotel --------
L 08/31/2015 - 02:10:27: [extreme_bancfg2.amxx] addons/amxmodx/configs/cfgban/override.txt
L 08/31/2015 - 02:38:38: -------- Mapchange to zm_Snowbase --------
L 08/31/2015 - 02:38:39: [extreme_bancfg2.amxx] addons/amxmodx/configs/cfgban/override.txt
L 08/31/2015 - 03:06:50: -------- Mapchange to zm_westwood_click21 --------
L 08/31/2015 - 03:06:51: [extreme_bancfg2.amxx] addons/amxmodx/configs/cfgban/override.txt
L 08/31/2015 - 03:35:02: -------- Mapchange to zm_reveille --------
L 08/31/2015 - 03:35:03: [extreme_bancfg2.amxx] addons/amxmodx/configs/cfgban/override.txt
L 08/31/2015 - 04:03:14: -------- Mapchange to zm_lost_place --------
L 08/31/2015 - 04:03:14: [extreme_bancfg2.amxx] addons/amxmodx/configs/cfgban/override.txt
L 08/31/2015 - 04:31:26: -------- Mapchange to zm_house_2011 --------
L 08/31/2015 - 04:31:26: [extreme_bancfg2.amxx] addons/amxmodx/configs/cfgban/override.txt
L 08/31/2015 - 04:59:38: -------- Mapchange to zm_newzombie --------
L 08/31/2015 - 04:59:38: [extreme_bancfg2.amxx] addons/amxmodx/configs/cfgban/override.txt
L 08/31/2015 - 05:27:49: -------- Mapchange to zm_infect2_click21 --------
L 08/31/2015 - 05:27:50: [extreme_bancfg2.amxx] addons/amxmodx/configs/cfgban/override.txt
L 08/31/2015 - 05:56:01: -------- Mapchange to zm_zHell --------
L 08/31/2015 - 05:56:01: [extreme_bancfg2.amxx] addons/amxmodx/configs/cfgban/override.txt
L 08/31/2015 - 06:24:12: -------- Mapchange to zm_snowbase3 --------
L 08/31/2015 - 06:24:13: [extreme_bancfg2.amxx] addons/amxmodx/configs/cfgban/override.txt
L 08/31/2015 - 06:52:24: -------- Mapchange to zm_dust2009 --------
L 08/31/2015 - 06:52:24: [extreme_bancfg2.amxx] addons/amxmodx/configs/cfgban/override.txt
L 08/31/2015 - 07:20:39: -------- Mapchange to zm_ojro_dwa --------
L 08/31/2015 - 07:20:39: [extreme_bancfg2.amxx] addons/amxmodx/configs/cfgban/override.txt
L 08/31/2015 - 07:48:57: -------- Mapchange to zm_mansion_mba --------
L 08/31/2015 - 07:49:14: [extreme_bancfg2.amxx] addons/amxmodx/configs/cfgban/override.txt
L 08/31/2015 - 08:17:25: -------- Mapchange to zm_ice_attack --------
L 08/31/2015 - 08:17:26: [extreme_bancfg2.amxx] addons/amxmodx/configs/cfgban/override.txt
L 08/31/2015 - 08:45:37: -------- Mapchange to zm_666_brick --------
L 08/31/2015 - 08:45:38: [extreme_bancfg2.amxx] addons/amxmodx/configs/cfgban/override.txt
L 08/31/2015 - 09:13:49: -------- Mapchange to zm_office --------
L 08/31/2015 - 09:13:49: [extreme_bancfg2.amxx] addons/amxmodx/configs/cfgban/override.txt
L 08/31/2015 - 09:42:01: -------- Mapchange to zm_lost_place --------
L 08/31/2015 - 09:42:02: [extreme_bancfg2.amxx] addons/amxmodx/configs/cfgban/override.txt
L 08/31/2015 - 10:10:14: -------- Mapchange to zm_ilc_resident_evil2 --------
L 08/31/2015 - 10:10:14: [extreme_bancfg2.amxx] addons/amxmodx/configs/cfgban/override.txt
L 08/31/2015 - 10:38:28: -------- Mapchange to zm_newzombie --------
L 08/31/2015 - 10:38:28: [extreme_bancfg2.amxx] addons/amxmodx/configs/cfgban/override.txt
L 08/31/2015 - 10:50:17: -------- Mapchange to zm_Snowbase --------
L 08/31/2015 - 10:50:19: [extreme_bancfg2.amxx] addons/amxmodx/configs/cfgban/override.txt
L 08/31/2015 - 10:54:37: -------- Mapchange to zm_five --------
L 08/31/2015 - 10:54:37: [extreme_bancfg2.amxx] addons/amxmodx/configs/cfgban/override.txt
L 08/31/2015 - 10:59:46: [admin_zm.amxx] Login: "JokeR<35><VALVE_0:4:1635754992><>" kicked due to invalid password (account "JoKeR") (address "89.165.163.107")
L 08/31/2015 - 11:09:20: [admin_zm.amxx] Login: "SwisS<45><STEAM_0:1:100837872><>" kicked due to invalid password (account "SwiSS") (address "109.100.131.170")
L 08/31/2015 - 11:12:55: [admin_zm.amxx] Login: "Sprint<54><STEAM_0:0:110796921><>" kicked due to invalid password (account "Sprint") (address "5.13.157.60")
L 08/31/2015 - 11:12:56: [admin_zm.amxx] Login: "Sprint<55><STEAM_0:0:110796921><>" kicked due to invalid password (account "Sprint") (address "5.13.157.60")
L 08/31/2015 - 11:24:18: [admin_zm.amxx] Login: "SwiSS<49><STEAM_0:1:100837872><>" kicked due to invalid password (account "SwiSS") (address "109.100.131.170")
L 08/31/2015 - 11:24:18: [admin_zm.amxx] Login: "SwiSS<49><STEAM_0:1:100837872><>" kicked due to invalid password (account "SwiSS") (address "109.100.131.170")
L 08/31/2015 - 11:38:27: -------- Mapchange to zm_assault_shadow --------
L 08/31/2015 - 11:38:27: [extreme_bancfg2.amxx] addons/amxmodx/configs/cfgban/override.txt
L 08/31/2015 - 12:09:17: -------- Mapchange to zm_dust_world --------
L 08/31/2015 - 12:09:19: [extreme_bancfg2.amxx] addons/amxmodx/configs/cfgban/override.txt
L 08/31/2015 - 12:09:27: -------- Mapchange to zm_ceronUA --------
L 08/31/2015 - 12:09:27: [extreme_bancfg2.amxx] addons/amxmodx/configs/cfgban/override.txt
L 08/31/2015 - 12:41:31: -------- Mapchange to zm_aztec_defense --------
L 08/31/2015 - 12:41:32: [extreme_bancfg2.amxx] addons/amxmodx/configs/cfgban/override.txt
L 08/31/2015 - 13:12:01: -------- Mapchange to zm_666_brick --------
L 08/31/2015 - 13:12:01: [extreme_bancfg2.amxx] addons/amxmodx/configs/cfgban/override.txt
L 08/31/2015 - 13:14:08: -------- Mapchange to zm_snowbase3 --------
L 08/31/2015 - 13:14:09: [extreme_bancfg2.amxx] addons/amxmodx/configs/cfgban/override.txt
L 08/31/2015 - 13:36:33: [admin_zm.amxx] Login: "Player<47><STEAM_0:0:17544201><>" kicked due to invalid password (account "Player") (address "31.14.16.9")
L 08/31/2015 - 13:51:49: -------- Mapchange to zm_hewitt_house --------
L 08/31/2015 - 13:51:50: [extreme_bancfg2.amxx] addons/amxmodx/configs/cfgban/override.txt
L 08/31/2015 - 13:56:31: -------- Mapchange to zm_aztec_mini --------
L 08/31/2015 - 13:56:32: [extreme_bancfg2.amxx] addons/amxmodx/configs/cfgban/override.txt
L 08/31/2015 - 14:16:44: -------- Mapchange to zm_ilc_resident_evil2 --------
L 08/31/2015 - 14:16:48: [extreme_bancfg2.amxx] addons/amxmodx/configs/cfgban/override.txt
L 08/31/2015 - 15:02:29: -------- Mapchange to zm_infect2_click21 --------
L 08/31/2015 - 15:02:30: [extreme_bancfg2.amxx] addons/amxmodx/configs/cfgban/override.txt
L 08/31/2015 - 15:22:09: -------- Mapchange to zm_dust_world --------
L 08/31/2015 - 15:22:09: [extreme_bancfg2.amxx] addons/amxmodx/configs/cfgban/override.txt
L 08/31/2015 - 15:22:16: -------- Mapchange to zm_brambor --------
L 08/31/2015 - 15:22:17: [extreme_bancfg2.amxx] addons/amxmodx/configs/cfgban/override.txt
L 08/31/2015 - 15:52:56: -------- Mapchange to zm_westwood --------
L 08/31/2015 - 15:52:56: [extreme_bancfg2.amxx] addons/amxmodx/configs/cfgban/override.txt
L 08/31/2015 - 16:01:24: -------- Mapchange to zm_blocks --------
L 08/31/2015 - 16:01:25: [extreme_bancfg2.amxx] addons/amxmodx/configs/cfgban/override.txt
L 08/31/2015 - 16:24:52: [admin_zm.amxx] Login: "BMW_M3_GTR1<26><VALVE_0:4:878700144><>" kicked due to invalid password (account "BMW_M3_GTR1") (address "89.46.227.193")
L 08/31/2015 - 16:31:59: -------- Mapchange to zm_army --------
L 08/31/2015 - 16:31:59: [extreme_bancfg2.amxx] addons/amxmodx/configs/cfgban/override.txt
L 08/31/2015 - 16:35:44: [zm_vip_extra_buy_survnem.amxx] BMW_M3_GTR1 a cumparat supravietuitor
L 08/31/2015 - 16:41:04: [adminvote.amxx] Vote: "BMW_M3_GTR1<29><VALVE_0:4:878700144><>" vote custom (question "Vreti.mod.armaghedon?") (option#1 "Da") (option#2 "Nu")
L 08/31/2015 - 16:41:25: [adminchat.amxx] Chat: "BMW_M3_GTR1<29><VALVE_0:4:878700144><>" tsay "A iesit 1 Adik da, next mod armaghedon!"
L 08/31/2015 - 16:41:26: [adminvote.amxx] Vote: Votarea a avut loc cu succes (got "5") (needed "1") (result "Vreti.mod.armaghedon? - Da")
L 08/31/2015 - 16:43:03: [adminchat.amxx] Chat: "Andu          ,          .<22><STEAM_0:0:721999534><>" chat " IDIN NOU"
L 08/31/2015 - 16:43:57: [adminchat.amxx] Chat: "Andu          ,          .<22><STEAM_0:0:721999534><>" chat " DIN NO"
L 08/31/2015 - 16:44:07: [adminchat.amxx] Chat: "BMW_M3_GTR1<29><VALVE_0:4:878700144><>" tsay "C Vreti mod asasin vs sniper ?"
L 08/31/2015 - 16:44:18: [adminchat.amxx] Chat: "Andu          ,          .<22><STEAM_0:0:721999534><>" chat " NU"
L 08/31/2015 - 16:44:24: [adminchat.amxx] Chat: "Andu          ,          .<22><STEAM_0:0:721999534><>" chat " SUPRA"
L 08/31/2015 - 16:44:42: [adminvote.amxx] Vote: "BMW_M3_GTR1<29><VALVE_0:4:878700144><>" vote custom (question "vreti.mod.armaghedon?") (option#1 "da") (option#2 "nu")
L 08/31/2015 - 16:45:04: [adminvote.amxx] Vote: Votarea a avut loc cu succes (got "4") (needed "1") (result "vreti.mod.armaghedon? - da")
L 08/31/2015 - 16:45:21: [adminchat.amxx] Chat: "BMW_M3_GTR1<29><VALVE_0:4:878700144><>" tsay "Ultimul mod next ca am iesit!"
L 08/31/2015 - 16:46:11: [adminchat.amxx] Chat: "BMW_M3_GTR1<29><VALVE_0:4:878700144><>" tsay "Ultimul mod"
L 08/31/2015 - 16:57:19: [admin_zm.amxx] Login: "GRr3<43><STEAM_0:0:17544201><>" kicked due to invalid password (account "GRr3") (address "31.14.16.9")
L 08/31/2015 - 17:02:21: -------- Mapchange to zm_office --------
L 08/31/2015 - 17:02:22: [extreme_bancfg2.amxx] addons/amxmodx/configs/cfgban/override.txt
L 08/31/2015 - 17:31:07: [admin_zm.amxx] Login: "BMW_M3_GTR1<56><VALVE_0:4:878700144><>" kicked due to invalid password (account "BMW_M3_GTR1") (address "89.46.227.193")
L 08/31/2015 - 17:35:45: -------- Mapchange to zm_666_brick --------
L 08/31/2015 - 17:35:45: [extreme_bancfg2.amxx] addons/amxmodx/configs/cfgban/override.txt
L 08/31/2015 - 18:07:39: -------- Mapchange to zm_dust2009 --------
L 08/31/2015 - 18:07:40: [extreme_bancfg2.amxx] addons/amxmodx/configs/cfgban/override.txt
L 08/31/2015 - 18:36:21: -------- Mapchange to zm_foda --------
L 08/31/2015 - 18:36:22: [extreme_bancfg2.amxx] addons/amxmodx/configs/cfgban/override.txt
L 08/31/2015 - 19:04:33: -------- Mapchange to zm_zHell --------
L 08/31/2015 - 19:04:34: [extreme_bancfg2.amxx] addons/amxmodx/configs/cfgban/override.txt
L 08/31/2015 - 19:32:45: -------- Mapchange to zm_hewitt_house --------
L 08/31/2015 - 19:32:45: [extreme_bancfg2.amxx] addons/amxmodx/configs/cfgban/override.txt
L 08/31/2015 - 20:00:57: -------- Mapchange to zm_westwood --------
L 08/31/2015 - 20:00:57: [extreme_bancfg2.amxx] addons/amxmodx/configs/cfgban/override.txt
L 08/31/2015 - 20:29:09: -------- Mapchange to zm_snowbase3 --------
L 08/31/2015 - 20:29:09: [extreme_bancfg2.amxx] addons/amxmodx/configs/cfgban/override.txt
L 08/31/2015 - 20:59:09: [admin_zm.amxx] Login: "SwisS<97><STEAM_0:1:100837872><>" kicked due to invalid password (account "SwiSS") (address "109.100.131.170")
L 08/31/2015 - 21:15:26: [admin_zm.amxx] Login: "SM-Player<100><STEAM_0:0:1384777667><>" kicked due to invalid password (account "Sm-Player") (address "92.86.30.90")
L 08/31/2015 - 21:18:58: -------- Mapchange to zm_dust_world --------
L 08/31/2015 - 21:18:59: [extreme_bancfg2.amxx] addons/amxmodx/configs/cfgban/override.txt
L 08/31/2015 - 21:19:05: -------- Mapchange to zm_restart_v3 --------
L 08/31/2015 - 21:19:06: [extreme_bancfg2.amxx] addons/amxmodx/configs/cfgban/override.txt
L 08/31/2015 - 21:25:20: [admin_zm.amxx] Login: "Cristian<1><VALVE_0:4:1315527666><>" kicked due to invalid password (account "Cristian") (address "92.85.142.53")
L 08/31/2015 - 21:33:48: [admin_zm.amxx] Login: "Cristian<7><VALVE_0:4:1315527666><>" kicked due to invalid password (account "Cristian") (address "92.85.142.53")
L 08/31/2015 - 22:01:33: -------- Mapchange to zm_humans --------
L 08/31/2015 - 22:01:34: [extreme_bancfg2.amxx] addons/amxmodx/configs/cfgban/override.txt
L 08/31/2015 - 22:44:15: -------- Mapchange to zm_heal_dust2 --------
L 08/31/2015 - 22:44:16: [extreme_bancfg2.amxx] addons/amxmodx/configs/cfgban/override.txt
L 08/31/2015 - 22:52:43: [admin_zm.amxx] Login: "A_L_E_X<26><STEAM_0:0:1245423730><>" kicked due to invalid password (account "A_L_E_X") (address "5.14.61.88")
L 08/31/2015 - 23:15:12: -------- Mapchange to zm_death_alley --------
L 08/31/2015 - 23:15:13: [extreme_bancfg2.amxx] addons/amxmodx/configs/cfgban/override.txt
L 08/31/2015 - 23:26:37: [admin_zm.amxx] Login: "Alex<29><STEAM_0:0:177633955><>" kicked due to invalid password (account "Alex") (address "79.119.233.118")
