L 09/03/2015 - 00:04:35: [admin_zm.amxx] Login: "Killer<222><STEAM_0:0:1815008256><>" kicked due to invalid password (account "killer") (address "92.83.118.186")
L 09/03/2015 - 00:41:32: -------- Mapchange to zm_dust_world --------
L 09/03/2015 - 00:41:36: [extreme_bancfg2.amxx] addons/amxmodx/configs/cfgban/override.txt
L 09/03/2015 - 00:41:44: -------- Mapchange to zm_army --------
L 09/03/2015 - 00:41:44: [extreme_bancfg2.amxx] addons/amxmodx/configs/cfgban/override.txt
L 09/03/2015 - 01:11:56: [admin_zm.amxx] Login: "andrei<8><STEAM_0:1:44956142><>" kicked due to invalid password (account "andrei") (address "188.25.83.0")
L 09/03/2015 - 01:12:39: -------- Mapchange to zm_303 --------
L 09/03/2015 - 01:12:40: [extreme_bancfg2.amxx] addons/amxmodx/configs/cfgban/override.txt
L 09/03/2015 - 01:44:06: -------- Mapchange to zm_fear --------
L 09/03/2015 - 01:44:06: [extreme_bancfg2.amxx] addons/amxmodx/configs/cfgban/override.txt
L 09/03/2015 - 02:12:17: -------- Mapchange to zm_foda --------
L 09/03/2015 - 02:12:18: [extreme_bancfg2.amxx] addons/amxmodx/configs/cfgban/override.txt
L 09/03/2015 - 02:40:29: -------- Mapchange to zm_dwarf_ultimate --------
L 09/03/2015 - 02:40:30: [extreme_bancfg2.amxx] addons/amxmodx/configs/cfgban/override.txt
L 09/03/2015 - 03:08:41: -------- Mapchange to zm_snow_mix --------
L 09/03/2015 - 03:08:41: [extreme_bancfg2.amxx] addons/amxmodx/configs/cfgban/override.txt
L 09/03/2015 - 03:36:52: -------- Mapchange to zm_army_tn_beta3 --------
L 09/03/2015 - 03:36:53: [extreme_bancfg2.amxx] addons/amxmodx/configs/cfgban/override.txt
L 09/03/2015 - 04:05:04: -------- Mapchange to zm_vendetta --------
L 09/03/2015 - 04:05:05: [extreme_bancfg2.amxx] addons/amxmodx/configs/cfgban/override.txt
L 09/03/2015 - 04:33:16: -------- Mapchange to zm_lost_place --------
L 09/03/2015 - 04:33:17: [extreme_bancfg2.amxx] addons/amxmodx/configs/cfgban/override.txt
L 09/03/2015 - 05:01:28: -------- Mapchange to zm_reveille --------
L 09/03/2015 - 05:01:29: [extreme_bancfg2.amxx] addons/amxmodx/configs/cfgban/override.txt
L 09/03/2015 - 05:29:40: -------- Mapchange to zm_ilc_resident_evil2 --------
L 09/03/2015 - 05:29:41: [extreme_bancfg2.amxx] addons/amxmodx/configs/cfgban/override.txt
L 09/03/2015 - 05:57:52: -------- Mapchange to zm_chatoyant --------
L 09/03/2015 - 05:57:53: [extreme_bancfg2.amxx] addons/amxmodx/configs/cfgban/override.txt
L 09/03/2015 - 06:26:04: -------- Mapchange to zm_zod_aztec --------
L 09/03/2015 - 06:26:04: [extreme_bancfg2.amxx] addons/amxmodx/configs/cfgban/override.txt
L 09/03/2015 - 06:54:16: -------- Mapchange to zm_zod_fortuna --------
L 09/03/2015 - 06:54:16: [extreme_bancfg2.amxx] addons/amxmodx/configs/cfgban/override.txt
L 09/03/2015 - 07:22:32: -------- Mapchange to zm_infect2_click21 --------
L 09/03/2015 - 07:22:33: [extreme_bancfg2.amxx] addons/amxmodx/configs/cfgban/override.txt
L 09/03/2015 - 07:50:48: -------- Mapchange to zm_dust_jasionka --------
L 09/03/2015 - 07:51:08: [extreme_bancfg2.amxx] addons/amxmodx/configs/cfgban/override.txt
L 09/03/2015 - 08:19:24: -------- Mapchange to zm_toxic_house2 --------
L 09/03/2015 - 08:19:25: [extreme_bancfg2.amxx] addons/amxmodx/configs/cfgban/override.txt
L 09/03/2015 - 08:47:36: -------- Mapchange to zm_lost_place --------
L 09/03/2015 - 08:47:37: [extreme_bancfg2.amxx] addons/amxmodx/configs/cfgban/override.txt
L 09/03/2015 - 09:07:50: -------- Mapchange to zm_ceronUA --------
L 09/03/2015 - 09:07:51: [extreme_bancfg2.amxx] addons/amxmodx/configs/cfgban/override.txt
L 09/03/2015 - 09:36:05: -------- Mapchange to zm_grand_hotel --------
L 09/03/2015 - 09:36:06: [extreme_bancfg2.amxx] addons/amxmodx/configs/cfgban/override.txt
L 09/03/2015 - 10:14:59: [admin_zm.amxx] Login: "PRO-Player-FL<32><STEAM_0:0:731660777><>" kicked due to invalid password (account "PRO-Player-Fl") (address "89.35.249.207")
L 09/03/2015 - 10:29:33: -------- Mapchange to zm_army_tn_beta3 --------
L 09/03/2015 - 10:29:34: [extreme_bancfg2.amxx] addons/amxmodx/configs/cfgban/override.txt
L 09/03/2015 - 10:57:45: -------- Mapchange to zm_dust2009 --------
L 09/03/2015 - 10:57:45: [extreme_bancfg2.amxx] addons/amxmodx/configs/cfgban/override.txt
L 09/03/2015 - 11:12:55: -------- Mapchange to zm_assault_shadow --------
L 09/03/2015 - 11:12:56: [extreme_bancfg2.amxx] addons/amxmodx/configs/cfgban/override.txt
L 09/03/2015 - 11:27:38: -------- Mapchange to zm_foda --------
L 09/03/2015 - 11:27:39: [extreme_bancfg2.amxx] addons/amxmodx/configs/cfgban/override.txt
L 09/03/2015 - 11:36:03: -------- Mapchange to zm_blocks --------
L 09/03/2015 - 11:36:03: [extreme_bancfg2.amxx] addons/amxmodx/configs/cfgban/override.txt
L 09/03/2015 - 11:49:15: [admin_zm.amxx] Login: "PRO-Player-FL<56><STEAM_0:0:579120580><>" kicked due to invalid password (account "PRO-Player-Fl") (address "5.12.78.88")
L 09/03/2015 - 11:50:29: -------- Mapchange to zm_hewitt_house --------
L 09/03/2015 - 11:50:30: [extreme_bancfg2.amxx] addons/amxmodx/configs/cfgban/override.txt
L 09/03/2015 - 12:18:42: -------- Mapchange to zm_fortuna --------
L 09/03/2015 - 12:18:43: [extreme_bancfg2.amxx] addons/amxmodx/configs/cfgban/override.txt
L 09/03/2015 - 12:32:42: [admin_zm.amxx] Login: "ALex<61><STEAM_0:0:579120580><>" kicked due to invalid password (account "Alex") (address "5.12.78.88")
L 09/03/2015 - 12:46:54: -------- Mapchange to zm_ice_attack --------
L 09/03/2015 - 12:46:54: [extreme_bancfg2.amxx] addons/amxmodx/configs/cfgban/override.txt
L 09/03/2015 - 13:10:59: [admincmd.amxx] Cmd: "BMW_M3_GTR1<68><VALVE_0:4:1680595450><>" changelevel "zm_aztec_defense"
L 09/03/2015 - 13:11:01: -------- Mapchange to zm_aztec_defense --------
L 09/03/2015 - 13:11:02: [extreme_bancfg2.amxx] addons/amxmodx/configs/cfgban/override.txt
L 09/03/2015 - 13:17:37: [adminchat.amxx] Chat: "BMW_M3_GTR1<68><VALVE_0:4:1680595450><>" tsay "Nu uitati mai am 1 runda de kill"
L 09/03/2015 - 13:23:19: [admin_zm.amxx] Login: "alexandru<75><STEAM_0:0:67937460><>" kicked due to invalid password (account "alexandru") (address "46.223.129.9")
L 09/03/2015 - 13:27:53: [admin_zm.amxx] Login: "Killer<76><STEAM_0:0:1815008256><>" kicked due to invalid password (account "killer") (address "109.96.55.180")
L 09/03/2015 - 13:39:21: [adminchat.amxx] Chat: "Andu          ,          .<81><STEAM_0:0:721999534><>" chat " BMW"
L 09/03/2015 - 13:43:03: -------- Mapchange to zm_dust_world --------
L 09/03/2015 - 13:43:06: [extreme_bancfg2.amxx] addons/amxmodx/configs/cfgban/override.txt
L 09/03/2015 - 13:43:15: -------- Mapchange to zm_humans --------
L 09/03/2015 - 13:43:15: [extreme_bancfg2.amxx] addons/amxmodx/configs/cfgban/override.txt
L 09/03/2015 - 14:11:42: -------- Mapchange to zm_zod_aztec --------
L 09/03/2015 - 14:11:42: [extreme_bancfg2.amxx] addons/amxmodx/configs/cfgban/override.txt
L 09/03/2015 - 15:05:21: -------- Mapchange to zm_grand_hotel --------
L 09/03/2015 - 15:05:22: [extreme_bancfg2.amxx] addons/amxmodx/configs/cfgban/override.txt
L 09/03/2015 - 15:32:24: [admin_zm.amxx] Login: "Sprint<39><STEAM_0:0:110796921><>" kicked due to invalid password (account "Sprint") (address "5.13.157.60")
L 09/03/2015 - 15:37:48: [admin_zm.amxx] Login: "Sprint<42><STEAM_0:0:110796921><>" kicked due to invalid password (account "Sprint") (address "5.13.157.60")
L 09/03/2015 - 15:38:47: -------- Mapchange to zm_aztec_mini --------
L 09/03/2015 - 15:38:48: [extreme_bancfg2.amxx] addons/amxmodx/configs/cfgban/override.txt
L 09/03/2015 - 16:07:29: -------- Mapchange to zm_assault_attack --------
L 09/03/2015 - 16:07:30: [extreme_bancfg2.amxx] addons/amxmodx/configs/cfgban/override.txt
L 09/03/2015 - 16:14:53: [admin_zm.amxx] Login: "KinG^Of^Legend<51><STEAM_0:0:1029534472><>" kicked due to invalid password (account "KinG^Of^Legend") (address "91.90.121.78")
L 09/03/2015 - 16:21:06: [admin_zm.amxx] Login: "Sprint<59><STEAM_0:0:110796921><>" kicked due to invalid password (account "Sprint") (address "5.13.157.60")
L 09/03/2015 - 16:32:23: -------- Mapchange to zm_house_2011 --------
L 09/03/2015 - 16:32:24: [extreme_bancfg2.amxx] addons/amxmodx/configs/cfgban/override.txt
L 09/03/2015 - 16:35:18: -------- Mapchange to zm_heal_dust2 --------
L 09/03/2015 - 16:35:18: [extreme_bancfg2.amxx] addons/amxmodx/configs/cfgban/override.txt
L 09/03/2015 - 16:38:33: -------- Mapchange to zm_ojro_dwa --------
L 09/03/2015 - 16:38:34: [extreme_bancfg2.amxx] addons/amxmodx/configs/cfgban/override.txt
L 09/03/2015 - 16:40:20: -------- Mapchange to zm_aztec_defense --------
L 09/03/2015 - 16:40:20: [extreme_bancfg2.amxx] addons/amxmodx/configs/cfgban/override.txt
L 09/03/2015 - 16:43:26: -------- Mapchange to zm_lost_place --------
L 09/03/2015 - 16:43:27: [extreme_bancfg2.amxx] addons/amxmodx/configs/cfgban/override.txt
L 09/03/2015 - 16:46:39: [admin_zm.amxx] Login: "PRO-Player-FL<76><STEAM_0:0:840365229><>" kicked due to invalid password (account "PRO-Player-Fl") (address "5.14.17.145")
L 09/03/2015 - 16:54:00: -------- Mapchange to zm_ceronUA --------
L 09/03/2015 - 16:54:00: [extreme_bancfg2.amxx] addons/amxmodx/configs/cfgban/override.txt
L 09/03/2015 - 17:14:27: [admin_zm.amxx] Login: "RCPlayer-Lant<87><VALVE_0:4:501818812><>" kicked due to invalid password (account "RCPlayer-Lant") (address "193.169.142.146")
L 09/03/2015 - 17:26:09: -------- Mapchange to zm_snowbase3 --------
L 09/03/2015 - 17:26:10: [extreme_bancfg2.amxx] addons/amxmodx/configs/cfgban/override.txt
L 09/03/2015 - 17:49:11: -------- Mapchange to zm_hewitt_house --------
L 09/03/2015 - 17:49:12: [extreme_bancfg2.amxx] addons/amxmodx/configs/cfgban/override.txt
L 09/03/2015 - 17:52:05: -------- Mapchange to zm_newzombie --------
L 09/03/2015 - 17:52:05: [extreme_bancfg2.amxx] addons/amxmodx/configs/cfgban/override.txt
L 09/03/2015 - 18:27:01: -------- Mapchange to zm_Snowbase --------
L 09/03/2015 - 18:27:02: [extreme_bancfg2.amxx] addons/amxmodx/configs/cfgban/override.txt
L 09/03/2015 - 18:55:14: -------- Mapchange to zm_mansion_mba --------
L 09/03/2015 - 18:55:15: [extreme_bancfg2.amxx] addons/amxmodx/configs/cfgban/override.txt
L 09/03/2015 - 19:23:26: -------- Mapchange to zm_zHell --------
L 09/03/2015 - 19:23:27: [extreme_bancfg2.amxx] addons/amxmodx/configs/cfgban/override.txt
L 09/03/2015 - 19:51:38: -------- Mapchange to zm_666_brick --------
L 09/03/2015 - 19:51:39: [extreme_bancfg2.amxx] addons/amxmodx/configs/cfgban/override.txt
L 09/03/2015 - 20:11:17: [admin_zm.amxx] Login: "cristi<109><STEAM_0:0:857732413><>" kicked due to invalid password (account "cristi") (address "92.80.6.229")
L 09/03/2015 - 20:11:22: [admin_zm.amxx] Login: "cristi<110><STEAM_0:0:857732413><>" kicked due to invalid password (account "cristi") (address "92.80.6.229")
L 09/03/2015 - 20:11:23: [admin_zm.amxx] Login: "cristi<111><STEAM_0:0:857732413><>" kicked due to invalid password (account "cristi") (address "92.80.6.229")
L 09/03/2015 - 20:11:35: [admin_zm.amxx] Login: "cristi<112><STEAM_0:0:857732413><>" kicked due to invalid password (account "cristi") (address "92.80.6.229")
L 09/03/2015 - 20:19:52: -------- Mapchange to zm_chatoyant --------
L 09/03/2015 - 20:19:59: [extreme_bancfg2.amxx] addons/amxmodx/configs/cfgban/override.txt
L 09/03/2015 - 20:24:05: [admincmd.amxx] Cmd: "BMW_M3_GTR1<114><VALVE_0:4:1680595450><>" changelevel "zm_aztec_defense"
L 09/03/2015 - 20:24:07: -------- Mapchange to zm_aztec_defense --------
L 09/03/2015 - 20:24:08: [extreme_bancfg2.amxx] addons/amxmodx/configs/cfgban/override.txt
L 09/03/2015 - 20:26:41: [admincmd.amxx] Cmd: "BMW_M3_GTR1<114><VALVE_0:4:1680595450><>" ask for players list
L 09/03/2015 - 20:26:51: [admincmd.amxx] Cmd: "BMW_M3_GTR1<114><VALVE_0:4:1680595450><>" slap with 0 damage "BMW_M3_GTR1<114><VALVE_0:4:1680595450><>"
L 09/03/2015 - 20:26:51: [admincmd.amxx] Cmd: "BMW_M3_GTR1<114><VALVE_0:4:1680595450><>" slap with 0 damage "BMW_M3_GTR1<114><VALVE_0:4:1680595450><>"
L 09/03/2015 - 20:26:51: [admincmd.amxx] Cmd: "BMW_M3_GTR1<114><VALVE_0:4:1680595450><>" slap with 0 damage "BMW_M3_GTR1<114><VALVE_0:4:1680595450><>"
L 09/03/2015 - 20:26:52: [admincmd.amxx] Cmd: "BMW_M3_GTR1<114><VALVE_0:4:1680595450><>" slap with 0 damage "BMW_M3_GTR1<114><VALVE_0:4:1680595450><>"
L 09/03/2015 - 20:26:52: [admincmd.amxx] Cmd: "BMW_M3_GTR1<114><VALVE_0:4:1680595450><>" slap with 0 damage "BMW_M3_GTR1<114><VALVE_0:4:1680595450><>"
L 09/03/2015 - 20:26:52: [admincmd.amxx] Cmd: "BMW_M3_GTR1<114><VALVE_0:4:1680595450><>" slap with 0 damage "BMW_M3_GTR1<114><VALVE_0:4:1680595450><>"
L 09/03/2015 - 20:26:52: [admincmd.amxx] Cmd: "BMW_M3_GTR1<114><VALVE_0:4:1680595450><>" slap with 0 damage "BMW_M3_GTR1<114><VALVE_0:4:1680595450><>"
L 09/03/2015 - 20:26:52: [admincmd.amxx] Cmd: "BMW_M3_GTR1<114><VALVE_0:4:1680595450><>" slap with 0 damage "BMW_M3_GTR1<114><VALVE_0:4:1680595450><>"
L 09/03/2015 - 20:26:53: [admincmd.amxx] Cmd: "BMW_M3_GTR1<114><VALVE_0:4:1680595450><>" slap with 0 damage "BMW_M3_GTR1<114><VALVE_0:4:1680595450><>"
L 09/03/2015 - 20:26:53: [admincmd.amxx] Cmd: "BMW_M3_GTR1<114><VALVE_0:4:1680595450><>" slap with 0 damage "BMW_M3_GTR1<114><VALVE_0:4:1680595450><>"
L 09/03/2015 - 20:26:53: [admincmd.amxx] Cmd: "BMW_M3_GTR1<114><VALVE_0:4:1680595450><>" slap with 0 damage "BMW_M3_GTR1<114><VALVE_0:4:1680595450><>"
L 09/03/2015 - 20:26:53: [admincmd.amxx] Cmd: "BMW_M3_GTR1<114><VALVE_0:4:1680595450><>" slap with 0 damage "BMW_M3_GTR1<114><VALVE_0:4:1680595450><>"
L 09/03/2015 - 20:26:54: [admincmd.amxx] Cmd: "BMW_M3_GTR1<114><VALVE_0:4:1680595450><>" slap with 0 damage "BMW_M3_GTR1<114><VALVE_0:4:1680595450><>"
L 09/03/2015 - 20:26:54: [admincmd.amxx] Cmd: "BMW_M3_GTR1<114><VALVE_0:4:1680595450><>" slap with 0 damage "BMW_M3_GTR1<114><VALVE_0:4:1680595450><>"
L 09/03/2015 - 20:26:54: [admincmd.amxx] Cmd: "BMW_M3_GTR1<114><VALVE_0:4:1680595450><>" slap with 0 damage "BMW_M3_GTR1<114><VALVE_0:4:1680595450><>"
L 09/03/2015 - 20:26:54: [admincmd.amxx] Cmd: "BMW_M3_GTR1<114><VALVE_0:4:1680595450><>" slap with 0 damage "BMW_M3_GTR1<114><VALVE_0:4:1680595450><>"
L 09/03/2015 - 20:26:55: [admincmd.amxx] Cmd: "BMW_M3_GTR1<114><VALVE_0:4:1680595450><>" slap with 0 damage "BMW_M3_GTR1<114><VALVE_0:4:1680595450><>"
L 09/03/2015 - 20:26:55: [admincmd.amxx] Cmd: "BMW_M3_GTR1<114><VALVE_0:4:1680595450><>" slap with 0 damage "BMW_M3_GTR1<114><VALVE_0:4:1680595450><>"
L 09/03/2015 - 20:26:55: [admincmd.amxx] Cmd: "BMW_M3_GTR1<114><VALVE_0:4:1680595450><>" slap with 0 damage "BMW_M3_GTR1<114><VALVE_0:4:1680595450><>"
L 09/03/2015 - 20:26:55: [admincmd.amxx] Cmd: "BMW_M3_GTR1<114><VALVE_0:4:1680595450><>" slap with 0 damage "BMW_M3_GTR1<114><VALVE_0:4:1680595450><>"
L 09/03/2015 - 20:26:56: [admincmd.amxx] Cmd: "BMW_M3_GTR1<114><VALVE_0:4:1680595450><>" slap with 0 damage "BMW_M3_GTR1<114><VALVE_0:4:1680595450><>"
L 09/03/2015 - 20:26:56: [admincmd.amxx] Cmd: "BMW_M3_GTR1<114><VALVE_0:4:1680595450><>" slap with 0 damage "BMW_M3_GTR1<114><VALVE_0:4:1680595450><>"
L 09/03/2015 - 20:26:56: [admincmd.amxx] Cmd: "BMW_M3_GTR1<114><VALVE_0:4:1680595450><>" slap with 0 damage "BMW_M3_GTR1<114><VALVE_0:4:1680595450><>"
L 09/03/2015 - 20:26:56: [admincmd.amxx] Cmd: "BMW_M3_GTR1<114><VALVE_0:4:1680595450><>" slap with 0 damage "BMW_M3_GTR1<114><VALVE_0:4:1680595450><>"
L 09/03/2015 - 20:26:57: [admincmd.amxx] Cmd: "BMW_M3_GTR1<114><VALVE_0:4:1680595450><>" slap with 0 damage "BMW_M3_GTR1<114><VALVE_0:4:1680595450><>"
L 09/03/2015 - 20:26:57: [admincmd.amxx] Cmd: "BMW_M3_GTR1<114><VALVE_0:4:1680595450><>" slap with 0 damage "BMW_M3_GTR1<114><VALVE_0:4:1680595450><>"
L 09/03/2015 - 20:26:57: [admincmd.amxx] Cmd: "BMW_M3_GTR1<114><VALVE_0:4:1680595450><>" slap with 0 damage "BMW_M3_GTR1<114><VALVE_0:4:1680595450><>"
L 09/03/2015 - 20:26:57: [admincmd.amxx] Cmd: "BMW_M3_GTR1<114><VALVE_0:4:1680595450><>" slap with 0 damage "BMW_M3_GTR1<114><VALVE_0:4:1680595450><>"
L 09/03/2015 - 20:26:58: [admincmd.amxx] Cmd: "BMW_M3_GTR1<114><VALVE_0:4:1680595450><>" slap with 0 damage "BMW_M3_GTR1<114><VALVE_0:4:1680595450><>"
L 09/03/2015 - 20:26:58: [admincmd.amxx] Cmd: "BMW_M3_GTR1<114><VALVE_0:4:1680595450><>" slap with 0 damage "BMW_M3_GTR1<114><VALVE_0:4:1680595450><>"
L 09/03/2015 - 20:26:58: [admincmd.amxx] Cmd: "BMW_M3_GTR1<114><VALVE_0:4:1680595450><>" slap with 0 damage "BMW_M3_GTR1<114><VALVE_0:4:1680595450><>"
L 09/03/2015 - 20:26:58: [admincmd.amxx] Cmd: "BMW_M3_GTR1<114><VALVE_0:4:1680595450><>" slap with 0 damage "BMW_M3_GTR1<114><VALVE_0:4:1680595450><>"
L 09/03/2015 - 20:26:58: [admincmd.amxx] Cmd: "BMW_M3_GTR1<114><VALVE_0:4:1680595450><>" slap with 0 damage "BMW_M3_GTR1<114><VALVE_0:4:1680595450><>"
L 09/03/2015 - 20:26:59: [admincmd.amxx] Cmd: "BMW_M3_GTR1<114><VALVE_0:4:1680595450><>" slap with 0 damage "BMW_M3_GTR1<114><VALVE_0:4:1680595450><>"
L 09/03/2015 - 20:26:59: [admincmd.amxx] Cmd: "BMW_M3_GTR1<114><VALVE_0:4:1680595450><>" slap with 0 damage "BMW_M3_GTR1<114><VALVE_0:4:1680595450><>"
L 09/03/2015 - 20:26:59: [admincmd.amxx] Cmd: "BMW_M3_GTR1<114><VALVE_0:4:1680595450><>" slap with 0 damage "BMW_M3_GTR1<114><VALVE_0:4:1680595450><>"
L 09/03/2015 - 20:26:59: [admincmd.amxx] Cmd: "BMW_M3_GTR1<114><VALVE_0:4:1680595450><>" slap with 0 damage "BMW_M3_GTR1<114><VALVE_0:4:1680595450><>"
L 09/03/2015 - 20:27:02: [admincmd.amxx] Cmd: "BMW_M3_GTR1<114><VALVE_0:4:1680595450><>" slap with 0 damage "BMW_M3_GTR1<114><VALVE_0:4:1680595450><>"
L 09/03/2015 - 20:27:02: [admincmd.amxx] Cmd: "BMW_M3_GTR1<114><VALVE_0:4:1680595450><>" slap with 0 damage "BMW_M3_GTR1<114><VALVE_0:4:1680595450><>"
L 09/03/2015 - 20:27:02: [admincmd.amxx] Cmd: "BMW_M3_GTR1<114><VALVE_0:4:1680595450><>" slap with 0 damage "BMW_M3_GTR1<114><VALVE_0:4:1680595450><>"
L 09/03/2015 - 20:27:03: [admincmd.amxx] Cmd: "BMW_M3_GTR1<114><VALVE_0:4:1680595450><>" slap with 0 damage "BMW_M3_GTR1<114><VALVE_0:4:1680595450><>"
L 09/03/2015 - 20:27:03: [admincmd.amxx] Cmd: "BMW_M3_GTR1<114><VALVE_0:4:1680595450><>" slap with 0 damage "BMW_M3_GTR1<114><VALVE_0:4:1680595450><>"
L 09/03/2015 - 20:27:03: [admincmd.amxx] Cmd: "BMW_M3_GTR1<114><VALVE_0:4:1680595450><>" slap with 0 damage "BMW_M3_GTR1<114><VALVE_0:4:1680595450><>"
L 09/03/2015 - 20:27:03: [admincmd.amxx] Cmd: "BMW_M3_GTR1<114><VALVE_0:4:1680595450><>" slap with 0 damage "BMW_M3_GTR1<114><VALVE_0:4:1680595450><>"
L 09/03/2015 - 20:27:04: [admincmd.amxx] Cmd: "BMW_M3_GTR1<114><VALVE_0:4:1680595450><>" slap with 0 damage "BMW_M3_GTR1<114><VALVE_0:4:1680595450><>"
L 09/03/2015 - 20:27:04: [admincmd.amxx] Cmd: "BMW_M3_GTR1<114><VALVE_0:4:1680595450><>" slap with 0 damage "BMW_M3_GTR1<114><VALVE_0:4:1680595450><>"
L 09/03/2015 - 20:27:04: [admincmd.amxx] Cmd: "BMW_M3_GTR1<114><VALVE_0:4:1680595450><>" slap with 0 damage "BMW_M3_GTR1<114><VALVE_0:4:1680595450><>"
L 09/03/2015 - 20:27:04: [admincmd.amxx] Cmd: "BMW_M3_GTR1<114><VALVE_0:4:1680595450><>" slap with 0 damage "BMW_M3_GTR1<114><VALVE_0:4:1680595450><>"
L 09/03/2015 - 20:27:05: [admincmd.amxx] Cmd: "BMW_M3_GTR1<114><VALVE_0:4:1680595450><>" slap with 0 damage "BMW_M3_GTR1<114><VALVE_0:4:1680595450><>"
L 09/03/2015 - 20:27:05: [admincmd.amxx] Cmd: "BMW_M3_GTR1<114><VALVE_0:4:1680595450><>" slap with 0 damage "BMW_M3_GTR1<114><VALVE_0:4:1680595450><>"
L 09/03/2015 - 20:27:05: [admincmd.amxx] Cmd: "BMW_M3_GTR1<114><VALVE_0:4:1680595450><>" slap with 0 damage "BMW_M3_GTR1<114><VALVE_0:4:1680595450><>"
L 09/03/2015 - 20:52:19: -------- Mapchange to zm_vendetta --------
L 09/03/2015 - 20:52:20: [extreme_bancfg2.amxx] addons/amxmodx/configs/cfgban/override.txt
L 09/03/2015 - 20:59:57: [admin_zm.amxx] Login: "PRO-Player-FL<117><STEAM_0:0:840365229><>" kicked due to invalid password (account "PRO-Player-Fl") (address "5.14.17.145")
L 09/03/2015 - 21:13:08: [admin_zm.amxx] Login: "Player[www.resursecs.com]<121><VALVE_0:4:1248254322><>" kicked due to invalid password (account "Player[www.resursecs.com]") (address "92.80.145.61")
L 09/03/2015 - 21:13:58: [admin_zm.amxx] Login: "Player[www.resursecs.com]<122><VALVE_0:4:1248254322><>" kicked due to invalid password (account "Player[www.resursecs.com]") (address "92.80.145.61")
L 09/03/2015 - 21:14:57: [admin_zm.amxx] Login: "Player[www.resursecs.com]<123><VALVE_0:4:1248254322><>" kicked due to invalid password (account "Player[www.resursecs.com]") (address "92.80.145.61")
L 09/03/2015 - 21:18:53: -------- Mapchange to zm_dust_world --------
L 09/03/2015 - 21:18:54: [extreme_bancfg2.amxx] addons/amxmodx/configs/cfgban/override.txt
L 09/03/2015 - 21:19:00: -------- Mapchange to zm_assault_attack --------
L 09/03/2015 - 21:19:00: [extreme_bancfg2.amxx] addons/amxmodx/configs/cfgban/override.txt
L 09/03/2015 - 21:53:12: -------- Mapchange to zm_castle_siege2 --------
L 09/03/2015 - 21:53:13: [extreme_bancfg2.amxx] addons/amxmodx/configs/cfgban/override.txt
L 09/03/2015 - 22:25:39: -------- Mapchange to zm_zod_aztec --------
L 09/03/2015 - 22:25:40: [extreme_bancfg2.amxx] addons/amxmodx/configs/cfgban/override.txt
L 09/03/2015 - 22:53:51: -------- Mapchange to zm_dust2-final_click21 --------
L 09/03/2015 - 22:53:52: [extreme_bancfg2.amxx] addons/amxmodx/configs/cfgban/override.txt
L 09/03/2015 - 23:27:34: -------- Mapchange to zm_dwarf_ultimate --------
L 09/03/2015 - 23:27:34: [extreme_bancfg2.amxx] addons/amxmodx/configs/cfgban/override.txt
