L 09/09/2015 - 00:04:15: -------- Mapchange to zm_inferno --------
L 09/09/2015 - 00:04:16: [extreme_bancfg2.amxx] addons/amxmodx/configs/cfgban/override.txt
L 09/09/2015 - 00:32:27: -------- Mapchange to zm_infect2_click21 --------
L 09/09/2015 - 00:32:27: [extreme_bancfg2.amxx] addons/amxmodx/configs/cfgban/override.txt
L 09/09/2015 - 00:46:13: [admin_zm.amxx] Login: "BuLLeT^^<49><VALVE_0:4:1280265211><>" kicked due to invalid password (account "BuLLeT^^") (address "79.117.194.49")
L 09/09/2015 - 01:00:38: -------- Mapchange to zm_electro_winter --------
L 09/09/2015 - 01:00:39: [extreme_bancfg2.amxx] addons/amxmodx/configs/cfgban/override.txt
L 09/09/2015 - 01:28:50: -------- Mapchange to zm_303 --------
L 09/09/2015 - 01:28:50: [extreme_bancfg2.amxx] addons/amxmodx/configs/cfgban/override.txt
L 09/09/2015 - 01:57:02: -------- Mapchange to zm_fortuna --------
L 09/09/2015 - 01:57:02: [extreme_bancfg2.amxx] addons/amxmodx/configs/cfgban/override.txt
L 09/09/2015 - 02:00:26: [admin_zm.amxx] Login: "BuLLeT^^<50><VALVE_0:4:1280265211><>" kicked due to invalid password (account "BuLLeT^^") (address "79.117.194.49")
L 09/09/2015 - 02:25:13: -------- Mapchange to zm_Snowbase --------
L 09/09/2015 - 02:25:14: [extreme_bancfg2.amxx] addons/amxmodx/configs/cfgban/override.txt
L 09/09/2015 - 02:53:25: -------- Mapchange to zm_vendetta --------
L 09/09/2015 - 02:53:25: [extreme_bancfg2.amxx] addons/amxmodx/configs/cfgban/override.txt
L 09/09/2015 - 03:21:37: -------- Mapchange to zm_house_2011 --------
L 09/09/2015 - 03:21:37: [extreme_bancfg2.amxx] addons/amxmodx/configs/cfgban/override.txt
L 09/09/2015 - 03:49:48: -------- Mapchange to zm_zod_aztec --------
L 09/09/2015 - 03:49:49: [extreme_bancfg2.amxx] addons/amxmodx/configs/cfgban/override.txt
L 09/09/2015 - 04:18:00: -------- Mapchange to zm_five --------
L 09/09/2015 - 04:18:01: [extreme_bancfg2.amxx] addons/amxmodx/configs/cfgban/override.txt
L 09/09/2015 - 04:46:12: -------- Mapchange to zm_chatoyant --------
L 09/09/2015 - 04:46:12: [extreme_bancfg2.amxx] addons/amxmodx/configs/cfgban/override.txt
L 09/09/2015 - 05:14:23: -------- Mapchange to zm_restart_v3 --------
L 09/09/2015 - 05:14:24: [extreme_bancfg2.amxx] addons/amxmodx/configs/cfgban/override.txt
L 09/09/2015 - 05:42:35: -------- Mapchange to zm_pis2 --------
L 09/09/2015 - 05:42:35: [extreme_bancfg2.amxx] addons/amxmodx/configs/cfgban/override.txt
L 09/09/2015 - 06:10:47: -------- Mapchange to zm_assault_attack --------
L 09/09/2015 - 06:10:47: [extreme_bancfg2.amxx] addons/amxmodx/configs/cfgban/override.txt
L 09/09/2015 - 06:38:58: -------- Mapchange to zm_zHell --------
L 09/09/2015 - 06:38:59: [extreme_bancfg2.amxx] addons/amxmodx/configs/cfgban/override.txt
L 09/09/2015 - 07:07:11: -------- Mapchange to zm_dwarf --------
L 09/09/2015 - 07:07:14: [extreme_bancfg2.amxx] addons/amxmodx/configs/cfgban/override.txt
L 09/09/2015 - 07:35:31: -------- Mapchange to zm_ice_attack --------
L 09/09/2015 - 07:35:47: [extreme_bancfg2.amxx] addons/amxmodx/configs/cfgban/override.txt
L 09/09/2015 - 08:04:02: -------- Mapchange to zm_303 --------
L 09/09/2015 - 08:04:02: [extreme_bancfg2.amxx] addons/amxmodx/configs/cfgban/override.txt
L 09/09/2015 - 08:32:13: -------- Mapchange to zm_blocks --------
L 09/09/2015 - 08:32:14: [extreme_bancfg2.amxx] addons/amxmodx/configs/cfgban/override.txt
L 09/09/2015 - 09:00:26: -------- Mapchange to zm_ojro_dwa --------
L 09/09/2015 - 09:00:26: [extreme_bancfg2.amxx] addons/amxmodx/configs/cfgban/override.txt
L 09/09/2015 - 09:32:53: -------- Mapchange to zm_dust2snow_2011 --------
L 09/09/2015 - 09:32:53: [extreme_bancfg2.amxx] addons/amxmodx/configs/cfgban/override.txt
L 09/09/2015 - 10:01:05: -------- Mapchange to zm_Snowbase --------
L 09/09/2015 - 10:01:05: [extreme_bancfg2.amxx] addons/amxmodx/configs/cfgban/override.txt
L 09/09/2015 - 10:29:17: -------- Mapchange to zm_westwood --------
L 09/09/2015 - 10:29:17: [extreme_bancfg2.amxx] addons/amxmodx/configs/cfgban/override.txt
L 09/09/2015 - 10:53:35: -------- Mapchange to zm_reveille --------
L 09/09/2015 - 10:53:36: [extreme_bancfg2.amxx] addons/amxmodx/configs/cfgban/override.txt
L 09/09/2015 - 11:00:15: -------- Mapchange to zm_run_while_u_can --------
L 09/09/2015 - 11:00:16: [extreme_bancfg2.amxx] addons/amxmodx/configs/cfgban/override.txt
L 09/09/2015 - 11:28:27: -------- Mapchange to zm_fortuna --------
L 09/09/2015 - 11:28:28: [extreme_bancfg2.amxx] addons/amxmodx/configs/cfgban/override.txt
L 09/09/2015 - 12:01:52: -------- Mapchange to zm_dust2009 --------
L 09/09/2015 - 12:01:53: [extreme_bancfg2.amxx] addons/amxmodx/configs/cfgban/override.txt
L 09/09/2015 - 12:08:38: -------- Mapchange to zm_inferno --------
L 09/09/2015 - 12:08:39: [extreme_bancfg2.amxx] addons/amxmodx/configs/cfgban/override.txt
L 09/09/2015 - 12:17:02: -------- Mapchange to zm_aztec_defense --------
L 09/09/2015 - 12:17:03: [extreme_bancfg2.amxx] addons/amxmodx/configs/cfgban/override.txt
L 09/09/2015 - 12:25:26: [admin_zm.amxx] Login: "Dragos^^<113><VALVE_0:4:1787344368><>" kicked due to invalid password (account "Dragos^^") (address "89.137.77.124")
L 09/09/2015 - 12:35:39: [zm_vip_extra_buy_survnem.amxx] btn^andrey a cumparat nemesis
L 09/09/2015 - 12:50:10: -------- Mapchange to zm_ceronUA --------
L 09/09/2015 - 12:50:11: [extreme_bancfg2.amxx] addons/amxmodx/configs/cfgban/override.txt
L 09/09/2015 - 13:22:09: -------- Mapchange to zm_assault_attack --------
L 09/09/2015 - 13:22:10: [extreme_bancfg2.amxx] addons/amxmodx/configs/cfgban/override.txt
L 09/09/2015 - 13:33:52: [admin_zm.amxx] Login: "Player<156><STEAM_0:1:17521995><>" kicked due to invalid password (account "Player") (address "31.14.16.10")
L 09/09/2015 - 13:35:37: [admincmd.amxx] Cmd: "Dragos^^<158><STEAM_0:1:17521995><>" changelevel "zm_aztec_defense"
L 09/09/2015 - 13:35:39: -------- Mapchange to zm_aztec_defense --------
L 09/09/2015 - 13:35:40: [extreme_bancfg2.amxx] addons/amxmodx/configs/cfgban/override.txt
L 09/09/2015 - 14:07:13: -------- Mapchange to zm_death_alley --------
L 09/09/2015 - 14:07:14: [extreme_bancfg2.amxx] addons/amxmodx/configs/cfgban/override.txt
L 09/09/2015 - 14:38:06: -------- Mapchange to zm_dwarf --------
L 09/09/2015 - 14:38:06: [extreme_bancfg2.amxx] addons/amxmodx/configs/cfgban/override.txt
L 09/09/2015 - 15:10:30: -------- Mapchange to zm_dust_world --------
L 09/09/2015 - 15:10:31: [extreme_bancfg2.amxx] addons/amxmodx/configs/cfgban/override.txt
L 09/09/2015 - 15:10:39: -------- Mapchange to zm_electro_winter --------
L 09/09/2015 - 15:10:39: [extreme_bancfg2.amxx] addons/amxmodx/configs/cfgban/override.txt
L 09/09/2015 - 15:21:04: [admin_zm.amxx] Login: "PRO-Player-FL<28><STEAM_0:0:840365229><>" kicked due to invalid password (account "PRO-Player-Fl") (address "5.14.90.30")
L 09/09/2015 - 15:26:07: [admin_zm.amxx] Login: "Dragos^^<9><STEAM_0:1:17521995><>" kicked due to invalid password (account "Dragos^^") (address "31.14.16.10")
L 09/09/2015 - 15:26:10: [admin_zm.amxx] Login: "Dragos^^<30><STEAM_0:1:17521995><>" kicked due to invalid password (account "Dragos^^") (address "31.14.16.10")
L 09/09/2015 - 15:26:28: [admin_zm.amxx] Login: "Dragos^^<31><STEAM_0:1:17521995><>" kicked due to invalid password (account "Dragos^^") (address "31.14.16.10")
L 09/09/2015 - 15:36:01: [adminchat.amxx] Chat: "Dragos^^<32><STEAM_0:1:17521995><>" tsay "next mod"
L 09/09/2015 - 15:41:47: -------- Mapchange to zm_dust2snow_2011 --------
L 09/09/2015 - 15:41:48: [extreme_bancfg2.amxx] addons/amxmodx/configs/cfgban/override.txt
L 09/09/2015 - 15:54:59: [admin_zm.amxx] Login: "RCPlayer<47><STEAM_0:0:1793923502><>" kicked due to invalid password (account "RCPlayer") (address "188.25.236.56")
L 09/09/2015 - 15:55:57: [plmenu.amxx] Kick: "Dragos^^<37><STEAM_0:1:17521995><>" kick "GRr3<46><STEAM_0:0:17544201><>"
L 09/09/2015 - 16:02:19: [admin_zm.amxx] Login: "vali<54><STEAM_0:0:739393429><>" kicked due to invalid password (account "vali") (address "86.107.35.127")
L 09/09/2015 - 16:02:29: [admin_zm.amxx] Login: "vali<55><STEAM_0:0:739393429><>" kicked due to invalid password (account "vali") (address "86.107.35.127")
L 09/09/2015 - 16:13:36: -------- Mapchange to zm_westwood_click21 --------
L 09/09/2015 - 16:13:37: [extreme_bancfg2.amxx] addons/amxmodx/configs/cfgban/override.txt
L 09/09/2015 - 16:15:04: [admin_zm.amxx] Login: "PRO-Player-FL<63><STEAM_0:0:840365229><>" kicked due to invalid password (account "PRO-Player-Fl") (address "5.14.90.30")
L 09/09/2015 - 16:20:40: [admincmd.amxx] Cmd: "Dragos^^<65><STEAM_0:1:17521995><>" changelevel "zm_aztec_defense"
L 09/09/2015 - 16:20:43: -------- Mapchange to zm_aztec_defense --------
L 09/09/2015 - 16:20:44: [extreme_bancfg2.amxx] addons/amxmodx/configs/cfgban/override.txt
L 09/09/2015 - 16:26:43: [admin_zm.amxx] Login: "Dragos#<71><STEAM_0:0:17544200><>" kicked due to invalid password (account "Dragos#") (address "31.14.16.8")
L 09/09/2015 - 16:27:03: [admin_zm.amxx] Login: "Dragos#<72><STEAM_0:0:17544200><>" kicked due to invalid password (account "Dragos#") (address "31.14.16.8")
L 09/09/2015 - 16:27:13: [admin_zm.amxx] Login: "Dragos#<73><STEAM_0:0:17544200><>" kicked due to invalid password (account "Dragos#") (address "31.14.16.8")
L 09/09/2015 - 16:41:04: [plmenu.amxx] Kick: "Dragos^^<77><STEAM_0:1:17521995><>" kick ">>Denes<<<86><STEAM_0:0:554975728><>"
L 09/09/2015 - 16:41:04: [plmenu.amxx] Kick: "Dragos^^<77><STEAM_0:1:17521995><>" kick "btn^andrey<70><STEAM_0:0:383404615><>"
L 09/09/2015 - 16:41:06: [plmenu.amxx] Kick: "Dragos^^<77><STEAM_0:1:17521995><>" kick "Dragos^^<77><STEAM_0:1:17521995><>"
L 09/09/2015 - 16:41:29: [plmenu.amxx] Cmd: "Dragos^^<87><STEAM_0:1:17521995><>" transfer "btn^andrey<88><STEAM_0:0:383404615><>" (team "CT")
L 09/09/2015 - 16:41:29: [plmenu.amxx] Cmd: "Dragos^^<87><STEAM_0:1:17521995><>" transfer "alex energie<69><VALVE_0:4:1357619818><>" (team "CT")
L 09/09/2015 - 16:51:32: -------- Mapchange to zm_dust_world --------
L 09/09/2015 - 16:51:33: [extreme_bancfg2.amxx] addons/amxmodx/configs/cfgban/override.txt
L 09/09/2015 - 16:51:39: -------- Mapchange to zm_pis2 --------
L 09/09/2015 - 16:51:39: [extreme_bancfg2.amxx] addons/amxmodx/configs/cfgban/override.txt
L 09/09/2015 - 17:20:35: -------- Mapchange to zm_assault_attack --------
L 09/09/2015 - 17:20:36: [extreme_bancfg2.amxx] addons/amxmodx/configs/cfgban/override.txt
L 09/09/2015 - 17:48:47: -------- Mapchange to zm_westwood --------
L 09/09/2015 - 17:48:48: [extreme_bancfg2.amxx] addons/amxmodx/configs/cfgban/override.txt
L 09/09/2015 - 18:16:59: -------- Mapchange to zm_death_alley --------
L 09/09/2015 - 18:16:59: [extreme_bancfg2.amxx] addons/amxmodx/configs/cfgban/override.txt
L 09/09/2015 - 18:45:10: -------- Mapchange to zm_chatoyant --------
L 09/09/2015 - 18:45:11: [extreme_bancfg2.amxx] addons/amxmodx/configs/cfgban/override.txt
L 09/09/2015 - 19:13:02: [admin_zm.amxx] Login: "PRO-Player-FL<10><STEAM_0:0:840365229><>" kicked due to invalid password (account "PRO-Player-Fl") (address "5.14.90.30")
L 09/09/2015 - 19:13:22: -------- Mapchange to zm_dwarf_ultimate --------
L 09/09/2015 - 19:13:23: [extreme_bancfg2.amxx] addons/amxmodx/configs/cfgban/override.txt
L 09/09/2015 - 19:43:03: -------- Mapchange to zm_aztec_temple --------
L 09/09/2015 - 19:43:03: [extreme_bancfg2.amxx] addons/amxmodx/configs/cfgban/override.txt
L 09/09/2015 - 20:11:14: -------- Mapchange to zm_666_brick --------
L 09/09/2015 - 20:11:15: [extreme_bancfg2.amxx] addons/amxmodx/configs/cfgban/override.txt
L 09/09/2015 - 20:39:26: -------- Mapchange to zm_lorencia --------
L 09/09/2015 - 20:39:27: [extreme_bancfg2.amxx] addons/amxmodx/configs/cfgban/override.txt
L 09/09/2015 - 21:07:38: -------- Mapchange to zm_toxic_house2 --------
L 09/09/2015 - 21:07:39: [extreme_bancfg2.amxx] addons/amxmodx/configs/cfgban/override.txt
L 09/09/2015 - 21:24:34: [admin_zm.amxx] Login: "Player[www.resursecs.com]<29><VALVE_0:4:2095926519><>" kicked due to invalid password (account "Player[www.resursecs.com]") (address "86.123.134.80")
L 09/09/2015 - 21:35:50: -------- Mapchange to zm_aztec_mini --------
L 09/09/2015 - 21:35:51: [extreme_bancfg2.amxx] addons/amxmodx/configs/cfgban/override.txt
L 09/09/2015 - 22:06:02: -------- Mapchange to zm_reveille --------
L 09/09/2015 - 22:06:03: [extreme_bancfg2.amxx] addons/amxmodx/configs/cfgban/override.txt
L 09/09/2015 - 22:34:14: -------- Mapchange to zm_city_final --------
L 09/09/2015 - 22:34:15: [extreme_bancfg2.amxx] addons/amxmodx/configs/cfgban/override.txt
L 09/09/2015 - 23:02:26: -------- Mapchange to zm_ojro_dwa --------
L 09/09/2015 - 23:02:26: [extreme_bancfg2.amxx] addons/amxmodx/configs/cfgban/override.txt
L 09/09/2015 - 23:30:38: -------- Mapchange to zm_foda --------
L 09/09/2015 - 23:30:38: [extreme_bancfg2.amxx] addons/amxmodx/configs/cfgban/override.txt
L 09/09/2015 - 23:58:49: -------- Mapchange to zm_ice_attack3 --------
L 09/09/2015 - 23:58:50: [extreme_bancfg2.amxx] addons/amxmodx/configs/cfgban/override.txt
