L 08/27/2015 - 00:01:52: -------- Mapchange to zm_inferno --------
L 08/27/2015 - 00:01:53: [extreme_bancfg2.amxx] addons/amxmodx/configs/cfgban/override.txt
L 08/27/2015 - 00:30:04: -------- Mapchange to zm_infect2_click21 --------
L 08/27/2015 - 00:30:05: [extreme_bancfg2.amxx] addons/amxmodx/configs/cfgban/override.txt
L 08/27/2015 - 00:58:16: -------- Mapchange to zm_pis2 --------
L 08/27/2015 - 00:58:16: [extreme_bancfg2.amxx] addons/amxmodx/configs/cfgban/override.txt
L 08/27/2015 - 01:26:27: -------- Mapchange to zm_newzombie --------
L 08/27/2015 - 01:26:28: [extreme_bancfg2.amxx] addons/amxmodx/configs/cfgban/override.txt
L 08/27/2015 - 01:54:39: -------- Mapchange to zm_ojro_dwa --------
L 08/27/2015 - 01:54:40: [extreme_bancfg2.amxx] addons/amxmodx/configs/cfgban/override.txt
L 08/27/2015 - 02:22:52: -------- Mapchange to zm_mansion_mba --------
L 08/27/2015 - 02:22:52: [extreme_bancfg2.amxx] addons/amxmodx/configs/cfgban/override.txt
L 08/27/2015 - 02:51:03: -------- Mapchange to zm_blocks --------
L 08/27/2015 - 02:51:04: [extreme_bancfg2.amxx] addons/amxmodx/configs/cfgban/override.txt
L 08/27/2015 - 03:19:15: -------- Mapchange to zm_army --------
L 08/27/2015 - 03:19:15: [extreme_bancfg2.amxx] addons/amxmodx/configs/cfgban/override.txt
L 08/27/2015 - 03:47:26: -------- Mapchange to zm_dust2-final_click21 --------
L 08/27/2015 - 03:47:27: [extreme_bancfg2.amxx] addons/amxmodx/configs/cfgban/override.txt
L 08/27/2015 - 04:15:38: -------- Mapchange to zm_dust_jasionka --------
L 08/27/2015 - 04:15:39: [extreme_bancfg2.amxx] addons/amxmodx/configs/cfgban/override.txt
L 08/27/2015 - 04:43:50: -------- Mapchange to zm_aztec_mini --------
L 08/27/2015 - 04:43:50: [extreme_bancfg2.amxx] addons/amxmodx/configs/cfgban/override.txt
L 08/27/2015 - 05:12:02: -------- Mapchange to zm_aztec_temple --------
L 08/27/2015 - 05:12:02: [extreme_bancfg2.amxx] addons/amxmodx/configs/cfgban/override.txt
L 08/27/2015 - 05:40:13: -------- Mapchange to zm_fortuna --------
L 08/27/2015 - 05:40:14: [extreme_bancfg2.amxx] addons/amxmodx/configs/cfgban/override.txt
L 08/27/2015 - 06:08:25: -------- Mapchange to zm_westwood_click21 --------
L 08/27/2015 - 06:08:26: [extreme_bancfg2.amxx] addons/amxmodx/configs/cfgban/override.txt
L 08/27/2015 - 06:36:37: -------- Mapchange to zm_castle_siege2 --------
L 08/27/2015 - 06:36:37: [extreme_bancfg2.amxx] addons/amxmodx/configs/cfgban/override.txt
L 08/27/2015 - 07:04:48: -------- Mapchange to zm_zod_fortuna --------
L 08/27/2015 - 07:04:49: [extreme_bancfg2.amxx] addons/amxmodx/configs/cfgban/override.txt
L 08/27/2015 - 07:33:00: -------- Mapchange to zm_snowbase3 --------
L 08/27/2015 - 07:33:00: [extreme_bancfg2.amxx] addons/amxmodx/configs/cfgban/override.txt
L 08/27/2015 - 08:01:11: -------- Mapchange to zm_dust_jasionka --------
L 08/27/2015 - 08:01:12: [extreme_bancfg2.amxx] addons/amxmodx/configs/cfgban/override.txt
L 08/27/2015 - 08:29:23: -------- Mapchange to zm_dust2009 --------
L 08/27/2015 - 08:29:23: [extreme_bancfg2.amxx] addons/amxmodx/configs/cfgban/override.txt
L 08/27/2015 - 08:57:34: -------- Mapchange to zm_ice_attack --------
L 08/27/2015 - 08:57:35: [extreme_bancfg2.amxx] addons/amxmodx/configs/cfgban/override.txt
L 08/27/2015 - 09:25:46: -------- Mapchange to zm_humans --------
L 08/27/2015 - 09:25:47: [extreme_bancfg2.amxx] addons/amxmodx/configs/cfgban/override.txt
L 08/27/2015 - 09:53:58: -------- Mapchange to zm_five --------
L 08/27/2015 - 09:53:58: [extreme_bancfg2.amxx] addons/amxmodx/configs/cfgban/override.txt
L 08/27/2015 - 10:22:09: -------- Mapchange to zm_mansion_mba --------
L 08/27/2015 - 10:22:10: [extreme_bancfg2.amxx] addons/amxmodx/configs/cfgban/override.txt
L 08/27/2015 - 10:50:21: -------- Mapchange to zm_army_tn_beta3 --------
L 08/27/2015 - 10:50:21: [extreme_bancfg2.amxx] addons/amxmodx/configs/cfgban/override.txt
L 08/27/2015 - 11:35:18: -------- Mapchange to zm_dust2-final_click21 --------
L 08/27/2015 - 11:35:18: [extreme_bancfg2.amxx] addons/amxmodx/configs/cfgban/override.txt
L 08/27/2015 - 12:03:29: -------- Mapchange to zm_snowbase3 --------
L 08/27/2015 - 12:03:30: [extreme_bancfg2.amxx] addons/amxmodx/configs/cfgban/override.txt
L 08/27/2015 - 12:31:41: -------- Mapchange to zm_fortuna --------
L 08/27/2015 - 12:31:41: [extreme_bancfg2.amxx] addons/amxmodx/configs/cfgban/override.txt
L 08/27/2015 - 13:01:47: [admin_zm.amxx] Login: "btn^andrey<55><STEAM_0:0:383404615><>" kicked due to invalid password (account "btn^andrey") (address "109.98.161.60")
L 08/27/2015 - 13:04:06: [admin_zm.amxx] Login: "unnamed<59><STEAM_0:1:46802924><>" kicked due to invalid password (account "unnamed") (address "178.168.36.126")
L 08/27/2015 - 13:05:18: -------- Mapchange to zm_ice_attack --------
L 08/27/2015 - 13:05:22: [extreme_bancfg2.amxx] addons/amxmodx/configs/cfgban/override.txt
L 08/27/2015 - 13:27:12: [admin_zm.amxx] Login: "Player[www.resursecs.com]<83><VALVE_0:4:1449712626><>" kicked due to invalid password (account "Player[www.resursecs.com]") (address "92.85.141.5")
L 08/27/2015 - 13:36:43: -------- Mapchange to zm_death_alley --------
L 08/27/2015 - 13:36:44: [extreme_bancfg2.amxx] addons/amxmodx/configs/cfgban/override.txt
L 08/27/2015 - 14:04:35: -------- Mapchange to zm_blocks --------
L 08/27/2015 - 14:04:36: [extreme_bancfg2.amxx] addons/amxmodx/configs/cfgban/override.txt
L 08/27/2015 - 14:20:58: -------- Mapchange to zm_aztec_defense --------
L 08/27/2015 - 14:20:58: [extreme_bancfg2.amxx] addons/amxmodx/configs/cfgban/override.txt
L 08/27/2015 - 14:49:57: [admin_zm.amxx] Login: "Andrei<132><VALVE_0:4:1221757314><>" kicked due to invalid password (account "andrei") (address "188.241.249.56")
L 08/27/2015 - 14:50:13: [admin_zm.amxx] Login: "andrei<131><STEAM_0:0:383404615><>" kicked due to invalid password (account "andrei") (address "109.98.161.60")
L 08/27/2015 - 15:16:43: -------- Mapchange to zm_dust_world --------
L 08/27/2015 - 15:16:44: [extreme_bancfg2.amxx] addons/amxmodx/configs/cfgban/override.txt
L 08/27/2015 - 15:16:51: -------- Mapchange to zm_assault_attack --------
L 08/27/2015 - 15:16:51: [extreme_bancfg2.amxx] addons/amxmodx/configs/cfgban/override.txt
L 08/27/2015 - 15:41:27: [admin_zm.amxx] Login: "Player[www.resursecs.com]<15><VALVE_0:4:1449712626><>" kicked due to invalid password (account "Player[www.resursecs.com]") (address "92.85.141.5")
L 08/27/2015 - 15:41:42: [admin_zm.amxx] Login: "Player<16><VALVE_0:4:1221757314><>" kicked due to invalid password (account "Player") (address "188.241.249.56")
L 08/27/2015 - 15:42:57: [admin_zm.amxx] Login: "Player[www.resursecs.com]<19><VALVE_0:4:1449712626><>" kicked due to invalid password (account "Player[www.resursecs.com]") (address "92.85.141.5")
L 08/27/2015 - 15:50:10: -------- Mapchange to zm_assault_shadow --------
L 08/27/2015 - 15:50:11: [extreme_bancfg2.amxx] addons/amxmodx/configs/cfgban/override.txt
L 08/27/2015 - 15:53:58: [admin_zm.amxx] Login: "KinG^Of^Legend<27><STEAM_0:0:343639874><>" kicked due to invalid password (account "KinG^Of^Legend") (address "91.90.121.78")
L 08/27/2015 - 15:54:46: -------- Mapchange to zm_grand_hotel --------
L 08/27/2015 - 15:54:46: [extreme_bancfg2.amxx] addons/amxmodx/configs/cfgban/override.txt
L 08/27/2015 - 16:18:10: [admin_zm.amxx] Login: "SM-Player<41><STEAM_0:0:1167834134><>" kicked due to invalid password (account "Sm-Player") (address "86.124.235.211")
L 08/27/2015 - 16:27:29: -------- Mapchange to zm_3rooms --------
L 08/27/2015 - 16:27:29: [extreme_bancfg2.amxx] addons/amxmodx/configs/cfgban/override.txt
L 08/27/2015 - 16:59:23: -------- Mapchange to zm_303 --------
L 08/27/2015 - 16:59:24: [extreme_bancfg2.amxx] addons/amxmodx/configs/cfgban/override.txt
L 08/27/2015 - 17:07:10: -------- Mapchange to zm_dust_world --------
L 08/27/2015 - 17:07:11: [extreme_bancfg2.amxx] addons/amxmodx/configs/cfgban/override.txt
L 08/27/2015 - 17:07:17: -------- Mapchange to zm_army --------
L 08/27/2015 - 17:07:17: [extreme_bancfg2.amxx] addons/amxmodx/configs/cfgban/override.txt
L 08/27/2015 - 17:21:10: -------- Mapchange to zm_castle_siege2 --------
L 08/27/2015 - 17:21:10: [extreme_bancfg2.amxx] addons/amxmodx/configs/cfgban/override.txt
L 08/27/2015 - 17:26:55: -------- Mapchange to zm_zHell --------
L 08/27/2015 - 17:26:55: [extreme_bancfg2.amxx] addons/amxmodx/configs/cfgban/override.txt
L 08/27/2015 - 17:35:22: [admin_zm.amxx] Login: "SM-Player<18><STEAM_0:0:1167834134><>" kicked due to invalid password (account "Sm-Player") (address "86.124.235.211")
L 08/27/2015 - 17:36:26: [admin_zm.amxx] Login: "SM-Player<19><STEAM_0:0:1167834134><>" kicked due to invalid password (account "Sm-Player") (address "86.124.235.211")
L 08/27/2015 - 18:05:47: -------- Mapchange to zm_ice_attack3 --------
L 08/27/2015 - 18:05:48: [extreme_bancfg2.amxx] addons/amxmodx/configs/cfgban/override.txt
L 08/27/2015 - 18:26:30: [admin_zm.amxx] Login: "PRO-Player-FL<33><STEAM_0:0:1163138088><>" kicked due to invalid password (account "PRO-Player-Fl") (address "79.118.49.58")
L 08/27/2015 - 18:27:22: [admin_zm.amxx] Login: "PRO-Player-FL<34><STEAM_0:0:1163138088><>" kicked due to invalid password (account "PRO-Player-Fl") (address "79.118.49.58")
L 08/27/2015 - 18:39:45: -------- Mapchange to zm_electro_winter --------
L 08/27/2015 - 18:39:46: [extreme_bancfg2.amxx] addons/amxmodx/configs/cfgban/override.txt
L 08/27/2015 - 19:27:46: -------- Mapchange to zm_house_2011 --------
L 08/27/2015 - 19:27:47: [extreme_bancfg2.amxx] addons/amxmodx/configs/cfgban/override.txt
L 08/27/2015 - 19:56:44: -------- Mapchange to zm_dwarf --------
L 08/27/2015 - 19:56:44: [extreme_bancfg2.amxx] addons/amxmodx/configs/cfgban/override.txt
L 08/27/2015 - 20:24:55: -------- Mapchange to zm_newzombie --------
L 08/27/2015 - 20:24:56: [extreme_bancfg2.amxx] addons/amxmodx/configs/cfgban/override.txt
L 08/27/2015 - 20:53:08: -------- Mapchange to zm_lost_place --------
L 08/27/2015 - 20:53:08: [extreme_bancfg2.amxx] addons/amxmodx/configs/cfgban/override.txt
L 08/27/2015 - 20:57:03: -------- Mapchange to zm_lorencia --------
L 08/27/2015 - 20:57:03: [extreme_bancfg2.amxx] addons/amxmodx/configs/cfgban/override.txt
L 08/27/2015 - 20:59:03: -------- Mapchange to zm_inferno --------
L 08/27/2015 - 20:59:04: [extreme_bancfg2.amxx] addons/amxmodx/configs/cfgban/override.txt
L 08/27/2015 - 21:04:37: -------- Mapchange to zm_run_while_u_can --------
L 08/27/2015 - 21:04:37: [extreme_bancfg2.amxx] addons/amxmodx/configs/cfgban/override.txt
L 08/27/2015 - 21:31:29: [admin_zm.amxx] Login: "Cristian<72><VALVE_0:4:1449712626><>" kicked due to invalid password (account "Cristian") (address "92.85.141.5")
L 08/27/2015 - 21:35:05: -------- Mapchange to zm_Snowbase --------
L 08/27/2015 - 21:35:06: [extreme_bancfg2.amxx] addons/amxmodx/configs/cfgban/override.txt
L 08/27/2015 - 22:03:17: -------- Mapchange to zm_reveille --------
L 08/27/2015 - 22:03:19: [extreme_bancfg2.amxx] addons/amxmodx/configs/cfgban/override.txt
L 08/27/2015 - 22:31:30: -------- Mapchange to zm_ojro_dwa --------
L 08/27/2015 - 22:31:30: [extreme_bancfg2.amxx] addons/amxmodx/configs/cfgban/override.txt
L 08/27/2015 - 22:59:42: -------- Mapchange to zm_ilc_resident_evil2 --------
L 08/27/2015 - 22:59:43: [extreme_bancfg2.amxx] addons/amxmodx/configs/cfgban/override.txt
L 08/27/2015 - 23:27:54: -------- Mapchange to zm_dust2-final_click21 --------
L 08/27/2015 - 23:27:55: [extreme_bancfg2.amxx] addons/amxmodx/configs/cfgban/override.txt
L 08/27/2015 - 23:56:06: -------- Mapchange to zm_blocks --------
L 08/27/2015 - 23:56:06: [extreme_bancfg2.amxx] addons/amxmodx/configs/cfgban/override.txt
